<?xml version="1.0" encoding="UTF-8"?>
<!-- Generated by org.testng.reporters.JUnitReportReporter -->
<testsuite skipped="0" hostname="HARSH08-FWPGTF2" name="com.ca.tds.InitiateTestForTDS" tests="1" failures="0" timestamp="10 Sep 2018 06:46:04 GMT" time="0.031" errors="0">
  <testcase name="test" time="0.031" classname="com.ca.tds.InitiateTestForTDS"/>
</testsuite> <!-- com.ca.tds.InitiateTestForTDS -->
