<?xml version="1.0" encoding="UTF-8"?>
<!-- Generated by org.testng.reporters.JUnitReportReporter -->
<testsuite skipped="0" hostname="7BB9LQ2" name="com.ca.tds.main.TDSMethodURL_TC" tests="6" failures="0" timestamp="20 Dec 2019 14:10:44 GMT" time="4.796" errors="0">
  <testcase name="testArequestAPI" time="0.836" classname="com.ca.tds.main.TDSMethodURL_TC"/>
  <testcase name="testArequestAPI" time="0.755" classname="com.ca.tds.main.TDSMethodURL_TC"/>
  <testcase name="testArequestAPI" time="0.765" classname="com.ca.tds.main.TDSMethodURL_TC"/>
  <testcase name="testArequestAPI" time="0.822" classname="com.ca.tds.main.TDSMethodURL_TC"/>
  <testcase name="testArequestAPI" time="0.766" classname="com.ca.tds.main.TDSMethodURL_TC"/>
  <testcase name="testArequestAPI" time="0.852" classname="com.ca.tds.main.TDSMethodURL_TC"/>
</testsuite> <!-- com.ca.tds.main.TDSMethodURL_TC -->
