<?xml version="1.0" encoding="UTF-8"?>
<!-- Generated by org.testng.reporters.JUnitReportReporter -->
<testsuite skipped="0" hostname="7BB9LQ2" name="com.ca.tds.main.TDSVerifyAPI_TC" tests="6" failures="0" timestamp="15 Nov 2019 11:05:41 GMT" time="6.671" errors="0">
  <testcase name="testArequestAPI" time="0.551" classname="com.ca.tds.main.TDSVerifyAPI_TC"/>
  <testcase name="testArequestAPI" time="2.222" classname="com.ca.tds.main.TDSVerifyAPI_TC"/>
  <testcase name="testArequestAPI" time="0.527" classname="com.ca.tds.main.TDSVerifyAPI_TC"/>
  <testcase name="testArequestAPI" time="2.297" classname="com.ca.tds.main.TDSVerifyAPI_TC"/>
  <testcase name="testArequestAPI" time="0.550" classname="com.ca.tds.main.TDSVerifyAPI_TC"/>
  <testcase name="testArequestAPI" time="0.524" classname="com.ca.tds.main.TDSVerifyAPI_TC"/>
</testsuite> <!-- com.ca.tds.main.TDSVerifyAPI_TC -->
