<?xml version="1.0" encoding="UTF-8"?>
<!-- Generated by org.testng.reporters.JUnitReportReporter -->
<testsuite skipped="0" hostname="HARSH08-FWPGTF2" name="ca.com.tds.test.Send_HTTP_Request2" tests="1" failures="0" timestamp="25 Sep 2018 10:38:36 GMT" time="5.270" errors="0">
  <testcase name="httpPost" time="5.270" classname="ca.com.tds.test.Send_HTTP_Request2"/>
</testsuite> <!-- ca.com.tds.test.Send_HTTP_Request2 -->
