<?xml version="1.0" encoding="UTF-8"?>
<!-- Generated by org.testng.reporters.JUnitReportReporter -->
<testsuite skipped="0" hostname="7BB9LQ2" name="com.ca.tds.main.TDSRReq_TC" tests="6" failures="0" timestamp="22 Jan 2020 09:16:27 GMT" time="3.284" errors="0">
  <testcase name="testRRequestAPI" time="0.545" classname="com.ca.tds.main.TDSRReq_TC"/>
  <testcase name="testRRequestAPI" time="0.577" classname="com.ca.tds.main.TDSRReq_TC"/>
  <testcase name="testRRequestAPI" time="0.532" classname="com.ca.tds.main.TDSRReq_TC"/>
  <testcase name="testRRequestAPI" time="0.535" classname="com.ca.tds.main.TDSRReq_TC"/>
  <testcase name="testRRequestAPI" time="0.533" classname="com.ca.tds.main.TDSRReq_TC"/>
  <testcase name="testRRequestAPI" time="0.562" classname="com.ca.tds.main.TDSRReq_TC"/>
</testsuite> <!-- com.ca.tds.main.TDSRReq_TC -->
