<?xml version="1.0" encoding="UTF-8"?>
<!-- Generated by org.testng.reporters.JUnitReportReporter -->
<testsuite skipped="0" hostname="HARSH08-FWPGTF2" name="com.ca.tds.main.PreAReq_TC" tests="196" failures="0" timestamp="08 Oct 2018 13:47:27 GMT" time="108.421" errors="0">
  <testcase name="testArequestAPI" time="0.476" classname="com.ca.tds.main.PreAReq_TC"/>
  <testcase name="testArequestAPI" time="0.656" classname="com.ca.tds.main.PreAReq_TC"/>
  <testcase name="testArequestAPI" time="0.537" classname="com.ca.tds.main.PreAReq_TC"/>
  <testcase name="testArequestAPI" time="0.496" classname="com.ca.tds.main.PreAReq_TC"/>
  <testcase name="testArequestAPI" time="0.529" classname="com.ca.tds.main.PreAReq_TC"/>
  <testcase name="testArequestAPI" time="0.596" classname="com.ca.tds.main.PreAReq_TC"/>
  <testcase name="testArequestAPI" time="0.489" classname="com.ca.tds.main.PreAReq_TC"/>
  <testcase name="testArequestAPI" time="0.506" classname="com.ca.tds.main.PreAReq_TC"/>
  <testcase name="testArequestAPI" time="0.800" classname="com.ca.tds.main.PreAReq_TC"/>
  <testcase name="testArequestAPI" time="0.471" classname="com.ca.tds.main.PreAReq_TC"/>
  <testcase name="testArequestAPI" time="0.468" classname="com.ca.tds.main.PreAReq_TC"/>
  <testcase name="testArequestAPI" time="0.672" classname="com.ca.tds.main.PreAReq_TC"/>
  <testcase name="testArequestAPI" time="0.480" classname="com.ca.tds.main.PreAReq_TC"/>
  <testcase name="testArequestAPI" time="0.469" classname="com.ca.tds.main.PreAReq_TC"/>
  <testcase name="testArequestAPI" time="0.483" classname="com.ca.tds.main.PreAReq_TC"/>
  <testcase name="testArequestAPI" time="0.518" classname="com.ca.tds.main.PreAReq_TC"/>
  <testcase name="testArequestAPI" time="0.521" classname="com.ca.tds.main.PreAReq_TC"/>
  <testcase name="testArequestAPI" time="0.470" classname="com.ca.tds.main.PreAReq_TC"/>
  <testcase name="testArequestAPI" time="0.489" classname="com.ca.tds.main.PreAReq_TC"/>
  <testcase name="testArequestAPI" time="0.486" classname="com.ca.tds.main.PreAReq_TC"/>
  <testcase name="testArequestAPI" time="0.494" classname="com.ca.tds.main.PreAReq_TC"/>
  <testcase name="testArequestAPI" time="0.481" classname="com.ca.tds.main.PreAReq_TC"/>
  <testcase name="testArequestAPI" time="0.485" classname="com.ca.tds.main.PreAReq_TC"/>
  <testcase name="testArequestAPI" time="0.498" classname="com.ca.tds.main.PreAReq_TC"/>
  <testcase name="testArequestAPI" time="0.492" classname="com.ca.tds.main.PreAReq_TC"/>
  <testcase name="testArequestAPI" time="0.504" classname="com.ca.tds.main.PreAReq_TC"/>
  <testcase name="testArequestAPI" time="0.475" classname="com.ca.tds.main.PreAReq_TC"/>
  <testcase name="testArequestAPI" time="0.522" classname="com.ca.tds.main.PreAReq_TC"/>
  <testcase name="testArequestAPI" time="0.478" classname="com.ca.tds.main.PreAReq_TC"/>
  <testcase name="testArequestAPI" time="0.490" classname="com.ca.tds.main.PreAReq_TC"/>
  <testcase name="testArequestAPI" time="0.853" classname="com.ca.tds.main.PreAReq_TC"/>
  <testcase name="testArequestAPI" time="0.489" classname="com.ca.tds.main.PreAReq_TC"/>
  <testcase name="testArequestAPI" time="0.536" classname="com.ca.tds.main.PreAReq_TC"/>
  <testcase name="testArequestAPI" time="0.488" classname="com.ca.tds.main.PreAReq_TC"/>
  <testcase name="testArequestAPI" time="0.498" classname="com.ca.tds.main.PreAReq_TC"/>
  <testcase name="testArequestAPI" time="0.481" classname="com.ca.tds.main.PreAReq_TC"/>
  <testcase name="testArequestAPI" time="0.483" classname="com.ca.tds.main.PreAReq_TC"/>
  <testcase name="testArequestAPI" time="0.479" classname="com.ca.tds.main.PreAReq_TC"/>
  <testcase name="testArequestAPI" time="0.493" classname="com.ca.tds.main.PreAReq_TC"/>
  <testcase name="testArequestAPI" time="0.514" classname="com.ca.tds.main.PreAReq_TC"/>
  <testcase name="testArequestAPI" time="0.480" classname="com.ca.tds.main.PreAReq_TC"/>
  <testcase name="testArequestAPI" time="0.509" classname="com.ca.tds.main.PreAReq_TC"/>
  <testcase name="testArequestAPI" time="0.547" classname="com.ca.tds.main.PreAReq_TC"/>
  <testcase name="testArequestAPI" time="0.479" classname="com.ca.tds.main.PreAReq_TC"/>
  <testcase name="testArequestAPI" time="0.471" classname="com.ca.tds.main.PreAReq_TC"/>
  <testcase name="testArequestAPI" time="0.486" classname="com.ca.tds.main.PreAReq_TC"/>
  <testcase name="testArequestAPI" time="0.480" classname="com.ca.tds.main.PreAReq_TC"/>
  <testcase name="testArequestAPI" time="0.513" classname="com.ca.tds.main.PreAReq_TC"/>
  <testcase name="testArequestAPI" time="0.471" classname="com.ca.tds.main.PreAReq_TC"/>
  <testcase name="testArequestAPI" time="0.494" classname="com.ca.tds.main.PreAReq_TC"/>
  <testcase name="testArequestAPI" time="0.532" classname="com.ca.tds.main.PreAReq_TC"/>
  <testcase name="testArequestAPI" time="0.483" classname="com.ca.tds.main.PreAReq_TC"/>
  <testcase name="testArequestAPI" time="0.512" classname="com.ca.tds.main.PreAReq_TC"/>
  <testcase name="testArequestAPI" time="0.584" classname="com.ca.tds.main.PreAReq_TC"/>
  <testcase name="testArequestAPI" time="0.501" classname="com.ca.tds.main.PreAReq_TC"/>
  <testcase name="testArequestAPI" time="0.480" classname="com.ca.tds.main.PreAReq_TC"/>
  <testcase name="testArequestAPI" time="0.486" classname="com.ca.tds.main.PreAReq_TC"/>
  <testcase name="testArequestAPI" time="0.509" classname="com.ca.tds.main.PreAReq_TC"/>
  <testcase name="testArequestAPI" time="0.532" classname="com.ca.tds.main.PreAReq_TC"/>
  <testcase name="testArequestAPI" time="0.714" classname="com.ca.tds.main.PreAReq_TC"/>
  <testcase name="testArequestAPI" time="0.772" classname="com.ca.tds.main.PreAReq_TC"/>
  <testcase name="testArequestAPI" time="0.490" classname="com.ca.tds.main.PreAReq_TC"/>
  <testcase name="testArequestAPI" time="0.646" classname="com.ca.tds.main.PreAReq_TC"/>
  <testcase name="testArequestAPI" time="0.485" classname="com.ca.tds.main.PreAReq_TC"/>
  <testcase name="testArequestAPI" time="0.570" classname="com.ca.tds.main.PreAReq_TC"/>
  <testcase name="testArequestAPI" time="0.490" classname="com.ca.tds.main.PreAReq_TC"/>
  <testcase name="testArequestAPI" time="0.516" classname="com.ca.tds.main.PreAReq_TC"/>
  <testcase name="testArequestAPI" time="0.494" classname="com.ca.tds.main.PreAReq_TC"/>
  <testcase name="testArequestAPI" time="0.482" classname="com.ca.tds.main.PreAReq_TC"/>
  <testcase name="testArequestAPI" time="0.477" classname="com.ca.tds.main.PreAReq_TC"/>
  <testcase name="testArequestAPI" time="0.498" classname="com.ca.tds.main.PreAReq_TC"/>
  <testcase name="testArequestAPI" time="0.493" classname="com.ca.tds.main.PreAReq_TC"/>
  <testcase name="testArequestAPI" time="0.507" classname="com.ca.tds.main.PreAReq_TC"/>
  <testcase name="testArequestAPI" time="0.538" classname="com.ca.tds.main.PreAReq_TC"/>
  <testcase name="testArequestAPI" time="0.507" classname="com.ca.tds.main.PreAReq_TC"/>
  <testcase name="testArequestAPI" time="0.487" classname="com.ca.tds.main.PreAReq_TC"/>
  <testcase name="testArequestAPI" time="0.537" classname="com.ca.tds.main.PreAReq_TC"/>
  <testcase name="testArequestAPI" time="0.483" classname="com.ca.tds.main.PreAReq_TC"/>
  <testcase name="testArequestAPI" time="0.490" classname="com.ca.tds.main.PreAReq_TC"/>
  <testcase name="testArequestAPI" time="0.633" classname="com.ca.tds.main.PreAReq_TC"/>
  <testcase name="testArequestAPI" time="0.474" classname="com.ca.tds.main.PreAReq_TC"/>
  <testcase name="testArequestAPI" time="0.479" classname="com.ca.tds.main.PreAReq_TC"/>
  <testcase name="testArequestAPI" time="0.477" classname="com.ca.tds.main.PreAReq_TC"/>
  <testcase name="testArequestAPI" time="0.504" classname="com.ca.tds.main.PreAReq_TC"/>
  <testcase name="testArequestAPI" time="0.483" classname="com.ca.tds.main.PreAReq_TC"/>
  <testcase name="testArequestAPI" time="0.486" classname="com.ca.tds.main.PreAReq_TC"/>
  <testcase name="testArequestAPI" time="0.492" classname="com.ca.tds.main.PreAReq_TC"/>
  <testcase name="testArequestAPI" time="0.497" classname="com.ca.tds.main.PreAReq_TC"/>
  <testcase name="testArequestAPI" time="0.493" classname="com.ca.tds.main.PreAReq_TC"/>
  <testcase name="testArequestAPI" time="0.486" classname="com.ca.tds.main.PreAReq_TC"/>
  <testcase name="testArequestAPI" time="0.542" classname="com.ca.tds.main.PreAReq_TC"/>
  <testcase name="testArequestAPI" time="0.509" classname="com.ca.tds.main.PreAReq_TC"/>
  <testcase name="testArequestAPI" time="0.475" classname="com.ca.tds.main.PreAReq_TC"/>
  <testcase name="testArequestAPI" time="0.465" classname="com.ca.tds.main.PreAReq_TC"/>
  <testcase name="testArequestAPI" time="0.494" classname="com.ca.tds.main.PreAReq_TC"/>
  <testcase name="testArequestAPI" time="0.506" classname="com.ca.tds.main.PreAReq_TC"/>
  <testcase name="testArequestAPI" time="0.475" classname="com.ca.tds.main.PreAReq_TC"/>
  <testcase name="testArequestAPI" time="0.633" classname="com.ca.tds.main.PreAReq_TC"/>
  <testcase name="testArequestAPI" time="0.495" classname="com.ca.tds.main.PreAReq_TC"/>
  <testcase name="testArequestAPI" time="0.515" classname="com.ca.tds.main.PreAReq_TC"/>
  <testcase name="testArequestAPI" time="0.607" classname="com.ca.tds.main.PreAReq_TC"/>
  <testcase name="testArequestAPI" time="0.614" classname="com.ca.tds.main.PreAReq_TC"/>
  <testcase name="testArequestAPI" time="0.465" classname="com.ca.tds.main.PreAReq_TC"/>
  <testcase name="testArequestAPI" time="0.650" classname="com.ca.tds.main.PreAReq_TC"/>
  <testcase name="testArequestAPI" time="0.511" classname="com.ca.tds.main.PreAReq_TC"/>
  <testcase name="testArequestAPI" time="0.557" classname="com.ca.tds.main.PreAReq_TC"/>
  <testcase name="testArequestAPI" time="0.482" classname="com.ca.tds.main.PreAReq_TC"/>
  <testcase name="testArequestAPI" time="0.486" classname="com.ca.tds.main.PreAReq_TC"/>
  <testcase name="testArequestAPI" time="0.566" classname="com.ca.tds.main.PreAReq_TC"/>
  <testcase name="testArequestAPI" time="0.485" classname="com.ca.tds.main.PreAReq_TC"/>
  <testcase name="testArequestAPI" time="0.493" classname="com.ca.tds.main.PreAReq_TC"/>
  <testcase name="testArequestAPI" time="0.518" classname="com.ca.tds.main.PreAReq_TC"/>
  <testcase name="testArequestAPI" time="0.529" classname="com.ca.tds.main.PreAReq_TC"/>
  <testcase name="testArequestAPI" time="0.470" classname="com.ca.tds.main.PreAReq_TC"/>
  <testcase name="testArequestAPI" time="0.491" classname="com.ca.tds.main.PreAReq_TC"/>
  <testcase name="testArequestAPI" time="0.477" classname="com.ca.tds.main.PreAReq_TC"/>
  <testcase name="testArequestAPI" time="0.498" classname="com.ca.tds.main.PreAReq_TC"/>
  <testcase name="testArequestAPI" time="0.492" classname="com.ca.tds.main.PreAReq_TC"/>
  <testcase name="testArequestAPI" time="0.579" classname="com.ca.tds.main.PreAReq_TC"/>
  <testcase name="testArequestAPI" time="0.496" classname="com.ca.tds.main.PreAReq_TC"/>
  <testcase name="testArequestAPI" time="0.511" classname="com.ca.tds.main.PreAReq_TC"/>
  <testcase name="testArequestAPI" time="0.505" classname="com.ca.tds.main.PreAReq_TC"/>
  <testcase name="testArequestAPI" time="0.480" classname="com.ca.tds.main.PreAReq_TC"/>
  <testcase name="testArequestAPI" time="0.534" classname="com.ca.tds.main.PreAReq_TC"/>
  <testcase name="testArequestAPI" time="0.501" classname="com.ca.tds.main.PreAReq_TC"/>
  <testcase name="testArequestAPI" time="0.475" classname="com.ca.tds.main.PreAReq_TC"/>
  <testcase name="testArequestAPI" time="0.614" classname="com.ca.tds.main.PreAReq_TC"/>
  <testcase name="testArequestAPI" time="0.600" classname="com.ca.tds.main.PreAReq_TC"/>
  <testcase name="testArequestAPI" time="0.565" classname="com.ca.tds.main.PreAReq_TC"/>
  <testcase name="testArequestAPI" time="0.786" classname="com.ca.tds.main.PreAReq_TC"/>
  <testcase name="testArequestAPI" time="0.663" classname="com.ca.tds.main.PreAReq_TC"/>
  <testcase name="testArequestAPI" time="0.487" classname="com.ca.tds.main.PreAReq_TC"/>
  <testcase name="testArequestAPI" time="0.551" classname="com.ca.tds.main.PreAReq_TC"/>
  <testcase name="testArequestAPI" time="0.471" classname="com.ca.tds.main.PreAReq_TC"/>
  <testcase name="testArequestAPI" time="0.496" classname="com.ca.tds.main.PreAReq_TC"/>
  <testcase name="testArequestAPI" time="0.567" classname="com.ca.tds.main.PreAReq_TC"/>
  <testcase name="testArequestAPI" time="0.481" classname="com.ca.tds.main.PreAReq_TC"/>
  <testcase name="testArequestAPI" time="0.575" classname="com.ca.tds.main.PreAReq_TC"/>
  <testcase name="testArequestAPI" time="0.582" classname="com.ca.tds.main.PreAReq_TC"/>
  <testcase name="testArequestAPI" time="0.606" classname="com.ca.tds.main.PreAReq_TC"/>
  <testcase name="testArequestAPI" time="0.557" classname="com.ca.tds.main.PreAReq_TC"/>
  <testcase name="testArequestAPI" time="0.496" classname="com.ca.tds.main.PreAReq_TC"/>
  <testcase name="testArequestAPI" time="0.590" classname="com.ca.tds.main.PreAReq_TC"/>
  <testcase name="testArequestAPI" time="0.485" classname="com.ca.tds.main.PreAReq_TC"/>
  <testcase name="testArequestAPI" time="0.485" classname="com.ca.tds.main.PreAReq_TC"/>
  <testcase name="testArequestAPI" time="1.114" classname="com.ca.tds.main.PreAReq_TC"/>
  <testcase name="testArequestAPI" time="0.497" classname="com.ca.tds.main.PreAReq_TC"/>
  <testcase name="testArequestAPI" time="0.483" classname="com.ca.tds.main.PreAReq_TC"/>
  <testcase name="testArequestAPI" time="0.495" classname="com.ca.tds.main.PreAReq_TC"/>
  <testcase name="testArequestAPI" time="0.799" classname="com.ca.tds.main.PreAReq_TC"/>
  <testcase name="testArequestAPI" time="0.522" classname="com.ca.tds.main.PreAReq_TC"/>
  <testcase name="testArequestAPI" time="5.776" classname="com.ca.tds.main.PreAReq_TC"/>
  <testcase name="testArequestAPI" time="0.500" classname="com.ca.tds.main.PreAReq_TC"/>
  <testcase name="testArequestAPI" time="0.490" classname="com.ca.tds.main.PreAReq_TC"/>
  <testcase name="testArequestAPI" time="0.530" classname="com.ca.tds.main.PreAReq_TC"/>
  <testcase name="testArequestAPI" time="0.499" classname="com.ca.tds.main.PreAReq_TC"/>
  <testcase name="testArequestAPI" time="0.485" classname="com.ca.tds.main.PreAReq_TC"/>
  <testcase name="testArequestAPI" time="0.486" classname="com.ca.tds.main.PreAReq_TC"/>
  <testcase name="testArequestAPI" time="0.507" classname="com.ca.tds.main.PreAReq_TC"/>
  <testcase name="testArequestAPI" time="0.581" classname="com.ca.tds.main.PreAReq_TC"/>
  <testcase name="testArequestAPI" time="0.528" classname="com.ca.tds.main.PreAReq_TC"/>
  <testcase name="testArequestAPI" time="0.537" classname="com.ca.tds.main.PreAReq_TC"/>
  <testcase name="testArequestAPI" time="0.489" classname="com.ca.tds.main.PreAReq_TC"/>
  <testcase name="testArequestAPI" time="0.497" classname="com.ca.tds.main.PreAReq_TC"/>
  <testcase name="testArequestAPI" time="0.475" classname="com.ca.tds.main.PreAReq_TC"/>
  <testcase name="testArequestAPI" time="0.516" classname="com.ca.tds.main.PreAReq_TC"/>
  <testcase name="testArequestAPI" time="0.468" classname="com.ca.tds.main.PreAReq_TC"/>
  <testcase name="testArequestAPI" time="0.641" classname="com.ca.tds.main.PreAReq_TC"/>
  <testcase name="testArequestAPI" time="0.866" classname="com.ca.tds.main.PreAReq_TC"/>
  <testcase name="testArequestAPI" time="0.503" classname="com.ca.tds.main.PreAReq_TC"/>
  <testcase name="testArequestAPI" time="0.621" classname="com.ca.tds.main.PreAReq_TC"/>
  <testcase name="testArequestAPI" time="0.481" classname="com.ca.tds.main.PreAReq_TC"/>
  <testcase name="testArequestAPI" time="0.491" classname="com.ca.tds.main.PreAReq_TC"/>
  <testcase name="testArequestAPI" time="0.518" classname="com.ca.tds.main.PreAReq_TC"/>
  <testcase name="testArequestAPI" time="0.476" classname="com.ca.tds.main.PreAReq_TC"/>
  <testcase name="testArequestAPI" time="0.495" classname="com.ca.tds.main.PreAReq_TC"/>
  <testcase name="testArequestAPI" time="0.474" classname="com.ca.tds.main.PreAReq_TC"/>
  <testcase name="testArequestAPI" time="0.506" classname="com.ca.tds.main.PreAReq_TC"/>
  <testcase name="testArequestAPI" time="0.472" classname="com.ca.tds.main.PreAReq_TC"/>
  <testcase name="testArequestAPI" time="0.466" classname="com.ca.tds.main.PreAReq_TC"/>
  <testcase name="testArequestAPI" time="0.716" classname="com.ca.tds.main.PreAReq_TC"/>
  <testcase name="testArequestAPI" time="0.480" classname="com.ca.tds.main.PreAReq_TC"/>
  <testcase name="testArequestAPI" time="0.502" classname="com.ca.tds.main.PreAReq_TC"/>
  <testcase name="testArequestAPI" time="0.492" classname="com.ca.tds.main.PreAReq_TC"/>
  <testcase name="testArequestAPI" time="0.541" classname="com.ca.tds.main.PreAReq_TC"/>
  <testcase name="testArequestAPI" time="0.648" classname="com.ca.tds.main.PreAReq_TC"/>
  <testcase name="testArequestAPI" time="0.521" classname="com.ca.tds.main.PreAReq_TC"/>
  <testcase name="testArequestAPI" time="0.500" classname="com.ca.tds.main.PreAReq_TC"/>
  <testcase name="testArequestAPI" time="0.514" classname="com.ca.tds.main.PreAReq_TC"/>
  <testcase name="testArequestAPI" time="0.494" classname="com.ca.tds.main.PreAReq_TC"/>
  <testcase name="testArequestAPI" time="0.509" classname="com.ca.tds.main.PreAReq_TC"/>
  <testcase name="testArequestAPI" time="0.493" classname="com.ca.tds.main.PreAReq_TC"/>
  <testcase name="testArequestAPI" time="0.484" classname="com.ca.tds.main.PreAReq_TC"/>
  <testcase name="testArequestAPI" time="0.469" classname="com.ca.tds.main.PreAReq_TC"/>
  <testcase name="testArequestAPI" time="0.487" classname="com.ca.tds.main.PreAReq_TC"/>
  <testcase name="testArequestAPI" time="0.475" classname="com.ca.tds.main.PreAReq_TC"/>
</testsuite> <!-- com.ca.tds.main.PreAReq_TC -->
