<?xml version="1.0" encoding="UTF-8"?>
<!-- Generated by org.testng.reporters.JUnitReportReporter -->
<testsuite skipped="0" hostname="7BB9LQ2" name="com.ca.tds.main.TDSPreAreq_TC" tests="12" failures="0" timestamp="20 Dec 2019 14:10:44 GMT" time="13.819" errors="0">
  <testcase name="testArequestAPI" time="1.123" classname="com.ca.tds.main.TDSPreAreq_TC"/>
  <testcase name="testArequestAPI" time="1.123" classname="com.ca.tds.main.TDSPreAreq_TC"/>
  <testcase name="testArequestAPI" time="1.000" classname="com.ca.tds.main.TDSPreAreq_TC"/>
  <testcase name="testArequestAPI" time="0.919" classname="com.ca.tds.main.TDSPreAreq_TC"/>
  <testcase name="testArequestAPI" time="0.979" classname="com.ca.tds.main.TDSPreAreq_TC"/>
  <testcase name="testArequestAPI" time="1.115" classname="com.ca.tds.main.TDSPreAreq_TC"/>
  <testcase name="testArequestAPI" time="0.864" classname="com.ca.tds.main.TDSPreAreq_TC"/>
  <testcase name="testArequestAPI" time="1.117" classname="com.ca.tds.main.TDSPreAreq_TC"/>
  <testcase name="testArequestAPI" time="2.597" classname="com.ca.tds.main.TDSPreAreq_TC"/>
  <testcase name="testArequestAPI" time="1.043" classname="com.ca.tds.main.TDSPreAreq_TC"/>
  <testcase name="testArequestAPI" time="0.929" classname="com.ca.tds.main.TDSPreAreq_TC"/>
  <testcase name="testArequestAPI" time="1.010" classname="com.ca.tds.main.TDSPreAreq_TC"/>
</testsuite> <!-- com.ca.tds.main.TDSPreAreq_TC -->
