<?xml version="1.0" encoding="UTF-8"?>
<!-- Generated by org.testng.reporters.JUnitReportReporter -->
<testsuite hostname="7BB9LQ2" failures="0" tests="1" name="com.ca.tds.main.TxnInFlight" time="15.230" errors="0" timestamp="2020-02-11T11:31:27 IST" skipped="0">
  <testcase classname="com.ca.tds.main.TxnInFlight" name="txnflight" time="15.230"/>
</testsuite> <!-- com.ca.tds.main.TxnInFlight -->
