<?xml version="1.0" encoding="UTF-8"?>
<!-- Generated by org.testng.reporters.JUnitReportReporter -->
<testsuite skipped="0" hostname="7BB9LQ2" name="com.ca.tds.main.TDSVerifyAPI_TC" tests="6" failures="0" timestamp="27 Nov 2019 06:28:27 GMT" time="8.611" errors="0">
  <testcase name="testArequestAPI" time="2.585" classname="com.ca.tds.main.TDSVerifyAPI_TC"/>
  <testcase name="testArequestAPI" time="0.869" classname="com.ca.tds.main.TDSVerifyAPI_TC"/>
  <testcase name="testArequestAPI" time="0.937" classname="com.ca.tds.main.TDSVerifyAPI_TC"/>
  <testcase name="testArequestAPI" time="0.843" classname="com.ca.tds.main.TDSVerifyAPI_TC"/>
  <testcase name="testArequestAPI" time="0.835" classname="com.ca.tds.main.TDSVerifyAPI_TC"/>
  <testcase name="testArequestAPI" time="2.542" classname="com.ca.tds.main.TDSVerifyAPI_TC"/>
</testsuite> <!-- com.ca.tds.main.TDSVerifyAPI_TC -->
