<?xml version="1.0" encoding="UTF-8"?>
<!-- Generated by org.testng.reporters.JUnitReportReporter -->
<testsuite hostname="7BB9LQ2" failures="0" tests="6" name="com.ca.tds.main.TDSMethodURL_TC" time="3.175" errors="0" timestamp="2020-03-24T14:36:17 IST" skipped="0">
  <testcase classname="com.ca.tds.main.TDSMethodURL_TC" name="testArequestAPI" time="0.536"/>
  <testcase classname="com.ca.tds.main.TDSMethodURL_TC" name="testArequestAPI" time="0.522"/>
  <testcase classname="com.ca.tds.main.TDSMethodURL_TC" name="testArequestAPI" time="0.532"/>
  <testcase classname="com.ca.tds.main.TDSMethodURL_TC" name="testArequestAPI" time="0.515"/>
  <testcase classname="com.ca.tds.main.TDSMethodURL_TC" name="testArequestAPI" time="0.537"/>
  <testcase classname="com.ca.tds.main.TDSMethodURL_TC" name="testArequestAPI" time="0.533"/>
</testsuite> <!-- com.ca.tds.main.TDSMethodURL_TC -->
