<?xml version="1.0" encoding="UTF-8"?>
<!-- Generated by org.testng.reporters.JUnitReportReporter -->
<testsuite hostname="7BB9LQ2" name="com.ca.tds.main.TDSFlowTest" tests="372" failures="93" timestamp="30 Aug 2019 10:18:26 GMT" time="113.682" errors="186">
  <testcase name="brwPreAreq" time="0.598" classname="com.ca.tds.main.TDSFlowTest">
    <failure type="java.lang.AssertionError" message="ARes response json schema validation failed.&lt;br&gt;expected minLength: 17, actual: 4&lt;br&gt; api response : {&quot;acsTransID&quot;:&quot;2c27600e-278a-4241-99bf-9e88a2464647&quot;,&quot;dsName&quot;:&quot;amex&quot;,&quot;eci&quot;:&quot;07&quot;,&quot;callerTxnRefID&quot;:&quot;341b7153-da86-4543-860f-2ba47f0168a5&quot;,&quot;dsReferenceNumber&quot;:&quot;CADS&quot;,&quot;acsReferenceNumber&quot;:&quot;ABCDEF987654321&quot;,&quot;XID&quot;:&quot;02010000cc6ebe437ef040b6960a66a635654ef5&quot;,&quot;messageType&quot;:&quot;ARes&quot;,&quot;dsTransID&quot;:&quot;cc6ebe43-7ef0-40b6-960a-66a635654ef5&quot;,&quot;transStatusReason&quot;:&quot;09&quot;,&quot;acsOperatorID&quot;:&quot;ACS_OPERATOR_ID&quot;,&quot;messageVersion&quot;:&quot;2.1.0&quot;,&quot;transStatus&quot;:&quot;R&quot;,&quot;threeDSServerTransID&quot;:&quot;bcc3c2d1-f9e8-4360-83d3-acf2481e5690&quot;}">
      <![CDATA[java.lang.AssertionError: ARes response json schema validation failed.<br>expected minLength: 17, actual: 4<br> api response : {"acsTransID":"2c27600e-278a-4241-99bf-9e88a2464647","dsName":"amex","eci":"07","callerTxnRefID":"341b7153-da86-4543-860f-2ba47f0168a5","dsReferenceNumber":"CADS","acsReferenceNumber":"ABCDEF987654321","XID":"02010000cc6ebe437ef040b6960a66a635654ef5","messageType":"ARes","dsTransID":"cc6ebe43-7ef0-40b6-960a-66a635654ef5","transStatusReason":"09","acsOperatorID":"ACS_OPERATOR_ID","messageVersion":"2.1.0","transStatus":"R","threeDSServerTransID":"bcc3c2d1-f9e8-4360-83d3-acf2481e5690"}
	at org.testng.Assert.fail(Assert.java:94)
	at com.ca.tds.main.TDSFlowTest.brwPreAreq(TDSFlowTest.java:176)
	at sun.reflect.NativeMethodAccessorImpl.invoke0(Native Method)
	at sun.reflect.NativeMethodAccessorImpl.invoke(NativeMethodAccessorImpl.java:62)
	at sun.reflect.DelegatingMethodAccessorImpl.invoke(DelegatingMethodAccessorImpl.java:43)
	at java.lang.reflect.Method.invoke(Method.java:498)
	at org.testng.internal.MethodInvocationHelper.invokeMethod(MethodInvocationHelper.java:85)
	at org.testng.internal.Invoker.invokeMethod(Invoker.java:639)
	at org.testng.internal.Invoker.invokeTestMethod(Invoker.java:821)
	at org.testng.internal.Invoker.invokeTestMethods(Invoker.java:1131)
	at org.testng.internal.TestMethodWorker.invokeTestMethods(TestMethodWorker.java:124)
	at org.testng.internal.TestMethodWorker.run(TestMethodWorker.java:108)
	at java.util.concurrent.ThreadPoolExecutor.runWorker(ThreadPoolExecutor.java:1149)
	at java.util.concurrent.ThreadPoolExecutor$Worker.run(ThreadPoolExecutor.java:624)
	at java.lang.Thread.run(Thread.java:748)
]]>
    </failure>
  </testcase> <!-- brwPreAreq -->
  <testcase name="brwPreAreq" time="0.542" classname="com.ca.tds.main.TDSFlowTest">
    <failure type="java.lang.AssertionError" message="ARes response json schema validation failed.&lt;br&gt;expected minLength: 17, actual: 4&lt;br&gt; api response : {&quot;acsTransID&quot;:&quot;de7587fb-38b9-4d1c-87d0-7f53792261e4&quot;,&quot;dsName&quot;:&quot;amex&quot;,&quot;eci&quot;:&quot;07&quot;,&quot;callerTxnRefID&quot;:&quot;341b7153-da86-4543-860f-2ba47f0168a5&quot;,&quot;dsReferenceNumber&quot;:&quot;CADS&quot;,&quot;acsReferenceNumber&quot;:&quot;ABCDEF987654321&quot;,&quot;XID&quot;:&quot;02010000f88a3a5b561a4f12a62fdfcaa06dc8bd&quot;,&quot;messageType&quot;:&quot;ARes&quot;,&quot;dsTransID&quot;:&quot;f88a3a5b-561a-4f12-a62f-dfcaa06dc8bd&quot;,&quot;transStatusReason&quot;:&quot;09&quot;,&quot;acsOperatorID&quot;:&quot;ACS_OPERATOR_ID&quot;,&quot;messageVersion&quot;:&quot;2.1.0&quot;,&quot;transStatus&quot;:&quot;R&quot;,&quot;threeDSServerTransID&quot;:&quot;ef499ae3-6543-40d6-bd41-7f1e5534bcea&quot;}">
      <![CDATA[java.lang.AssertionError: ARes response json schema validation failed.<br>expected minLength: 17, actual: 4<br> api response : {"acsTransID":"de7587fb-38b9-4d1c-87d0-7f53792261e4","dsName":"amex","eci":"07","callerTxnRefID":"341b7153-da86-4543-860f-2ba47f0168a5","dsReferenceNumber":"CADS","acsReferenceNumber":"ABCDEF987654321","XID":"02010000f88a3a5b561a4f12a62fdfcaa06dc8bd","messageType":"ARes","dsTransID":"f88a3a5b-561a-4f12-a62f-dfcaa06dc8bd","transStatusReason":"09","acsOperatorID":"ACS_OPERATOR_ID","messageVersion":"2.1.0","transStatus":"R","threeDSServerTransID":"ef499ae3-6543-40d6-bd41-7f1e5534bcea"}
	at org.testng.Assert.fail(Assert.java:94)
	at com.ca.tds.main.TDSFlowTest.brwPreAreq(TDSFlowTest.java:176)
	at sun.reflect.GeneratedMethodAccessor36.invoke(Unknown Source)
	at sun.reflect.DelegatingMethodAccessorImpl.invoke(DelegatingMethodAccessorImpl.java:43)
	at java.lang.reflect.Method.invoke(Method.java:498)
	at org.testng.internal.MethodInvocationHelper.invokeMethod(MethodInvocationHelper.java:85)
	at org.testng.internal.Invoker.invokeMethod(Invoker.java:639)
	at org.testng.internal.Invoker.invokeTestMethod(Invoker.java:821)
	at org.testng.internal.Invoker.invokeTestMethods(Invoker.java:1131)
	at org.testng.internal.TestMethodWorker.invokeTestMethods(TestMethodWorker.java:124)
	at org.testng.internal.TestMethodWorker.run(TestMethodWorker.java:108)
	at java.util.concurrent.ThreadPoolExecutor.runWorker(ThreadPoolExecutor.java:1149)
	at java.util.concurrent.ThreadPoolExecutor$Worker.run(ThreadPoolExecutor.java:624)
	at java.lang.Thread.run(Thread.java:748)
]]>
    </failure>
  </testcase> <!-- brwPreAreq -->
  <testcase name="verifyAPI" time="0.015" classname="com.ca.tds.main.TDSFlowTest">
    <error type="org.testng.SkipException" message="Skipping [verifyAPI] because the [verifyApiRequired] assumption(s) do not hold.">
      <![CDATA[org.testng.SkipException: Skipping [verifyAPI] because the [verifyApiRequired] assumption(s) do not hold.
	at nl.javadude.assumeng.AssumptionListener.beforeInvocation(AssumptionListener.java:43)
	at org.testng.internal.invokers.InvokedMethodListenerInvoker$InvokeBeforeInvocationWithoutContextStrategy.callMethod(InvokedMethodListenerInvoker.java:84)
	at org.testng.internal.invokers.InvokedMethodListenerInvoker.invokeListener(InvokedMethodListenerInvoker.java:62)
	at org.testng.internal.Invoker.runInvokedMethodListeners(Invoker.java:552)
	at org.testng.internal.Invoker.invokeMethod(Invoker.java:617)
	at org.testng.internal.Invoker.invokeTestMethod(Invoker.java:821)
	at org.testng.internal.Invoker.invokeTestMethods(Invoker.java:1131)
	at org.testng.internal.TestMethodWorker.invokeTestMethods(TestMethodWorker.java:124)
	at org.testng.internal.TestMethodWorker.run(TestMethodWorker.java:108)
	at java.util.concurrent.ThreadPoolExecutor.runWorker(ThreadPoolExecutor.java:1149)
	at java.util.concurrent.ThreadPoolExecutor$Worker.run(ThreadPoolExecutor.java:624)
	at java.lang.Thread.run(Thread.java:748)
]]>
    </error>
  </testcase> <!-- verifyAPI -->
  <testcase name="rReqTest" time="0.017" classname="com.ca.tds.main.TDSFlowTest">
    <error type="org.testng.SkipException" message="Skipping [rReqTest] because the [rReqRequired] assumption(s) do not hold.">
      <![CDATA[org.testng.SkipException: Skipping [rReqTest] because the [rReqRequired] assumption(s) do not hold.
	at nl.javadude.assumeng.AssumptionListener.beforeInvocation(AssumptionListener.java:43)
	at org.testng.internal.invokers.InvokedMethodListenerInvoker$InvokeBeforeInvocationWithoutContextStrategy.callMethod(InvokedMethodListenerInvoker.java:84)
	at org.testng.internal.invokers.InvokedMethodListenerInvoker.invokeListener(InvokedMethodListenerInvoker.java:62)
	at org.testng.internal.Invoker.runInvokedMethodListeners(Invoker.java:552)
	at org.testng.internal.Invoker.invokeMethod(Invoker.java:617)
	at org.testng.internal.Invoker.invokeTestMethod(Invoker.java:821)
	at org.testng.internal.Invoker.invokeTestMethods(Invoker.java:1131)
	at org.testng.internal.TestMethodWorker.invokeTestMethods(TestMethodWorker.java:124)
	at org.testng.internal.TestMethodWorker.run(TestMethodWorker.java:108)
	at java.util.concurrent.ThreadPoolExecutor.runWorker(ThreadPoolExecutor.java:1149)
	at java.util.concurrent.ThreadPoolExecutor$Worker.run(ThreadPoolExecutor.java:624)
	at java.lang.Thread.run(Thread.java:748)
]]>
    </error>
  </testcase> <!-- rReqTest -->
  <testcase name="verifyAPI" time="0.022" classname="com.ca.tds.main.TDSFlowTest">
    <error type="org.testng.SkipException" message="Skipping [verifyAPI] because the [verifyApiRequired] assumption(s) do not hold.">
      <![CDATA[org.testng.SkipException: Skipping [verifyAPI] because the [verifyApiRequired] assumption(s) do not hold.
	at nl.javadude.assumeng.AssumptionListener.beforeInvocation(AssumptionListener.java:43)
	at org.testng.internal.invokers.InvokedMethodListenerInvoker$InvokeBeforeInvocationWithoutContextStrategy.callMethod(InvokedMethodListenerInvoker.java:84)
	at org.testng.internal.invokers.InvokedMethodListenerInvoker.invokeListener(InvokedMethodListenerInvoker.java:62)
	at org.testng.internal.Invoker.runInvokedMethodListeners(Invoker.java:552)
	at org.testng.internal.Invoker.invokeMethod(Invoker.java:617)
	at org.testng.internal.Invoker.invokeTestMethod(Invoker.java:821)
	at org.testng.internal.Invoker.invokeTestMethods(Invoker.java:1131)
	at org.testng.internal.TestMethodWorker.invokeTestMethods(TestMethodWorker.java:124)
	at org.testng.internal.TestMethodWorker.run(TestMethodWorker.java:108)
	at java.util.concurrent.ThreadPoolExecutor.runWorker(ThreadPoolExecutor.java:1149)
	at java.util.concurrent.ThreadPoolExecutor$Worker.run(ThreadPoolExecutor.java:624)
	at java.lang.Thread.run(Thread.java:748)
]]>
    </error>
  </testcase> <!-- verifyAPI -->
  <testcase name="rReqTest" time="0.022" classname="com.ca.tds.main.TDSFlowTest">
    <error type="org.testng.SkipException" message="Skipping [rReqTest] because the [rReqRequired] assumption(s) do not hold.">
      <![CDATA[org.testng.SkipException: Skipping [rReqTest] because the [rReqRequired] assumption(s) do not hold.
	at nl.javadude.assumeng.AssumptionListener.beforeInvocation(AssumptionListener.java:43)
	at org.testng.internal.invokers.InvokedMethodListenerInvoker$InvokeBeforeInvocationWithoutContextStrategy.callMethod(InvokedMethodListenerInvoker.java:84)
	at org.testng.internal.invokers.InvokedMethodListenerInvoker.invokeListener(InvokedMethodListenerInvoker.java:62)
	at org.testng.internal.Invoker.runInvokedMethodListeners(Invoker.java:552)
	at org.testng.internal.Invoker.invokeMethod(Invoker.java:617)
	at org.testng.internal.Invoker.invokeTestMethod(Invoker.java:821)
	at org.testng.internal.Invoker.invokeTestMethods(Invoker.java:1131)
	at org.testng.internal.TestMethodWorker.invokeTestMethods(TestMethodWorker.java:124)
	at org.testng.internal.TestMethodWorker.run(TestMethodWorker.java:108)
	at java.util.concurrent.ThreadPoolExecutor.runWorker(ThreadPoolExecutor.java:1149)
	at java.util.concurrent.ThreadPoolExecutor$Worker.run(ThreadPoolExecutor.java:624)
	at java.lang.Thread.run(Thread.java:748)
]]>
    </error>
  </testcase> <!-- rReqTest -->
  <testcase name="brwTDSMethodTest" time="0.499" classname="com.ca.tds.main.TDSFlowTest"/>
  <testcase name="brwTDSMethodTest" time="0.501" classname="com.ca.tds.main.TDSFlowTest"/>
  <testcase name="verifyAPI" time="0.018" classname="com.ca.tds.main.TDSFlowTest">
    <error type="org.testng.SkipException" message="Skipping [verifyAPI] because the [verifyApiRequired] assumption(s) do not hold.">
      <![CDATA[org.testng.SkipException: Skipping [verifyAPI] because the [verifyApiRequired] assumption(s) do not hold.
	at nl.javadude.assumeng.AssumptionListener.beforeInvocation(AssumptionListener.java:43)
	at org.testng.internal.invokers.InvokedMethodListenerInvoker$InvokeBeforeInvocationWithoutContextStrategy.callMethod(InvokedMethodListenerInvoker.java:84)
	at org.testng.internal.invokers.InvokedMethodListenerInvoker.invokeListener(InvokedMethodListenerInvoker.java:62)
	at org.testng.internal.Invoker.runInvokedMethodListeners(Invoker.java:552)
	at org.testng.internal.Invoker.invokeMethod(Invoker.java:617)
	at org.testng.internal.Invoker.invokeTestMethod(Invoker.java:821)
	at org.testng.internal.Invoker.invokeTestMethods(Invoker.java:1131)
	at org.testng.internal.TestMethodWorker.invokeTestMethods(TestMethodWorker.java:124)
	at org.testng.internal.TestMethodWorker.run(TestMethodWorker.java:108)
	at java.util.concurrent.ThreadPoolExecutor.runWorker(ThreadPoolExecutor.java:1149)
	at java.util.concurrent.ThreadPoolExecutor$Worker.run(ThreadPoolExecutor.java:624)
	at java.lang.Thread.run(Thread.java:748)
]]>
    </error>
  </testcase> <!-- verifyAPI -->
  <testcase name="brwPreAreq" time="0.561" classname="com.ca.tds.main.TDSFlowTest">
    <failure type="java.lang.AssertionError" message="ARes response json schema validation failed.&lt;br&gt;expected minLength: 17, actual: 4&lt;br&gt; api response : {&quot;acsTransID&quot;:&quot;23806a06-a1d7-41ad-819a-8db79d8e9b61&quot;,&quot;dsName&quot;:&quot;mastercard&quot;,&quot;eci&quot;:&quot;07&quot;,&quot;callerTxnRefID&quot;:&quot;341b7153-da86-4543-860f-2ba47f0168a5&quot;,&quot;dsReferenceNumber&quot;:&quot;CADS&quot;,&quot;acsReferenceNumber&quot;:&quot;ABCDEF987654321&quot;,&quot;messageType&quot;:&quot;ARes&quot;,&quot;dsTransID&quot;:&quot;d93880d5-a308-4ff1-8b7b-6bd5a6fadacb&quot;,&quot;transStatusReason&quot;:&quot;09&quot;,&quot;acsOperatorID&quot;:&quot;ACS_OPERATOR_ID&quot;,&quot;messageVersion&quot;:&quot;2.1.0&quot;,&quot;transStatus&quot;:&quot;R&quot;,&quot;threeDSServerTransID&quot;:&quot;b051a9cf-4cfb-45a9-b7d0-f57f837888a8&quot;}">
      <![CDATA[java.lang.AssertionError: ARes response json schema validation failed.<br>expected minLength: 17, actual: 4<br> api response : {"acsTransID":"23806a06-a1d7-41ad-819a-8db79d8e9b61","dsName":"mastercard","eci":"07","callerTxnRefID":"341b7153-da86-4543-860f-2ba47f0168a5","dsReferenceNumber":"CADS","acsReferenceNumber":"ABCDEF987654321","messageType":"ARes","dsTransID":"d93880d5-a308-4ff1-8b7b-6bd5a6fadacb","transStatusReason":"09","acsOperatorID":"ACS_OPERATOR_ID","messageVersion":"2.1.0","transStatus":"R","threeDSServerTransID":"b051a9cf-4cfb-45a9-b7d0-f57f837888a8"}
	at org.testng.Assert.fail(Assert.java:94)
	at com.ca.tds.main.TDSFlowTest.brwPreAreq(TDSFlowTest.java:176)
	at sun.reflect.GeneratedMethodAccessor36.invoke(Unknown Source)
	at sun.reflect.DelegatingMethodAccessorImpl.invoke(DelegatingMethodAccessorImpl.java:43)
	at java.lang.reflect.Method.invoke(Method.java:498)
	at org.testng.internal.MethodInvocationHelper.invokeMethod(MethodInvocationHelper.java:85)
	at org.testng.internal.Invoker.invokeMethod(Invoker.java:639)
	at org.testng.internal.Invoker.invokeTestMethod(Invoker.java:821)
	at org.testng.internal.Invoker.invokeTestMethods(Invoker.java:1131)
	at org.testng.internal.TestMethodWorker.invokeTestMethods(TestMethodWorker.java:124)
	at org.testng.internal.TestMethodWorker.run(TestMethodWorker.java:108)
	at java.util.concurrent.ThreadPoolExecutor.runWorker(ThreadPoolExecutor.java:1149)
	at java.util.concurrent.ThreadPoolExecutor$Worker.run(ThreadPoolExecutor.java:624)
	at java.lang.Thread.run(Thread.java:748)
]]>
    </failure>
  </testcase> <!-- brwPreAreq -->
  <testcase name="brwPreAreq" time="0.554" classname="com.ca.tds.main.TDSFlowTest">
    <failure type="java.lang.AssertionError" message="ARes response json schema validation failed.&lt;br&gt;expected minLength: 17, actual: 4&lt;br&gt; api response : {&quot;acsTransID&quot;:&quot;828d7163-3e95-4f7c-aede-74ae813707c0&quot;,&quot;dsName&quot;:&quot;visa&quot;,&quot;eci&quot;:&quot;07&quot;,&quot;callerTxnRefID&quot;:&quot;341b7153-da86-4543-860f-2ba47f0168a5&quot;,&quot;dsReferenceNumber&quot;:&quot;CADS&quot;,&quot;acsReferenceNumber&quot;:&quot;ABCDEF987654321&quot;,&quot;messageType&quot;:&quot;ARes&quot;,&quot;dsTransID&quot;:&quot;6788dbad-2b5a-4550-a56e-65713718fc81&quot;,&quot;transStatusReason&quot;:&quot;09&quot;,&quot;acsOperatorID&quot;:&quot;ACS_OPERATOR_ID&quot;,&quot;messageVersion&quot;:&quot;2.1.0&quot;,&quot;transStatus&quot;:&quot;R&quot;,&quot;threeDSServerTransID&quot;:&quot;eb0ddc4c-95f6-4ea4-82bb-833dd0e04312&quot;}">
      <![CDATA[java.lang.AssertionError: ARes response json schema validation failed.<br>expected minLength: 17, actual: 4<br> api response : {"acsTransID":"828d7163-3e95-4f7c-aede-74ae813707c0","dsName":"visa","eci":"07","callerTxnRefID":"341b7153-da86-4543-860f-2ba47f0168a5","dsReferenceNumber":"CADS","acsReferenceNumber":"ABCDEF987654321","messageType":"ARes","dsTransID":"6788dbad-2b5a-4550-a56e-65713718fc81","transStatusReason":"09","acsOperatorID":"ACS_OPERATOR_ID","messageVersion":"2.1.0","transStatus":"R","threeDSServerTransID":"eb0ddc4c-95f6-4ea4-82bb-833dd0e04312"}
	at org.testng.Assert.fail(Assert.java:94)
	at com.ca.tds.main.TDSFlowTest.brwPreAreq(TDSFlowTest.java:176)
	at sun.reflect.GeneratedMethodAccessor36.invoke(Unknown Source)
	at sun.reflect.DelegatingMethodAccessorImpl.invoke(DelegatingMethodAccessorImpl.java:43)
	at java.lang.reflect.Method.invoke(Method.java:498)
	at org.testng.internal.MethodInvocationHelper.invokeMethod(MethodInvocationHelper.java:85)
	at org.testng.internal.Invoker.invokeMethod(Invoker.java:639)
	at org.testng.internal.Invoker.invokeTestMethod(Invoker.java:821)
	at org.testng.internal.Invoker.invokeTestMethods(Invoker.java:1131)
	at org.testng.internal.TestMethodWorker.invokeTestMethods(TestMethodWorker.java:124)
	at org.testng.internal.TestMethodWorker.run(TestMethodWorker.java:108)
	at java.util.concurrent.ThreadPoolExecutor.runWorker(ThreadPoolExecutor.java:1149)
	at java.util.concurrent.ThreadPoolExecutor$Worker.run(ThreadPoolExecutor.java:624)
	at java.lang.Thread.run(Thread.java:748)
]]>
    </failure>
  </testcase> <!-- brwPreAreq -->
  <testcase name="brwTDSMethodTest" time="0.516" classname="com.ca.tds.main.TDSFlowTest"/>
  <testcase name="brwTDSMethodTest" time="0.501" classname="com.ca.tds.main.TDSFlowTest"/>
  <testcase name="rReqTest" time="0.030" classname="com.ca.tds.main.TDSFlowTest">
    <error type="org.testng.SkipException" message="Skipping [rReqTest] because the [rReqRequired] assumption(s) do not hold.">
      <![CDATA[org.testng.SkipException: Skipping [rReqTest] because the [rReqRequired] assumption(s) do not hold.
	at nl.javadude.assumeng.AssumptionListener.beforeInvocation(AssumptionListener.java:43)
	at org.testng.internal.invokers.InvokedMethodListenerInvoker$InvokeBeforeInvocationWithoutContextStrategy.callMethod(InvokedMethodListenerInvoker.java:84)
	at org.testng.internal.invokers.InvokedMethodListenerInvoker.invokeListener(InvokedMethodListenerInvoker.java:62)
	at org.testng.internal.Invoker.runInvokedMethodListeners(Invoker.java:552)
	at org.testng.internal.Invoker.invokeMethod(Invoker.java:617)
	at org.testng.internal.Invoker.invokeTestMethod(Invoker.java:821)
	at org.testng.internal.Invoker.invokeTestMethods(Invoker.java:1131)
	at org.testng.internal.TestMethodWorker.invokeTestMethods(TestMethodWorker.java:124)
	at org.testng.internal.TestMethodWorker.run(TestMethodWorker.java:108)
	at java.util.concurrent.ThreadPoolExecutor.runWorker(ThreadPoolExecutor.java:1149)
	at java.util.concurrent.ThreadPoolExecutor$Worker.run(ThreadPoolExecutor.java:624)
	at java.lang.Thread.run(Thread.java:748)
]]>
    </error>
  </testcase> <!-- rReqTest -->
  <testcase name="brwPreAreq" time="0.573" classname="com.ca.tds.main.TDSFlowTest">
    <failure type="java.lang.AssertionError" message="ARes response json schema validation failed.&lt;br&gt;expected minLength: 17, actual: 4&lt;br&gt; api response : {&quot;acsTransID&quot;:&quot;34cb74d8-4493-4d0a-b259-28c4ad44b77b&quot;,&quot;dsName&quot;:&quot;amex&quot;,&quot;eci&quot;:&quot;07&quot;,&quot;callerTxnRefID&quot;:&quot;341b7153-da86-4543-860f-2ba47f0168a5&quot;,&quot;dsReferenceNumber&quot;:&quot;CADS&quot;,&quot;acsReferenceNumber&quot;:&quot;ABCDEF987654321&quot;,&quot;XID&quot;:&quot;0201000023fd6ee895ff49eea1d61a16e5a5d7c8&quot;,&quot;messageType&quot;:&quot;ARes&quot;,&quot;dsTransID&quot;:&quot;23fd6ee8-95ff-49ee-a1d6-1a16e5a5d7c8&quot;,&quot;transStatusReason&quot;:&quot;09&quot;,&quot;acsOperatorID&quot;:&quot;ACS_OPERATOR_ID&quot;,&quot;messageVersion&quot;:&quot;2.1.0&quot;,&quot;transStatus&quot;:&quot;R&quot;,&quot;threeDSServerTransID&quot;:&quot;168f1642-64aa-451e-abb2-0da14d56b9d3&quot;}">
      <![CDATA[java.lang.AssertionError: ARes response json schema validation failed.<br>expected minLength: 17, actual: 4<br> api response : {"acsTransID":"34cb74d8-4493-4d0a-b259-28c4ad44b77b","dsName":"amex","eci":"07","callerTxnRefID":"341b7153-da86-4543-860f-2ba47f0168a5","dsReferenceNumber":"CADS","acsReferenceNumber":"ABCDEF987654321","XID":"0201000023fd6ee895ff49eea1d61a16e5a5d7c8","messageType":"ARes","dsTransID":"23fd6ee8-95ff-49ee-a1d6-1a16e5a5d7c8","transStatusReason":"09","acsOperatorID":"ACS_OPERATOR_ID","messageVersion":"2.1.0","transStatus":"R","threeDSServerTransID":"168f1642-64aa-451e-abb2-0da14d56b9d3"}
	at org.testng.Assert.fail(Assert.java:94)
	at com.ca.tds.main.TDSFlowTest.brwPreAreq(TDSFlowTest.java:176)
	at sun.reflect.NativeMethodAccessorImpl.invoke0(Native Method)
	at sun.reflect.NativeMethodAccessorImpl.invoke(NativeMethodAccessorImpl.java:62)
	at sun.reflect.DelegatingMethodAccessorImpl.invoke(DelegatingMethodAccessorImpl.java:43)
	at java.lang.reflect.Method.invoke(Method.java:498)
	at org.testng.internal.MethodInvocationHelper.invokeMethod(MethodInvocationHelper.java:85)
	at org.testng.internal.Invoker.invokeMethod(Invoker.java:639)
	at org.testng.internal.Invoker.invokeTestMethod(Invoker.java:821)
	at org.testng.internal.Invoker.invokeTestMethods(Invoker.java:1131)
	at org.testng.internal.TestMethodWorker.invokeTestMethods(TestMethodWorker.java:124)
	at org.testng.internal.TestMethodWorker.run(TestMethodWorker.java:108)
	at java.util.concurrent.ThreadPoolExecutor.runWorker(ThreadPoolExecutor.java:1149)
	at java.util.concurrent.ThreadPoolExecutor$Worker.run(ThreadPoolExecutor.java:624)
	at java.lang.Thread.run(Thread.java:748)
]]>
    </failure>
  </testcase> <!-- brwPreAreq -->
  <testcase name="verifyAPI" time="0.016" classname="com.ca.tds.main.TDSFlowTest">
    <error type="org.testng.SkipException" message="Skipping [verifyAPI] because the [verifyApiRequired] assumption(s) do not hold.">
      <![CDATA[org.testng.SkipException: Skipping [verifyAPI] because the [verifyApiRequired] assumption(s) do not hold.
	at nl.javadude.assumeng.AssumptionListener.beforeInvocation(AssumptionListener.java:43)
	at org.testng.internal.invokers.InvokedMethodListenerInvoker$InvokeBeforeInvocationWithoutContextStrategy.callMethod(InvokedMethodListenerInvoker.java:84)
	at org.testng.internal.invokers.InvokedMethodListenerInvoker.invokeListener(InvokedMethodListenerInvoker.java:62)
	at org.testng.internal.Invoker.runInvokedMethodListeners(Invoker.java:552)
	at org.testng.internal.Invoker.invokeMethod(Invoker.java:617)
	at org.testng.internal.Invoker.invokeTestMethod(Invoker.java:821)
	at org.testng.internal.Invoker.invokeTestMethods(Invoker.java:1131)
	at org.testng.internal.TestMethodWorker.invokeTestMethods(TestMethodWorker.java:124)
	at org.testng.internal.TestMethodWorker.run(TestMethodWorker.java:108)
	at java.util.concurrent.ThreadPoolExecutor.runWorker(ThreadPoolExecutor.java:1149)
	at java.util.concurrent.ThreadPoolExecutor$Worker.run(ThreadPoolExecutor.java:624)
	at java.lang.Thread.run(Thread.java:748)
]]>
    </error>
  </testcase> <!-- verifyAPI -->
  <testcase name="brwPreAreq" time="0.550" classname="com.ca.tds.main.TDSFlowTest">
    <failure type="java.lang.AssertionError" message="ARes response json schema validation failed.&lt;br&gt;expected minLength: 17, actual: 4&lt;br&gt; api response : {&quot;acsTransID&quot;:&quot;1537dc08-2d7a-49b4-a103-ea5a0a2a44e8&quot;,&quot;dsName&quot;:&quot;visa&quot;,&quot;eci&quot;:&quot;07&quot;,&quot;callerTxnRefID&quot;:&quot;341b7153-da86-4543-860f-2ba47f0168a5&quot;,&quot;dsReferenceNumber&quot;:&quot;CADS&quot;,&quot;acsReferenceNumber&quot;:&quot;ABCDEF987654321&quot;,&quot;messageType&quot;:&quot;ARes&quot;,&quot;dsTransID&quot;:&quot;892e7c99-778a-45e7-a44d-717ed790c977&quot;,&quot;transStatusReason&quot;:&quot;09&quot;,&quot;acsOperatorID&quot;:&quot;ACS_OPERATOR_ID&quot;,&quot;messageVersion&quot;:&quot;2.1.0&quot;,&quot;transStatus&quot;:&quot;R&quot;,&quot;threeDSServerTransID&quot;:&quot;1cc45ed2-4051-4a33-8861-52322d87dbe5&quot;}">
      <![CDATA[java.lang.AssertionError: ARes response json schema validation failed.<br>expected minLength: 17, actual: 4<br> api response : {"acsTransID":"1537dc08-2d7a-49b4-a103-ea5a0a2a44e8","dsName":"visa","eci":"07","callerTxnRefID":"341b7153-da86-4543-860f-2ba47f0168a5","dsReferenceNumber":"CADS","acsReferenceNumber":"ABCDEF987654321","messageType":"ARes","dsTransID":"892e7c99-778a-45e7-a44d-717ed790c977","transStatusReason":"09","acsOperatorID":"ACS_OPERATOR_ID","messageVersion":"2.1.0","transStatus":"R","threeDSServerTransID":"1cc45ed2-4051-4a33-8861-52322d87dbe5"}
	at org.testng.Assert.fail(Assert.java:94)
	at com.ca.tds.main.TDSFlowTest.brwPreAreq(TDSFlowTest.java:176)
	at sun.reflect.GeneratedMethodAccessor36.invoke(Unknown Source)
	at sun.reflect.DelegatingMethodAccessorImpl.invoke(DelegatingMethodAccessorImpl.java:43)
	at java.lang.reflect.Method.invoke(Method.java:498)
	at org.testng.internal.MethodInvocationHelper.invokeMethod(MethodInvocationHelper.java:85)
	at org.testng.internal.Invoker.invokeMethod(Invoker.java:639)
	at org.testng.internal.Invoker.invokeTestMethod(Invoker.java:821)
	at org.testng.internal.Invoker.invokeTestMethods(Invoker.java:1131)
	at org.testng.internal.TestMethodWorker.invokeTestMethods(TestMethodWorker.java:124)
	at org.testng.internal.TestMethodWorker.run(TestMethodWorker.java:108)
	at java.util.concurrent.ThreadPoolExecutor.runWorker(ThreadPoolExecutor.java:1149)
	at java.util.concurrent.ThreadPoolExecutor$Worker.run(ThreadPoolExecutor.java:624)
	at java.lang.Thread.run(Thread.java:748)
]]>
    </failure>
  </testcase> <!-- brwPreAreq -->
  <testcase name="verifyAPI" time="0.020" classname="com.ca.tds.main.TDSFlowTest">
    <error type="org.testng.SkipException" message="Skipping [verifyAPI] because the [verifyApiRequired] assumption(s) do not hold.">
      <![CDATA[org.testng.SkipException: Skipping [verifyAPI] because the [verifyApiRequired] assumption(s) do not hold.
	at nl.javadude.assumeng.AssumptionListener.beforeInvocation(AssumptionListener.java:43)
	at org.testng.internal.invokers.InvokedMethodListenerInvoker$InvokeBeforeInvocationWithoutContextStrategy.callMethod(InvokedMethodListenerInvoker.java:84)
	at org.testng.internal.invokers.InvokedMethodListenerInvoker.invokeListener(InvokedMethodListenerInvoker.java:62)
	at org.testng.internal.Invoker.runInvokedMethodListeners(Invoker.java:552)
	at org.testng.internal.Invoker.invokeMethod(Invoker.java:617)
	at org.testng.internal.Invoker.invokeTestMethod(Invoker.java:821)
	at org.testng.internal.Invoker.invokeTestMethods(Invoker.java:1131)
	at org.testng.internal.TestMethodWorker.invokeTestMethods(TestMethodWorker.java:124)
	at org.testng.internal.TestMethodWorker.run(TestMethodWorker.java:108)
	at java.util.concurrent.ThreadPoolExecutor.runWorker(ThreadPoolExecutor.java:1149)
	at java.util.concurrent.ThreadPoolExecutor$Worker.run(ThreadPoolExecutor.java:624)
	at java.lang.Thread.run(Thread.java:748)
]]>
    </error>
  </testcase> <!-- verifyAPI -->
  <testcase name="rReqTest" time="0.019" classname="com.ca.tds.main.TDSFlowTest">
    <error type="org.testng.SkipException" message="Skipping [rReqTest] because the [rReqRequired] assumption(s) do not hold.">
      <![CDATA[org.testng.SkipException: Skipping [rReqTest] because the [rReqRequired] assumption(s) do not hold.
	at nl.javadude.assumeng.AssumptionListener.beforeInvocation(AssumptionListener.java:43)
	at org.testng.internal.invokers.InvokedMethodListenerInvoker$InvokeBeforeInvocationWithoutContextStrategy.callMethod(InvokedMethodListenerInvoker.java:84)
	at org.testng.internal.invokers.InvokedMethodListenerInvoker.invokeListener(InvokedMethodListenerInvoker.java:62)
	at org.testng.internal.Invoker.runInvokedMethodListeners(Invoker.java:552)
	at org.testng.internal.Invoker.invokeMethod(Invoker.java:617)
	at org.testng.internal.Invoker.invokeTestMethod(Invoker.java:821)
	at org.testng.internal.Invoker.invokeTestMethods(Invoker.java:1131)
	at org.testng.internal.TestMethodWorker.invokeTestMethods(TestMethodWorker.java:124)
	at org.testng.internal.TestMethodWorker.run(TestMethodWorker.java:108)
	at java.util.concurrent.ThreadPoolExecutor.runWorker(ThreadPoolExecutor.java:1149)
	at java.util.concurrent.ThreadPoolExecutor$Worker.run(ThreadPoolExecutor.java:624)
	at java.lang.Thread.run(Thread.java:748)
]]>
    </error>
  </testcase> <!-- rReqTest -->
  <testcase name="brwPreAreq" time="0.535" classname="com.ca.tds.main.TDSFlowTest">
    <failure type="java.lang.AssertionError" message="ARes response json schema validation failed.&lt;br&gt;expected minLength: 17, actual: 4&lt;br&gt; api response : {&quot;acsTransID&quot;:&quot;ea1ab8d5-de67-440b-a7f1-231da38bec4b&quot;,&quot;dsName&quot;:&quot;amex&quot;,&quot;eci&quot;:&quot;07&quot;,&quot;callerTxnRefID&quot;:&quot;341b7153-da86-4543-860f-2ba47f0168a5&quot;,&quot;dsReferenceNumber&quot;:&quot;CADS&quot;,&quot;acsReferenceNumber&quot;:&quot;ABCDEF987654321&quot;,&quot;XID&quot;:&quot;0201000057ad0d56d4e8489ab725a60b0b19c8e0&quot;,&quot;messageType&quot;:&quot;ARes&quot;,&quot;dsTransID&quot;:&quot;57ad0d56-d4e8-489a-b725-a60b0b19c8e0&quot;,&quot;transStatusReason&quot;:&quot;09&quot;,&quot;acsOperatorID&quot;:&quot;ACS_OPERATOR_ID&quot;,&quot;messageVersion&quot;:&quot;2.1.0&quot;,&quot;transStatus&quot;:&quot;R&quot;,&quot;threeDSServerTransID&quot;:&quot;c15826e5-e53a-419d-822a-c69f8f1b54b7&quot;}">
      <![CDATA[java.lang.AssertionError: ARes response json schema validation failed.<br>expected minLength: 17, actual: 4<br> api response : {"acsTransID":"ea1ab8d5-de67-440b-a7f1-231da38bec4b","dsName":"amex","eci":"07","callerTxnRefID":"341b7153-da86-4543-860f-2ba47f0168a5","dsReferenceNumber":"CADS","acsReferenceNumber":"ABCDEF987654321","XID":"0201000057ad0d56d4e8489ab725a60b0b19c8e0","messageType":"ARes","dsTransID":"57ad0d56-d4e8-489a-b725-a60b0b19c8e0","transStatusReason":"09","acsOperatorID":"ACS_OPERATOR_ID","messageVersion":"2.1.0","transStatus":"R","threeDSServerTransID":"c15826e5-e53a-419d-822a-c69f8f1b54b7"}
	at org.testng.Assert.fail(Assert.java:94)
	at com.ca.tds.main.TDSFlowTest.brwPreAreq(TDSFlowTest.java:176)
	at sun.reflect.NativeMethodAccessorImpl.invoke0(Native Method)
	at sun.reflect.NativeMethodAccessorImpl.invoke(NativeMethodAccessorImpl.java:62)
	at sun.reflect.DelegatingMethodAccessorImpl.invoke(DelegatingMethodAccessorImpl.java:43)
	at java.lang.reflect.Method.invoke(Method.java:498)
	at org.testng.internal.MethodInvocationHelper.invokeMethod(MethodInvocationHelper.java:85)
	at org.testng.internal.Invoker.invokeMethod(Invoker.java:639)
	at org.testng.internal.Invoker.invokeTestMethod(Invoker.java:821)
	at org.testng.internal.Invoker.invokeTestMethods(Invoker.java:1131)
	at org.testng.internal.TestMethodWorker.invokeTestMethods(TestMethodWorker.java:124)
	at org.testng.internal.TestMethodWorker.run(TestMethodWorker.java:108)
	at java.util.concurrent.ThreadPoolExecutor.runWorker(ThreadPoolExecutor.java:1149)
	at java.util.concurrent.ThreadPoolExecutor$Worker.run(ThreadPoolExecutor.java:624)
	at java.lang.Thread.run(Thread.java:748)
]]>
    </failure>
  </testcase> <!-- brwPreAreq -->
  <testcase name="brwPreAreq" time="0.547" classname="com.ca.tds.main.TDSFlowTest">
    <failure type="java.lang.AssertionError" message="ARes response json schema validation failed.&lt;br&gt;expected minLength: 17, actual: 4&lt;br&gt; api response : {&quot;acsTransID&quot;:&quot;d1a12413-c121-4478-b0c8-34a3625c76d0&quot;,&quot;dsName&quot;:&quot;visa&quot;,&quot;eci&quot;:&quot;07&quot;,&quot;callerTxnRefID&quot;:&quot;341b7153-da86-4543-860f-2ba47f0168a5&quot;,&quot;dsReferenceNumber&quot;:&quot;CADS&quot;,&quot;acsReferenceNumber&quot;:&quot;ABCDEF987654321&quot;,&quot;messageType&quot;:&quot;ARes&quot;,&quot;dsTransID&quot;:&quot;8370b143-ce1f-4637-a63a-b886e0f9ee8c&quot;,&quot;transStatusReason&quot;:&quot;09&quot;,&quot;acsOperatorID&quot;:&quot;ACS_OPERATOR_ID&quot;,&quot;messageVersion&quot;:&quot;2.1.0&quot;,&quot;transStatus&quot;:&quot;R&quot;,&quot;threeDSServerTransID&quot;:&quot;4b881fa0-c520-49d4-91a5-4e422221865d&quot;}">
      <![CDATA[java.lang.AssertionError: ARes response json schema validation failed.<br>expected minLength: 17, actual: 4<br> api response : {"acsTransID":"d1a12413-c121-4478-b0c8-34a3625c76d0","dsName":"visa","eci":"07","callerTxnRefID":"341b7153-da86-4543-860f-2ba47f0168a5","dsReferenceNumber":"CADS","acsReferenceNumber":"ABCDEF987654321","messageType":"ARes","dsTransID":"8370b143-ce1f-4637-a63a-b886e0f9ee8c","transStatusReason":"09","acsOperatorID":"ACS_OPERATOR_ID","messageVersion":"2.1.0","transStatus":"R","threeDSServerTransID":"4b881fa0-c520-49d4-91a5-4e422221865d"}
	at org.testng.Assert.fail(Assert.java:94)
	at com.ca.tds.main.TDSFlowTest.brwPreAreq(TDSFlowTest.java:176)
	at sun.reflect.GeneratedMethodAccessor36.invoke(Unknown Source)
	at sun.reflect.DelegatingMethodAccessorImpl.invoke(DelegatingMethodAccessorImpl.java:43)
	at java.lang.reflect.Method.invoke(Method.java:498)
	at org.testng.internal.MethodInvocationHelper.invokeMethod(MethodInvocationHelper.java:85)
	at org.testng.internal.Invoker.invokeMethod(Invoker.java:639)
	at org.testng.internal.Invoker.invokeTestMethod(Invoker.java:821)
	at org.testng.internal.Invoker.invokeTestMethods(Invoker.java:1131)
	at org.testng.internal.TestMethodWorker.invokeTestMethods(TestMethodWorker.java:124)
	at org.testng.internal.TestMethodWorker.run(TestMethodWorker.java:108)
	at java.util.concurrent.ThreadPoolExecutor.runWorker(ThreadPoolExecutor.java:1149)
	at java.util.concurrent.ThreadPoolExecutor$Worker.run(ThreadPoolExecutor.java:624)
	at java.lang.Thread.run(Thread.java:748)
]]>
    </failure>
  </testcase> <!-- brwPreAreq -->
  <testcase name="verifyAPI" time="0.016" classname="com.ca.tds.main.TDSFlowTest">
    <error type="org.testng.SkipException" message="Skipping [verifyAPI] because the [verifyApiRequired] assumption(s) do not hold.">
      <![CDATA[org.testng.SkipException: Skipping [verifyAPI] because the [verifyApiRequired] assumption(s) do not hold.
	at nl.javadude.assumeng.AssumptionListener.beforeInvocation(AssumptionListener.java:43)
	at org.testng.internal.invokers.InvokedMethodListenerInvoker$InvokeBeforeInvocationWithoutContextStrategy.callMethod(InvokedMethodListenerInvoker.java:84)
	at org.testng.internal.invokers.InvokedMethodListenerInvoker.invokeListener(InvokedMethodListenerInvoker.java:62)
	at org.testng.internal.Invoker.runInvokedMethodListeners(Invoker.java:552)
	at org.testng.internal.Invoker.invokeMethod(Invoker.java:617)
	at org.testng.internal.Invoker.invokeTestMethod(Invoker.java:821)
	at org.testng.internal.Invoker.invokeTestMethods(Invoker.java:1131)
	at org.testng.internal.TestMethodWorker.invokeTestMethods(TestMethodWorker.java:124)
	at org.testng.internal.TestMethodWorker.run(TestMethodWorker.java:108)
	at java.util.concurrent.ThreadPoolExecutor.runWorker(ThreadPoolExecutor.java:1149)
	at java.util.concurrent.ThreadPoolExecutor$Worker.run(ThreadPoolExecutor.java:624)
	at java.lang.Thread.run(Thread.java:748)
]]>
    </error>
  </testcase> <!-- verifyAPI -->
  <testcase name="rReqTest" time="0.017" classname="com.ca.tds.main.TDSFlowTest">
    <error type="org.testng.SkipException" message="Skipping [rReqTest] because the [rReqRequired] assumption(s) do not hold.">
      <![CDATA[org.testng.SkipException: Skipping [rReqTest] because the [rReqRequired] assumption(s) do not hold.
	at nl.javadude.assumeng.AssumptionListener.beforeInvocation(AssumptionListener.java:43)
	at org.testng.internal.invokers.InvokedMethodListenerInvoker$InvokeBeforeInvocationWithoutContextStrategy.callMethod(InvokedMethodListenerInvoker.java:84)
	at org.testng.internal.invokers.InvokedMethodListenerInvoker.invokeListener(InvokedMethodListenerInvoker.java:62)
	at org.testng.internal.Invoker.runInvokedMethodListeners(Invoker.java:552)
	at org.testng.internal.Invoker.invokeMethod(Invoker.java:617)
	at org.testng.internal.Invoker.invokeTestMethod(Invoker.java:821)
	at org.testng.internal.Invoker.invokeTestMethods(Invoker.java:1131)
	at org.testng.internal.TestMethodWorker.invokeTestMethods(TestMethodWorker.java:124)
	at org.testng.internal.TestMethodWorker.run(TestMethodWorker.java:108)
	at java.util.concurrent.ThreadPoolExecutor.runWorker(ThreadPoolExecutor.java:1149)
	at java.util.concurrent.ThreadPoolExecutor$Worker.run(ThreadPoolExecutor.java:624)
	at java.lang.Thread.run(Thread.java:748)
]]>
    </error>
  </testcase> <!-- rReqTest -->
  <testcase name="brwTDSMethodTest" time="0.508" classname="com.ca.tds.main.TDSFlowTest"/>
  <testcase name="brwPreAreq" time="0.533" classname="com.ca.tds.main.TDSFlowTest">
    <failure type="java.lang.AssertionError" message="ARes response json schema validation failed.&lt;br&gt;expected minLength: 17, actual: 4&lt;br&gt; api response : {&quot;acsTransID&quot;:&quot;5bde5804-67ec-439a-aaac-867a45766c73&quot;,&quot;dsName&quot;:&quot;mastercard&quot;,&quot;eci&quot;:&quot;07&quot;,&quot;callerTxnRefID&quot;:&quot;341b7153-da86-4543-860f-2ba47f0168a5&quot;,&quot;dsReferenceNumber&quot;:&quot;CADS&quot;,&quot;acsReferenceNumber&quot;:&quot;ABCDEF987654321&quot;,&quot;messageType&quot;:&quot;ARes&quot;,&quot;dsTransID&quot;:&quot;99f7a39a-4bfd-4c03-9370-2b0ec32a6c3f&quot;,&quot;transStatusReason&quot;:&quot;09&quot;,&quot;acsOperatorID&quot;:&quot;ACS_OPERATOR_ID&quot;,&quot;messageVersion&quot;:&quot;2.1.0&quot;,&quot;transStatus&quot;:&quot;R&quot;,&quot;threeDSServerTransID&quot;:&quot;c57b84ec-553d-4b85-ae0d-0c727b7f6ac1&quot;}">
      <![CDATA[java.lang.AssertionError: ARes response json schema validation failed.<br>expected minLength: 17, actual: 4<br> api response : {"acsTransID":"5bde5804-67ec-439a-aaac-867a45766c73","dsName":"mastercard","eci":"07","callerTxnRefID":"341b7153-da86-4543-860f-2ba47f0168a5","dsReferenceNumber":"CADS","acsReferenceNumber":"ABCDEF987654321","messageType":"ARes","dsTransID":"99f7a39a-4bfd-4c03-9370-2b0ec32a6c3f","transStatusReason":"09","acsOperatorID":"ACS_OPERATOR_ID","messageVersion":"2.1.0","transStatus":"R","threeDSServerTransID":"c57b84ec-553d-4b85-ae0d-0c727b7f6ac1"}
	at org.testng.Assert.fail(Assert.java:94)
	at com.ca.tds.main.TDSFlowTest.brwPreAreq(TDSFlowTest.java:176)
	at sun.reflect.GeneratedMethodAccessor36.invoke(Unknown Source)
	at sun.reflect.DelegatingMethodAccessorImpl.invoke(DelegatingMethodAccessorImpl.java:43)
	at java.lang.reflect.Method.invoke(Method.java:498)
	at org.testng.internal.MethodInvocationHelper.invokeMethod(MethodInvocationHelper.java:85)
	at org.testng.internal.Invoker.invokeMethod(Invoker.java:639)
	at org.testng.internal.Invoker.invokeTestMethod(Invoker.java:821)
	at org.testng.internal.Invoker.invokeTestMethods(Invoker.java:1131)
	at org.testng.internal.TestMethodWorker.invokeTestMethods(TestMethodWorker.java:124)
	at org.testng.internal.TestMethodWorker.run(TestMethodWorker.java:108)
	at java.util.concurrent.ThreadPoolExecutor.runWorker(ThreadPoolExecutor.java:1149)
	at java.util.concurrent.ThreadPoolExecutor$Worker.run(ThreadPoolExecutor.java:624)
	at java.lang.Thread.run(Thread.java:748)
]]>
    </failure>
  </testcase> <!-- brwPreAreq -->
  <testcase name="brwPreAreq" time="0.554" classname="com.ca.tds.main.TDSFlowTest">
    <failure type="java.lang.AssertionError" message="ARes response json schema validation failed.&lt;br&gt;expected minLength: 17, actual: 4&lt;br&gt; api response : {&quot;acsTransID&quot;:&quot;23b20e69-52c9-45e4-954a-7b25a77a6a7a&quot;,&quot;dsName&quot;:&quot;amex&quot;,&quot;eci&quot;:&quot;07&quot;,&quot;callerTxnRefID&quot;:&quot;341b7153-da86-4543-860f-2ba47f0168a5&quot;,&quot;dsReferenceNumber&quot;:&quot;CADS&quot;,&quot;acsReferenceNumber&quot;:&quot;ABCDEF987654321&quot;,&quot;XID&quot;:&quot;02010000968b3f8ac2d84c3893f549d82d7f9f37&quot;,&quot;messageType&quot;:&quot;ARes&quot;,&quot;dsTransID&quot;:&quot;968b3f8a-c2d8-4c38-93f5-49d82d7f9f37&quot;,&quot;transStatusReason&quot;:&quot;09&quot;,&quot;acsOperatorID&quot;:&quot;ACS_OPERATOR_ID&quot;,&quot;messageVersion&quot;:&quot;2.1.0&quot;,&quot;transStatus&quot;:&quot;R&quot;,&quot;threeDSServerTransID&quot;:&quot;0ead67fb-b3a5-4ad0-a49e-8f4536a37d2b&quot;}">
      <![CDATA[java.lang.AssertionError: ARes response json schema validation failed.<br>expected minLength: 17, actual: 4<br> api response : {"acsTransID":"23b20e69-52c9-45e4-954a-7b25a77a6a7a","dsName":"amex","eci":"07","callerTxnRefID":"341b7153-da86-4543-860f-2ba47f0168a5","dsReferenceNumber":"CADS","acsReferenceNumber":"ABCDEF987654321","XID":"02010000968b3f8ac2d84c3893f549d82d7f9f37","messageType":"ARes","dsTransID":"968b3f8a-c2d8-4c38-93f5-49d82d7f9f37","transStatusReason":"09","acsOperatorID":"ACS_OPERATOR_ID","messageVersion":"2.1.0","transStatus":"R","threeDSServerTransID":"0ead67fb-b3a5-4ad0-a49e-8f4536a37d2b"}
	at org.testng.Assert.fail(Assert.java:94)
	at com.ca.tds.main.TDSFlowTest.brwPreAreq(TDSFlowTest.java:176)
	at sun.reflect.NativeMethodAccessorImpl.invoke0(Native Method)
	at sun.reflect.NativeMethodAccessorImpl.invoke(NativeMethodAccessorImpl.java:62)
	at sun.reflect.DelegatingMethodAccessorImpl.invoke(DelegatingMethodAccessorImpl.java:43)
	at java.lang.reflect.Method.invoke(Method.java:498)
	at org.testng.internal.MethodInvocationHelper.invokeMethod(MethodInvocationHelper.java:85)
	at org.testng.internal.Invoker.invokeMethod(Invoker.java:639)
	at org.testng.internal.Invoker.invokeTestMethod(Invoker.java:821)
	at org.testng.internal.Invoker.invokeTestMethods(Invoker.java:1131)
	at org.testng.internal.TestMethodWorker.invokeTestMethods(TestMethodWorker.java:124)
	at org.testng.internal.TestMethodWorker.run(TestMethodWorker.java:108)
	at java.util.concurrent.ThreadPoolExecutor.runWorker(ThreadPoolExecutor.java:1149)
	at java.util.concurrent.ThreadPoolExecutor$Worker.run(ThreadPoolExecutor.java:624)
	at java.lang.Thread.run(Thread.java:748)
]]>
    </failure>
  </testcase> <!-- brwPreAreq -->
  <testcase name="brwPreAreq" time="0.552" classname="com.ca.tds.main.TDSFlowTest">
    <failure type="java.lang.AssertionError" message="ARes response json schema validation failed.&lt;br&gt;expected minLength: 17, actual: 4&lt;br&gt; api response : {&quot;acsTransID&quot;:&quot;4ec9d226-2076-42a7-891a-8db360251a24&quot;,&quot;dsName&quot;:&quot;mastercard&quot;,&quot;eci&quot;:&quot;07&quot;,&quot;callerTxnRefID&quot;:&quot;341b7153-da86-4543-860f-2ba47f0168a5&quot;,&quot;dsReferenceNumber&quot;:&quot;CADS&quot;,&quot;acsReferenceNumber&quot;:&quot;ABCDEF987654321&quot;,&quot;messageType&quot;:&quot;ARes&quot;,&quot;dsTransID&quot;:&quot;10ad4426-0a4c-4bb1-9b73-775e21c75b70&quot;,&quot;transStatusReason&quot;:&quot;09&quot;,&quot;acsOperatorID&quot;:&quot;ACS_OPERATOR_ID&quot;,&quot;messageVersion&quot;:&quot;2.1.0&quot;,&quot;transStatus&quot;:&quot;R&quot;,&quot;threeDSServerTransID&quot;:&quot;f858c9c7-a928-4fa3-b132-de3890924523&quot;}">
      <![CDATA[java.lang.AssertionError: ARes response json schema validation failed.<br>expected minLength: 17, actual: 4<br> api response : {"acsTransID":"4ec9d226-2076-42a7-891a-8db360251a24","dsName":"mastercard","eci":"07","callerTxnRefID":"341b7153-da86-4543-860f-2ba47f0168a5","dsReferenceNumber":"CADS","acsReferenceNumber":"ABCDEF987654321","messageType":"ARes","dsTransID":"10ad4426-0a4c-4bb1-9b73-775e21c75b70","transStatusReason":"09","acsOperatorID":"ACS_OPERATOR_ID","messageVersion":"2.1.0","transStatus":"R","threeDSServerTransID":"f858c9c7-a928-4fa3-b132-de3890924523"}
	at org.testng.Assert.fail(Assert.java:94)
	at com.ca.tds.main.TDSFlowTest.brwPreAreq(TDSFlowTest.java:176)
	at sun.reflect.GeneratedMethodAccessor36.invoke(Unknown Source)
	at sun.reflect.DelegatingMethodAccessorImpl.invoke(DelegatingMethodAccessorImpl.java:43)
	at java.lang.reflect.Method.invoke(Method.java:498)
	at org.testng.internal.MethodInvocationHelper.invokeMethod(MethodInvocationHelper.java:85)
	at org.testng.internal.Invoker.invokeMethod(Invoker.java:639)
	at org.testng.internal.Invoker.invokeTestMethod(Invoker.java:821)
	at org.testng.internal.Invoker.invokeTestMethods(Invoker.java:1131)
	at org.testng.internal.TestMethodWorker.invokeTestMethods(TestMethodWorker.java:124)
	at org.testng.internal.TestMethodWorker.run(TestMethodWorker.java:108)
	at java.util.concurrent.ThreadPoolExecutor.runWorker(ThreadPoolExecutor.java:1149)
	at java.util.concurrent.ThreadPoolExecutor$Worker.run(ThreadPoolExecutor.java:624)
	at java.lang.Thread.run(Thread.java:748)
]]>
    </failure>
  </testcase> <!-- brwPreAreq -->
  <testcase name="verifyAPI" time="0.031" classname="com.ca.tds.main.TDSFlowTest">
    <error type="org.testng.SkipException" message="Skipping [verifyAPI] because the [verifyApiRequired] assumption(s) do not hold.">
      <![CDATA[org.testng.SkipException: Skipping [verifyAPI] because the [verifyApiRequired] assumption(s) do not hold.
	at nl.javadude.assumeng.AssumptionListener.beforeInvocation(AssumptionListener.java:43)
	at org.testng.internal.invokers.InvokedMethodListenerInvoker$InvokeBeforeInvocationWithoutContextStrategy.callMethod(InvokedMethodListenerInvoker.java:84)
	at org.testng.internal.invokers.InvokedMethodListenerInvoker.invokeListener(InvokedMethodListenerInvoker.java:62)
	at org.testng.internal.Invoker.runInvokedMethodListeners(Invoker.java:552)
	at org.testng.internal.Invoker.invokeMethod(Invoker.java:617)
	at org.testng.internal.Invoker.invokeTestMethod(Invoker.java:821)
	at org.testng.internal.Invoker.invokeTestMethods(Invoker.java:1131)
	at org.testng.internal.TestMethodWorker.invokeTestMethods(TestMethodWorker.java:124)
	at org.testng.internal.TestMethodWorker.run(TestMethodWorker.java:108)
	at java.util.concurrent.ThreadPoolExecutor.runWorker(ThreadPoolExecutor.java:1149)
	at java.util.concurrent.ThreadPoolExecutor$Worker.run(ThreadPoolExecutor.java:624)
	at java.lang.Thread.run(Thread.java:748)
]]>
    </error>
  </testcase> <!-- verifyAPI -->
  <testcase name="verifyAPI" time="0.016" classname="com.ca.tds.main.TDSFlowTest">
    <error type="org.testng.SkipException" message="Skipping [verifyAPI] because the [verifyApiRequired] assumption(s) do not hold.">
      <![CDATA[org.testng.SkipException: Skipping [verifyAPI] because the [verifyApiRequired] assumption(s) do not hold.
	at nl.javadude.assumeng.AssumptionListener.beforeInvocation(AssumptionListener.java:43)
	at org.testng.internal.invokers.InvokedMethodListenerInvoker$InvokeBeforeInvocationWithoutContextStrategy.callMethod(InvokedMethodListenerInvoker.java:84)
	at org.testng.internal.invokers.InvokedMethodListenerInvoker.invokeListener(InvokedMethodListenerInvoker.java:62)
	at org.testng.internal.Invoker.runInvokedMethodListeners(Invoker.java:552)
	at org.testng.internal.Invoker.invokeMethod(Invoker.java:617)
	at org.testng.internal.Invoker.invokeTestMethod(Invoker.java:821)
	at org.testng.internal.Invoker.invokeTestMethods(Invoker.java:1131)
	at org.testng.internal.TestMethodWorker.invokeTestMethods(TestMethodWorker.java:124)
	at org.testng.internal.TestMethodWorker.run(TestMethodWorker.java:108)
	at java.util.concurrent.ThreadPoolExecutor.runWorker(ThreadPoolExecutor.java:1149)
	at java.util.concurrent.ThreadPoolExecutor$Worker.run(ThreadPoolExecutor.java:624)
	at java.lang.Thread.run(Thread.java:748)
]]>
    </error>
  </testcase> <!-- verifyAPI -->
  <testcase name="verifyAPI" time="0.027" classname="com.ca.tds.main.TDSFlowTest">
    <error type="org.testng.SkipException" message="Skipping [verifyAPI] because the [verifyApiRequired] assumption(s) do not hold.">
      <![CDATA[org.testng.SkipException: Skipping [verifyAPI] because the [verifyApiRequired] assumption(s) do not hold.
	at nl.javadude.assumeng.AssumptionListener.beforeInvocation(AssumptionListener.java:43)
	at org.testng.internal.invokers.InvokedMethodListenerInvoker$InvokeBeforeInvocationWithoutContextStrategy.callMethod(InvokedMethodListenerInvoker.java:84)
	at org.testng.internal.invokers.InvokedMethodListenerInvoker.invokeListener(InvokedMethodListenerInvoker.java:62)
	at org.testng.internal.Invoker.runInvokedMethodListeners(Invoker.java:552)
	at org.testng.internal.Invoker.invokeMethod(Invoker.java:617)
	at org.testng.internal.Invoker.invokeTestMethod(Invoker.java:821)
	at org.testng.internal.Invoker.invokeTestMethods(Invoker.java:1131)
	at org.testng.internal.TestMethodWorker.invokeTestMethods(TestMethodWorker.java:124)
	at org.testng.internal.TestMethodWorker.run(TestMethodWorker.java:108)
	at java.util.concurrent.ThreadPoolExecutor.runWorker(ThreadPoolExecutor.java:1149)
	at java.util.concurrent.ThreadPoolExecutor$Worker.run(ThreadPoolExecutor.java:624)
	at java.lang.Thread.run(Thread.java:748)
]]>
    </error>
  </testcase> <!-- verifyAPI -->
  <testcase name="brwTDSMethodTest" time="0.507" classname="com.ca.tds.main.TDSFlowTest"/>
  <testcase name="brwPreAreq" time="0.543" classname="com.ca.tds.main.TDSFlowTest">
    <failure type="java.lang.AssertionError" message="ARes response json schema validation failed.&lt;br&gt;expected minLength: 17, actual: 4&lt;br&gt; api response : {&quot;acsTransID&quot;:&quot;64891d59-7007-419e-bc63-9669c0a0ed33&quot;,&quot;dsName&quot;:&quot;visa&quot;,&quot;eci&quot;:&quot;07&quot;,&quot;callerTxnRefID&quot;:&quot;341b7153-da86-4543-860f-2ba47f0168a5&quot;,&quot;dsReferenceNumber&quot;:&quot;CADS&quot;,&quot;acsReferenceNumber&quot;:&quot;ABCDEF987654321&quot;,&quot;messageType&quot;:&quot;ARes&quot;,&quot;dsTransID&quot;:&quot;57f823ce-d0eb-4f83-be32-beab93e1e109&quot;,&quot;transStatusReason&quot;:&quot;09&quot;,&quot;acsOperatorID&quot;:&quot;ACS_OPERATOR_ID&quot;,&quot;messageVersion&quot;:&quot;2.1.0&quot;,&quot;transStatus&quot;:&quot;R&quot;,&quot;threeDSServerTransID&quot;:&quot;2fd42e0b-06ed-4280-9b2e-4f2b19429bc0&quot;}">
      <![CDATA[java.lang.AssertionError: ARes response json schema validation failed.<br>expected minLength: 17, actual: 4<br> api response : {"acsTransID":"64891d59-7007-419e-bc63-9669c0a0ed33","dsName":"visa","eci":"07","callerTxnRefID":"341b7153-da86-4543-860f-2ba47f0168a5","dsReferenceNumber":"CADS","acsReferenceNumber":"ABCDEF987654321","messageType":"ARes","dsTransID":"57f823ce-d0eb-4f83-be32-beab93e1e109","transStatusReason":"09","acsOperatorID":"ACS_OPERATOR_ID","messageVersion":"2.1.0","transStatus":"R","threeDSServerTransID":"2fd42e0b-06ed-4280-9b2e-4f2b19429bc0"}
	at org.testng.Assert.fail(Assert.java:94)
	at com.ca.tds.main.TDSFlowTest.brwPreAreq(TDSFlowTest.java:176)
	at sun.reflect.GeneratedMethodAccessor36.invoke(Unknown Source)
	at sun.reflect.DelegatingMethodAccessorImpl.invoke(DelegatingMethodAccessorImpl.java:43)
	at java.lang.reflect.Method.invoke(Method.java:498)
	at org.testng.internal.MethodInvocationHelper.invokeMethod(MethodInvocationHelper.java:85)
	at org.testng.internal.Invoker.invokeMethod(Invoker.java:639)
	at org.testng.internal.Invoker.invokeTestMethod(Invoker.java:821)
	at org.testng.internal.Invoker.invokeTestMethods(Invoker.java:1131)
	at org.testng.internal.TestMethodWorker.invokeTestMethods(TestMethodWorker.java:124)
	at org.testng.internal.TestMethodWorker.run(TestMethodWorker.java:108)
	at java.util.concurrent.ThreadPoolExecutor.runWorker(ThreadPoolExecutor.java:1149)
	at java.util.concurrent.ThreadPoolExecutor$Worker.run(ThreadPoolExecutor.java:624)
	at java.lang.Thread.run(Thread.java:748)
]]>
    </failure>
  </testcase> <!-- brwPreAreq -->
  <testcase name="verifyAPI" time="0.018" classname="com.ca.tds.main.TDSFlowTest">
    <error type="org.testng.SkipException" message="Skipping [verifyAPI] because the [verifyApiRequired] assumption(s) do not hold.">
      <![CDATA[org.testng.SkipException: Skipping [verifyAPI] because the [verifyApiRequired] assumption(s) do not hold.
	at nl.javadude.assumeng.AssumptionListener.beforeInvocation(AssumptionListener.java:43)
	at org.testng.internal.invokers.InvokedMethodListenerInvoker$InvokeBeforeInvocationWithoutContextStrategy.callMethod(InvokedMethodListenerInvoker.java:84)
	at org.testng.internal.invokers.InvokedMethodListenerInvoker.invokeListener(InvokedMethodListenerInvoker.java:62)
	at org.testng.internal.Invoker.runInvokedMethodListeners(Invoker.java:552)
	at org.testng.internal.Invoker.invokeMethod(Invoker.java:617)
	at org.testng.internal.Invoker.invokeTestMethod(Invoker.java:821)
	at org.testng.internal.Invoker.invokeTestMethods(Invoker.java:1131)
	at org.testng.internal.TestMethodWorker.invokeTestMethods(TestMethodWorker.java:124)
	at org.testng.internal.TestMethodWorker.run(TestMethodWorker.java:108)
	at java.util.concurrent.ThreadPoolExecutor.runWorker(ThreadPoolExecutor.java:1149)
	at java.util.concurrent.ThreadPoolExecutor$Worker.run(ThreadPoolExecutor.java:624)
	at java.lang.Thread.run(Thread.java:748)
]]>
    </error>
  </testcase> <!-- verifyAPI -->
  <testcase name="verifyAPI" time="0.021" classname="com.ca.tds.main.TDSFlowTest">
    <error type="org.testng.SkipException" message="Skipping [verifyAPI] because the [verifyApiRequired] assumption(s) do not hold.">
      <![CDATA[org.testng.SkipException: Skipping [verifyAPI] because the [verifyApiRequired] assumption(s) do not hold.
	at nl.javadude.assumeng.AssumptionListener.beforeInvocation(AssumptionListener.java:43)
	at org.testng.internal.invokers.InvokedMethodListenerInvoker$InvokeBeforeInvocationWithoutContextStrategy.callMethod(InvokedMethodListenerInvoker.java:84)
	at org.testng.internal.invokers.InvokedMethodListenerInvoker.invokeListener(InvokedMethodListenerInvoker.java:62)
	at org.testng.internal.Invoker.runInvokedMethodListeners(Invoker.java:552)
	at org.testng.internal.Invoker.invokeMethod(Invoker.java:617)
	at org.testng.internal.Invoker.invokeTestMethod(Invoker.java:821)
	at org.testng.internal.Invoker.invokeTestMethods(Invoker.java:1131)
	at org.testng.internal.TestMethodWorker.invokeTestMethods(TestMethodWorker.java:124)
	at org.testng.internal.TestMethodWorker.run(TestMethodWorker.java:108)
	at java.util.concurrent.ThreadPoolExecutor.runWorker(ThreadPoolExecutor.java:1149)
	at java.util.concurrent.ThreadPoolExecutor$Worker.run(ThreadPoolExecutor.java:624)
	at java.lang.Thread.run(Thread.java:748)
]]>
    </error>
  </testcase> <!-- verifyAPI -->
  <testcase name="verifyAPI" time="0.018" classname="com.ca.tds.main.TDSFlowTest">
    <error type="org.testng.SkipException" message="Skipping [verifyAPI] because the [verifyApiRequired] assumption(s) do not hold.">
      <![CDATA[org.testng.SkipException: Skipping [verifyAPI] because the [verifyApiRequired] assumption(s) do not hold.
	at nl.javadude.assumeng.AssumptionListener.beforeInvocation(AssumptionListener.java:43)
	at org.testng.internal.invokers.InvokedMethodListenerInvoker$InvokeBeforeInvocationWithoutContextStrategy.callMethod(InvokedMethodListenerInvoker.java:84)
	at org.testng.internal.invokers.InvokedMethodListenerInvoker.invokeListener(InvokedMethodListenerInvoker.java:62)
	at org.testng.internal.Invoker.runInvokedMethodListeners(Invoker.java:552)
	at org.testng.internal.Invoker.invokeMethod(Invoker.java:617)
	at org.testng.internal.Invoker.invokeTestMethod(Invoker.java:821)
	at org.testng.internal.Invoker.invokeTestMethods(Invoker.java:1131)
	at org.testng.internal.TestMethodWorker.invokeTestMethods(TestMethodWorker.java:124)
	at org.testng.internal.TestMethodWorker.run(TestMethodWorker.java:108)
	at java.util.concurrent.ThreadPoolExecutor.runWorker(ThreadPoolExecutor.java:1149)
	at java.util.concurrent.ThreadPoolExecutor$Worker.run(ThreadPoolExecutor.java:624)
	at java.lang.Thread.run(Thread.java:748)
]]>
    </error>
  </testcase> <!-- verifyAPI -->
  <testcase name="verifyAPI" time="0.033" classname="com.ca.tds.main.TDSFlowTest">
    <error type="org.testng.SkipException" message="Skipping [verifyAPI] because the [verifyApiRequired] assumption(s) do not hold.">
      <![CDATA[org.testng.SkipException: Skipping [verifyAPI] because the [verifyApiRequired] assumption(s) do not hold.
	at nl.javadude.assumeng.AssumptionListener.beforeInvocation(AssumptionListener.java:43)
	at org.testng.internal.invokers.InvokedMethodListenerInvoker$InvokeBeforeInvocationWithoutContextStrategy.callMethod(InvokedMethodListenerInvoker.java:84)
	at org.testng.internal.invokers.InvokedMethodListenerInvoker.invokeListener(InvokedMethodListenerInvoker.java:62)
	at org.testng.internal.Invoker.runInvokedMethodListeners(Invoker.java:552)
	at org.testng.internal.Invoker.invokeMethod(Invoker.java:617)
	at org.testng.internal.Invoker.invokeTestMethod(Invoker.java:821)
	at org.testng.internal.Invoker.invokeTestMethods(Invoker.java:1131)
	at org.testng.internal.TestMethodWorker.invokeTestMethods(TestMethodWorker.java:124)
	at org.testng.internal.TestMethodWorker.run(TestMethodWorker.java:108)
	at java.util.concurrent.ThreadPoolExecutor.runWorker(ThreadPoolExecutor.java:1149)
	at java.util.concurrent.ThreadPoolExecutor$Worker.run(ThreadPoolExecutor.java:624)
	at java.lang.Thread.run(Thread.java:748)
]]>
    </error>
  </testcase> <!-- verifyAPI -->
  <testcase name="brwPreAreq" time="0.577" classname="com.ca.tds.main.TDSFlowTest">
    <failure type="java.lang.AssertionError" message="ARes response json schema validation failed.&lt;br&gt;expected minLength: 17, actual: 4&lt;br&gt; api response : {&quot;acsTransID&quot;:&quot;b5b60906-50e6-488c-9da5-80a29429609c&quot;,&quot;dsName&quot;:&quot;mastercard&quot;,&quot;eci&quot;:&quot;07&quot;,&quot;callerTxnRefID&quot;:&quot;341b7153-da86-4543-860f-2ba47f0168a5&quot;,&quot;dsReferenceNumber&quot;:&quot;CADS&quot;,&quot;acsReferenceNumber&quot;:&quot;ABCDEF987654321&quot;,&quot;messageType&quot;:&quot;ARes&quot;,&quot;dsTransID&quot;:&quot;802faff2-dc22-4398-81db-88d990da364f&quot;,&quot;transStatusReason&quot;:&quot;09&quot;,&quot;acsOperatorID&quot;:&quot;ACS_OPERATOR_ID&quot;,&quot;messageVersion&quot;:&quot;2.1.0&quot;,&quot;transStatus&quot;:&quot;R&quot;,&quot;threeDSServerTransID&quot;:&quot;8de646d0-591f-43b1-8d78-454998474d1f&quot;}">
      <![CDATA[java.lang.AssertionError: ARes response json schema validation failed.<br>expected minLength: 17, actual: 4<br> api response : {"acsTransID":"b5b60906-50e6-488c-9da5-80a29429609c","dsName":"mastercard","eci":"07","callerTxnRefID":"341b7153-da86-4543-860f-2ba47f0168a5","dsReferenceNumber":"CADS","acsReferenceNumber":"ABCDEF987654321","messageType":"ARes","dsTransID":"802faff2-dc22-4398-81db-88d990da364f","transStatusReason":"09","acsOperatorID":"ACS_OPERATOR_ID","messageVersion":"2.1.0","transStatus":"R","threeDSServerTransID":"8de646d0-591f-43b1-8d78-454998474d1f"}
	at org.testng.Assert.fail(Assert.java:94)
	at com.ca.tds.main.TDSFlowTest.brwPreAreq(TDSFlowTest.java:176)
	at sun.reflect.GeneratedMethodAccessor36.invoke(Unknown Source)
	at sun.reflect.DelegatingMethodAccessorImpl.invoke(DelegatingMethodAccessorImpl.java:43)
	at java.lang.reflect.Method.invoke(Method.java:498)
	at org.testng.internal.MethodInvocationHelper.invokeMethod(MethodInvocationHelper.java:85)
	at org.testng.internal.Invoker.invokeMethod(Invoker.java:639)
	at org.testng.internal.Invoker.invokeTestMethod(Invoker.java:821)
	at org.testng.internal.Invoker.invokeTestMethods(Invoker.java:1131)
	at org.testng.internal.TestMethodWorker.invokeTestMethods(TestMethodWorker.java:124)
	at org.testng.internal.TestMethodWorker.run(TestMethodWorker.java:108)
	at java.util.concurrent.ThreadPoolExecutor.runWorker(ThreadPoolExecutor.java:1149)
	at java.util.concurrent.ThreadPoolExecutor$Worker.run(ThreadPoolExecutor.java:624)
	at java.lang.Thread.run(Thread.java:748)
]]>
    </failure>
  </testcase> <!-- brwPreAreq -->
  <testcase name="brwPreAreq" time="0.562" classname="com.ca.tds.main.TDSFlowTest">
    <failure type="java.lang.AssertionError" message="ARes response json schema validation failed.&lt;br&gt;expected minLength: 17, actual: 4&lt;br&gt; api response : {&quot;acsTransID&quot;:&quot;438cb3d0-a6f5-4179-8e12-d1867c652f2a&quot;,&quot;dsName&quot;:&quot;visa&quot;,&quot;eci&quot;:&quot;07&quot;,&quot;callerTxnRefID&quot;:&quot;341b7153-da86-4543-860f-2ba47f0168a5&quot;,&quot;dsReferenceNumber&quot;:&quot;CADS&quot;,&quot;acsReferenceNumber&quot;:&quot;ABCDEF987654321&quot;,&quot;messageType&quot;:&quot;ARes&quot;,&quot;dsTransID&quot;:&quot;81bc2839-5d2e-4fbf-9534-8c03462dea42&quot;,&quot;transStatusReason&quot;:&quot;09&quot;,&quot;acsOperatorID&quot;:&quot;ACS_OPERATOR_ID&quot;,&quot;messageVersion&quot;:&quot;2.1.0&quot;,&quot;transStatus&quot;:&quot;R&quot;,&quot;threeDSServerTransID&quot;:&quot;00ab7fdd-b7a9-44bd-9cb4-c6610e31ff92&quot;}">
      <![CDATA[java.lang.AssertionError: ARes response json schema validation failed.<br>expected minLength: 17, actual: 4<br> api response : {"acsTransID":"438cb3d0-a6f5-4179-8e12-d1867c652f2a","dsName":"visa","eci":"07","callerTxnRefID":"341b7153-da86-4543-860f-2ba47f0168a5","dsReferenceNumber":"CADS","acsReferenceNumber":"ABCDEF987654321","messageType":"ARes","dsTransID":"81bc2839-5d2e-4fbf-9534-8c03462dea42","transStatusReason":"09","acsOperatorID":"ACS_OPERATOR_ID","messageVersion":"2.1.0","transStatus":"R","threeDSServerTransID":"00ab7fdd-b7a9-44bd-9cb4-c6610e31ff92"}
	at org.testng.Assert.fail(Assert.java:94)
	at com.ca.tds.main.TDSFlowTest.brwPreAreq(TDSFlowTest.java:176)
	at sun.reflect.GeneratedMethodAccessor36.invoke(Unknown Source)
	at sun.reflect.DelegatingMethodAccessorImpl.invoke(DelegatingMethodAccessorImpl.java:43)
	at java.lang.reflect.Method.invoke(Method.java:498)
	at org.testng.internal.MethodInvocationHelper.invokeMethod(MethodInvocationHelper.java:85)
	at org.testng.internal.Invoker.invokeMethod(Invoker.java:639)
	at org.testng.internal.Invoker.invokeTestMethod(Invoker.java:821)
	at org.testng.internal.Invoker.invokeTestMethods(Invoker.java:1131)
	at org.testng.internal.TestMethodWorker.invokeTestMethods(TestMethodWorker.java:124)
	at org.testng.internal.TestMethodWorker.run(TestMethodWorker.java:108)
	at java.util.concurrent.ThreadPoolExecutor.runWorker(ThreadPoolExecutor.java:1149)
	at java.util.concurrent.ThreadPoolExecutor$Worker.run(ThreadPoolExecutor.java:624)
	at java.lang.Thread.run(Thread.java:748)
]]>
    </failure>
  </testcase> <!-- brwPreAreq -->
  <testcase name="verifyAPI" time="0.017" classname="com.ca.tds.main.TDSFlowTest">
    <error type="org.testng.SkipException" message="Skipping [verifyAPI] because the [verifyApiRequired] assumption(s) do not hold.">
      <![CDATA[org.testng.SkipException: Skipping [verifyAPI] because the [verifyApiRequired] assumption(s) do not hold.
	at nl.javadude.assumeng.AssumptionListener.beforeInvocation(AssumptionListener.java:43)
	at org.testng.internal.invokers.InvokedMethodListenerInvoker$InvokeBeforeInvocationWithoutContextStrategy.callMethod(InvokedMethodListenerInvoker.java:84)
	at org.testng.internal.invokers.InvokedMethodListenerInvoker.invokeListener(InvokedMethodListenerInvoker.java:62)
	at org.testng.internal.Invoker.runInvokedMethodListeners(Invoker.java:552)
	at org.testng.internal.Invoker.invokeMethod(Invoker.java:617)
	at org.testng.internal.Invoker.invokeTestMethod(Invoker.java:821)
	at org.testng.internal.Invoker.invokeTestMethods(Invoker.java:1131)
	at org.testng.internal.TestMethodWorker.invokeTestMethods(TestMethodWorker.java:124)
	at org.testng.internal.TestMethodWorker.run(TestMethodWorker.java:108)
	at java.util.concurrent.ThreadPoolExecutor.runWorker(ThreadPoolExecutor.java:1149)
	at java.util.concurrent.ThreadPoolExecutor$Worker.run(ThreadPoolExecutor.java:624)
	at java.lang.Thread.run(Thread.java:748)
]]>
    </error>
  </testcase> <!-- verifyAPI -->
  <testcase name="brwTDSMethodTest" time="0.494" classname="com.ca.tds.main.TDSFlowTest"/>
  <testcase name="brwTDSMethodTest" time="0.493" classname="com.ca.tds.main.TDSFlowTest"/>
  <testcase name="brwPreAreq" time="0.553" classname="com.ca.tds.main.TDSFlowTest">
    <failure type="java.lang.AssertionError" message="ARes response json schema validation failed.&lt;br&gt;expected minLength: 17, actual: 4&lt;br&gt; api response : {&quot;acsTransID&quot;:&quot;ef408ff3-8fb3-483d-bca4-818163c22175&quot;,&quot;dsName&quot;:&quot;visa&quot;,&quot;eci&quot;:&quot;07&quot;,&quot;callerTxnRefID&quot;:&quot;341b7153-da86-4543-860f-2ba47f0168a5&quot;,&quot;dsReferenceNumber&quot;:&quot;CADS&quot;,&quot;acsReferenceNumber&quot;:&quot;ABCDEF987654321&quot;,&quot;messageType&quot;:&quot;ARes&quot;,&quot;dsTransID&quot;:&quot;bdd5cc4f-c271-4519-aca9-2b44e914e1a7&quot;,&quot;transStatusReason&quot;:&quot;09&quot;,&quot;acsOperatorID&quot;:&quot;ACS_OPERATOR_ID&quot;,&quot;messageVersion&quot;:&quot;2.1.0&quot;,&quot;transStatus&quot;:&quot;R&quot;,&quot;threeDSServerTransID&quot;:&quot;73ab5e0e-4b74-4e66-ab41-53a723540961&quot;}">
      <![CDATA[java.lang.AssertionError: ARes response json schema validation failed.<br>expected minLength: 17, actual: 4<br> api response : {"acsTransID":"ef408ff3-8fb3-483d-bca4-818163c22175","dsName":"visa","eci":"07","callerTxnRefID":"341b7153-da86-4543-860f-2ba47f0168a5","dsReferenceNumber":"CADS","acsReferenceNumber":"ABCDEF987654321","messageType":"ARes","dsTransID":"bdd5cc4f-c271-4519-aca9-2b44e914e1a7","transStatusReason":"09","acsOperatorID":"ACS_OPERATOR_ID","messageVersion":"2.1.0","transStatus":"R","threeDSServerTransID":"73ab5e0e-4b74-4e66-ab41-53a723540961"}
	at org.testng.Assert.fail(Assert.java:94)
	at com.ca.tds.main.TDSFlowTest.brwPreAreq(TDSFlowTest.java:176)
	at sun.reflect.GeneratedMethodAccessor36.invoke(Unknown Source)
	at sun.reflect.DelegatingMethodAccessorImpl.invoke(DelegatingMethodAccessorImpl.java:43)
	at java.lang.reflect.Method.invoke(Method.java:498)
	at org.testng.internal.MethodInvocationHelper.invokeMethod(MethodInvocationHelper.java:85)
	at org.testng.internal.Invoker.invokeMethod(Invoker.java:639)
	at org.testng.internal.Invoker.invokeTestMethod(Invoker.java:821)
	at org.testng.internal.Invoker.invokeTestMethods(Invoker.java:1131)
	at org.testng.internal.TestMethodWorker.invokeTestMethods(TestMethodWorker.java:124)
	at org.testng.internal.TestMethodWorker.run(TestMethodWorker.java:108)
	at java.util.concurrent.ThreadPoolExecutor.runWorker(ThreadPoolExecutor.java:1149)
	at java.util.concurrent.ThreadPoolExecutor$Worker.run(ThreadPoolExecutor.java:624)
	at java.lang.Thread.run(Thread.java:748)
]]>
    </failure>
  </testcase> <!-- brwPreAreq -->
  <testcase name="rReqTest" time="0.022" classname="com.ca.tds.main.TDSFlowTest">
    <error type="org.testng.SkipException" message="Skipping [rReqTest] because the [rReqRequired] assumption(s) do not hold.">
      <![CDATA[org.testng.SkipException: Skipping [rReqTest] because the [rReqRequired] assumption(s) do not hold.
	at nl.javadude.assumeng.AssumptionListener.beforeInvocation(AssumptionListener.java:43)
	at org.testng.internal.invokers.InvokedMethodListenerInvoker$InvokeBeforeInvocationWithoutContextStrategy.callMethod(InvokedMethodListenerInvoker.java:84)
	at org.testng.internal.invokers.InvokedMethodListenerInvoker.invokeListener(InvokedMethodListenerInvoker.java:62)
	at org.testng.internal.Invoker.runInvokedMethodListeners(Invoker.java:552)
	at org.testng.internal.Invoker.invokeMethod(Invoker.java:617)
	at org.testng.internal.Invoker.invokeTestMethod(Invoker.java:821)
	at org.testng.internal.Invoker.invokeTestMethods(Invoker.java:1131)
	at org.testng.internal.TestMethodWorker.invokeTestMethods(TestMethodWorker.java:124)
	at org.testng.internal.TestMethodWorker.run(TestMethodWorker.java:108)
	at java.util.concurrent.ThreadPoolExecutor.runWorker(ThreadPoolExecutor.java:1149)
	at java.util.concurrent.ThreadPoolExecutor$Worker.run(ThreadPoolExecutor.java:624)
	at java.lang.Thread.run(Thread.java:748)
]]>
    </error>
  </testcase> <!-- rReqTest -->
  <testcase name="rReqTest" time="0.017" classname="com.ca.tds.main.TDSFlowTest">
    <error type="org.testng.SkipException" message="Skipping [rReqTest] because the [rReqRequired] assumption(s) do not hold.">
      <![CDATA[org.testng.SkipException: Skipping [rReqTest] because the [rReqRequired] assumption(s) do not hold.
	at nl.javadude.assumeng.AssumptionListener.beforeInvocation(AssumptionListener.java:43)
	at org.testng.internal.invokers.InvokedMethodListenerInvoker$InvokeBeforeInvocationWithoutContextStrategy.callMethod(InvokedMethodListenerInvoker.java:84)
	at org.testng.internal.invokers.InvokedMethodListenerInvoker.invokeListener(InvokedMethodListenerInvoker.java:62)
	at org.testng.internal.Invoker.runInvokedMethodListeners(Invoker.java:552)
	at org.testng.internal.Invoker.invokeMethod(Invoker.java:617)
	at org.testng.internal.Invoker.invokeTestMethod(Invoker.java:821)
	at org.testng.internal.Invoker.invokeTestMethods(Invoker.java:1131)
	at org.testng.internal.TestMethodWorker.invokeTestMethods(TestMethodWorker.java:124)
	at org.testng.internal.TestMethodWorker.run(TestMethodWorker.java:108)
	at java.util.concurrent.ThreadPoolExecutor.runWorker(ThreadPoolExecutor.java:1149)
	at java.util.concurrent.ThreadPoolExecutor$Worker.run(ThreadPoolExecutor.java:624)
	at java.lang.Thread.run(Thread.java:748)
]]>
    </error>
  </testcase> <!-- rReqTest -->
  <testcase name="brwPreAreq" time="0.530" classname="com.ca.tds.main.TDSFlowTest">
    <failure type="java.lang.AssertionError" message="ARes response json schema validation failed.&lt;br&gt;expected minLength: 17, actual: 4&lt;br&gt; api response : {&quot;acsTransID&quot;:&quot;4042dc17-427e-4524-855b-744738105ed9&quot;,&quot;dsName&quot;:&quot;amex&quot;,&quot;eci&quot;:&quot;07&quot;,&quot;callerTxnRefID&quot;:&quot;341b7153-da86-4543-860f-2ba47f0168a5&quot;,&quot;dsReferenceNumber&quot;:&quot;CADS&quot;,&quot;acsReferenceNumber&quot;:&quot;ABCDEF987654321&quot;,&quot;XID&quot;:&quot;02010000bb1d352509d0476b8e931954548637f6&quot;,&quot;messageType&quot;:&quot;ARes&quot;,&quot;dsTransID&quot;:&quot;bb1d3525-09d0-476b-8e93-1954548637f6&quot;,&quot;transStatusReason&quot;:&quot;09&quot;,&quot;acsOperatorID&quot;:&quot;ACS_OPERATOR_ID&quot;,&quot;messageVersion&quot;:&quot;2.1.0&quot;,&quot;transStatus&quot;:&quot;R&quot;,&quot;threeDSServerTransID&quot;:&quot;5a907cd2-4c37-4a9a-a3a3-67bc7d69e5a7&quot;}">
      <![CDATA[java.lang.AssertionError: ARes response json schema validation failed.<br>expected minLength: 17, actual: 4<br> api response : {"acsTransID":"4042dc17-427e-4524-855b-744738105ed9","dsName":"amex","eci":"07","callerTxnRefID":"341b7153-da86-4543-860f-2ba47f0168a5","dsReferenceNumber":"CADS","acsReferenceNumber":"ABCDEF987654321","XID":"02010000bb1d352509d0476b8e931954548637f6","messageType":"ARes","dsTransID":"bb1d3525-09d0-476b-8e93-1954548637f6","transStatusReason":"09","acsOperatorID":"ACS_OPERATOR_ID","messageVersion":"2.1.0","transStatus":"R","threeDSServerTransID":"5a907cd2-4c37-4a9a-a3a3-67bc7d69e5a7"}
	at org.testng.Assert.fail(Assert.java:94)
	at com.ca.tds.main.TDSFlowTest.brwPreAreq(TDSFlowTest.java:176)
	at sun.reflect.NativeMethodAccessorImpl.invoke0(Native Method)
	at sun.reflect.NativeMethodAccessorImpl.invoke(NativeMethodAccessorImpl.java:62)
	at sun.reflect.DelegatingMethodAccessorImpl.invoke(DelegatingMethodAccessorImpl.java:43)
	at java.lang.reflect.Method.invoke(Method.java:498)
	at org.testng.internal.MethodInvocationHelper.invokeMethod(MethodInvocationHelper.java:85)
	at org.testng.internal.Invoker.invokeMethod(Invoker.java:639)
	at org.testng.internal.Invoker.invokeTestMethod(Invoker.java:821)
	at org.testng.internal.Invoker.invokeTestMethods(Invoker.java:1131)
	at org.testng.internal.TestMethodWorker.invokeTestMethods(TestMethodWorker.java:124)
	at org.testng.internal.TestMethodWorker.run(TestMethodWorker.java:108)
	at java.util.concurrent.ThreadPoolExecutor.runWorker(ThreadPoolExecutor.java:1149)
	at java.util.concurrent.ThreadPoolExecutor$Worker.run(ThreadPoolExecutor.java:624)
	at java.lang.Thread.run(Thread.java:748)
]]>
    </failure>
  </testcase> <!-- brwPreAreq -->
  <testcase name="brwTDSMethodTest" time="0.512" classname="com.ca.tds.main.TDSFlowTest"/>
  <testcase name="brwTDSMethodTest" time="0.514" classname="com.ca.tds.main.TDSFlowTest"/>
  <testcase name="rReqTest" time="0.032" classname="com.ca.tds.main.TDSFlowTest">
    <error type="org.testng.SkipException" message="Skipping [rReqTest] because the [rReqRequired] assumption(s) do not hold.">
      <![CDATA[org.testng.SkipException: Skipping [rReqTest] because the [rReqRequired] assumption(s) do not hold.
	at nl.javadude.assumeng.AssumptionListener.beforeInvocation(AssumptionListener.java:43)
	at org.testng.internal.invokers.InvokedMethodListenerInvoker$InvokeBeforeInvocationWithoutContextStrategy.callMethod(InvokedMethodListenerInvoker.java:84)
	at org.testng.internal.invokers.InvokedMethodListenerInvoker.invokeListener(InvokedMethodListenerInvoker.java:62)
	at org.testng.internal.Invoker.runInvokedMethodListeners(Invoker.java:552)
	at org.testng.internal.Invoker.invokeMethod(Invoker.java:617)
	at org.testng.internal.Invoker.invokeTestMethod(Invoker.java:821)
	at org.testng.internal.Invoker.invokeTestMethods(Invoker.java:1131)
	at org.testng.internal.TestMethodWorker.invokeTestMethods(TestMethodWorker.java:124)
	at org.testng.internal.TestMethodWorker.run(TestMethodWorker.java:108)
	at java.util.concurrent.ThreadPoolExecutor.runWorker(ThreadPoolExecutor.java:1149)
	at java.util.concurrent.ThreadPoolExecutor$Worker.run(ThreadPoolExecutor.java:624)
	at java.lang.Thread.run(Thread.java:748)
]]>
    </error>
  </testcase> <!-- rReqTest -->
  <testcase name="verifyAPI" time="0.018" classname="com.ca.tds.main.TDSFlowTest">
    <error type="org.testng.SkipException" message="Skipping [verifyAPI] because the [verifyApiRequired] assumption(s) do not hold.">
      <![CDATA[org.testng.SkipException: Skipping [verifyAPI] because the [verifyApiRequired] assumption(s) do not hold.
	at nl.javadude.assumeng.AssumptionListener.beforeInvocation(AssumptionListener.java:43)
	at org.testng.internal.invokers.InvokedMethodListenerInvoker$InvokeBeforeInvocationWithoutContextStrategy.callMethod(InvokedMethodListenerInvoker.java:84)
	at org.testng.internal.invokers.InvokedMethodListenerInvoker.invokeListener(InvokedMethodListenerInvoker.java:62)
	at org.testng.internal.Invoker.runInvokedMethodListeners(Invoker.java:552)
	at org.testng.internal.Invoker.invokeMethod(Invoker.java:617)
	at org.testng.internal.Invoker.invokeTestMethod(Invoker.java:821)
	at org.testng.internal.Invoker.invokeTestMethods(Invoker.java:1131)
	at org.testng.internal.TestMethodWorker.invokeTestMethods(TestMethodWorker.java:124)
	at org.testng.internal.TestMethodWorker.run(TestMethodWorker.java:108)
	at java.util.concurrent.ThreadPoolExecutor.runWorker(ThreadPoolExecutor.java:1149)
	at java.util.concurrent.ThreadPoolExecutor$Worker.run(ThreadPoolExecutor.java:624)
	at java.lang.Thread.run(Thread.java:748)
]]>
    </error>
  </testcase> <!-- verifyAPI -->
  <testcase name="brwTDSMethodTest" time="0.500" classname="com.ca.tds.main.TDSFlowTest"/>
  <testcase name="rReqTest" time="0.020" classname="com.ca.tds.main.TDSFlowTest">
    <error type="org.testng.SkipException" message="Skipping [rReqTest] because the [rReqRequired] assumption(s) do not hold.">
      <![CDATA[org.testng.SkipException: Skipping [rReqTest] because the [rReqRequired] assumption(s) do not hold.
	at nl.javadude.assumeng.AssumptionListener.beforeInvocation(AssumptionListener.java:43)
	at org.testng.internal.invokers.InvokedMethodListenerInvoker$InvokeBeforeInvocationWithoutContextStrategy.callMethod(InvokedMethodListenerInvoker.java:84)
	at org.testng.internal.invokers.InvokedMethodListenerInvoker.invokeListener(InvokedMethodListenerInvoker.java:62)
	at org.testng.internal.Invoker.runInvokedMethodListeners(Invoker.java:552)
	at org.testng.internal.Invoker.invokeMethod(Invoker.java:617)
	at org.testng.internal.Invoker.invokeTestMethod(Invoker.java:821)
	at org.testng.internal.Invoker.invokeTestMethods(Invoker.java:1131)
	at org.testng.internal.TestMethodWorker.invokeTestMethods(TestMethodWorker.java:124)
	at org.testng.internal.TestMethodWorker.run(TestMethodWorker.java:108)
	at java.util.concurrent.ThreadPoolExecutor.runWorker(ThreadPoolExecutor.java:1149)
	at java.util.concurrent.ThreadPoolExecutor$Worker.run(ThreadPoolExecutor.java:624)
	at java.lang.Thread.run(Thread.java:748)
]]>
    </error>
  </testcase> <!-- rReqTest -->
  <testcase name="brwPreAreq" time="0.546" classname="com.ca.tds.main.TDSFlowTest">
    <failure type="java.lang.AssertionError" message="ARes response json schema validation failed.&lt;br&gt;expected minLength: 17, actual: 4&lt;br&gt; api response : {&quot;acsTransID&quot;:&quot;b83e0132-1b3f-4701-a72a-31f95908d2a2&quot;,&quot;dsName&quot;:&quot;amex&quot;,&quot;eci&quot;:&quot;07&quot;,&quot;callerTxnRefID&quot;:&quot;341b7153-da86-4543-860f-2ba47f0168a5&quot;,&quot;dsReferenceNumber&quot;:&quot;CADS&quot;,&quot;acsReferenceNumber&quot;:&quot;ABCDEF987654321&quot;,&quot;XID&quot;:&quot;02010000d7a6cd77b4af4031922765683aa77302&quot;,&quot;messageType&quot;:&quot;ARes&quot;,&quot;dsTransID&quot;:&quot;d7a6cd77-b4af-4031-9227-65683aa77302&quot;,&quot;transStatusReason&quot;:&quot;09&quot;,&quot;acsOperatorID&quot;:&quot;ACS_OPERATOR_ID&quot;,&quot;messageVersion&quot;:&quot;2.1.0&quot;,&quot;transStatus&quot;:&quot;R&quot;,&quot;threeDSServerTransID&quot;:&quot;cde9e5c8-81f4-4007-b7a2-7e5a050940a3&quot;}">
      <![CDATA[java.lang.AssertionError: ARes response json schema validation failed.<br>expected minLength: 17, actual: 4<br> api response : {"acsTransID":"b83e0132-1b3f-4701-a72a-31f95908d2a2","dsName":"amex","eci":"07","callerTxnRefID":"341b7153-da86-4543-860f-2ba47f0168a5","dsReferenceNumber":"CADS","acsReferenceNumber":"ABCDEF987654321","XID":"02010000d7a6cd77b4af4031922765683aa77302","messageType":"ARes","dsTransID":"d7a6cd77-b4af-4031-9227-65683aa77302","transStatusReason":"09","acsOperatorID":"ACS_OPERATOR_ID","messageVersion":"2.1.0","transStatus":"R","threeDSServerTransID":"cde9e5c8-81f4-4007-b7a2-7e5a050940a3"}
	at org.testng.Assert.fail(Assert.java:94)
	at com.ca.tds.main.TDSFlowTest.brwPreAreq(TDSFlowTest.java:176)
	at sun.reflect.GeneratedMethodAccessor36.invoke(Unknown Source)
	at sun.reflect.DelegatingMethodAccessorImpl.invoke(DelegatingMethodAccessorImpl.java:43)
	at java.lang.reflect.Method.invoke(Method.java:498)
	at org.testng.internal.MethodInvocationHelper.invokeMethod(MethodInvocationHelper.java:85)
	at org.testng.internal.Invoker.invokeMethod(Invoker.java:639)
	at org.testng.internal.Invoker.invokeTestMethod(Invoker.java:821)
	at org.testng.internal.Invoker.invokeTestMethods(Invoker.java:1131)
	at org.testng.internal.TestMethodWorker.invokeTestMethods(TestMethodWorker.java:124)
	at org.testng.internal.TestMethodWorker.run(TestMethodWorker.java:108)
	at java.util.concurrent.ThreadPoolExecutor.runWorker(ThreadPoolExecutor.java:1149)
	at java.util.concurrent.ThreadPoolExecutor$Worker.run(ThreadPoolExecutor.java:624)
	at java.lang.Thread.run(Thread.java:748)
]]>
    </failure>
  </testcase> <!-- brwPreAreq -->
  <testcase name="rReqTest" time="0.017" classname="com.ca.tds.main.TDSFlowTest">
    <error type="org.testng.SkipException" message="Skipping [rReqTest] because the [rReqRequired] assumption(s) do not hold.">
      <![CDATA[org.testng.SkipException: Skipping [rReqTest] because the [rReqRequired] assumption(s) do not hold.
	at nl.javadude.assumeng.AssumptionListener.beforeInvocation(AssumptionListener.java:43)
	at org.testng.internal.invokers.InvokedMethodListenerInvoker$InvokeBeforeInvocationWithoutContextStrategy.callMethod(InvokedMethodListenerInvoker.java:84)
	at org.testng.internal.invokers.InvokedMethodListenerInvoker.invokeListener(InvokedMethodListenerInvoker.java:62)
	at org.testng.internal.Invoker.runInvokedMethodListeners(Invoker.java:552)
	at org.testng.internal.Invoker.invokeMethod(Invoker.java:617)
	at org.testng.internal.Invoker.invokeTestMethod(Invoker.java:821)
	at org.testng.internal.Invoker.invokeTestMethods(Invoker.java:1131)
	at org.testng.internal.TestMethodWorker.invokeTestMethods(TestMethodWorker.java:124)
	at org.testng.internal.TestMethodWorker.run(TestMethodWorker.java:108)
	at java.util.concurrent.ThreadPoolExecutor.runWorker(ThreadPoolExecutor.java:1149)
	at java.util.concurrent.ThreadPoolExecutor$Worker.run(ThreadPoolExecutor.java:624)
	at java.lang.Thread.run(Thread.java:748)
]]>
    </error>
  </testcase> <!-- rReqTest -->
  <testcase name="brwPreAreq" time="0.544" classname="com.ca.tds.main.TDSFlowTest">
    <failure type="java.lang.AssertionError" message="ARes response json schema validation failed.&lt;br&gt;expected minLength: 17, actual: 4&lt;br&gt; api response : {&quot;acsTransID&quot;:&quot;bb07102e-6d18-4bf4-8ff7-d4a774ead6d5&quot;,&quot;dsName&quot;:&quot;amex&quot;,&quot;eci&quot;:&quot;07&quot;,&quot;callerTxnRefID&quot;:&quot;341b7153-da86-4543-860f-2ba47f0168a5&quot;,&quot;dsReferenceNumber&quot;:&quot;CADS&quot;,&quot;acsReferenceNumber&quot;:&quot;ABCDEF987654321&quot;,&quot;XID&quot;:&quot;0201000058b80f0a1941428aa96b8ab44012fcd6&quot;,&quot;messageType&quot;:&quot;ARes&quot;,&quot;dsTransID&quot;:&quot;58b80f0a-1941-428a-a96b-8ab44012fcd6&quot;,&quot;transStatusReason&quot;:&quot;09&quot;,&quot;acsOperatorID&quot;:&quot;ACS_OPERATOR_ID&quot;,&quot;messageVersion&quot;:&quot;2.1.0&quot;,&quot;transStatus&quot;:&quot;R&quot;,&quot;threeDSServerTransID&quot;:&quot;23aaecc6-7291-47cc-9f73-f43aeb70689f&quot;}">
      <![CDATA[java.lang.AssertionError: ARes response json schema validation failed.<br>expected minLength: 17, actual: 4<br> api response : {"acsTransID":"bb07102e-6d18-4bf4-8ff7-d4a774ead6d5","dsName":"amex","eci":"07","callerTxnRefID":"341b7153-da86-4543-860f-2ba47f0168a5","dsReferenceNumber":"CADS","acsReferenceNumber":"ABCDEF987654321","XID":"0201000058b80f0a1941428aa96b8ab44012fcd6","messageType":"ARes","dsTransID":"58b80f0a-1941-428a-a96b-8ab44012fcd6","transStatusReason":"09","acsOperatorID":"ACS_OPERATOR_ID","messageVersion":"2.1.0","transStatus":"R","threeDSServerTransID":"23aaecc6-7291-47cc-9f73-f43aeb70689f"}
	at org.testng.Assert.fail(Assert.java:94)
	at com.ca.tds.main.TDSFlowTest.brwPreAreq(TDSFlowTest.java:176)
	at sun.reflect.NativeMethodAccessorImpl.invoke0(Native Method)
	at sun.reflect.NativeMethodAccessorImpl.invoke(NativeMethodAccessorImpl.java:62)
	at sun.reflect.DelegatingMethodAccessorImpl.invoke(DelegatingMethodAccessorImpl.java:43)
	at java.lang.reflect.Method.invoke(Method.java:498)
	at org.testng.internal.MethodInvocationHelper.invokeMethod(MethodInvocationHelper.java:85)
	at org.testng.internal.Invoker.invokeMethod(Invoker.java:639)
	at org.testng.internal.Invoker.invokeTestMethod(Invoker.java:821)
	at org.testng.internal.Invoker.invokeTestMethods(Invoker.java:1131)
	at org.testng.internal.TestMethodWorker.invokeTestMethods(TestMethodWorker.java:124)
	at org.testng.internal.TestMethodWorker.run(TestMethodWorker.java:108)
	at java.util.concurrent.ThreadPoolExecutor.runWorker(ThreadPoolExecutor.java:1149)
	at java.util.concurrent.ThreadPoolExecutor$Worker.run(ThreadPoolExecutor.java:624)
	at java.lang.Thread.run(Thread.java:748)
]]>
    </failure>
  </testcase> <!-- brwPreAreq -->
  <testcase name="brwTDSMethodTest" time="0.506" classname="com.ca.tds.main.TDSFlowTest"/>
  <testcase name="brwTDSMethodTest" time="0.506" classname="com.ca.tds.main.TDSFlowTest"/>
  <testcase name="brwPreAreq" time="0.537" classname="com.ca.tds.main.TDSFlowTest">
    <failure type="java.lang.AssertionError" message="ARes response json schema validation failed.&lt;br&gt;expected minLength: 17, actual: 4&lt;br&gt; api response : {&quot;acsTransID&quot;:&quot;ab671b56-0a36-4e28-9e52-f840ce7d159c&quot;,&quot;dsName&quot;:&quot;amex&quot;,&quot;eci&quot;:&quot;07&quot;,&quot;callerTxnRefID&quot;:&quot;341b7153-da86-4543-860f-2ba47f0168a5&quot;,&quot;dsReferenceNumber&quot;:&quot;CADS&quot;,&quot;acsReferenceNumber&quot;:&quot;ABCDEF987654321&quot;,&quot;XID&quot;:&quot;020100000e14ce406e604887ba03cefa7d09bc11&quot;,&quot;messageType&quot;:&quot;ARes&quot;,&quot;dsTransID&quot;:&quot;0e14ce40-6e60-4887-ba03-cefa7d09bc11&quot;,&quot;transStatusReason&quot;:&quot;09&quot;,&quot;acsOperatorID&quot;:&quot;ACS_OPERATOR_ID&quot;,&quot;messageVersion&quot;:&quot;2.1.0&quot;,&quot;transStatus&quot;:&quot;R&quot;,&quot;threeDSServerTransID&quot;:&quot;e0ecce11-9d75-424b-bb19-97e4d9e4cb5a&quot;}">
      <![CDATA[java.lang.AssertionError: ARes response json schema validation failed.<br>expected minLength: 17, actual: 4<br> api response : {"acsTransID":"ab671b56-0a36-4e28-9e52-f840ce7d159c","dsName":"amex","eci":"07","callerTxnRefID":"341b7153-da86-4543-860f-2ba47f0168a5","dsReferenceNumber":"CADS","acsReferenceNumber":"ABCDEF987654321","XID":"020100000e14ce406e604887ba03cefa7d09bc11","messageType":"ARes","dsTransID":"0e14ce40-6e60-4887-ba03-cefa7d09bc11","transStatusReason":"09","acsOperatorID":"ACS_OPERATOR_ID","messageVersion":"2.1.0","transStatus":"R","threeDSServerTransID":"e0ecce11-9d75-424b-bb19-97e4d9e4cb5a"}
	at org.testng.Assert.fail(Assert.java:94)
	at com.ca.tds.main.TDSFlowTest.brwPreAreq(TDSFlowTest.java:176)
	at sun.reflect.GeneratedMethodAccessor36.invoke(Unknown Source)
	at sun.reflect.DelegatingMethodAccessorImpl.invoke(DelegatingMethodAccessorImpl.java:43)
	at java.lang.reflect.Method.invoke(Method.java:498)
	at org.testng.internal.MethodInvocationHelper.invokeMethod(MethodInvocationHelper.java:85)
	at org.testng.internal.Invoker.invokeMethod(Invoker.java:639)
	at org.testng.internal.Invoker.invokeTestMethod(Invoker.java:821)
	at org.testng.internal.Invoker.invokeTestMethods(Invoker.java:1131)
	at org.testng.internal.TestMethodWorker.invokeTestMethods(TestMethodWorker.java:124)
	at org.testng.internal.TestMethodWorker.run(TestMethodWorker.java:108)
	at java.util.concurrent.ThreadPoolExecutor.runWorker(ThreadPoolExecutor.java:1149)
	at java.util.concurrent.ThreadPoolExecutor$Worker.run(ThreadPoolExecutor.java:624)
	at java.lang.Thread.run(Thread.java:748)
]]>
    </failure>
  </testcase> <!-- brwPreAreq -->
  <testcase name="brwPreAreq" time="0.555" classname="com.ca.tds.main.TDSFlowTest">
    <failure type="java.lang.AssertionError" message="ARes response json schema validation failed.&lt;br&gt;expected minLength: 17, actual: 4&lt;br&gt; api response : {&quot;acsTransID&quot;:&quot;e36c0b53-7e34-423a-98c6-1dc265c0ff64&quot;,&quot;dsName&quot;:&quot;mastercard&quot;,&quot;eci&quot;:&quot;07&quot;,&quot;callerTxnRefID&quot;:&quot;341b7153-da86-4543-860f-2ba47f0168a5&quot;,&quot;dsReferenceNumber&quot;:&quot;CADS&quot;,&quot;acsReferenceNumber&quot;:&quot;ABCDEF987654321&quot;,&quot;messageType&quot;:&quot;ARes&quot;,&quot;dsTransID&quot;:&quot;8b4b1fe7-fd90-4ce0-82ca-7fb8b4a6a33d&quot;,&quot;transStatusReason&quot;:&quot;09&quot;,&quot;acsOperatorID&quot;:&quot;ACS_OPERATOR_ID&quot;,&quot;messageVersion&quot;:&quot;2.1.0&quot;,&quot;transStatus&quot;:&quot;R&quot;,&quot;threeDSServerTransID&quot;:&quot;754025a1-7699-4cbe-99ad-6fa8c5ec29ae&quot;}">
      <![CDATA[java.lang.AssertionError: ARes response json schema validation failed.<br>expected minLength: 17, actual: 4<br> api response : {"acsTransID":"e36c0b53-7e34-423a-98c6-1dc265c0ff64","dsName":"mastercard","eci":"07","callerTxnRefID":"341b7153-da86-4543-860f-2ba47f0168a5","dsReferenceNumber":"CADS","acsReferenceNumber":"ABCDEF987654321","messageType":"ARes","dsTransID":"8b4b1fe7-fd90-4ce0-82ca-7fb8b4a6a33d","transStatusReason":"09","acsOperatorID":"ACS_OPERATOR_ID","messageVersion":"2.1.0","transStatus":"R","threeDSServerTransID":"754025a1-7699-4cbe-99ad-6fa8c5ec29ae"}
	at org.testng.Assert.fail(Assert.java:94)
	at com.ca.tds.main.TDSFlowTest.brwPreAreq(TDSFlowTest.java:176)
	at sun.reflect.GeneratedMethodAccessor36.invoke(Unknown Source)
	at sun.reflect.DelegatingMethodAccessorImpl.invoke(DelegatingMethodAccessorImpl.java:43)
	at java.lang.reflect.Method.invoke(Method.java:498)
	at org.testng.internal.MethodInvocationHelper.invokeMethod(MethodInvocationHelper.java:85)
	at org.testng.internal.Invoker.invokeMethod(Invoker.java:639)
	at org.testng.internal.Invoker.invokeTestMethod(Invoker.java:821)
	at org.testng.internal.Invoker.invokeTestMethods(Invoker.java:1131)
	at org.testng.internal.TestMethodWorker.invokeTestMethods(TestMethodWorker.java:124)
	at org.testng.internal.TestMethodWorker.run(TestMethodWorker.java:108)
	at java.util.concurrent.ThreadPoolExecutor.runWorker(ThreadPoolExecutor.java:1149)
	at java.util.concurrent.ThreadPoolExecutor$Worker.run(ThreadPoolExecutor.java:624)
	at java.lang.Thread.run(Thread.java:748)
]]>
    </failure>
  </testcase> <!-- brwPreAreq -->
  <testcase name="brwPreAreq" time="0.543" classname="com.ca.tds.main.TDSFlowTest">
    <failure type="java.lang.AssertionError" message="ARes response json schema validation failed.&lt;br&gt;expected minLength: 17, actual: 4&lt;br&gt; api response : {&quot;acsTransID&quot;:&quot;d4f7c716-1857-491f-903e-65641742bed2&quot;,&quot;dsName&quot;:&quot;visa&quot;,&quot;eci&quot;:&quot;07&quot;,&quot;callerTxnRefID&quot;:&quot;341b7153-da86-4543-860f-2ba47f0168a5&quot;,&quot;dsReferenceNumber&quot;:&quot;CADS&quot;,&quot;acsReferenceNumber&quot;:&quot;ABCDEF987654321&quot;,&quot;messageType&quot;:&quot;ARes&quot;,&quot;dsTransID&quot;:&quot;8d7adc3d-931b-41f4-b4ad-e1b2e3831bab&quot;,&quot;transStatusReason&quot;:&quot;09&quot;,&quot;acsOperatorID&quot;:&quot;ACS_OPERATOR_ID&quot;,&quot;messageVersion&quot;:&quot;2.1.0&quot;,&quot;transStatus&quot;:&quot;R&quot;,&quot;threeDSServerTransID&quot;:&quot;9166ce03-f29d-4b75-b346-85bd5c2f4cf7&quot;}">
      <![CDATA[java.lang.AssertionError: ARes response json schema validation failed.<br>expected minLength: 17, actual: 4<br> api response : {"acsTransID":"d4f7c716-1857-491f-903e-65641742bed2","dsName":"visa","eci":"07","callerTxnRefID":"341b7153-da86-4543-860f-2ba47f0168a5","dsReferenceNumber":"CADS","acsReferenceNumber":"ABCDEF987654321","messageType":"ARes","dsTransID":"8d7adc3d-931b-41f4-b4ad-e1b2e3831bab","transStatusReason":"09","acsOperatorID":"ACS_OPERATOR_ID","messageVersion":"2.1.0","transStatus":"R","threeDSServerTransID":"9166ce03-f29d-4b75-b346-85bd5c2f4cf7"}
	at org.testng.Assert.fail(Assert.java:94)
	at com.ca.tds.main.TDSFlowTest.brwPreAreq(TDSFlowTest.java:176)
	at sun.reflect.GeneratedMethodAccessor36.invoke(Unknown Source)
	at sun.reflect.DelegatingMethodAccessorImpl.invoke(DelegatingMethodAccessorImpl.java:43)
	at java.lang.reflect.Method.invoke(Method.java:498)
	at org.testng.internal.MethodInvocationHelper.invokeMethod(MethodInvocationHelper.java:85)
	at org.testng.internal.Invoker.invokeMethod(Invoker.java:639)
	at org.testng.internal.Invoker.invokeTestMethod(Invoker.java:821)
	at org.testng.internal.Invoker.invokeTestMethods(Invoker.java:1131)
	at org.testng.internal.TestMethodWorker.invokeTestMethods(TestMethodWorker.java:124)
	at org.testng.internal.TestMethodWorker.run(TestMethodWorker.java:108)
	at java.util.concurrent.ThreadPoolExecutor.runWorker(ThreadPoolExecutor.java:1149)
	at java.util.concurrent.ThreadPoolExecutor$Worker.run(ThreadPoolExecutor.java:624)
	at java.lang.Thread.run(Thread.java:748)
]]>
    </failure>
  </testcase> <!-- brwPreAreq -->
  <testcase name="verifyAPI" time="0.031" classname="com.ca.tds.main.TDSFlowTest">
    <error type="org.testng.SkipException" message="Skipping [verifyAPI] because the [verifyApiRequired] assumption(s) do not hold.">
      <![CDATA[org.testng.SkipException: Skipping [verifyAPI] because the [verifyApiRequired] assumption(s) do not hold.
	at nl.javadude.assumeng.AssumptionListener.beforeInvocation(AssumptionListener.java:43)
	at org.testng.internal.invokers.InvokedMethodListenerInvoker$InvokeBeforeInvocationWithoutContextStrategy.callMethod(InvokedMethodListenerInvoker.java:84)
	at org.testng.internal.invokers.InvokedMethodListenerInvoker.invokeListener(InvokedMethodListenerInvoker.java:62)
	at org.testng.internal.Invoker.runInvokedMethodListeners(Invoker.java:552)
	at org.testng.internal.Invoker.invokeMethod(Invoker.java:617)
	at org.testng.internal.Invoker.invokeTestMethod(Invoker.java:821)
	at org.testng.internal.Invoker.invokeTestMethods(Invoker.java:1131)
	at org.testng.internal.TestMethodWorker.invokeTestMethods(TestMethodWorker.java:124)
	at org.testng.internal.TestMethodWorker.run(TestMethodWorker.java:108)
	at java.util.concurrent.ThreadPoolExecutor.runWorker(ThreadPoolExecutor.java:1149)
	at java.util.concurrent.ThreadPoolExecutor$Worker.run(ThreadPoolExecutor.java:624)
	at java.lang.Thread.run(Thread.java:748)
]]>
    </error>
  </testcase> <!-- verifyAPI -->
  <testcase name="brwPreAreq" time="0.542" classname="com.ca.tds.main.TDSFlowTest">
    <failure type="java.lang.AssertionError" message="ARes response json schema validation failed.&lt;br&gt;expected minLength: 17, actual: 4&lt;br&gt; api response : {&quot;acsTransID&quot;:&quot;4df264d3-a81f-4f57-8b98-ac6cd328ca24&quot;,&quot;dsName&quot;:&quot;amex&quot;,&quot;eci&quot;:&quot;07&quot;,&quot;callerTxnRefID&quot;:&quot;341b7153-da86-4543-860f-2ba47f0168a5&quot;,&quot;dsReferenceNumber&quot;:&quot;CADS&quot;,&quot;acsReferenceNumber&quot;:&quot;ABCDEF987654321&quot;,&quot;XID&quot;:&quot;0201000086485726377c44b1b0a116efcc369193&quot;,&quot;messageType&quot;:&quot;ARes&quot;,&quot;dsTransID&quot;:&quot;86485726-377c-44b1-b0a1-16efcc369193&quot;,&quot;transStatusReason&quot;:&quot;09&quot;,&quot;acsOperatorID&quot;:&quot;ACS_OPERATOR_ID&quot;,&quot;messageVersion&quot;:&quot;2.1.0&quot;,&quot;transStatus&quot;:&quot;R&quot;,&quot;threeDSServerTransID&quot;:&quot;681eedd4-de61-4a25-8293-dd0c43c74aec&quot;}">
      <![CDATA[java.lang.AssertionError: ARes response json schema validation failed.<br>expected minLength: 17, actual: 4<br> api response : {"acsTransID":"4df264d3-a81f-4f57-8b98-ac6cd328ca24","dsName":"amex","eci":"07","callerTxnRefID":"341b7153-da86-4543-860f-2ba47f0168a5","dsReferenceNumber":"CADS","acsReferenceNumber":"ABCDEF987654321","XID":"0201000086485726377c44b1b0a116efcc369193","messageType":"ARes","dsTransID":"86485726-377c-44b1-b0a1-16efcc369193","transStatusReason":"09","acsOperatorID":"ACS_OPERATOR_ID","messageVersion":"2.1.0","transStatus":"R","threeDSServerTransID":"681eedd4-de61-4a25-8293-dd0c43c74aec"}
	at org.testng.Assert.fail(Assert.java:94)
	at com.ca.tds.main.TDSFlowTest.brwPreAreq(TDSFlowTest.java:176)
	at sun.reflect.GeneratedMethodAccessor36.invoke(Unknown Source)
	at sun.reflect.DelegatingMethodAccessorImpl.invoke(DelegatingMethodAccessorImpl.java:43)
	at java.lang.reflect.Method.invoke(Method.java:498)
	at org.testng.internal.MethodInvocationHelper.invokeMethod(MethodInvocationHelper.java:85)
	at org.testng.internal.Invoker.invokeMethod(Invoker.java:639)
	at org.testng.internal.Invoker.invokeTestMethod(Invoker.java:821)
	at org.testng.internal.Invoker.invokeTestMethods(Invoker.java:1131)
	at org.testng.internal.TestMethodWorker.invokeTestMethods(TestMethodWorker.java:124)
	at org.testng.internal.TestMethodWorker.run(TestMethodWorker.java:108)
	at java.util.concurrent.ThreadPoolExecutor.runWorker(ThreadPoolExecutor.java:1149)
	at java.util.concurrent.ThreadPoolExecutor$Worker.run(ThreadPoolExecutor.java:624)
	at java.lang.Thread.run(Thread.java:748)
]]>
    </failure>
  </testcase> <!-- brwPreAreq -->
  <testcase name="brwPreAreq" time="0.538" classname="com.ca.tds.main.TDSFlowTest">
    <failure type="java.lang.AssertionError" message="ARes response json schema validation failed.&lt;br&gt;expected minLength: 17, actual: 4&lt;br&gt; api response : {&quot;acsTransID&quot;:&quot;c2017cfa-fb83-466f-9478-fe30a223b91f&quot;,&quot;dsName&quot;:&quot;mastercard&quot;,&quot;eci&quot;:&quot;07&quot;,&quot;callerTxnRefID&quot;:&quot;341b7153-da86-4543-860f-2ba47f0168a5&quot;,&quot;dsReferenceNumber&quot;:&quot;CADS&quot;,&quot;acsReferenceNumber&quot;:&quot;ABCDEF987654321&quot;,&quot;messageType&quot;:&quot;ARes&quot;,&quot;dsTransID&quot;:&quot;86622e58-1821-4504-8cc3-887b6e288b0c&quot;,&quot;transStatusReason&quot;:&quot;09&quot;,&quot;acsOperatorID&quot;:&quot;ACS_OPERATOR_ID&quot;,&quot;messageVersion&quot;:&quot;2.1.0&quot;,&quot;transStatus&quot;:&quot;R&quot;,&quot;threeDSServerTransID&quot;:&quot;48e1f158-3f03-4422-a5f1-412bfbd560cd&quot;}">
      <![CDATA[java.lang.AssertionError: ARes response json schema validation failed.<br>expected minLength: 17, actual: 4<br> api response : {"acsTransID":"c2017cfa-fb83-466f-9478-fe30a223b91f","dsName":"mastercard","eci":"07","callerTxnRefID":"341b7153-da86-4543-860f-2ba47f0168a5","dsReferenceNumber":"CADS","acsReferenceNumber":"ABCDEF987654321","messageType":"ARes","dsTransID":"86622e58-1821-4504-8cc3-887b6e288b0c","transStatusReason":"09","acsOperatorID":"ACS_OPERATOR_ID","messageVersion":"2.1.0","transStatus":"R","threeDSServerTransID":"48e1f158-3f03-4422-a5f1-412bfbd560cd"}
	at org.testng.Assert.fail(Assert.java:94)
	at com.ca.tds.main.TDSFlowTest.brwPreAreq(TDSFlowTest.java:176)
	at sun.reflect.GeneratedMethodAccessor36.invoke(Unknown Source)
	at sun.reflect.DelegatingMethodAccessorImpl.invoke(DelegatingMethodAccessorImpl.java:43)
	at java.lang.reflect.Method.invoke(Method.java:498)
	at org.testng.internal.MethodInvocationHelper.invokeMethod(MethodInvocationHelper.java:85)
	at org.testng.internal.Invoker.invokeMethod(Invoker.java:639)
	at org.testng.internal.Invoker.invokeTestMethod(Invoker.java:821)
	at org.testng.internal.Invoker.invokeTestMethods(Invoker.java:1131)
	at org.testng.internal.TestMethodWorker.invokeTestMethods(TestMethodWorker.java:124)
	at org.testng.internal.TestMethodWorker.run(TestMethodWorker.java:108)
	at java.util.concurrent.ThreadPoolExecutor.runWorker(ThreadPoolExecutor.java:1149)
	at java.util.concurrent.ThreadPoolExecutor$Worker.run(ThreadPoolExecutor.java:624)
	at java.lang.Thread.run(Thread.java:748)
]]>
    </failure>
  </testcase> <!-- brwPreAreq -->
  <testcase name="brwPreAreq" time="0.555" classname="com.ca.tds.main.TDSFlowTest">
    <failure type="java.lang.AssertionError" message="ARes response json schema validation failed.&lt;br&gt;expected minLength: 17, actual: 4&lt;br&gt; api response : {&quot;acsTransID&quot;:&quot;bed1a421-efc5-4638-b87c-ce2c72feb074&quot;,&quot;dsName&quot;:&quot;amex&quot;,&quot;eci&quot;:&quot;07&quot;,&quot;callerTxnRefID&quot;:&quot;341b7153-da86-4543-860f-2ba47f0168a5&quot;,&quot;dsReferenceNumber&quot;:&quot;CADS&quot;,&quot;acsReferenceNumber&quot;:&quot;ABCDEF987654321&quot;,&quot;XID&quot;:&quot;020100001e01abab92454b4fbdeaedd4921d6b4f&quot;,&quot;messageType&quot;:&quot;ARes&quot;,&quot;dsTransID&quot;:&quot;1e01abab-9245-4b4f-bdea-edd4921d6b4f&quot;,&quot;transStatusReason&quot;:&quot;09&quot;,&quot;acsOperatorID&quot;:&quot;ACS_OPERATOR_ID&quot;,&quot;messageVersion&quot;:&quot;2.1.0&quot;,&quot;transStatus&quot;:&quot;R&quot;,&quot;threeDSServerTransID&quot;:&quot;c5649d96-af9a-4618-882f-606425e6c8d9&quot;}">
      <![CDATA[java.lang.AssertionError: ARes response json schema validation failed.<br>expected minLength: 17, actual: 4<br> api response : {"acsTransID":"bed1a421-efc5-4638-b87c-ce2c72feb074","dsName":"amex","eci":"07","callerTxnRefID":"341b7153-da86-4543-860f-2ba47f0168a5","dsReferenceNumber":"CADS","acsReferenceNumber":"ABCDEF987654321","XID":"020100001e01abab92454b4fbdeaedd4921d6b4f","messageType":"ARes","dsTransID":"1e01abab-9245-4b4f-bdea-edd4921d6b4f","transStatusReason":"09","acsOperatorID":"ACS_OPERATOR_ID","messageVersion":"2.1.0","transStatus":"R","threeDSServerTransID":"c5649d96-af9a-4618-882f-606425e6c8d9"}
	at org.testng.Assert.fail(Assert.java:94)
	at com.ca.tds.main.TDSFlowTest.brwPreAreq(TDSFlowTest.java:176)
	at sun.reflect.GeneratedMethodAccessor36.invoke(Unknown Source)
	at sun.reflect.DelegatingMethodAccessorImpl.invoke(DelegatingMethodAccessorImpl.java:43)
	at java.lang.reflect.Method.invoke(Method.java:498)
	at org.testng.internal.MethodInvocationHelper.invokeMethod(MethodInvocationHelper.java:85)
	at org.testng.internal.Invoker.invokeMethod(Invoker.java:639)
	at org.testng.internal.Invoker.invokeTestMethod(Invoker.java:821)
	at org.testng.internal.Invoker.invokeTestMethods(Invoker.java:1131)
	at org.testng.internal.TestMethodWorker.invokeTestMethods(TestMethodWorker.java:124)
	at org.testng.internal.TestMethodWorker.run(TestMethodWorker.java:108)
	at java.util.concurrent.ThreadPoolExecutor.runWorker(ThreadPoolExecutor.java:1149)
	at java.util.concurrent.ThreadPoolExecutor$Worker.run(ThreadPoolExecutor.java:624)
	at java.lang.Thread.run(Thread.java:748)
]]>
    </failure>
  </testcase> <!-- brwPreAreq -->
  <testcase name="rReqTest" time="0.019" classname="com.ca.tds.main.TDSFlowTest">
    <error type="org.testng.SkipException" message="Skipping [rReqTest] because the [rReqRequired] assumption(s) do not hold.">
      <![CDATA[org.testng.SkipException: Skipping [rReqTest] because the [rReqRequired] assumption(s) do not hold.
	at nl.javadude.assumeng.AssumptionListener.beforeInvocation(AssumptionListener.java:43)
	at org.testng.internal.invokers.InvokedMethodListenerInvoker$InvokeBeforeInvocationWithoutContextStrategy.callMethod(InvokedMethodListenerInvoker.java:84)
	at org.testng.internal.invokers.InvokedMethodListenerInvoker.invokeListener(InvokedMethodListenerInvoker.java:62)
	at org.testng.internal.Invoker.runInvokedMethodListeners(Invoker.java:552)
	at org.testng.internal.Invoker.invokeMethod(Invoker.java:617)
	at org.testng.internal.Invoker.invokeTestMethod(Invoker.java:821)
	at org.testng.internal.Invoker.invokeTestMethods(Invoker.java:1131)
	at org.testng.internal.TestMethodWorker.invokeTestMethods(TestMethodWorker.java:124)
	at org.testng.internal.TestMethodWorker.run(TestMethodWorker.java:108)
	at java.util.concurrent.ThreadPoolExecutor.runWorker(ThreadPoolExecutor.java:1149)
	at java.util.concurrent.ThreadPoolExecutor$Worker.run(ThreadPoolExecutor.java:624)
	at java.lang.Thread.run(Thread.java:748)
]]>
    </error>
  </testcase> <!-- rReqTest -->
  <testcase name="brwPreAreq" time="0.542" classname="com.ca.tds.main.TDSFlowTest">
    <failure type="java.lang.AssertionError" message="ARes response json schema validation failed.&lt;br&gt;expected minLength: 17, actual: 4&lt;br&gt; api response : {&quot;acsTransID&quot;:&quot;3ca958aa-f056-45de-a609-90a8ca9179eb&quot;,&quot;dsName&quot;:&quot;visa&quot;,&quot;eci&quot;:&quot;07&quot;,&quot;callerTxnRefID&quot;:&quot;341b7153-da86-4543-860f-2ba47f0168a5&quot;,&quot;dsReferenceNumber&quot;:&quot;CADS&quot;,&quot;acsReferenceNumber&quot;:&quot;ABCDEF987654321&quot;,&quot;messageType&quot;:&quot;ARes&quot;,&quot;dsTransID&quot;:&quot;cfaa5218-81e3-47af-97ea-f382bb6510ea&quot;,&quot;transStatusReason&quot;:&quot;09&quot;,&quot;acsOperatorID&quot;:&quot;ACS_OPERATOR_ID&quot;,&quot;messageVersion&quot;:&quot;2.1.0&quot;,&quot;transStatus&quot;:&quot;R&quot;,&quot;threeDSServerTransID&quot;:&quot;1b39c6f3-f81a-4288-b149-4bf8ace55a9c&quot;}">
      <![CDATA[java.lang.AssertionError: ARes response json schema validation failed.<br>expected minLength: 17, actual: 4<br> api response : {"acsTransID":"3ca958aa-f056-45de-a609-90a8ca9179eb","dsName":"visa","eci":"07","callerTxnRefID":"341b7153-da86-4543-860f-2ba47f0168a5","dsReferenceNumber":"CADS","acsReferenceNumber":"ABCDEF987654321","messageType":"ARes","dsTransID":"cfaa5218-81e3-47af-97ea-f382bb6510ea","transStatusReason":"09","acsOperatorID":"ACS_OPERATOR_ID","messageVersion":"2.1.0","transStatus":"R","threeDSServerTransID":"1b39c6f3-f81a-4288-b149-4bf8ace55a9c"}
	at org.testng.Assert.fail(Assert.java:94)
	at com.ca.tds.main.TDSFlowTest.brwPreAreq(TDSFlowTest.java:176)
	at sun.reflect.GeneratedMethodAccessor36.invoke(Unknown Source)
	at sun.reflect.DelegatingMethodAccessorImpl.invoke(DelegatingMethodAccessorImpl.java:43)
	at java.lang.reflect.Method.invoke(Method.java:498)
	at org.testng.internal.MethodInvocationHelper.invokeMethod(MethodInvocationHelper.java:85)
	at org.testng.internal.Invoker.invokeMethod(Invoker.java:639)
	at org.testng.internal.Invoker.invokeTestMethod(Invoker.java:821)
	at org.testng.internal.Invoker.invokeTestMethods(Invoker.java:1131)
	at org.testng.internal.TestMethodWorker.invokeTestMethods(TestMethodWorker.java:124)
	at org.testng.internal.TestMethodWorker.run(TestMethodWorker.java:108)
	at java.util.concurrent.ThreadPoolExecutor.runWorker(ThreadPoolExecutor.java:1149)
	at java.util.concurrent.ThreadPoolExecutor$Worker.run(ThreadPoolExecutor.java:624)
	at java.lang.Thread.run(Thread.java:748)
]]>
    </failure>
  </testcase> <!-- brwPreAreq -->
  <testcase name="brwTDSMethodTest" time="0.503" classname="com.ca.tds.main.TDSFlowTest"/>
  <testcase name="verifyAPI" time="0.016" classname="com.ca.tds.main.TDSFlowTest">
    <error type="org.testng.SkipException" message="Skipping [verifyAPI] because the [verifyApiRequired] assumption(s) do not hold.">
      <![CDATA[org.testng.SkipException: Skipping [verifyAPI] because the [verifyApiRequired] assumption(s) do not hold.
	at nl.javadude.assumeng.AssumptionListener.beforeInvocation(AssumptionListener.java:43)
	at org.testng.internal.invokers.InvokedMethodListenerInvoker$InvokeBeforeInvocationWithoutContextStrategy.callMethod(InvokedMethodListenerInvoker.java:84)
	at org.testng.internal.invokers.InvokedMethodListenerInvoker.invokeListener(InvokedMethodListenerInvoker.java:62)
	at org.testng.internal.Invoker.runInvokedMethodListeners(Invoker.java:552)
	at org.testng.internal.Invoker.invokeMethod(Invoker.java:617)
	at org.testng.internal.Invoker.invokeTestMethod(Invoker.java:821)
	at org.testng.internal.Invoker.invokeTestMethods(Invoker.java:1131)
	at org.testng.internal.TestMethodWorker.invokeTestMethods(TestMethodWorker.java:124)
	at org.testng.internal.TestMethodWorker.run(TestMethodWorker.java:108)
	at java.util.concurrent.ThreadPoolExecutor.runWorker(ThreadPoolExecutor.java:1149)
	at java.util.concurrent.ThreadPoolExecutor$Worker.run(ThreadPoolExecutor.java:624)
	at java.lang.Thread.run(Thread.java:748)
]]>
    </error>
  </testcase> <!-- verifyAPI -->
  <testcase name="brwTDSMethodTest" time="0.508" classname="com.ca.tds.main.TDSFlowTest"/>
  <testcase name="brwPreAreq" time="0.581" classname="com.ca.tds.main.TDSFlowTest">
    <failure type="java.lang.AssertionError" message="ARes response json schema validation failed.&lt;br&gt;expected minLength: 17, actual: 4&lt;br&gt; api response : {&quot;acsTransID&quot;:&quot;37136c9c-f6fa-4128-8c01-6231118aaed8&quot;,&quot;dsName&quot;:&quot;mastercard&quot;,&quot;eci&quot;:&quot;07&quot;,&quot;callerTxnRefID&quot;:&quot;341b7153-da86-4543-860f-2ba47f0168a5&quot;,&quot;dsReferenceNumber&quot;:&quot;CADS&quot;,&quot;acsReferenceNumber&quot;:&quot;ABCDEF987654321&quot;,&quot;messageType&quot;:&quot;ARes&quot;,&quot;dsTransID&quot;:&quot;80e786eb-648f-4a31-907a-e0b98d51d1ba&quot;,&quot;transStatusReason&quot;:&quot;09&quot;,&quot;acsOperatorID&quot;:&quot;ACS_OPERATOR_ID&quot;,&quot;messageVersion&quot;:&quot;2.1.0&quot;,&quot;transStatus&quot;:&quot;R&quot;,&quot;threeDSServerTransID&quot;:&quot;52a1d304-28e2-4ffc-a949-3220d65f8449&quot;}">
      <![CDATA[java.lang.AssertionError: ARes response json schema validation failed.<br>expected minLength: 17, actual: 4<br> api response : {"acsTransID":"37136c9c-f6fa-4128-8c01-6231118aaed8","dsName":"mastercard","eci":"07","callerTxnRefID":"341b7153-da86-4543-860f-2ba47f0168a5","dsReferenceNumber":"CADS","acsReferenceNumber":"ABCDEF987654321","messageType":"ARes","dsTransID":"80e786eb-648f-4a31-907a-e0b98d51d1ba","transStatusReason":"09","acsOperatorID":"ACS_OPERATOR_ID","messageVersion":"2.1.0","transStatus":"R","threeDSServerTransID":"52a1d304-28e2-4ffc-a949-3220d65f8449"}
	at org.testng.Assert.fail(Assert.java:94)
	at com.ca.tds.main.TDSFlowTest.brwPreAreq(TDSFlowTest.java:176)
	at sun.reflect.GeneratedMethodAccessor36.invoke(Unknown Source)
	at sun.reflect.DelegatingMethodAccessorImpl.invoke(DelegatingMethodAccessorImpl.java:43)
	at java.lang.reflect.Method.invoke(Method.java:498)
	at org.testng.internal.MethodInvocationHelper.invokeMethod(MethodInvocationHelper.java:85)
	at org.testng.internal.Invoker.invokeMethod(Invoker.java:639)
	at org.testng.internal.Invoker.invokeTestMethod(Invoker.java:821)
	at org.testng.internal.Invoker.invokeTestMethods(Invoker.java:1131)
	at org.testng.internal.TestMethodWorker.invokeTestMethods(TestMethodWorker.java:124)
	at org.testng.internal.TestMethodWorker.run(TestMethodWorker.java:108)
	at java.util.concurrent.ThreadPoolExecutor.runWorker(ThreadPoolExecutor.java:1149)
	at java.util.concurrent.ThreadPoolExecutor$Worker.run(ThreadPoolExecutor.java:624)
	at java.lang.Thread.run(Thread.java:748)
]]>
    </failure>
  </testcase> <!-- brwPreAreq -->
  <testcase name="verifyAPI" time="0.026" classname="com.ca.tds.main.TDSFlowTest">
    <error type="org.testng.SkipException" message="Skipping [verifyAPI] because the [verifyApiRequired] assumption(s) do not hold.">
      <![CDATA[org.testng.SkipException: Skipping [verifyAPI] because the [verifyApiRequired] assumption(s) do not hold.
	at nl.javadude.assumeng.AssumptionListener.beforeInvocation(AssumptionListener.java:43)
	at org.testng.internal.invokers.InvokedMethodListenerInvoker$InvokeBeforeInvocationWithoutContextStrategy.callMethod(InvokedMethodListenerInvoker.java:84)
	at org.testng.internal.invokers.InvokedMethodListenerInvoker.invokeListener(InvokedMethodListenerInvoker.java:62)
	at org.testng.internal.Invoker.runInvokedMethodListeners(Invoker.java:552)
	at org.testng.internal.Invoker.invokeMethod(Invoker.java:617)
	at org.testng.internal.Invoker.invokeTestMethod(Invoker.java:821)
	at org.testng.internal.Invoker.invokeTestMethods(Invoker.java:1131)
	at org.testng.internal.TestMethodWorker.invokeTestMethods(TestMethodWorker.java:124)
	at org.testng.internal.TestMethodWorker.run(TestMethodWorker.java:108)
	at java.util.concurrent.ThreadPoolExecutor.runWorker(ThreadPoolExecutor.java:1149)
	at java.util.concurrent.ThreadPoolExecutor$Worker.run(ThreadPoolExecutor.java:624)
	at java.lang.Thread.run(Thread.java:748)
]]>
    </error>
  </testcase> <!-- verifyAPI -->
  <testcase name="rReqTest" time="0.017" classname="com.ca.tds.main.TDSFlowTest">
    <error type="org.testng.SkipException" message="Skipping [rReqTest] because the [rReqRequired] assumption(s) do not hold.">
      <![CDATA[org.testng.SkipException: Skipping [rReqTest] because the [rReqRequired] assumption(s) do not hold.
	at nl.javadude.assumeng.AssumptionListener.beforeInvocation(AssumptionListener.java:43)
	at org.testng.internal.invokers.InvokedMethodListenerInvoker$InvokeBeforeInvocationWithoutContextStrategy.callMethod(InvokedMethodListenerInvoker.java:84)
	at org.testng.internal.invokers.InvokedMethodListenerInvoker.invokeListener(InvokedMethodListenerInvoker.java:62)
	at org.testng.internal.Invoker.runInvokedMethodListeners(Invoker.java:552)
	at org.testng.internal.Invoker.invokeMethod(Invoker.java:617)
	at org.testng.internal.Invoker.invokeTestMethod(Invoker.java:821)
	at org.testng.internal.Invoker.invokeTestMethods(Invoker.java:1131)
	at org.testng.internal.TestMethodWorker.invokeTestMethods(TestMethodWorker.java:124)
	at org.testng.internal.TestMethodWorker.run(TestMethodWorker.java:108)
	at java.util.concurrent.ThreadPoolExecutor.runWorker(ThreadPoolExecutor.java:1149)
	at java.util.concurrent.ThreadPoolExecutor$Worker.run(ThreadPoolExecutor.java:624)
	at java.lang.Thread.run(Thread.java:748)
]]>
    </error>
  </testcase> <!-- rReqTest -->
  <testcase name="brwPreAreq" time="0.547" classname="com.ca.tds.main.TDSFlowTest">
    <failure type="java.lang.AssertionError" message="ARes response json schema validation failed.&lt;br&gt;expected minLength: 17, actual: 4&lt;br&gt; api response : {&quot;acsTransID&quot;:&quot;641ef498-9083-4972-a40b-9f6a3f88ec32&quot;,&quot;dsName&quot;:&quot;amex&quot;,&quot;eci&quot;:&quot;07&quot;,&quot;callerTxnRefID&quot;:&quot;341b7153-da86-4543-860f-2ba47f0168a5&quot;,&quot;dsReferenceNumber&quot;:&quot;CADS&quot;,&quot;acsReferenceNumber&quot;:&quot;ABCDEF987654321&quot;,&quot;XID&quot;:&quot;02010000c498c15d81604ac18cd6bd8118af5a61&quot;,&quot;messageType&quot;:&quot;ARes&quot;,&quot;dsTransID&quot;:&quot;c498c15d-8160-4ac1-8cd6-bd8118af5a61&quot;,&quot;transStatusReason&quot;:&quot;09&quot;,&quot;acsOperatorID&quot;:&quot;ACS_OPERATOR_ID&quot;,&quot;messageVersion&quot;:&quot;2.1.0&quot;,&quot;transStatus&quot;:&quot;R&quot;,&quot;threeDSServerTransID&quot;:&quot;b8a8678d-07b2-4da4-bdee-2dbb46a50c43&quot;}">
      <![CDATA[java.lang.AssertionError: ARes response json schema validation failed.<br>expected minLength: 17, actual: 4<br> api response : {"acsTransID":"641ef498-9083-4972-a40b-9f6a3f88ec32","dsName":"amex","eci":"07","callerTxnRefID":"341b7153-da86-4543-860f-2ba47f0168a5","dsReferenceNumber":"CADS","acsReferenceNumber":"ABCDEF987654321","XID":"02010000c498c15d81604ac18cd6bd8118af5a61","messageType":"ARes","dsTransID":"c498c15d-8160-4ac1-8cd6-bd8118af5a61","transStatusReason":"09","acsOperatorID":"ACS_OPERATOR_ID","messageVersion":"2.1.0","transStatus":"R","threeDSServerTransID":"b8a8678d-07b2-4da4-bdee-2dbb46a50c43"}
	at org.testng.Assert.fail(Assert.java:94)
	at com.ca.tds.main.TDSFlowTest.brwPreAreq(TDSFlowTest.java:176)
	at sun.reflect.NativeMethodAccessorImpl.invoke0(Native Method)
	at sun.reflect.NativeMethodAccessorImpl.invoke(NativeMethodAccessorImpl.java:62)
	at sun.reflect.DelegatingMethodAccessorImpl.invoke(DelegatingMethodAccessorImpl.java:43)
	at java.lang.reflect.Method.invoke(Method.java:498)
	at org.testng.internal.MethodInvocationHelper.invokeMethod(MethodInvocationHelper.java:85)
	at org.testng.internal.Invoker.invokeMethod(Invoker.java:639)
	at org.testng.internal.Invoker.invokeTestMethod(Invoker.java:821)
	at org.testng.internal.Invoker.invokeTestMethods(Invoker.java:1131)
	at org.testng.internal.TestMethodWorker.invokeTestMethods(TestMethodWorker.java:124)
	at org.testng.internal.TestMethodWorker.run(TestMethodWorker.java:108)
	at java.util.concurrent.ThreadPoolExecutor.runWorker(ThreadPoolExecutor.java:1149)
	at java.util.concurrent.ThreadPoolExecutor$Worker.run(ThreadPoolExecutor.java:624)
	at java.lang.Thread.run(Thread.java:748)
]]>
    </failure>
  </testcase> <!-- brwPreAreq -->
  <testcase name="rReqTest" time="0.021" classname="com.ca.tds.main.TDSFlowTest">
    <error type="org.testng.SkipException" message="Skipping [rReqTest] because the [rReqRequired] assumption(s) do not hold.">
      <![CDATA[org.testng.SkipException: Skipping [rReqTest] because the [rReqRequired] assumption(s) do not hold.
	at nl.javadude.assumeng.AssumptionListener.beforeInvocation(AssumptionListener.java:43)
	at org.testng.internal.invokers.InvokedMethodListenerInvoker$InvokeBeforeInvocationWithoutContextStrategy.callMethod(InvokedMethodListenerInvoker.java:84)
	at org.testng.internal.invokers.InvokedMethodListenerInvoker.invokeListener(InvokedMethodListenerInvoker.java:62)
	at org.testng.internal.Invoker.runInvokedMethodListeners(Invoker.java:552)
	at org.testng.internal.Invoker.invokeMethod(Invoker.java:617)
	at org.testng.internal.Invoker.invokeTestMethod(Invoker.java:821)
	at org.testng.internal.Invoker.invokeTestMethods(Invoker.java:1131)
	at org.testng.internal.TestMethodWorker.invokeTestMethods(TestMethodWorker.java:124)
	at org.testng.internal.TestMethodWorker.run(TestMethodWorker.java:108)
	at java.util.concurrent.ThreadPoolExecutor.runWorker(ThreadPoolExecutor.java:1149)
	at java.util.concurrent.ThreadPoolExecutor$Worker.run(ThreadPoolExecutor.java:624)
	at java.lang.Thread.run(Thread.java:748)
]]>
    </error>
  </testcase> <!-- rReqTest -->
  <testcase name="verifyAPI" time="0.037" classname="com.ca.tds.main.TDSFlowTest">
    <error type="org.testng.SkipException" message="Skipping [verifyAPI] because the [verifyApiRequired] assumption(s) do not hold.">
      <![CDATA[org.testng.SkipException: Skipping [verifyAPI] because the [verifyApiRequired] assumption(s) do not hold.
	at nl.javadude.assumeng.AssumptionListener.beforeInvocation(AssumptionListener.java:43)
	at org.testng.internal.invokers.InvokedMethodListenerInvoker$InvokeBeforeInvocationWithoutContextStrategy.callMethod(InvokedMethodListenerInvoker.java:84)
	at org.testng.internal.invokers.InvokedMethodListenerInvoker.invokeListener(InvokedMethodListenerInvoker.java:62)
	at org.testng.internal.Invoker.runInvokedMethodListeners(Invoker.java:552)
	at org.testng.internal.Invoker.invokeMethod(Invoker.java:617)
	at org.testng.internal.Invoker.invokeTestMethod(Invoker.java:821)
	at org.testng.internal.Invoker.invokeTestMethods(Invoker.java:1131)
	at org.testng.internal.TestMethodWorker.invokeTestMethods(TestMethodWorker.java:124)
	at org.testng.internal.TestMethodWorker.run(TestMethodWorker.java:108)
	at java.util.concurrent.ThreadPoolExecutor.runWorker(ThreadPoolExecutor.java:1149)
	at java.util.concurrent.ThreadPoolExecutor$Worker.run(ThreadPoolExecutor.java:624)
	at java.lang.Thread.run(Thread.java:748)
]]>
    </error>
  </testcase> <!-- verifyAPI -->
  <testcase name="rReqTest" time="0.018" classname="com.ca.tds.main.TDSFlowTest">
    <error type="org.testng.SkipException" message="Skipping [rReqTest] because the [rReqRequired] assumption(s) do not hold.">
      <![CDATA[org.testng.SkipException: Skipping [rReqTest] because the [rReqRequired] assumption(s) do not hold.
	at nl.javadude.assumeng.AssumptionListener.beforeInvocation(AssumptionListener.java:43)
	at org.testng.internal.invokers.InvokedMethodListenerInvoker$InvokeBeforeInvocationWithoutContextStrategy.callMethod(InvokedMethodListenerInvoker.java:84)
	at org.testng.internal.invokers.InvokedMethodListenerInvoker.invokeListener(InvokedMethodListenerInvoker.java:62)
	at org.testng.internal.Invoker.runInvokedMethodListeners(Invoker.java:552)
	at org.testng.internal.Invoker.invokeMethod(Invoker.java:617)
	at org.testng.internal.Invoker.invokeTestMethod(Invoker.java:821)
	at org.testng.internal.Invoker.invokeTestMethods(Invoker.java:1131)
	at org.testng.internal.TestMethodWorker.invokeTestMethods(TestMethodWorker.java:124)
	at org.testng.internal.TestMethodWorker.run(TestMethodWorker.java:108)
	at java.util.concurrent.ThreadPoolExecutor.runWorker(ThreadPoolExecutor.java:1149)
	at java.util.concurrent.ThreadPoolExecutor$Worker.run(ThreadPoolExecutor.java:624)
	at java.lang.Thread.run(Thread.java:748)
]]>
    </error>
  </testcase> <!-- rReqTest -->
  <testcase name="verifyAPI" time="0.016" classname="com.ca.tds.main.TDSFlowTest">
    <error type="org.testng.SkipException" message="Skipping [verifyAPI] because the [verifyApiRequired] assumption(s) do not hold.">
      <![CDATA[org.testng.SkipException: Skipping [verifyAPI] because the [verifyApiRequired] assumption(s) do not hold.
	at nl.javadude.assumeng.AssumptionListener.beforeInvocation(AssumptionListener.java:43)
	at org.testng.internal.invokers.InvokedMethodListenerInvoker$InvokeBeforeInvocationWithoutContextStrategy.callMethod(InvokedMethodListenerInvoker.java:84)
	at org.testng.internal.invokers.InvokedMethodListenerInvoker.invokeListener(InvokedMethodListenerInvoker.java:62)
	at org.testng.internal.Invoker.runInvokedMethodListeners(Invoker.java:552)
	at org.testng.internal.Invoker.invokeMethod(Invoker.java:617)
	at org.testng.internal.Invoker.invokeTestMethod(Invoker.java:821)
	at org.testng.internal.Invoker.invokeTestMethods(Invoker.java:1131)
	at org.testng.internal.TestMethodWorker.invokeTestMethods(TestMethodWorker.java:124)
	at org.testng.internal.TestMethodWorker.run(TestMethodWorker.java:108)
	at java.util.concurrent.ThreadPoolExecutor.runWorker(ThreadPoolExecutor.java:1149)
	at java.util.concurrent.ThreadPoolExecutor$Worker.run(ThreadPoolExecutor.java:624)
	at java.lang.Thread.run(Thread.java:748)
]]>
    </error>
  </testcase> <!-- verifyAPI -->
  <testcase name="brwPreAreq" time="0.541" classname="com.ca.tds.main.TDSFlowTest">
    <failure type="java.lang.AssertionError" message="ARes response json schema validation failed.&lt;br&gt;expected minLength: 17, actual: 4&lt;br&gt; api response : {&quot;acsTransID&quot;:&quot;298eda2e-a49a-4a1d-96bd-c0eb04e4a615&quot;,&quot;dsName&quot;:&quot;visa&quot;,&quot;eci&quot;:&quot;07&quot;,&quot;callerTxnRefID&quot;:&quot;341b7153-da86-4543-860f-2ba47f0168a5&quot;,&quot;dsReferenceNumber&quot;:&quot;CADS&quot;,&quot;acsReferenceNumber&quot;:&quot;ABCDEF987654321&quot;,&quot;messageType&quot;:&quot;ARes&quot;,&quot;dsTransID&quot;:&quot;24afa6b7-9624-41a7-be75-c8b8d5204058&quot;,&quot;transStatusReason&quot;:&quot;09&quot;,&quot;acsOperatorID&quot;:&quot;ACS_OPERATOR_ID&quot;,&quot;messageVersion&quot;:&quot;2.1.0&quot;,&quot;transStatus&quot;:&quot;R&quot;,&quot;threeDSServerTransID&quot;:&quot;29772bff-27b7-43fb-be11-b2c8a9a5211c&quot;}">
      <![CDATA[java.lang.AssertionError: ARes response json schema validation failed.<br>expected minLength: 17, actual: 4<br> api response : {"acsTransID":"298eda2e-a49a-4a1d-96bd-c0eb04e4a615","dsName":"visa","eci":"07","callerTxnRefID":"341b7153-da86-4543-860f-2ba47f0168a5","dsReferenceNumber":"CADS","acsReferenceNumber":"ABCDEF987654321","messageType":"ARes","dsTransID":"24afa6b7-9624-41a7-be75-c8b8d5204058","transStatusReason":"09","acsOperatorID":"ACS_OPERATOR_ID","messageVersion":"2.1.0","transStatus":"R","threeDSServerTransID":"29772bff-27b7-43fb-be11-b2c8a9a5211c"}
	at org.testng.Assert.fail(Assert.java:94)
	at com.ca.tds.main.TDSFlowTest.brwPreAreq(TDSFlowTest.java:176)
	at sun.reflect.GeneratedMethodAccessor36.invoke(Unknown Source)
	at sun.reflect.DelegatingMethodAccessorImpl.invoke(DelegatingMethodAccessorImpl.java:43)
	at java.lang.reflect.Method.invoke(Method.java:498)
	at org.testng.internal.MethodInvocationHelper.invokeMethod(MethodInvocationHelper.java:85)
	at org.testng.internal.Invoker.invokeMethod(Invoker.java:639)
	at org.testng.internal.Invoker.invokeTestMethod(Invoker.java:821)
	at org.testng.internal.Invoker.invokeTestMethods(Invoker.java:1131)
	at org.testng.internal.TestMethodWorker.invokeTestMethods(TestMethodWorker.java:124)
	at org.testng.internal.TestMethodWorker.run(TestMethodWorker.java:108)
	at java.util.concurrent.ThreadPoolExecutor.runWorker(ThreadPoolExecutor.java:1149)
	at java.util.concurrent.ThreadPoolExecutor$Worker.run(ThreadPoolExecutor.java:624)
	at java.lang.Thread.run(Thread.java:748)
]]>
    </failure>
  </testcase> <!-- brwPreAreq -->
  <testcase name="brwPreAreq" time="0.545" classname="com.ca.tds.main.TDSFlowTest">
    <failure type="java.lang.AssertionError" message="ARes response json schema validation failed.&lt;br&gt;expected minLength: 17, actual: 4&lt;br&gt; api response : {&quot;acsTransID&quot;:&quot;e554f707-431c-4e55-933b-9b8274602aac&quot;,&quot;dsName&quot;:&quot;visa&quot;,&quot;eci&quot;:&quot;07&quot;,&quot;callerTxnRefID&quot;:&quot;341b7153-da86-4543-860f-2ba47f0168a5&quot;,&quot;dsReferenceNumber&quot;:&quot;CADS&quot;,&quot;acsReferenceNumber&quot;:&quot;ABCDEF987654321&quot;,&quot;messageType&quot;:&quot;ARes&quot;,&quot;dsTransID&quot;:&quot;a14fdb2d-683a-4668-911a-fab99a3ee4a6&quot;,&quot;transStatusReason&quot;:&quot;09&quot;,&quot;acsOperatorID&quot;:&quot;ACS_OPERATOR_ID&quot;,&quot;messageVersion&quot;:&quot;2.1.0&quot;,&quot;transStatus&quot;:&quot;R&quot;,&quot;threeDSServerTransID&quot;:&quot;581be350-3fb8-46ca-90f8-49815e6445af&quot;}">
      <![CDATA[java.lang.AssertionError: ARes response json schema validation failed.<br>expected minLength: 17, actual: 4<br> api response : {"acsTransID":"e554f707-431c-4e55-933b-9b8274602aac","dsName":"visa","eci":"07","callerTxnRefID":"341b7153-da86-4543-860f-2ba47f0168a5","dsReferenceNumber":"CADS","acsReferenceNumber":"ABCDEF987654321","messageType":"ARes","dsTransID":"a14fdb2d-683a-4668-911a-fab99a3ee4a6","transStatusReason":"09","acsOperatorID":"ACS_OPERATOR_ID","messageVersion":"2.1.0","transStatus":"R","threeDSServerTransID":"581be350-3fb8-46ca-90f8-49815e6445af"}
	at org.testng.Assert.fail(Assert.java:94)
	at com.ca.tds.main.TDSFlowTest.brwPreAreq(TDSFlowTest.java:176)
	at sun.reflect.GeneratedMethodAccessor36.invoke(Unknown Source)
	at sun.reflect.DelegatingMethodAccessorImpl.invoke(DelegatingMethodAccessorImpl.java:43)
	at java.lang.reflect.Method.invoke(Method.java:498)
	at org.testng.internal.MethodInvocationHelper.invokeMethod(MethodInvocationHelper.java:85)
	at org.testng.internal.Invoker.invokeMethod(Invoker.java:639)
	at org.testng.internal.Invoker.invokeTestMethod(Invoker.java:821)
	at org.testng.internal.Invoker.invokeTestMethods(Invoker.java:1131)
	at org.testng.internal.TestMethodWorker.invokeTestMethods(TestMethodWorker.java:124)
	at org.testng.internal.TestMethodWorker.run(TestMethodWorker.java:108)
	at java.util.concurrent.ThreadPoolExecutor.runWorker(ThreadPoolExecutor.java:1149)
	at java.util.concurrent.ThreadPoolExecutor$Worker.run(ThreadPoolExecutor.java:624)
	at java.lang.Thread.run(Thread.java:748)
]]>
    </failure>
  </testcase> <!-- brwPreAreq -->
  <testcase name="verifyAPI" time="0.025" classname="com.ca.tds.main.TDSFlowTest">
    <error type="org.testng.SkipException" message="Skipping [verifyAPI] because the [verifyApiRequired] assumption(s) do not hold.">
      <![CDATA[org.testng.SkipException: Skipping [verifyAPI] because the [verifyApiRequired] assumption(s) do not hold.
	at nl.javadude.assumeng.AssumptionListener.beforeInvocation(AssumptionListener.java:43)
	at org.testng.internal.invokers.InvokedMethodListenerInvoker$InvokeBeforeInvocationWithoutContextStrategy.callMethod(InvokedMethodListenerInvoker.java:84)
	at org.testng.internal.invokers.InvokedMethodListenerInvoker.invokeListener(InvokedMethodListenerInvoker.java:62)
	at org.testng.internal.Invoker.runInvokedMethodListeners(Invoker.java:552)
	at org.testng.internal.Invoker.invokeMethod(Invoker.java:617)
	at org.testng.internal.Invoker.invokeTestMethod(Invoker.java:821)
	at org.testng.internal.Invoker.invokeTestMethods(Invoker.java:1131)
	at org.testng.internal.TestMethodWorker.invokeTestMethods(TestMethodWorker.java:124)
	at org.testng.internal.TestMethodWorker.run(TestMethodWorker.java:108)
	at java.util.concurrent.ThreadPoolExecutor.runWorker(ThreadPoolExecutor.java:1149)
	at java.util.concurrent.ThreadPoolExecutor$Worker.run(ThreadPoolExecutor.java:624)
	at java.lang.Thread.run(Thread.java:748)
]]>
    </error>
  </testcase> <!-- verifyAPI -->
  <testcase name="brwTDSMethodTest" time="0.501" classname="com.ca.tds.main.TDSFlowTest"/>
  <testcase name="rReqTest" time="0.020" classname="com.ca.tds.main.TDSFlowTest">
    <error type="org.testng.SkipException" message="Skipping [rReqTest] because the [rReqRequired] assumption(s) do not hold.">
      <![CDATA[org.testng.SkipException: Skipping [rReqTest] because the [rReqRequired] assumption(s) do not hold.
	at nl.javadude.assumeng.AssumptionListener.beforeInvocation(AssumptionListener.java:43)
	at org.testng.internal.invokers.InvokedMethodListenerInvoker$InvokeBeforeInvocationWithoutContextStrategy.callMethod(InvokedMethodListenerInvoker.java:84)
	at org.testng.internal.invokers.InvokedMethodListenerInvoker.invokeListener(InvokedMethodListenerInvoker.java:62)
	at org.testng.internal.Invoker.runInvokedMethodListeners(Invoker.java:552)
	at org.testng.internal.Invoker.invokeMethod(Invoker.java:617)
	at org.testng.internal.Invoker.invokeTestMethod(Invoker.java:821)
	at org.testng.internal.Invoker.invokeTestMethods(Invoker.java:1131)
	at org.testng.internal.TestMethodWorker.invokeTestMethods(TestMethodWorker.java:124)
	at org.testng.internal.TestMethodWorker.run(TestMethodWorker.java:108)
	at java.util.concurrent.ThreadPoolExecutor.runWorker(ThreadPoolExecutor.java:1149)
	at java.util.concurrent.ThreadPoolExecutor$Worker.run(ThreadPoolExecutor.java:624)
	at java.lang.Thread.run(Thread.java:748)
]]>
    </error>
  </testcase> <!-- rReqTest -->
  <testcase name="rReqTest" time="0.028" classname="com.ca.tds.main.TDSFlowTest">
    <error type="org.testng.SkipException" message="Skipping [rReqTest] because the [rReqRequired] assumption(s) do not hold.">
      <![CDATA[org.testng.SkipException: Skipping [rReqTest] because the [rReqRequired] assumption(s) do not hold.
	at nl.javadude.assumeng.AssumptionListener.beforeInvocation(AssumptionListener.java:43)
	at org.testng.internal.invokers.InvokedMethodListenerInvoker$InvokeBeforeInvocationWithoutContextStrategy.callMethod(InvokedMethodListenerInvoker.java:84)
	at org.testng.internal.invokers.InvokedMethodListenerInvoker.invokeListener(InvokedMethodListenerInvoker.java:62)
	at org.testng.internal.Invoker.runInvokedMethodListeners(Invoker.java:552)
	at org.testng.internal.Invoker.invokeMethod(Invoker.java:617)
	at org.testng.internal.Invoker.invokeTestMethod(Invoker.java:821)
	at org.testng.internal.Invoker.invokeTestMethods(Invoker.java:1131)
	at org.testng.internal.TestMethodWorker.invokeTestMethods(TestMethodWorker.java:124)
	at org.testng.internal.TestMethodWorker.run(TestMethodWorker.java:108)
	at java.util.concurrent.ThreadPoolExecutor.runWorker(ThreadPoolExecutor.java:1149)
	at java.util.concurrent.ThreadPoolExecutor$Worker.run(ThreadPoolExecutor.java:624)
	at java.lang.Thread.run(Thread.java:748)
]]>
    </error>
  </testcase> <!-- rReqTest -->
  <testcase name="verifyAPI" time="0.020" classname="com.ca.tds.main.TDSFlowTest">
    <error type="org.testng.SkipException" message="Skipping [verifyAPI] because the [verifyApiRequired] assumption(s) do not hold.">
      <![CDATA[org.testng.SkipException: Skipping [verifyAPI] because the [verifyApiRequired] assumption(s) do not hold.
	at nl.javadude.assumeng.AssumptionListener.beforeInvocation(AssumptionListener.java:43)
	at org.testng.internal.invokers.InvokedMethodListenerInvoker$InvokeBeforeInvocationWithoutContextStrategy.callMethod(InvokedMethodListenerInvoker.java:84)
	at org.testng.internal.invokers.InvokedMethodListenerInvoker.invokeListener(InvokedMethodListenerInvoker.java:62)
	at org.testng.internal.Invoker.runInvokedMethodListeners(Invoker.java:552)
	at org.testng.internal.Invoker.invokeMethod(Invoker.java:617)
	at org.testng.internal.Invoker.invokeTestMethod(Invoker.java:821)
	at org.testng.internal.Invoker.invokeTestMethods(Invoker.java:1131)
	at org.testng.internal.TestMethodWorker.invokeTestMethods(TestMethodWorker.java:124)
	at org.testng.internal.TestMethodWorker.run(TestMethodWorker.java:108)
	at java.util.concurrent.ThreadPoolExecutor.runWorker(ThreadPoolExecutor.java:1149)
	at java.util.concurrent.ThreadPoolExecutor$Worker.run(ThreadPoolExecutor.java:624)
	at java.lang.Thread.run(Thread.java:748)
]]>
    </error>
  </testcase> <!-- verifyAPI -->
  <testcase name="brwPreAreq" time="0.549" classname="com.ca.tds.main.TDSFlowTest">
    <failure type="java.lang.AssertionError" message="ARes response json schema validation failed.&lt;br&gt;expected minLength: 17, actual: 4&lt;br&gt; api response : {&quot;acsTransID&quot;:&quot;d5a6c5e8-0dd3-49a3-b13b-0a0985e2ed92&quot;,&quot;dsName&quot;:&quot;visa&quot;,&quot;eci&quot;:&quot;07&quot;,&quot;callerTxnRefID&quot;:&quot;341b7153-da86-4543-860f-2ba47f0168a5&quot;,&quot;dsReferenceNumber&quot;:&quot;CADS&quot;,&quot;acsReferenceNumber&quot;:&quot;ABCDEF987654321&quot;,&quot;messageType&quot;:&quot;ARes&quot;,&quot;dsTransID&quot;:&quot;13b5cedb-cd28-478c-859c-4ab594fdcef6&quot;,&quot;transStatusReason&quot;:&quot;09&quot;,&quot;acsOperatorID&quot;:&quot;ACS_OPERATOR_ID&quot;,&quot;messageVersion&quot;:&quot;2.1.0&quot;,&quot;transStatus&quot;:&quot;R&quot;,&quot;threeDSServerTransID&quot;:&quot;fe765acf-42b5-4719-beba-e9c72cc46ff9&quot;}">
      <![CDATA[java.lang.AssertionError: ARes response json schema validation failed.<br>expected minLength: 17, actual: 4<br> api response : {"acsTransID":"d5a6c5e8-0dd3-49a3-b13b-0a0985e2ed92","dsName":"visa","eci":"07","callerTxnRefID":"341b7153-da86-4543-860f-2ba47f0168a5","dsReferenceNumber":"CADS","acsReferenceNumber":"ABCDEF987654321","messageType":"ARes","dsTransID":"13b5cedb-cd28-478c-859c-4ab594fdcef6","transStatusReason":"09","acsOperatorID":"ACS_OPERATOR_ID","messageVersion":"2.1.0","transStatus":"R","threeDSServerTransID":"fe765acf-42b5-4719-beba-e9c72cc46ff9"}
	at org.testng.Assert.fail(Assert.java:94)
	at com.ca.tds.main.TDSFlowTest.brwPreAreq(TDSFlowTest.java:176)
	at sun.reflect.GeneratedMethodAccessor36.invoke(Unknown Source)
	at sun.reflect.DelegatingMethodAccessorImpl.invoke(DelegatingMethodAccessorImpl.java:43)
	at java.lang.reflect.Method.invoke(Method.java:498)
	at org.testng.internal.MethodInvocationHelper.invokeMethod(MethodInvocationHelper.java:85)
	at org.testng.internal.Invoker.invokeMethod(Invoker.java:639)
	at org.testng.internal.Invoker.invokeTestMethod(Invoker.java:821)
	at org.testng.internal.Invoker.invokeTestMethods(Invoker.java:1131)
	at org.testng.internal.TestMethodWorker.invokeTestMethods(TestMethodWorker.java:124)
	at org.testng.internal.TestMethodWorker.run(TestMethodWorker.java:108)
	at java.util.concurrent.ThreadPoolExecutor.runWorker(ThreadPoolExecutor.java:1149)
	at java.util.concurrent.ThreadPoolExecutor$Worker.run(ThreadPoolExecutor.java:624)
	at java.lang.Thread.run(Thread.java:748)
]]>
    </failure>
  </testcase> <!-- brwPreAreq -->
  <testcase name="brwPreAreq" time="0.540" classname="com.ca.tds.main.TDSFlowTest">
    <failure type="java.lang.AssertionError" message="ARes response json schema validation failed.&lt;br&gt;expected minLength: 17, actual: 4&lt;br&gt; api response : {&quot;acsTransID&quot;:&quot;88b30841-e3b8-4ca2-bf72-b7e9542d843c&quot;,&quot;dsName&quot;:&quot;amex&quot;,&quot;eci&quot;:&quot;07&quot;,&quot;callerTxnRefID&quot;:&quot;341b7153-da86-4543-860f-2ba47f0168a5&quot;,&quot;dsReferenceNumber&quot;:&quot;CADS&quot;,&quot;acsReferenceNumber&quot;:&quot;ABCDEF987654321&quot;,&quot;XID&quot;:&quot;02010000e87f064a456542418aca25056e0d12de&quot;,&quot;messageType&quot;:&quot;ARes&quot;,&quot;dsTransID&quot;:&quot;e87f064a-4565-4241-8aca-25056e0d12de&quot;,&quot;transStatusReason&quot;:&quot;09&quot;,&quot;acsOperatorID&quot;:&quot;ACS_OPERATOR_ID&quot;,&quot;messageVersion&quot;:&quot;2.1.0&quot;,&quot;transStatus&quot;:&quot;R&quot;,&quot;threeDSServerTransID&quot;:&quot;f6598d5c-8159-4e49-8b74-e1fb56cb74cf&quot;}">
      <![CDATA[java.lang.AssertionError: ARes response json schema validation failed.<br>expected minLength: 17, actual: 4<br> api response : {"acsTransID":"88b30841-e3b8-4ca2-bf72-b7e9542d843c","dsName":"amex","eci":"07","callerTxnRefID":"341b7153-da86-4543-860f-2ba47f0168a5","dsReferenceNumber":"CADS","acsReferenceNumber":"ABCDEF987654321","XID":"02010000e87f064a456542418aca25056e0d12de","messageType":"ARes","dsTransID":"e87f064a-4565-4241-8aca-25056e0d12de","transStatusReason":"09","acsOperatorID":"ACS_OPERATOR_ID","messageVersion":"2.1.0","transStatus":"R","threeDSServerTransID":"f6598d5c-8159-4e49-8b74-e1fb56cb74cf"}
	at org.testng.Assert.fail(Assert.java:94)
	at com.ca.tds.main.TDSFlowTest.brwPreAreq(TDSFlowTest.java:176)
	at sun.reflect.NativeMethodAccessorImpl.invoke0(Native Method)
	at sun.reflect.NativeMethodAccessorImpl.invoke(NativeMethodAccessorImpl.java:62)
	at sun.reflect.DelegatingMethodAccessorImpl.invoke(DelegatingMethodAccessorImpl.java:43)
	at java.lang.reflect.Method.invoke(Method.java:498)
	at org.testng.internal.MethodInvocationHelper.invokeMethod(MethodInvocationHelper.java:85)
	at org.testng.internal.Invoker.invokeMethod(Invoker.java:639)
	at org.testng.internal.Invoker.invokeTestMethod(Invoker.java:821)
	at org.testng.internal.Invoker.invokeTestMethods(Invoker.java:1131)
	at org.testng.internal.TestMethodWorker.invokeTestMethods(TestMethodWorker.java:124)
	at org.testng.internal.TestMethodWorker.run(TestMethodWorker.java:108)
	at java.util.concurrent.ThreadPoolExecutor.runWorker(ThreadPoolExecutor.java:1149)
	at java.util.concurrent.ThreadPoolExecutor$Worker.run(ThreadPoolExecutor.java:624)
	at java.lang.Thread.run(Thread.java:748)
]]>
    </failure>
  </testcase> <!-- brwPreAreq -->
  <testcase name="brwPreAreq" time="0.538" classname="com.ca.tds.main.TDSFlowTest">
    <failure type="java.lang.AssertionError" message="ARes response json schema validation failed.&lt;br&gt;expected minLength: 17, actual: 4&lt;br&gt; api response : {&quot;acsTransID&quot;:&quot;7b651d5b-e9a5-42c1-be8c-8030b9e421ee&quot;,&quot;dsName&quot;:&quot;amex&quot;,&quot;eci&quot;:&quot;07&quot;,&quot;callerTxnRefID&quot;:&quot;341b7153-da86-4543-860f-2ba47f0168a5&quot;,&quot;dsReferenceNumber&quot;:&quot;CADS&quot;,&quot;acsReferenceNumber&quot;:&quot;ABCDEF987654321&quot;,&quot;XID&quot;:&quot;0201000031ace720f46b48d4b953b0fa22683bda&quot;,&quot;messageType&quot;:&quot;ARes&quot;,&quot;dsTransID&quot;:&quot;31ace720-f46b-48d4-b953-b0fa22683bda&quot;,&quot;transStatusReason&quot;:&quot;09&quot;,&quot;acsOperatorID&quot;:&quot;ACS_OPERATOR_ID&quot;,&quot;messageVersion&quot;:&quot;2.1.0&quot;,&quot;transStatus&quot;:&quot;R&quot;,&quot;threeDSServerTransID&quot;:&quot;ccacae0d-41d5-45ed-8d6c-9dc0312bbe1c&quot;}">
      <![CDATA[java.lang.AssertionError: ARes response json schema validation failed.<br>expected minLength: 17, actual: 4<br> api response : {"acsTransID":"7b651d5b-e9a5-42c1-be8c-8030b9e421ee","dsName":"amex","eci":"07","callerTxnRefID":"341b7153-da86-4543-860f-2ba47f0168a5","dsReferenceNumber":"CADS","acsReferenceNumber":"ABCDEF987654321","XID":"0201000031ace720f46b48d4b953b0fa22683bda","messageType":"ARes","dsTransID":"31ace720-f46b-48d4-b953-b0fa22683bda","transStatusReason":"09","acsOperatorID":"ACS_OPERATOR_ID","messageVersion":"2.1.0","transStatus":"R","threeDSServerTransID":"ccacae0d-41d5-45ed-8d6c-9dc0312bbe1c"}
	at org.testng.Assert.fail(Assert.java:94)
	at com.ca.tds.main.TDSFlowTest.brwPreAreq(TDSFlowTest.java:176)
	at sun.reflect.GeneratedMethodAccessor36.invoke(Unknown Source)
	at sun.reflect.DelegatingMethodAccessorImpl.invoke(DelegatingMethodAccessorImpl.java:43)
	at java.lang.reflect.Method.invoke(Method.java:498)
	at org.testng.internal.MethodInvocationHelper.invokeMethod(MethodInvocationHelper.java:85)
	at org.testng.internal.Invoker.invokeMethod(Invoker.java:639)
	at org.testng.internal.Invoker.invokeTestMethod(Invoker.java:821)
	at org.testng.internal.Invoker.invokeTestMethods(Invoker.java:1131)
	at org.testng.internal.TestMethodWorker.invokeTestMethods(TestMethodWorker.java:124)
	at org.testng.internal.TestMethodWorker.run(TestMethodWorker.java:108)
	at java.util.concurrent.ThreadPoolExecutor.runWorker(ThreadPoolExecutor.java:1149)
	at java.util.concurrent.ThreadPoolExecutor$Worker.run(ThreadPoolExecutor.java:624)
	at java.lang.Thread.run(Thread.java:748)
]]>
    </failure>
  </testcase> <!-- brwPreAreq -->
  <testcase name="brwPreAreq" time="0.553" classname="com.ca.tds.main.TDSFlowTest">
    <failure type="java.lang.AssertionError" message="ARes response json schema validation failed.&lt;br&gt;expected minLength: 17, actual: 4&lt;br&gt; api response : {&quot;acsTransID&quot;:&quot;920184c8-ea75-4dd6-89b0-e1243726246e&quot;,&quot;dsName&quot;:&quot;mastercard&quot;,&quot;eci&quot;:&quot;07&quot;,&quot;callerTxnRefID&quot;:&quot;341b7153-da86-4543-860f-2ba47f0168a5&quot;,&quot;dsReferenceNumber&quot;:&quot;CADS&quot;,&quot;acsReferenceNumber&quot;:&quot;ABCDEF987654321&quot;,&quot;messageType&quot;:&quot;ARes&quot;,&quot;dsTransID&quot;:&quot;b0b03215-518a-4472-8770-0797ac4bb7cc&quot;,&quot;transStatusReason&quot;:&quot;09&quot;,&quot;acsOperatorID&quot;:&quot;ACS_OPERATOR_ID&quot;,&quot;messageVersion&quot;:&quot;2.1.0&quot;,&quot;transStatus&quot;:&quot;R&quot;,&quot;threeDSServerTransID&quot;:&quot;131bc6b9-2343-452a-a86d-91b179e33961&quot;}">
      <![CDATA[java.lang.AssertionError: ARes response json schema validation failed.<br>expected minLength: 17, actual: 4<br> api response : {"acsTransID":"920184c8-ea75-4dd6-89b0-e1243726246e","dsName":"mastercard","eci":"07","callerTxnRefID":"341b7153-da86-4543-860f-2ba47f0168a5","dsReferenceNumber":"CADS","acsReferenceNumber":"ABCDEF987654321","messageType":"ARes","dsTransID":"b0b03215-518a-4472-8770-0797ac4bb7cc","transStatusReason":"09","acsOperatorID":"ACS_OPERATOR_ID","messageVersion":"2.1.0","transStatus":"R","threeDSServerTransID":"131bc6b9-2343-452a-a86d-91b179e33961"}
	at org.testng.Assert.fail(Assert.java:94)
	at com.ca.tds.main.TDSFlowTest.brwPreAreq(TDSFlowTest.java:176)
	at sun.reflect.GeneratedMethodAccessor36.invoke(Unknown Source)
	at sun.reflect.DelegatingMethodAccessorImpl.invoke(DelegatingMethodAccessorImpl.java:43)
	at java.lang.reflect.Method.invoke(Method.java:498)
	at org.testng.internal.MethodInvocationHelper.invokeMethod(MethodInvocationHelper.java:85)
	at org.testng.internal.Invoker.invokeMethod(Invoker.java:639)
	at org.testng.internal.Invoker.invokeTestMethod(Invoker.java:821)
	at org.testng.internal.Invoker.invokeTestMethods(Invoker.java:1131)
	at org.testng.internal.TestMethodWorker.invokeTestMethods(TestMethodWorker.java:124)
	at org.testng.internal.TestMethodWorker.run(TestMethodWorker.java:108)
	at java.util.concurrent.ThreadPoolExecutor.runWorker(ThreadPoolExecutor.java:1149)
	at java.util.concurrent.ThreadPoolExecutor$Worker.run(ThreadPoolExecutor.java:624)
	at java.lang.Thread.run(Thread.java:748)
]]>
    </failure>
  </testcase> <!-- brwPreAreq -->
  <testcase name="brwTDSMethodTest" time="0.537" classname="com.ca.tds.main.TDSFlowTest"/>
  <testcase name="verifyAPI" time="0.019" classname="com.ca.tds.main.TDSFlowTest">
    <error type="org.testng.SkipException" message="Skipping [verifyAPI] because the [verifyApiRequired] assumption(s) do not hold.">
      <![CDATA[org.testng.SkipException: Skipping [verifyAPI] because the [verifyApiRequired] assumption(s) do not hold.
	at nl.javadude.assumeng.AssumptionListener.beforeInvocation(AssumptionListener.java:43)
	at org.testng.internal.invokers.InvokedMethodListenerInvoker$InvokeBeforeInvocationWithoutContextStrategy.callMethod(InvokedMethodListenerInvoker.java:84)
	at org.testng.internal.invokers.InvokedMethodListenerInvoker.invokeListener(InvokedMethodListenerInvoker.java:62)
	at org.testng.internal.Invoker.runInvokedMethodListeners(Invoker.java:552)
	at org.testng.internal.Invoker.invokeMethod(Invoker.java:617)
	at org.testng.internal.Invoker.invokeTestMethod(Invoker.java:821)
	at org.testng.internal.Invoker.invokeTestMethods(Invoker.java:1131)
	at org.testng.internal.TestMethodWorker.invokeTestMethods(TestMethodWorker.java:124)
	at org.testng.internal.TestMethodWorker.run(TestMethodWorker.java:108)
	at java.util.concurrent.ThreadPoolExecutor.runWorker(ThreadPoolExecutor.java:1149)
	at java.util.concurrent.ThreadPoolExecutor$Worker.run(ThreadPoolExecutor.java:624)
	at java.lang.Thread.run(Thread.java:748)
]]>
    </error>
  </testcase> <!-- verifyAPI -->
  <testcase name="brwTDSMethodTest" time="0.507" classname="com.ca.tds.main.TDSFlowTest"/>
  <testcase name="verifyAPI" time="0.017" classname="com.ca.tds.main.TDSFlowTest">
    <error type="org.testng.SkipException" message="Skipping [verifyAPI] because the [verifyApiRequired] assumption(s) do not hold.">
      <![CDATA[org.testng.SkipException: Skipping [verifyAPI] because the [verifyApiRequired] assumption(s) do not hold.
	at nl.javadude.assumeng.AssumptionListener.beforeInvocation(AssumptionListener.java:43)
	at org.testng.internal.invokers.InvokedMethodListenerInvoker$InvokeBeforeInvocationWithoutContextStrategy.callMethod(InvokedMethodListenerInvoker.java:84)
	at org.testng.internal.invokers.InvokedMethodListenerInvoker.invokeListener(InvokedMethodListenerInvoker.java:62)
	at org.testng.internal.Invoker.runInvokedMethodListeners(Invoker.java:552)
	at org.testng.internal.Invoker.invokeMethod(Invoker.java:617)
	at org.testng.internal.Invoker.invokeTestMethod(Invoker.java:821)
	at org.testng.internal.Invoker.invokeTestMethods(Invoker.java:1131)
	at org.testng.internal.TestMethodWorker.invokeTestMethods(TestMethodWorker.java:124)
	at org.testng.internal.TestMethodWorker.run(TestMethodWorker.java:108)
	at java.util.concurrent.ThreadPoolExecutor.runWorker(ThreadPoolExecutor.java:1149)
	at java.util.concurrent.ThreadPoolExecutor$Worker.run(ThreadPoolExecutor.java:624)
	at java.lang.Thread.run(Thread.java:748)
]]>
    </error>
  </testcase> <!-- verifyAPI -->
  <testcase name="verifyAPI" time="0.022" classname="com.ca.tds.main.TDSFlowTest">
    <error type="org.testng.SkipException" message="Skipping [verifyAPI] because the [verifyApiRequired] assumption(s) do not hold.">
      <![CDATA[org.testng.SkipException: Skipping [verifyAPI] because the [verifyApiRequired] assumption(s) do not hold.
	at nl.javadude.assumeng.AssumptionListener.beforeInvocation(AssumptionListener.java:43)
	at org.testng.internal.invokers.InvokedMethodListenerInvoker$InvokeBeforeInvocationWithoutContextStrategy.callMethod(InvokedMethodListenerInvoker.java:84)
	at org.testng.internal.invokers.InvokedMethodListenerInvoker.invokeListener(InvokedMethodListenerInvoker.java:62)
	at org.testng.internal.Invoker.runInvokedMethodListeners(Invoker.java:552)
	at org.testng.internal.Invoker.invokeMethod(Invoker.java:617)
	at org.testng.internal.Invoker.invokeTestMethod(Invoker.java:821)
	at org.testng.internal.Invoker.invokeTestMethods(Invoker.java:1131)
	at org.testng.internal.TestMethodWorker.invokeTestMethods(TestMethodWorker.java:124)
	at org.testng.internal.TestMethodWorker.run(TestMethodWorker.java:108)
	at java.util.concurrent.ThreadPoolExecutor.runWorker(ThreadPoolExecutor.java:1149)
	at java.util.concurrent.ThreadPoolExecutor$Worker.run(ThreadPoolExecutor.java:624)
	at java.lang.Thread.run(Thread.java:748)
]]>
    </error>
  </testcase> <!-- verifyAPI -->
  <testcase name="brwPreAreq" time="0.530" classname="com.ca.tds.main.TDSFlowTest">
    <failure type="java.lang.AssertionError" message="ARes response json schema validation failed.&lt;br&gt;expected minLength: 17, actual: 4&lt;br&gt; api response : {&quot;acsTransID&quot;:&quot;49b8a0d5-13dc-408d-b1c6-848fd91a9df2&quot;,&quot;dsName&quot;:&quot;mastercard&quot;,&quot;eci&quot;:&quot;07&quot;,&quot;callerTxnRefID&quot;:&quot;341b7153-da86-4543-860f-2ba47f0168a5&quot;,&quot;dsReferenceNumber&quot;:&quot;CADS&quot;,&quot;acsReferenceNumber&quot;:&quot;ABCDEF987654321&quot;,&quot;messageType&quot;:&quot;ARes&quot;,&quot;dsTransID&quot;:&quot;4e70efdc-a089-44a6-b1b4-1fb5e8a008a9&quot;,&quot;transStatusReason&quot;:&quot;09&quot;,&quot;acsOperatorID&quot;:&quot;ACS_OPERATOR_ID&quot;,&quot;messageVersion&quot;:&quot;2.1.0&quot;,&quot;transStatus&quot;:&quot;R&quot;,&quot;threeDSServerTransID&quot;:&quot;05104b0c-b8b3-4d8f-8a05-dedbd6c85762&quot;}">
      <![CDATA[java.lang.AssertionError: ARes response json schema validation failed.<br>expected minLength: 17, actual: 4<br> api response : {"acsTransID":"49b8a0d5-13dc-408d-b1c6-848fd91a9df2","dsName":"mastercard","eci":"07","callerTxnRefID":"341b7153-da86-4543-860f-2ba47f0168a5","dsReferenceNumber":"CADS","acsReferenceNumber":"ABCDEF987654321","messageType":"ARes","dsTransID":"4e70efdc-a089-44a6-b1b4-1fb5e8a008a9","transStatusReason":"09","acsOperatorID":"ACS_OPERATOR_ID","messageVersion":"2.1.0","transStatus":"R","threeDSServerTransID":"05104b0c-b8b3-4d8f-8a05-dedbd6c85762"}
	at org.testng.Assert.fail(Assert.java:94)
	at com.ca.tds.main.TDSFlowTest.brwPreAreq(TDSFlowTest.java:176)
	at sun.reflect.GeneratedMethodAccessor36.invoke(Unknown Source)
	at sun.reflect.DelegatingMethodAccessorImpl.invoke(DelegatingMethodAccessorImpl.java:43)
	at java.lang.reflect.Method.invoke(Method.java:498)
	at org.testng.internal.MethodInvocationHelper.invokeMethod(MethodInvocationHelper.java:85)
	at org.testng.internal.Invoker.invokeMethod(Invoker.java:639)
	at org.testng.internal.Invoker.invokeTestMethod(Invoker.java:821)
	at org.testng.internal.Invoker.invokeTestMethods(Invoker.java:1131)
	at org.testng.internal.TestMethodWorker.invokeTestMethods(TestMethodWorker.java:124)
	at org.testng.internal.TestMethodWorker.run(TestMethodWorker.java:108)
	at java.util.concurrent.ThreadPoolExecutor.runWorker(ThreadPoolExecutor.java:1149)
	at java.util.concurrent.ThreadPoolExecutor$Worker.run(ThreadPoolExecutor.java:624)
	at java.lang.Thread.run(Thread.java:748)
]]>
    </failure>
  </testcase> <!-- brwPreAreq -->
  <testcase name="brwTDSMethodTest" time="0.521" classname="com.ca.tds.main.TDSFlowTest"/>
  <testcase name="brwPreAreq" time="0.533" classname="com.ca.tds.main.TDSFlowTest">
    <failure type="java.lang.AssertionError" message="ARes response json schema validation failed.&lt;br&gt;expected minLength: 17, actual: 4&lt;br&gt; api response : {&quot;acsTransID&quot;:&quot;1d9fe963-5f9a-47bb-aedb-456078c2fc03&quot;,&quot;dsName&quot;:&quot;amex&quot;,&quot;eci&quot;:&quot;07&quot;,&quot;callerTxnRefID&quot;:&quot;341b7153-da86-4543-860f-2ba47f0168a5&quot;,&quot;dsReferenceNumber&quot;:&quot;CADS&quot;,&quot;acsReferenceNumber&quot;:&quot;ABCDEF987654321&quot;,&quot;XID&quot;:&quot;0201000073229cc9330c42a3979242c1da384d9b&quot;,&quot;messageType&quot;:&quot;ARes&quot;,&quot;dsTransID&quot;:&quot;73229cc9-330c-42a3-9792-42c1da384d9b&quot;,&quot;transStatusReason&quot;:&quot;09&quot;,&quot;acsOperatorID&quot;:&quot;ACS_OPERATOR_ID&quot;,&quot;messageVersion&quot;:&quot;2.1.0&quot;,&quot;transStatus&quot;:&quot;R&quot;,&quot;threeDSServerTransID&quot;:&quot;69c084b0-e5ed-408e-9c4e-cddedef63a2b&quot;}">
      <![CDATA[java.lang.AssertionError: ARes response json schema validation failed.<br>expected minLength: 17, actual: 4<br> api response : {"acsTransID":"1d9fe963-5f9a-47bb-aedb-456078c2fc03","dsName":"amex","eci":"07","callerTxnRefID":"341b7153-da86-4543-860f-2ba47f0168a5","dsReferenceNumber":"CADS","acsReferenceNumber":"ABCDEF987654321","XID":"0201000073229cc9330c42a3979242c1da384d9b","messageType":"ARes","dsTransID":"73229cc9-330c-42a3-9792-42c1da384d9b","transStatusReason":"09","acsOperatorID":"ACS_OPERATOR_ID","messageVersion":"2.1.0","transStatus":"R","threeDSServerTransID":"69c084b0-e5ed-408e-9c4e-cddedef63a2b"}
	at org.testng.Assert.fail(Assert.java:94)
	at com.ca.tds.main.TDSFlowTest.brwPreAreq(TDSFlowTest.java:176)
	at sun.reflect.NativeMethodAccessorImpl.invoke0(Native Method)
	at sun.reflect.NativeMethodAccessorImpl.invoke(NativeMethodAccessorImpl.java:62)
	at sun.reflect.DelegatingMethodAccessorImpl.invoke(DelegatingMethodAccessorImpl.java:43)
	at java.lang.reflect.Method.invoke(Method.java:498)
	at org.testng.internal.MethodInvocationHelper.invokeMethod(MethodInvocationHelper.java:85)
	at org.testng.internal.Invoker.invokeMethod(Invoker.java:639)
	at org.testng.internal.Invoker.invokeTestMethod(Invoker.java:821)
	at org.testng.internal.Invoker.invokeTestMethods(Invoker.java:1131)
	at org.testng.internal.TestMethodWorker.invokeTestMethods(TestMethodWorker.java:124)
	at org.testng.internal.TestMethodWorker.run(TestMethodWorker.java:108)
	at java.util.concurrent.ThreadPoolExecutor.runWorker(ThreadPoolExecutor.java:1149)
	at java.util.concurrent.ThreadPoolExecutor$Worker.run(ThreadPoolExecutor.java:624)
	at java.lang.Thread.run(Thread.java:748)
]]>
    </failure>
  </testcase> <!-- brwPreAreq -->
  <testcase name="rReqTest" time="0.022" classname="com.ca.tds.main.TDSFlowTest">
    <error type="org.testng.SkipException" message="Skipping [rReqTest] because the [rReqRequired] assumption(s) do not hold.">
      <![CDATA[org.testng.SkipException: Skipping [rReqTest] because the [rReqRequired] assumption(s) do not hold.
	at nl.javadude.assumeng.AssumptionListener.beforeInvocation(AssumptionListener.java:43)
	at org.testng.internal.invokers.InvokedMethodListenerInvoker$InvokeBeforeInvocationWithoutContextStrategy.callMethod(InvokedMethodListenerInvoker.java:84)
	at org.testng.internal.invokers.InvokedMethodListenerInvoker.invokeListener(InvokedMethodListenerInvoker.java:62)
	at org.testng.internal.Invoker.runInvokedMethodListeners(Invoker.java:552)
	at org.testng.internal.Invoker.invokeMethod(Invoker.java:617)
	at org.testng.internal.Invoker.invokeTestMethod(Invoker.java:821)
	at org.testng.internal.Invoker.invokeTestMethods(Invoker.java:1131)
	at org.testng.internal.TestMethodWorker.invokeTestMethods(TestMethodWorker.java:124)
	at org.testng.internal.TestMethodWorker.run(TestMethodWorker.java:108)
	at java.util.concurrent.ThreadPoolExecutor.runWorker(ThreadPoolExecutor.java:1149)
	at java.util.concurrent.ThreadPoolExecutor$Worker.run(ThreadPoolExecutor.java:624)
	at java.lang.Thread.run(Thread.java:748)
]]>
    </error>
  </testcase> <!-- rReqTest -->
  <testcase name="verifyAPI" time="0.022" classname="com.ca.tds.main.TDSFlowTest">
    <error type="org.testng.SkipException" message="Skipping [verifyAPI] because the [verifyApiRequired] assumption(s) do not hold.">
      <![CDATA[org.testng.SkipException: Skipping [verifyAPI] because the [verifyApiRequired] assumption(s) do not hold.
	at nl.javadude.assumeng.AssumptionListener.beforeInvocation(AssumptionListener.java:43)
	at org.testng.internal.invokers.InvokedMethodListenerInvoker$InvokeBeforeInvocationWithoutContextStrategy.callMethod(InvokedMethodListenerInvoker.java:84)
	at org.testng.internal.invokers.InvokedMethodListenerInvoker.invokeListener(InvokedMethodListenerInvoker.java:62)
	at org.testng.internal.Invoker.runInvokedMethodListeners(Invoker.java:552)
	at org.testng.internal.Invoker.invokeMethod(Invoker.java:617)
	at org.testng.internal.Invoker.invokeTestMethod(Invoker.java:821)
	at org.testng.internal.Invoker.invokeTestMethods(Invoker.java:1131)
	at org.testng.internal.TestMethodWorker.invokeTestMethods(TestMethodWorker.java:124)
	at org.testng.internal.TestMethodWorker.run(TestMethodWorker.java:108)
	at java.util.concurrent.ThreadPoolExecutor.runWorker(ThreadPoolExecutor.java:1149)
	at java.util.concurrent.ThreadPoolExecutor$Worker.run(ThreadPoolExecutor.java:624)
	at java.lang.Thread.run(Thread.java:748)
]]>
    </error>
  </testcase> <!-- verifyAPI -->
  <testcase name="verifyAPI" time="0.017" classname="com.ca.tds.main.TDSFlowTest">
    <error type="org.testng.SkipException" message="Skipping [verifyAPI] because the [verifyApiRequired] assumption(s) do not hold.">
      <![CDATA[org.testng.SkipException: Skipping [verifyAPI] because the [verifyApiRequired] assumption(s) do not hold.
	at nl.javadude.assumeng.AssumptionListener.beforeInvocation(AssumptionListener.java:43)
	at org.testng.internal.invokers.InvokedMethodListenerInvoker$InvokeBeforeInvocationWithoutContextStrategy.callMethod(InvokedMethodListenerInvoker.java:84)
	at org.testng.internal.invokers.InvokedMethodListenerInvoker.invokeListener(InvokedMethodListenerInvoker.java:62)
	at org.testng.internal.Invoker.runInvokedMethodListeners(Invoker.java:552)
	at org.testng.internal.Invoker.invokeMethod(Invoker.java:617)
	at org.testng.internal.Invoker.invokeTestMethod(Invoker.java:821)
	at org.testng.internal.Invoker.invokeTestMethods(Invoker.java:1131)
	at org.testng.internal.TestMethodWorker.invokeTestMethods(TestMethodWorker.java:124)
	at org.testng.internal.TestMethodWorker.run(TestMethodWorker.java:108)
	at java.util.concurrent.ThreadPoolExecutor.runWorker(ThreadPoolExecutor.java:1149)
	at java.util.concurrent.ThreadPoolExecutor$Worker.run(ThreadPoolExecutor.java:624)
	at java.lang.Thread.run(Thread.java:748)
]]>
    </error>
  </testcase> <!-- verifyAPI -->
  <testcase name="brwPreAreq" time="0.533" classname="com.ca.tds.main.TDSFlowTest">
    <failure type="java.lang.AssertionError" message="ARes response json schema validation failed.&lt;br&gt;expected minLength: 17, actual: 4&lt;br&gt; api response : {&quot;acsTransID&quot;:&quot;a909c307-6029-48fc-9957-15aac90a6fa9&quot;,&quot;dsName&quot;:&quot;mastercard&quot;,&quot;eci&quot;:&quot;07&quot;,&quot;callerTxnRefID&quot;:&quot;341b7153-da86-4543-860f-2ba47f0168a5&quot;,&quot;dsReferenceNumber&quot;:&quot;CADS&quot;,&quot;acsReferenceNumber&quot;:&quot;ABCDEF987654321&quot;,&quot;messageType&quot;:&quot;ARes&quot;,&quot;dsTransID&quot;:&quot;1870e1c4-3186-4a9d-926c-01fa81948e82&quot;,&quot;transStatusReason&quot;:&quot;09&quot;,&quot;acsOperatorID&quot;:&quot;ACS_OPERATOR_ID&quot;,&quot;messageVersion&quot;:&quot;2.1.0&quot;,&quot;transStatus&quot;:&quot;R&quot;,&quot;threeDSServerTransID&quot;:&quot;596fe237-f0c8-4c4c-9c20-b4a5b7507349&quot;}">
      <![CDATA[java.lang.AssertionError: ARes response json schema validation failed.<br>expected minLength: 17, actual: 4<br> api response : {"acsTransID":"a909c307-6029-48fc-9957-15aac90a6fa9","dsName":"mastercard","eci":"07","callerTxnRefID":"341b7153-da86-4543-860f-2ba47f0168a5","dsReferenceNumber":"CADS","acsReferenceNumber":"ABCDEF987654321","messageType":"ARes","dsTransID":"1870e1c4-3186-4a9d-926c-01fa81948e82","transStatusReason":"09","acsOperatorID":"ACS_OPERATOR_ID","messageVersion":"2.1.0","transStatus":"R","threeDSServerTransID":"596fe237-f0c8-4c4c-9c20-b4a5b7507349"}
	at org.testng.Assert.fail(Assert.java:94)
	at com.ca.tds.main.TDSFlowTest.brwPreAreq(TDSFlowTest.java:176)
	at sun.reflect.GeneratedMethodAccessor36.invoke(Unknown Source)
	at sun.reflect.DelegatingMethodAccessorImpl.invoke(DelegatingMethodAccessorImpl.java:43)
	at java.lang.reflect.Method.invoke(Method.java:498)
	at org.testng.internal.MethodInvocationHelper.invokeMethod(MethodInvocationHelper.java:85)
	at org.testng.internal.Invoker.invokeMethod(Invoker.java:639)
	at org.testng.internal.Invoker.invokeTestMethod(Invoker.java:821)
	at org.testng.internal.Invoker.invokeTestMethods(Invoker.java:1131)
	at org.testng.internal.TestMethodWorker.invokeTestMethods(TestMethodWorker.java:124)
	at org.testng.internal.TestMethodWorker.run(TestMethodWorker.java:108)
	at java.util.concurrent.ThreadPoolExecutor.runWorker(ThreadPoolExecutor.java:1149)
	at java.util.concurrent.ThreadPoolExecutor$Worker.run(ThreadPoolExecutor.java:624)
	at java.lang.Thread.run(Thread.java:748)
]]>
    </failure>
  </testcase> <!-- brwPreAreq -->
  <testcase name="verifyAPI" time="0.018" classname="com.ca.tds.main.TDSFlowTest">
    <error type="org.testng.SkipException" message="Skipping [verifyAPI] because the [verifyApiRequired] assumption(s) do not hold.">
      <![CDATA[org.testng.SkipException: Skipping [verifyAPI] because the [verifyApiRequired] assumption(s) do not hold.
	at nl.javadude.assumeng.AssumptionListener.beforeInvocation(AssumptionListener.java:43)
	at org.testng.internal.invokers.InvokedMethodListenerInvoker$InvokeBeforeInvocationWithoutContextStrategy.callMethod(InvokedMethodListenerInvoker.java:84)
	at org.testng.internal.invokers.InvokedMethodListenerInvoker.invokeListener(InvokedMethodListenerInvoker.java:62)
	at org.testng.internal.Invoker.runInvokedMethodListeners(Invoker.java:552)
	at org.testng.internal.Invoker.invokeMethod(Invoker.java:617)
	at org.testng.internal.Invoker.invokeTestMethod(Invoker.java:821)
	at org.testng.internal.Invoker.invokeTestMethods(Invoker.java:1131)
	at org.testng.internal.TestMethodWorker.invokeTestMethods(TestMethodWorker.java:124)
	at org.testng.internal.TestMethodWorker.run(TestMethodWorker.java:108)
	at java.util.concurrent.ThreadPoolExecutor.runWorker(ThreadPoolExecutor.java:1149)
	at java.util.concurrent.ThreadPoolExecutor$Worker.run(ThreadPoolExecutor.java:624)
	at java.lang.Thread.run(Thread.java:748)
]]>
    </error>
  </testcase> <!-- verifyAPI -->
  <testcase name="brwPreAreq" time="0.529" classname="com.ca.tds.main.TDSFlowTest">
    <failure type="java.lang.AssertionError" message="ARes response json schema validation failed.&lt;br&gt;expected minLength: 17, actual: 4&lt;br&gt; api response : {&quot;acsTransID&quot;:&quot;7dca6666-f528-4969-b53d-3dddf1d6ea5b&quot;,&quot;dsName&quot;:&quot;amex&quot;,&quot;eci&quot;:&quot;07&quot;,&quot;callerTxnRefID&quot;:&quot;341b7153-da86-4543-860f-2ba47f0168a5&quot;,&quot;dsReferenceNumber&quot;:&quot;CADS&quot;,&quot;acsReferenceNumber&quot;:&quot;ABCDEF987654321&quot;,&quot;XID&quot;:&quot;02010000d19820813daa477b934cd2763ad24366&quot;,&quot;messageType&quot;:&quot;ARes&quot;,&quot;dsTransID&quot;:&quot;d1982081-3daa-477b-934c-d2763ad24366&quot;,&quot;transStatusReason&quot;:&quot;09&quot;,&quot;acsOperatorID&quot;:&quot;ACS_OPERATOR_ID&quot;,&quot;messageVersion&quot;:&quot;2.1.0&quot;,&quot;transStatus&quot;:&quot;R&quot;,&quot;threeDSServerTransID&quot;:&quot;a309e6b7-58bb-4ccb-a191-f3466aee57bc&quot;}">
      <![CDATA[java.lang.AssertionError: ARes response json schema validation failed.<br>expected minLength: 17, actual: 4<br> api response : {"acsTransID":"7dca6666-f528-4969-b53d-3dddf1d6ea5b","dsName":"amex","eci":"07","callerTxnRefID":"341b7153-da86-4543-860f-2ba47f0168a5","dsReferenceNumber":"CADS","acsReferenceNumber":"ABCDEF987654321","XID":"02010000d19820813daa477b934cd2763ad24366","messageType":"ARes","dsTransID":"d1982081-3daa-477b-934c-d2763ad24366","transStatusReason":"09","acsOperatorID":"ACS_OPERATOR_ID","messageVersion":"2.1.0","transStatus":"R","threeDSServerTransID":"a309e6b7-58bb-4ccb-a191-f3466aee57bc"}
	at org.testng.Assert.fail(Assert.java:94)
	at com.ca.tds.main.TDSFlowTest.brwPreAreq(TDSFlowTest.java:176)
	at sun.reflect.NativeMethodAccessorImpl.invoke0(Native Method)
	at sun.reflect.NativeMethodAccessorImpl.invoke(NativeMethodAccessorImpl.java:62)
	at sun.reflect.DelegatingMethodAccessorImpl.invoke(DelegatingMethodAccessorImpl.java:43)
	at java.lang.reflect.Method.invoke(Method.java:498)
	at org.testng.internal.MethodInvocationHelper.invokeMethod(MethodInvocationHelper.java:85)
	at org.testng.internal.Invoker.invokeMethod(Invoker.java:639)
	at org.testng.internal.Invoker.invokeTestMethod(Invoker.java:821)
	at org.testng.internal.Invoker.invokeTestMethods(Invoker.java:1131)
	at org.testng.internal.TestMethodWorker.invokeTestMethods(TestMethodWorker.java:124)
	at org.testng.internal.TestMethodWorker.run(TestMethodWorker.java:108)
	at java.util.concurrent.ThreadPoolExecutor.runWorker(ThreadPoolExecutor.java:1149)
	at java.util.concurrent.ThreadPoolExecutor$Worker.run(ThreadPoolExecutor.java:624)
	at java.lang.Thread.run(Thread.java:748)
]]>
    </failure>
  </testcase> <!-- brwPreAreq -->
  <testcase name="verifyAPI" time="0.020" classname="com.ca.tds.main.TDSFlowTest">
    <error type="org.testng.SkipException" message="Skipping [verifyAPI] because the [verifyApiRequired] assumption(s) do not hold.">
      <![CDATA[org.testng.SkipException: Skipping [verifyAPI] because the [verifyApiRequired] assumption(s) do not hold.
	at nl.javadude.assumeng.AssumptionListener.beforeInvocation(AssumptionListener.java:43)
	at org.testng.internal.invokers.InvokedMethodListenerInvoker$InvokeBeforeInvocationWithoutContextStrategy.callMethod(InvokedMethodListenerInvoker.java:84)
	at org.testng.internal.invokers.InvokedMethodListenerInvoker.invokeListener(InvokedMethodListenerInvoker.java:62)
	at org.testng.internal.Invoker.runInvokedMethodListeners(Invoker.java:552)
	at org.testng.internal.Invoker.invokeMethod(Invoker.java:617)
	at org.testng.internal.Invoker.invokeTestMethod(Invoker.java:821)
	at org.testng.internal.Invoker.invokeTestMethods(Invoker.java:1131)
	at org.testng.internal.TestMethodWorker.invokeTestMethods(TestMethodWorker.java:124)
	at org.testng.internal.TestMethodWorker.run(TestMethodWorker.java:108)
	at java.util.concurrent.ThreadPoolExecutor.runWorker(ThreadPoolExecutor.java:1149)
	at java.util.concurrent.ThreadPoolExecutor$Worker.run(ThreadPoolExecutor.java:624)
	at java.lang.Thread.run(Thread.java:748)
]]>
    </error>
  </testcase> <!-- verifyAPI -->
  <testcase name="brwTDSMethodTest" time="0.505" classname="com.ca.tds.main.TDSFlowTest"/>
  <testcase name="rReqTest" time="0.023" classname="com.ca.tds.main.TDSFlowTest">
    <error type="org.testng.SkipException" message="Skipping [rReqTest] because the [rReqRequired] assumption(s) do not hold.">
      <![CDATA[org.testng.SkipException: Skipping [rReqTest] because the [rReqRequired] assumption(s) do not hold.
	at nl.javadude.assumeng.AssumptionListener.beforeInvocation(AssumptionListener.java:43)
	at org.testng.internal.invokers.InvokedMethodListenerInvoker$InvokeBeforeInvocationWithoutContextStrategy.callMethod(InvokedMethodListenerInvoker.java:84)
	at org.testng.internal.invokers.InvokedMethodListenerInvoker.invokeListener(InvokedMethodListenerInvoker.java:62)
	at org.testng.internal.Invoker.runInvokedMethodListeners(Invoker.java:552)
	at org.testng.internal.Invoker.invokeMethod(Invoker.java:617)
	at org.testng.internal.Invoker.invokeTestMethod(Invoker.java:821)
	at org.testng.internal.Invoker.invokeTestMethods(Invoker.java:1131)
	at org.testng.internal.TestMethodWorker.invokeTestMethods(TestMethodWorker.java:124)
	at org.testng.internal.TestMethodWorker.run(TestMethodWorker.java:108)
	at java.util.concurrent.ThreadPoolExecutor.runWorker(ThreadPoolExecutor.java:1149)
	at java.util.concurrent.ThreadPoolExecutor$Worker.run(ThreadPoolExecutor.java:624)
	at java.lang.Thread.run(Thread.java:748)
]]>
    </error>
  </testcase> <!-- rReqTest -->
  <testcase name="rReqTest" time="0.017" classname="com.ca.tds.main.TDSFlowTest">
    <error type="org.testng.SkipException" message="Skipping [rReqTest] because the [rReqRequired] assumption(s) do not hold.">
      <![CDATA[org.testng.SkipException: Skipping [rReqTest] because the [rReqRequired] assumption(s) do not hold.
	at nl.javadude.assumeng.AssumptionListener.beforeInvocation(AssumptionListener.java:43)
	at org.testng.internal.invokers.InvokedMethodListenerInvoker$InvokeBeforeInvocationWithoutContextStrategy.callMethod(InvokedMethodListenerInvoker.java:84)
	at org.testng.internal.invokers.InvokedMethodListenerInvoker.invokeListener(InvokedMethodListenerInvoker.java:62)
	at org.testng.internal.Invoker.runInvokedMethodListeners(Invoker.java:552)
	at org.testng.internal.Invoker.invokeMethod(Invoker.java:617)
	at org.testng.internal.Invoker.invokeTestMethod(Invoker.java:821)
	at org.testng.internal.Invoker.invokeTestMethods(Invoker.java:1131)
	at org.testng.internal.TestMethodWorker.invokeTestMethods(TestMethodWorker.java:124)
	at org.testng.internal.TestMethodWorker.run(TestMethodWorker.java:108)
	at java.util.concurrent.ThreadPoolExecutor.runWorker(ThreadPoolExecutor.java:1149)
	at java.util.concurrent.ThreadPoolExecutor$Worker.run(ThreadPoolExecutor.java:624)
	at java.lang.Thread.run(Thread.java:748)
]]>
    </error>
  </testcase> <!-- rReqTest -->
  <testcase name="rReqTest" time="0.016" classname="com.ca.tds.main.TDSFlowTest">
    <error type="org.testng.SkipException" message="Skipping [rReqTest] because the [rReqRequired] assumption(s) do not hold.">
      <![CDATA[org.testng.SkipException: Skipping [rReqTest] because the [rReqRequired] assumption(s) do not hold.
	at nl.javadude.assumeng.AssumptionListener.beforeInvocation(AssumptionListener.java:43)
	at org.testng.internal.invokers.InvokedMethodListenerInvoker$InvokeBeforeInvocationWithoutContextStrategy.callMethod(InvokedMethodListenerInvoker.java:84)
	at org.testng.internal.invokers.InvokedMethodListenerInvoker.invokeListener(InvokedMethodListenerInvoker.java:62)
	at org.testng.internal.Invoker.runInvokedMethodListeners(Invoker.java:552)
	at org.testng.internal.Invoker.invokeMethod(Invoker.java:617)
	at org.testng.internal.Invoker.invokeTestMethod(Invoker.java:821)
	at org.testng.internal.Invoker.invokeTestMethods(Invoker.java:1131)
	at org.testng.internal.TestMethodWorker.invokeTestMethods(TestMethodWorker.java:124)
	at org.testng.internal.TestMethodWorker.run(TestMethodWorker.java:108)
	at java.util.concurrent.ThreadPoolExecutor.runWorker(ThreadPoolExecutor.java:1149)
	at java.util.concurrent.ThreadPoolExecutor$Worker.run(ThreadPoolExecutor.java:624)
	at java.lang.Thread.run(Thread.java:748)
]]>
    </error>
  </testcase> <!-- rReqTest -->
  <testcase name="rReqTest" time="0.018" classname="com.ca.tds.main.TDSFlowTest">
    <error type="org.testng.SkipException" message="Skipping [rReqTest] because the [rReqRequired] assumption(s) do not hold.">
      <![CDATA[org.testng.SkipException: Skipping [rReqTest] because the [rReqRequired] assumption(s) do not hold.
	at nl.javadude.assumeng.AssumptionListener.beforeInvocation(AssumptionListener.java:43)
	at org.testng.internal.invokers.InvokedMethodListenerInvoker$InvokeBeforeInvocationWithoutContextStrategy.callMethod(InvokedMethodListenerInvoker.java:84)
	at org.testng.internal.invokers.InvokedMethodListenerInvoker.invokeListener(InvokedMethodListenerInvoker.java:62)
	at org.testng.internal.Invoker.runInvokedMethodListeners(Invoker.java:552)
	at org.testng.internal.Invoker.invokeMethod(Invoker.java:617)
	at org.testng.internal.Invoker.invokeTestMethod(Invoker.java:821)
	at org.testng.internal.Invoker.invokeTestMethods(Invoker.java:1131)
	at org.testng.internal.TestMethodWorker.invokeTestMethods(TestMethodWorker.java:124)
	at org.testng.internal.TestMethodWorker.run(TestMethodWorker.java:108)
	at java.util.concurrent.ThreadPoolExecutor.runWorker(ThreadPoolExecutor.java:1149)
	at java.util.concurrent.ThreadPoolExecutor$Worker.run(ThreadPoolExecutor.java:624)
	at java.lang.Thread.run(Thread.java:748)
]]>
    </error>
  </testcase> <!-- rReqTest -->
  <testcase name="rReqTest" time="0.024" classname="com.ca.tds.main.TDSFlowTest">
    <error type="org.testng.SkipException" message="Skipping [rReqTest] because the [rReqRequired] assumption(s) do not hold.">
      <![CDATA[org.testng.SkipException: Skipping [rReqTest] because the [rReqRequired] assumption(s) do not hold.
	at nl.javadude.assumeng.AssumptionListener.beforeInvocation(AssumptionListener.java:43)
	at org.testng.internal.invokers.InvokedMethodListenerInvoker$InvokeBeforeInvocationWithoutContextStrategy.callMethod(InvokedMethodListenerInvoker.java:84)
	at org.testng.internal.invokers.InvokedMethodListenerInvoker.invokeListener(InvokedMethodListenerInvoker.java:62)
	at org.testng.internal.Invoker.runInvokedMethodListeners(Invoker.java:552)
	at org.testng.internal.Invoker.invokeMethod(Invoker.java:617)
	at org.testng.internal.Invoker.invokeTestMethod(Invoker.java:821)
	at org.testng.internal.Invoker.invokeTestMethods(Invoker.java:1131)
	at org.testng.internal.TestMethodWorker.invokeTestMethods(TestMethodWorker.java:124)
	at org.testng.internal.TestMethodWorker.run(TestMethodWorker.java:108)
	at java.util.concurrent.ThreadPoolExecutor.runWorker(ThreadPoolExecutor.java:1149)
	at java.util.concurrent.ThreadPoolExecutor$Worker.run(ThreadPoolExecutor.java:624)
	at java.lang.Thread.run(Thread.java:748)
]]>
    </error>
  </testcase> <!-- rReqTest -->
  <testcase name="rReqTest" time="0.021" classname="com.ca.tds.main.TDSFlowTest">
    <error type="org.testng.SkipException" message="Skipping [rReqTest] because the [rReqRequired] assumption(s) do not hold.">
      <![CDATA[org.testng.SkipException: Skipping [rReqTest] because the [rReqRequired] assumption(s) do not hold.
	at nl.javadude.assumeng.AssumptionListener.beforeInvocation(AssumptionListener.java:43)
	at org.testng.internal.invokers.InvokedMethodListenerInvoker$InvokeBeforeInvocationWithoutContextStrategy.callMethod(InvokedMethodListenerInvoker.java:84)
	at org.testng.internal.invokers.InvokedMethodListenerInvoker.invokeListener(InvokedMethodListenerInvoker.java:62)
	at org.testng.internal.Invoker.runInvokedMethodListeners(Invoker.java:552)
	at org.testng.internal.Invoker.invokeMethod(Invoker.java:617)
	at org.testng.internal.Invoker.invokeTestMethod(Invoker.java:821)
	at org.testng.internal.Invoker.invokeTestMethods(Invoker.java:1131)
	at org.testng.internal.TestMethodWorker.invokeTestMethods(TestMethodWorker.java:124)
	at org.testng.internal.TestMethodWorker.run(TestMethodWorker.java:108)
	at java.util.concurrent.ThreadPoolExecutor.runWorker(ThreadPoolExecutor.java:1149)
	at java.util.concurrent.ThreadPoolExecutor$Worker.run(ThreadPoolExecutor.java:624)
	at java.lang.Thread.run(Thread.java:748)
]]>
    </error>
  </testcase> <!-- rReqTest -->
  <testcase name="rReqTest" time="0.020" classname="com.ca.tds.main.TDSFlowTest">
    <error type="org.testng.SkipException" message="Skipping [rReqTest] because the [rReqRequired] assumption(s) do not hold.">
      <![CDATA[org.testng.SkipException: Skipping [rReqTest] because the [rReqRequired] assumption(s) do not hold.
	at nl.javadude.assumeng.AssumptionListener.beforeInvocation(AssumptionListener.java:43)
	at org.testng.internal.invokers.InvokedMethodListenerInvoker$InvokeBeforeInvocationWithoutContextStrategy.callMethod(InvokedMethodListenerInvoker.java:84)
	at org.testng.internal.invokers.InvokedMethodListenerInvoker.invokeListener(InvokedMethodListenerInvoker.java:62)
	at org.testng.internal.Invoker.runInvokedMethodListeners(Invoker.java:552)
	at org.testng.internal.Invoker.invokeMethod(Invoker.java:617)
	at org.testng.internal.Invoker.invokeTestMethod(Invoker.java:821)
	at org.testng.internal.Invoker.invokeTestMethods(Invoker.java:1131)
	at org.testng.internal.TestMethodWorker.invokeTestMethods(TestMethodWorker.java:124)
	at org.testng.internal.TestMethodWorker.run(TestMethodWorker.java:108)
	at java.util.concurrent.ThreadPoolExecutor.runWorker(ThreadPoolExecutor.java:1149)
	at java.util.concurrent.ThreadPoolExecutor$Worker.run(ThreadPoolExecutor.java:624)
	at java.lang.Thread.run(Thread.java:748)
]]>
    </error>
  </testcase> <!-- rReqTest -->
  <testcase name="brwTDSMethodTest" time="0.497" classname="com.ca.tds.main.TDSFlowTest"/>
  <testcase name="brwPreAreq" time="0.547" classname="com.ca.tds.main.TDSFlowTest">
    <failure type="java.lang.AssertionError" message="ARes response json schema validation failed.&lt;br&gt;expected minLength: 17, actual: 4&lt;br&gt; api response : {&quot;acsTransID&quot;:&quot;99adc09f-b6b0-4ed3-8666-a1b047a27807&quot;,&quot;dsName&quot;:&quot;mastercard&quot;,&quot;eci&quot;:&quot;07&quot;,&quot;callerTxnRefID&quot;:&quot;341b7153-da86-4543-860f-2ba47f0168a5&quot;,&quot;dsReferenceNumber&quot;:&quot;CADS&quot;,&quot;acsReferenceNumber&quot;:&quot;ABCDEF987654321&quot;,&quot;messageType&quot;:&quot;ARes&quot;,&quot;dsTransID&quot;:&quot;f05fb165-9b47-482f-8706-faffe995e441&quot;,&quot;transStatusReason&quot;:&quot;09&quot;,&quot;acsOperatorID&quot;:&quot;ACS_OPERATOR_ID&quot;,&quot;messageVersion&quot;:&quot;2.1.0&quot;,&quot;transStatus&quot;:&quot;R&quot;,&quot;threeDSServerTransID&quot;:&quot;7baaf5fa-7b73-43cf-98c8-18a8f4ffa6ee&quot;}">
      <![CDATA[java.lang.AssertionError: ARes response json schema validation failed.<br>expected minLength: 17, actual: 4<br> api response : {"acsTransID":"99adc09f-b6b0-4ed3-8666-a1b047a27807","dsName":"mastercard","eci":"07","callerTxnRefID":"341b7153-da86-4543-860f-2ba47f0168a5","dsReferenceNumber":"CADS","acsReferenceNumber":"ABCDEF987654321","messageType":"ARes","dsTransID":"f05fb165-9b47-482f-8706-faffe995e441","transStatusReason":"09","acsOperatorID":"ACS_OPERATOR_ID","messageVersion":"2.1.0","transStatus":"R","threeDSServerTransID":"7baaf5fa-7b73-43cf-98c8-18a8f4ffa6ee"}
	at org.testng.Assert.fail(Assert.java:94)
	at com.ca.tds.main.TDSFlowTest.brwPreAreq(TDSFlowTest.java:176)
	at sun.reflect.GeneratedMethodAccessor36.invoke(Unknown Source)
	at sun.reflect.DelegatingMethodAccessorImpl.invoke(DelegatingMethodAccessorImpl.java:43)
	at java.lang.reflect.Method.invoke(Method.java:498)
	at org.testng.internal.MethodInvocationHelper.invokeMethod(MethodInvocationHelper.java:85)
	at org.testng.internal.Invoker.invokeMethod(Invoker.java:639)
	at org.testng.internal.Invoker.invokeTestMethod(Invoker.java:821)
	at org.testng.internal.Invoker.invokeTestMethods(Invoker.java:1131)
	at org.testng.internal.TestMethodWorker.invokeTestMethods(TestMethodWorker.java:124)
	at org.testng.internal.TestMethodWorker.run(TestMethodWorker.java:108)
	at java.util.concurrent.ThreadPoolExecutor.runWorker(ThreadPoolExecutor.java:1149)
	at java.util.concurrent.ThreadPoolExecutor$Worker.run(ThreadPoolExecutor.java:624)
	at java.lang.Thread.run(Thread.java:748)
]]>
    </failure>
  </testcase> <!-- brwPreAreq -->
  <testcase name="rReqTest" time="0.022" classname="com.ca.tds.main.TDSFlowTest">
    <error type="org.testng.SkipException" message="Skipping [rReqTest] because the [rReqRequired] assumption(s) do not hold.">
      <![CDATA[org.testng.SkipException: Skipping [rReqTest] because the [rReqRequired] assumption(s) do not hold.
	at nl.javadude.assumeng.AssumptionListener.beforeInvocation(AssumptionListener.java:43)
	at org.testng.internal.invokers.InvokedMethodListenerInvoker$InvokeBeforeInvocationWithoutContextStrategy.callMethod(InvokedMethodListenerInvoker.java:84)
	at org.testng.internal.invokers.InvokedMethodListenerInvoker.invokeListener(InvokedMethodListenerInvoker.java:62)
	at org.testng.internal.Invoker.runInvokedMethodListeners(Invoker.java:552)
	at org.testng.internal.Invoker.invokeMethod(Invoker.java:617)
	at org.testng.internal.Invoker.invokeTestMethod(Invoker.java:821)
	at org.testng.internal.Invoker.invokeTestMethods(Invoker.java:1131)
	at org.testng.internal.TestMethodWorker.invokeTestMethods(TestMethodWorker.java:124)
	at org.testng.internal.TestMethodWorker.run(TestMethodWorker.java:108)
	at java.util.concurrent.ThreadPoolExecutor.runWorker(ThreadPoolExecutor.java:1149)
	at java.util.concurrent.ThreadPoolExecutor$Worker.run(ThreadPoolExecutor.java:624)
	at java.lang.Thread.run(Thread.java:748)
]]>
    </error>
  </testcase> <!-- rReqTest -->
  <testcase name="brwPreAreq" time="0.549" classname="com.ca.tds.main.TDSFlowTest">
    <failure type="java.lang.AssertionError" message="ARes response json schema validation failed.&lt;br&gt;expected minLength: 17, actual: 4&lt;br&gt; api response : {&quot;acsTransID&quot;:&quot;469fa64b-a164-4228-b1df-79c7537e2231&quot;,&quot;dsName&quot;:&quot;visa&quot;,&quot;eci&quot;:&quot;07&quot;,&quot;callerTxnRefID&quot;:&quot;341b7153-da86-4543-860f-2ba47f0168a5&quot;,&quot;dsReferenceNumber&quot;:&quot;CADS&quot;,&quot;acsReferenceNumber&quot;:&quot;ABCDEF987654321&quot;,&quot;messageType&quot;:&quot;ARes&quot;,&quot;dsTransID&quot;:&quot;1ab5f378-f4b4-4bfd-b47b-c0504381df42&quot;,&quot;transStatusReason&quot;:&quot;09&quot;,&quot;acsOperatorID&quot;:&quot;ACS_OPERATOR_ID&quot;,&quot;messageVersion&quot;:&quot;2.1.0&quot;,&quot;transStatus&quot;:&quot;R&quot;,&quot;threeDSServerTransID&quot;:&quot;8053984b-bcc1-446b-9973-726d14c4eb5f&quot;}">
      <![CDATA[java.lang.AssertionError: ARes response json schema validation failed.<br>expected minLength: 17, actual: 4<br> api response : {"acsTransID":"469fa64b-a164-4228-b1df-79c7537e2231","dsName":"visa","eci":"07","callerTxnRefID":"341b7153-da86-4543-860f-2ba47f0168a5","dsReferenceNumber":"CADS","acsReferenceNumber":"ABCDEF987654321","messageType":"ARes","dsTransID":"1ab5f378-f4b4-4bfd-b47b-c0504381df42","transStatusReason":"09","acsOperatorID":"ACS_OPERATOR_ID","messageVersion":"2.1.0","transStatus":"R","threeDSServerTransID":"8053984b-bcc1-446b-9973-726d14c4eb5f"}
	at org.testng.Assert.fail(Assert.java:94)
	at com.ca.tds.main.TDSFlowTest.brwPreAreq(TDSFlowTest.java:176)
	at sun.reflect.GeneratedMethodAccessor36.invoke(Unknown Source)
	at sun.reflect.DelegatingMethodAccessorImpl.invoke(DelegatingMethodAccessorImpl.java:43)
	at java.lang.reflect.Method.invoke(Method.java:498)
	at org.testng.internal.MethodInvocationHelper.invokeMethod(MethodInvocationHelper.java:85)
	at org.testng.internal.Invoker.invokeMethod(Invoker.java:639)
	at org.testng.internal.Invoker.invokeTestMethod(Invoker.java:821)
	at org.testng.internal.Invoker.invokeTestMethods(Invoker.java:1131)
	at org.testng.internal.TestMethodWorker.invokeTestMethods(TestMethodWorker.java:124)
	at org.testng.internal.TestMethodWorker.run(TestMethodWorker.java:108)
	at java.util.concurrent.ThreadPoolExecutor.runWorker(ThreadPoolExecutor.java:1149)
	at java.util.concurrent.ThreadPoolExecutor$Worker.run(ThreadPoolExecutor.java:624)
	at java.lang.Thread.run(Thread.java:748)
]]>
    </failure>
  </testcase> <!-- brwPreAreq -->
  <testcase name="verifyAPI" time="0.018" classname="com.ca.tds.main.TDSFlowTest">
    <error type="org.testng.SkipException" message="Skipping [verifyAPI] because the [verifyApiRequired] assumption(s) do not hold.">
      <![CDATA[org.testng.SkipException: Skipping [verifyAPI] because the [verifyApiRequired] assumption(s) do not hold.
	at nl.javadude.assumeng.AssumptionListener.beforeInvocation(AssumptionListener.java:43)
	at org.testng.internal.invokers.InvokedMethodListenerInvoker$InvokeBeforeInvocationWithoutContextStrategy.callMethod(InvokedMethodListenerInvoker.java:84)
	at org.testng.internal.invokers.InvokedMethodListenerInvoker.invokeListener(InvokedMethodListenerInvoker.java:62)
	at org.testng.internal.Invoker.runInvokedMethodListeners(Invoker.java:552)
	at org.testng.internal.Invoker.invokeMethod(Invoker.java:617)
	at org.testng.internal.Invoker.invokeTestMethod(Invoker.java:821)
	at org.testng.internal.Invoker.invokeTestMethods(Invoker.java:1131)
	at org.testng.internal.TestMethodWorker.invokeTestMethods(TestMethodWorker.java:124)
	at org.testng.internal.TestMethodWorker.run(TestMethodWorker.java:108)
	at java.util.concurrent.ThreadPoolExecutor.runWorker(ThreadPoolExecutor.java:1149)
	at java.util.concurrent.ThreadPoolExecutor$Worker.run(ThreadPoolExecutor.java:624)
	at java.lang.Thread.run(Thread.java:748)
]]>
    </error>
  </testcase> <!-- verifyAPI -->
  <testcase name="rReqTest" time="0.016" classname="com.ca.tds.main.TDSFlowTest">
    <error type="org.testng.SkipException" message="Skipping [rReqTest] because the [rReqRequired] assumption(s) do not hold.">
      <![CDATA[org.testng.SkipException: Skipping [rReqTest] because the [rReqRequired] assumption(s) do not hold.
	at nl.javadude.assumeng.AssumptionListener.beforeInvocation(AssumptionListener.java:43)
	at org.testng.internal.invokers.InvokedMethodListenerInvoker$InvokeBeforeInvocationWithoutContextStrategy.callMethod(InvokedMethodListenerInvoker.java:84)
	at org.testng.internal.invokers.InvokedMethodListenerInvoker.invokeListener(InvokedMethodListenerInvoker.java:62)
	at org.testng.internal.Invoker.runInvokedMethodListeners(Invoker.java:552)
	at org.testng.internal.Invoker.invokeMethod(Invoker.java:617)
	at org.testng.internal.Invoker.invokeTestMethod(Invoker.java:821)
	at org.testng.internal.Invoker.invokeTestMethods(Invoker.java:1131)
	at org.testng.internal.TestMethodWorker.invokeTestMethods(TestMethodWorker.java:124)
	at org.testng.internal.TestMethodWorker.run(TestMethodWorker.java:108)
	at java.util.concurrent.ThreadPoolExecutor.runWorker(ThreadPoolExecutor.java:1149)
	at java.util.concurrent.ThreadPoolExecutor$Worker.run(ThreadPoolExecutor.java:624)
	at java.lang.Thread.run(Thread.java:748)
]]>
    </error>
  </testcase> <!-- rReqTest -->
  <testcase name="rReqTest" time="0.023" classname="com.ca.tds.main.TDSFlowTest">
    <error type="org.testng.SkipException" message="Skipping [rReqTest] because the [rReqRequired] assumption(s) do not hold.">
      <![CDATA[org.testng.SkipException: Skipping [rReqTest] because the [rReqRequired] assumption(s) do not hold.
	at nl.javadude.assumeng.AssumptionListener.beforeInvocation(AssumptionListener.java:43)
	at org.testng.internal.invokers.InvokedMethodListenerInvoker$InvokeBeforeInvocationWithoutContextStrategy.callMethod(InvokedMethodListenerInvoker.java:84)
	at org.testng.internal.invokers.InvokedMethodListenerInvoker.invokeListener(InvokedMethodListenerInvoker.java:62)
	at org.testng.internal.Invoker.runInvokedMethodListeners(Invoker.java:552)
	at org.testng.internal.Invoker.invokeMethod(Invoker.java:617)
	at org.testng.internal.Invoker.invokeTestMethod(Invoker.java:821)
	at org.testng.internal.Invoker.invokeTestMethods(Invoker.java:1131)
	at org.testng.internal.TestMethodWorker.invokeTestMethods(TestMethodWorker.java:124)
	at org.testng.internal.TestMethodWorker.run(TestMethodWorker.java:108)
	at java.util.concurrent.ThreadPoolExecutor.runWorker(ThreadPoolExecutor.java:1149)
	at java.util.concurrent.ThreadPoolExecutor$Worker.run(ThreadPoolExecutor.java:624)
	at java.lang.Thread.run(Thread.java:748)
]]>
    </error>
  </testcase> <!-- rReqTest -->
  <testcase name="brwTDSMethodTest" time="0.514" classname="com.ca.tds.main.TDSFlowTest"/>
  <testcase name="brwTDSMethodTest" time="0.508" classname="com.ca.tds.main.TDSFlowTest"/>
  <testcase name="rReqTest" time="0.016" classname="com.ca.tds.main.TDSFlowTest">
    <error type="org.testng.SkipException" message="Skipping [rReqTest] because the [rReqRequired] assumption(s) do not hold.">
      <![CDATA[org.testng.SkipException: Skipping [rReqTest] because the [rReqRequired] assumption(s) do not hold.
	at nl.javadude.assumeng.AssumptionListener.beforeInvocation(AssumptionListener.java:43)
	at org.testng.internal.invokers.InvokedMethodListenerInvoker$InvokeBeforeInvocationWithoutContextStrategy.callMethod(InvokedMethodListenerInvoker.java:84)
	at org.testng.internal.invokers.InvokedMethodListenerInvoker.invokeListener(InvokedMethodListenerInvoker.java:62)
	at org.testng.internal.Invoker.runInvokedMethodListeners(Invoker.java:552)
	at org.testng.internal.Invoker.invokeMethod(Invoker.java:617)
	at org.testng.internal.Invoker.invokeTestMethod(Invoker.java:821)
	at org.testng.internal.Invoker.invokeTestMethods(Invoker.java:1131)
	at org.testng.internal.TestMethodWorker.invokeTestMethods(TestMethodWorker.java:124)
	at org.testng.internal.TestMethodWorker.run(TestMethodWorker.java:108)
	at java.util.concurrent.ThreadPoolExecutor.runWorker(ThreadPoolExecutor.java:1149)
	at java.util.concurrent.ThreadPoolExecutor$Worker.run(ThreadPoolExecutor.java:624)
	at java.lang.Thread.run(Thread.java:748)
]]>
    </error>
  </testcase> <!-- rReqTest -->
  <testcase name="brwPreAreq" time="0.538" classname="com.ca.tds.main.TDSFlowTest">
    <failure type="java.lang.AssertionError" message="ARes response json schema validation failed.&lt;br&gt;expected minLength: 17, actual: 4&lt;br&gt; api response : {&quot;acsTransID&quot;:&quot;a865eb41-8c6a-4a39-8399-86411a9d9a85&quot;,&quot;dsName&quot;:&quot;mastercard&quot;,&quot;eci&quot;:&quot;07&quot;,&quot;callerTxnRefID&quot;:&quot;341b7153-da86-4543-860f-2ba47f0168a5&quot;,&quot;dsReferenceNumber&quot;:&quot;CADS&quot;,&quot;acsReferenceNumber&quot;:&quot;ABCDEF987654321&quot;,&quot;messageType&quot;:&quot;ARes&quot;,&quot;dsTransID&quot;:&quot;62768429-a51c-4a73-8eec-71ce288f2c9d&quot;,&quot;transStatusReason&quot;:&quot;09&quot;,&quot;acsOperatorID&quot;:&quot;ACS_OPERATOR_ID&quot;,&quot;messageVersion&quot;:&quot;2.1.0&quot;,&quot;transStatus&quot;:&quot;R&quot;,&quot;threeDSServerTransID&quot;:&quot;c8e0c3c8-2895-4dd0-b225-c8010b251a3b&quot;}">
      <![CDATA[java.lang.AssertionError: ARes response json schema validation failed.<br>expected minLength: 17, actual: 4<br> api response : {"acsTransID":"a865eb41-8c6a-4a39-8399-86411a9d9a85","dsName":"mastercard","eci":"07","callerTxnRefID":"341b7153-da86-4543-860f-2ba47f0168a5","dsReferenceNumber":"CADS","acsReferenceNumber":"ABCDEF987654321","messageType":"ARes","dsTransID":"62768429-a51c-4a73-8eec-71ce288f2c9d","transStatusReason":"09","acsOperatorID":"ACS_OPERATOR_ID","messageVersion":"2.1.0","transStatus":"R","threeDSServerTransID":"c8e0c3c8-2895-4dd0-b225-c8010b251a3b"}
	at org.testng.Assert.fail(Assert.java:94)
	at com.ca.tds.main.TDSFlowTest.brwPreAreq(TDSFlowTest.java:176)
	at sun.reflect.GeneratedMethodAccessor36.invoke(Unknown Source)
	at sun.reflect.DelegatingMethodAccessorImpl.invoke(DelegatingMethodAccessorImpl.java:43)
	at java.lang.reflect.Method.invoke(Method.java:498)
	at org.testng.internal.MethodInvocationHelper.invokeMethod(MethodInvocationHelper.java:85)
	at org.testng.internal.Invoker.invokeMethod(Invoker.java:639)
	at org.testng.internal.Invoker.invokeTestMethod(Invoker.java:821)
	at org.testng.internal.Invoker.invokeTestMethods(Invoker.java:1131)
	at org.testng.internal.TestMethodWorker.invokeTestMethods(TestMethodWorker.java:124)
	at org.testng.internal.TestMethodWorker.run(TestMethodWorker.java:108)
	at java.util.concurrent.ThreadPoolExecutor.runWorker(ThreadPoolExecutor.java:1149)
	at java.util.concurrent.ThreadPoolExecutor$Worker.run(ThreadPoolExecutor.java:624)
	at java.lang.Thread.run(Thread.java:748)
]]>
    </failure>
  </testcase> <!-- brwPreAreq -->
  <testcase name="rReqTest" time="0.022" classname="com.ca.tds.main.TDSFlowTest">
    <error type="org.testng.SkipException" message="Skipping [rReqTest] because the [rReqRequired] assumption(s) do not hold.">
      <![CDATA[org.testng.SkipException: Skipping [rReqTest] because the [rReqRequired] assumption(s) do not hold.
	at nl.javadude.assumeng.AssumptionListener.beforeInvocation(AssumptionListener.java:43)
	at org.testng.internal.invokers.InvokedMethodListenerInvoker$InvokeBeforeInvocationWithoutContextStrategy.callMethod(InvokedMethodListenerInvoker.java:84)
	at org.testng.internal.invokers.InvokedMethodListenerInvoker.invokeListener(InvokedMethodListenerInvoker.java:62)
	at org.testng.internal.Invoker.runInvokedMethodListeners(Invoker.java:552)
	at org.testng.internal.Invoker.invokeMethod(Invoker.java:617)
	at org.testng.internal.Invoker.invokeTestMethod(Invoker.java:821)
	at org.testng.internal.Invoker.invokeTestMethods(Invoker.java:1131)
	at org.testng.internal.TestMethodWorker.invokeTestMethods(TestMethodWorker.java:124)
	at org.testng.internal.TestMethodWorker.run(TestMethodWorker.java:108)
	at java.util.concurrent.ThreadPoolExecutor.runWorker(ThreadPoolExecutor.java:1149)
	at java.util.concurrent.ThreadPoolExecutor$Worker.run(ThreadPoolExecutor.java:624)
	at java.lang.Thread.run(Thread.java:748)
]]>
    </error>
  </testcase> <!-- rReqTest -->
  <testcase name="rReqTest" time="0.018" classname="com.ca.tds.main.TDSFlowTest">
    <error type="org.testng.SkipException" message="Skipping [rReqTest] because the [rReqRequired] assumption(s) do not hold.">
      <![CDATA[org.testng.SkipException: Skipping [rReqTest] because the [rReqRequired] assumption(s) do not hold.
	at nl.javadude.assumeng.AssumptionListener.beforeInvocation(AssumptionListener.java:43)
	at org.testng.internal.invokers.InvokedMethodListenerInvoker$InvokeBeforeInvocationWithoutContextStrategy.callMethod(InvokedMethodListenerInvoker.java:84)
	at org.testng.internal.invokers.InvokedMethodListenerInvoker.invokeListener(InvokedMethodListenerInvoker.java:62)
	at org.testng.internal.Invoker.runInvokedMethodListeners(Invoker.java:552)
	at org.testng.internal.Invoker.invokeMethod(Invoker.java:617)
	at org.testng.internal.Invoker.invokeTestMethod(Invoker.java:821)
	at org.testng.internal.Invoker.invokeTestMethods(Invoker.java:1131)
	at org.testng.internal.TestMethodWorker.invokeTestMethods(TestMethodWorker.java:124)
	at org.testng.internal.TestMethodWorker.run(TestMethodWorker.java:108)
	at java.util.concurrent.ThreadPoolExecutor.runWorker(ThreadPoolExecutor.java:1149)
	at java.util.concurrent.ThreadPoolExecutor$Worker.run(ThreadPoolExecutor.java:624)
	at java.lang.Thread.run(Thread.java:748)
]]>
    </error>
  </testcase> <!-- rReqTest -->
  <testcase name="rReqTest" time="0.016" classname="com.ca.tds.main.TDSFlowTest">
    <error type="org.testng.SkipException" message="Skipping [rReqTest] because the [rReqRequired] assumption(s) do not hold.">
      <![CDATA[org.testng.SkipException: Skipping [rReqTest] because the [rReqRequired] assumption(s) do not hold.
	at nl.javadude.assumeng.AssumptionListener.beforeInvocation(AssumptionListener.java:43)
	at org.testng.internal.invokers.InvokedMethodListenerInvoker$InvokeBeforeInvocationWithoutContextStrategy.callMethod(InvokedMethodListenerInvoker.java:84)
	at org.testng.internal.invokers.InvokedMethodListenerInvoker.invokeListener(InvokedMethodListenerInvoker.java:62)
	at org.testng.internal.Invoker.runInvokedMethodListeners(Invoker.java:552)
	at org.testng.internal.Invoker.invokeMethod(Invoker.java:617)
	at org.testng.internal.Invoker.invokeTestMethod(Invoker.java:821)
	at org.testng.internal.Invoker.invokeTestMethods(Invoker.java:1131)
	at org.testng.internal.TestMethodWorker.invokeTestMethods(TestMethodWorker.java:124)
	at org.testng.internal.TestMethodWorker.run(TestMethodWorker.java:108)
	at java.util.concurrent.ThreadPoolExecutor.runWorker(ThreadPoolExecutor.java:1149)
	at java.util.concurrent.ThreadPoolExecutor$Worker.run(ThreadPoolExecutor.java:624)
	at java.lang.Thread.run(Thread.java:748)
]]>
    </error>
  </testcase> <!-- rReqTest -->
  <testcase name="brwTDSMethodTest" time="0.494" classname="com.ca.tds.main.TDSFlowTest"/>
  <testcase name="brwTDSMethodTest" time="0.495" classname="com.ca.tds.main.TDSFlowTest"/>
  <testcase name="verifyAPI" time="0.035" classname="com.ca.tds.main.TDSFlowTest">
    <error type="org.testng.SkipException" message="Skipping [verifyAPI] because the [verifyApiRequired] assumption(s) do not hold.">
      <![CDATA[org.testng.SkipException: Skipping [verifyAPI] because the [verifyApiRequired] assumption(s) do not hold.
	at nl.javadude.assumeng.AssumptionListener.beforeInvocation(AssumptionListener.java:43)
	at org.testng.internal.invokers.InvokedMethodListenerInvoker$InvokeBeforeInvocationWithoutContextStrategy.callMethod(InvokedMethodListenerInvoker.java:84)
	at org.testng.internal.invokers.InvokedMethodListenerInvoker.invokeListener(InvokedMethodListenerInvoker.java:62)
	at org.testng.internal.Invoker.runInvokedMethodListeners(Invoker.java:552)
	at org.testng.internal.Invoker.invokeMethod(Invoker.java:617)
	at org.testng.internal.Invoker.invokeTestMethod(Invoker.java:821)
	at org.testng.internal.Invoker.invokeTestMethods(Invoker.java:1131)
	at org.testng.internal.TestMethodWorker.invokeTestMethods(TestMethodWorker.java:124)
	at org.testng.internal.TestMethodWorker.run(TestMethodWorker.java:108)
	at java.util.concurrent.ThreadPoolExecutor.runWorker(ThreadPoolExecutor.java:1149)
	at java.util.concurrent.ThreadPoolExecutor$Worker.run(ThreadPoolExecutor.java:624)
	at java.lang.Thread.run(Thread.java:748)
]]>
    </error>
  </testcase> <!-- verifyAPI -->
  <testcase name="rReqTest" time="0.023" classname="com.ca.tds.main.TDSFlowTest">
    <error type="org.testng.SkipException" message="Skipping [rReqTest] because the [rReqRequired] assumption(s) do not hold.">
      <![CDATA[org.testng.SkipException: Skipping [rReqTest] because the [rReqRequired] assumption(s) do not hold.
	at nl.javadude.assumeng.AssumptionListener.beforeInvocation(AssumptionListener.java:43)
	at org.testng.internal.invokers.InvokedMethodListenerInvoker$InvokeBeforeInvocationWithoutContextStrategy.callMethod(InvokedMethodListenerInvoker.java:84)
	at org.testng.internal.invokers.InvokedMethodListenerInvoker.invokeListener(InvokedMethodListenerInvoker.java:62)
	at org.testng.internal.Invoker.runInvokedMethodListeners(Invoker.java:552)
	at org.testng.internal.Invoker.invokeMethod(Invoker.java:617)
	at org.testng.internal.Invoker.invokeTestMethod(Invoker.java:821)
	at org.testng.internal.Invoker.invokeTestMethods(Invoker.java:1131)
	at org.testng.internal.TestMethodWorker.invokeTestMethods(TestMethodWorker.java:124)
	at org.testng.internal.TestMethodWorker.run(TestMethodWorker.java:108)
	at java.util.concurrent.ThreadPoolExecutor.runWorker(ThreadPoolExecutor.java:1149)
	at java.util.concurrent.ThreadPoolExecutor$Worker.run(ThreadPoolExecutor.java:624)
	at java.lang.Thread.run(Thread.java:748)
]]>
    </error>
  </testcase> <!-- rReqTest -->
  <testcase name="rReqTest" time="0.016" classname="com.ca.tds.main.TDSFlowTest">
    <error type="org.testng.SkipException" message="Skipping [rReqTest] because the [rReqRequired] assumption(s) do not hold.">
      <![CDATA[org.testng.SkipException: Skipping [rReqTest] because the [rReqRequired] assumption(s) do not hold.
	at nl.javadude.assumeng.AssumptionListener.beforeInvocation(AssumptionListener.java:43)
	at org.testng.internal.invokers.InvokedMethodListenerInvoker$InvokeBeforeInvocationWithoutContextStrategy.callMethod(InvokedMethodListenerInvoker.java:84)
	at org.testng.internal.invokers.InvokedMethodListenerInvoker.invokeListener(InvokedMethodListenerInvoker.java:62)
	at org.testng.internal.Invoker.runInvokedMethodListeners(Invoker.java:552)
	at org.testng.internal.Invoker.invokeMethod(Invoker.java:617)
	at org.testng.internal.Invoker.invokeTestMethod(Invoker.java:821)
	at org.testng.internal.Invoker.invokeTestMethods(Invoker.java:1131)
	at org.testng.internal.TestMethodWorker.invokeTestMethods(TestMethodWorker.java:124)
	at org.testng.internal.TestMethodWorker.run(TestMethodWorker.java:108)
	at java.util.concurrent.ThreadPoolExecutor.runWorker(ThreadPoolExecutor.java:1149)
	at java.util.concurrent.ThreadPoolExecutor$Worker.run(ThreadPoolExecutor.java:624)
	at java.lang.Thread.run(Thread.java:748)
]]>
    </error>
  </testcase> <!-- rReqTest -->
  <testcase name="verifyAPI" time="0.038" classname="com.ca.tds.main.TDSFlowTest">
    <error type="org.testng.SkipException" message="Skipping [verifyAPI] because the [verifyApiRequired] assumption(s) do not hold.">
      <![CDATA[org.testng.SkipException: Skipping [verifyAPI] because the [verifyApiRequired] assumption(s) do not hold.
	at nl.javadude.assumeng.AssumptionListener.beforeInvocation(AssumptionListener.java:43)
	at org.testng.internal.invokers.InvokedMethodListenerInvoker$InvokeBeforeInvocationWithoutContextStrategy.callMethod(InvokedMethodListenerInvoker.java:84)
	at org.testng.internal.invokers.InvokedMethodListenerInvoker.invokeListener(InvokedMethodListenerInvoker.java:62)
	at org.testng.internal.Invoker.runInvokedMethodListeners(Invoker.java:552)
	at org.testng.internal.Invoker.invokeMethod(Invoker.java:617)
	at org.testng.internal.Invoker.invokeTestMethod(Invoker.java:821)
	at org.testng.internal.Invoker.invokeTestMethods(Invoker.java:1131)
	at org.testng.internal.TestMethodWorker.invokeTestMethods(TestMethodWorker.java:124)
	at org.testng.internal.TestMethodWorker.run(TestMethodWorker.java:108)
	at java.util.concurrent.ThreadPoolExecutor.runWorker(ThreadPoolExecutor.java:1149)
	at java.util.concurrent.ThreadPoolExecutor$Worker.run(ThreadPoolExecutor.java:624)
	at java.lang.Thread.run(Thread.java:748)
]]>
    </error>
  </testcase> <!-- verifyAPI -->
  <testcase name="brwPreAreq" time="0.550" classname="com.ca.tds.main.TDSFlowTest">
    <failure type="java.lang.AssertionError" message="ARes response json schema validation failed.&lt;br&gt;expected minLength: 17, actual: 4&lt;br&gt; api response : {&quot;acsTransID&quot;:&quot;fea09560-1ccd-42cf-9935-3172eb7e70d1&quot;,&quot;dsName&quot;:&quot;amex&quot;,&quot;eci&quot;:&quot;07&quot;,&quot;callerTxnRefID&quot;:&quot;341b7153-da86-4543-860f-2ba47f0168a5&quot;,&quot;dsReferenceNumber&quot;:&quot;CADS&quot;,&quot;acsReferenceNumber&quot;:&quot;ABCDEF987654321&quot;,&quot;XID&quot;:&quot;020100004f932cf8b6544dd489703bda4bd23c69&quot;,&quot;messageType&quot;:&quot;ARes&quot;,&quot;dsTransID&quot;:&quot;4f932cf8-b654-4dd4-8970-3bda4bd23c69&quot;,&quot;transStatusReason&quot;:&quot;09&quot;,&quot;acsOperatorID&quot;:&quot;ACS_OPERATOR_ID&quot;,&quot;messageVersion&quot;:&quot;2.1.0&quot;,&quot;transStatus&quot;:&quot;R&quot;,&quot;threeDSServerTransID&quot;:&quot;55b46ac7-413b-44de-985e-526378247e03&quot;}">
      <![CDATA[java.lang.AssertionError: ARes response json schema validation failed.<br>expected minLength: 17, actual: 4<br> api response : {"acsTransID":"fea09560-1ccd-42cf-9935-3172eb7e70d1","dsName":"amex","eci":"07","callerTxnRefID":"341b7153-da86-4543-860f-2ba47f0168a5","dsReferenceNumber":"CADS","acsReferenceNumber":"ABCDEF987654321","XID":"020100004f932cf8b6544dd489703bda4bd23c69","messageType":"ARes","dsTransID":"4f932cf8-b654-4dd4-8970-3bda4bd23c69","transStatusReason":"09","acsOperatorID":"ACS_OPERATOR_ID","messageVersion":"2.1.0","transStatus":"R","threeDSServerTransID":"55b46ac7-413b-44de-985e-526378247e03"}
	at org.testng.Assert.fail(Assert.java:94)
	at com.ca.tds.main.TDSFlowTest.brwPreAreq(TDSFlowTest.java:176)
	at sun.reflect.GeneratedMethodAccessor36.invoke(Unknown Source)
	at sun.reflect.DelegatingMethodAccessorImpl.invoke(DelegatingMethodAccessorImpl.java:43)
	at java.lang.reflect.Method.invoke(Method.java:498)
	at org.testng.internal.MethodInvocationHelper.invokeMethod(MethodInvocationHelper.java:85)
	at org.testng.internal.Invoker.invokeMethod(Invoker.java:639)
	at org.testng.internal.Invoker.invokeTestMethod(Invoker.java:821)
	at org.testng.internal.Invoker.invokeTestMethods(Invoker.java:1131)
	at org.testng.internal.TestMethodWorker.invokeTestMethods(TestMethodWorker.java:124)
	at org.testng.internal.TestMethodWorker.run(TestMethodWorker.java:108)
	at java.util.concurrent.ThreadPoolExecutor.runWorker(ThreadPoolExecutor.java:1149)
	at java.util.concurrent.ThreadPoolExecutor$Worker.run(ThreadPoolExecutor.java:624)
	at java.lang.Thread.run(Thread.java:748)
]]>
    </failure>
  </testcase> <!-- brwPreAreq -->
  <testcase name="brwTDSMethodTest" time="0.495" classname="com.ca.tds.main.TDSFlowTest"/>
  <testcase name="rReqTest" time="0.018" classname="com.ca.tds.main.TDSFlowTest">
    <error type="org.testng.SkipException" message="Skipping [rReqTest] because the [rReqRequired] assumption(s) do not hold.">
      <![CDATA[org.testng.SkipException: Skipping [rReqTest] because the [rReqRequired] assumption(s) do not hold.
	at nl.javadude.assumeng.AssumptionListener.beforeInvocation(AssumptionListener.java:43)
	at org.testng.internal.invokers.InvokedMethodListenerInvoker$InvokeBeforeInvocationWithoutContextStrategy.callMethod(InvokedMethodListenerInvoker.java:84)
	at org.testng.internal.invokers.InvokedMethodListenerInvoker.invokeListener(InvokedMethodListenerInvoker.java:62)
	at org.testng.internal.Invoker.runInvokedMethodListeners(Invoker.java:552)
	at org.testng.internal.Invoker.invokeMethod(Invoker.java:617)
	at org.testng.internal.Invoker.invokeTestMethod(Invoker.java:821)
	at org.testng.internal.Invoker.invokeTestMethods(Invoker.java:1131)
	at org.testng.internal.TestMethodWorker.invokeTestMethods(TestMethodWorker.java:124)
	at org.testng.internal.TestMethodWorker.run(TestMethodWorker.java:108)
	at java.util.concurrent.ThreadPoolExecutor.runWorker(ThreadPoolExecutor.java:1149)
	at java.util.concurrent.ThreadPoolExecutor$Worker.run(ThreadPoolExecutor.java:624)
	at java.lang.Thread.run(Thread.java:748)
]]>
    </error>
  </testcase> <!-- rReqTest -->
  <testcase name="rReqTest" time="0.018" classname="com.ca.tds.main.TDSFlowTest">
    <error type="org.testng.SkipException" message="Skipping [rReqTest] because the [rReqRequired] assumption(s) do not hold.">
      <![CDATA[org.testng.SkipException: Skipping [rReqTest] because the [rReqRequired] assumption(s) do not hold.
	at nl.javadude.assumeng.AssumptionListener.beforeInvocation(AssumptionListener.java:43)
	at org.testng.internal.invokers.InvokedMethodListenerInvoker$InvokeBeforeInvocationWithoutContextStrategy.callMethod(InvokedMethodListenerInvoker.java:84)
	at org.testng.internal.invokers.InvokedMethodListenerInvoker.invokeListener(InvokedMethodListenerInvoker.java:62)
	at org.testng.internal.Invoker.runInvokedMethodListeners(Invoker.java:552)
	at org.testng.internal.Invoker.invokeMethod(Invoker.java:617)
	at org.testng.internal.Invoker.invokeTestMethod(Invoker.java:821)
	at org.testng.internal.Invoker.invokeTestMethods(Invoker.java:1131)
	at org.testng.internal.TestMethodWorker.invokeTestMethods(TestMethodWorker.java:124)
	at org.testng.internal.TestMethodWorker.run(TestMethodWorker.java:108)
	at java.util.concurrent.ThreadPoolExecutor.runWorker(ThreadPoolExecutor.java:1149)
	at java.util.concurrent.ThreadPoolExecutor$Worker.run(ThreadPoolExecutor.java:624)
	at java.lang.Thread.run(Thread.java:748)
]]>
    </error>
  </testcase> <!-- rReqTest -->
  <testcase name="verifyAPI" time="0.020" classname="com.ca.tds.main.TDSFlowTest">
    <error type="org.testng.SkipException" message="Skipping [verifyAPI] because the [verifyApiRequired] assumption(s) do not hold.">
      <![CDATA[org.testng.SkipException: Skipping [verifyAPI] because the [verifyApiRequired] assumption(s) do not hold.
	at nl.javadude.assumeng.AssumptionListener.beforeInvocation(AssumptionListener.java:43)
	at org.testng.internal.invokers.InvokedMethodListenerInvoker$InvokeBeforeInvocationWithoutContextStrategy.callMethod(InvokedMethodListenerInvoker.java:84)
	at org.testng.internal.invokers.InvokedMethodListenerInvoker.invokeListener(InvokedMethodListenerInvoker.java:62)
	at org.testng.internal.Invoker.runInvokedMethodListeners(Invoker.java:552)
	at org.testng.internal.Invoker.invokeMethod(Invoker.java:617)
	at org.testng.internal.Invoker.invokeTestMethod(Invoker.java:821)
	at org.testng.internal.Invoker.invokeTestMethods(Invoker.java:1131)
	at org.testng.internal.TestMethodWorker.invokeTestMethods(TestMethodWorker.java:124)
	at org.testng.internal.TestMethodWorker.run(TestMethodWorker.java:108)
	at java.util.concurrent.ThreadPoolExecutor.runWorker(ThreadPoolExecutor.java:1149)
	at java.util.concurrent.ThreadPoolExecutor$Worker.run(ThreadPoolExecutor.java:624)
	at java.lang.Thread.run(Thread.java:748)
]]>
    </error>
  </testcase> <!-- verifyAPI -->
  <testcase name="rReqTest" time="0.028" classname="com.ca.tds.main.TDSFlowTest">
    <error type="org.testng.SkipException" message="Skipping [rReqTest] because the [rReqRequired] assumption(s) do not hold.">
      <![CDATA[org.testng.SkipException: Skipping [rReqTest] because the [rReqRequired] assumption(s) do not hold.
	at nl.javadude.assumeng.AssumptionListener.beforeInvocation(AssumptionListener.java:43)
	at org.testng.internal.invokers.InvokedMethodListenerInvoker$InvokeBeforeInvocationWithoutContextStrategy.callMethod(InvokedMethodListenerInvoker.java:84)
	at org.testng.internal.invokers.InvokedMethodListenerInvoker.invokeListener(InvokedMethodListenerInvoker.java:62)
	at org.testng.internal.Invoker.runInvokedMethodListeners(Invoker.java:552)
	at org.testng.internal.Invoker.invokeMethod(Invoker.java:617)
	at org.testng.internal.Invoker.invokeTestMethod(Invoker.java:821)
	at org.testng.internal.Invoker.invokeTestMethods(Invoker.java:1131)
	at org.testng.internal.TestMethodWorker.invokeTestMethods(TestMethodWorker.java:124)
	at org.testng.internal.TestMethodWorker.run(TestMethodWorker.java:108)
	at java.util.concurrent.ThreadPoolExecutor.runWorker(ThreadPoolExecutor.java:1149)
	at java.util.concurrent.ThreadPoolExecutor$Worker.run(ThreadPoolExecutor.java:624)
	at java.lang.Thread.run(Thread.java:748)
]]>
    </error>
  </testcase> <!-- rReqTest -->
  <testcase name="brwPreAreq" time="0.530" classname="com.ca.tds.main.TDSFlowTest">
    <failure type="java.lang.AssertionError" message="ARes response json schema validation failed.&lt;br&gt;expected minLength: 17, actual: 4&lt;br&gt; api response : {&quot;acsTransID&quot;:&quot;e5abecbc-d31b-41eb-a0e5-6a33710374a3&quot;,&quot;dsName&quot;:&quot;amex&quot;,&quot;eci&quot;:&quot;07&quot;,&quot;callerTxnRefID&quot;:&quot;341b7153-da86-4543-860f-2ba47f0168a5&quot;,&quot;dsReferenceNumber&quot;:&quot;CADS&quot;,&quot;acsReferenceNumber&quot;:&quot;ABCDEF987654321&quot;,&quot;XID&quot;:&quot;0201000053424c2f17fb42ab8794f6d177d653d1&quot;,&quot;messageType&quot;:&quot;ARes&quot;,&quot;dsTransID&quot;:&quot;53424c2f-17fb-42ab-8794-f6d177d653d1&quot;,&quot;transStatusReason&quot;:&quot;09&quot;,&quot;acsOperatorID&quot;:&quot;ACS_OPERATOR_ID&quot;,&quot;messageVersion&quot;:&quot;2.1.0&quot;,&quot;transStatus&quot;:&quot;R&quot;,&quot;threeDSServerTransID&quot;:&quot;9c156f7b-6480-4881-9ec9-71d9098709e4&quot;}">
      <![CDATA[java.lang.AssertionError: ARes response json schema validation failed.<br>expected minLength: 17, actual: 4<br> api response : {"acsTransID":"e5abecbc-d31b-41eb-a0e5-6a33710374a3","dsName":"amex","eci":"07","callerTxnRefID":"341b7153-da86-4543-860f-2ba47f0168a5","dsReferenceNumber":"CADS","acsReferenceNumber":"ABCDEF987654321","XID":"0201000053424c2f17fb42ab8794f6d177d653d1","messageType":"ARes","dsTransID":"53424c2f-17fb-42ab-8794-f6d177d653d1","transStatusReason":"09","acsOperatorID":"ACS_OPERATOR_ID","messageVersion":"2.1.0","transStatus":"R","threeDSServerTransID":"9c156f7b-6480-4881-9ec9-71d9098709e4"}
	at org.testng.Assert.fail(Assert.java:94)
	at com.ca.tds.main.TDSFlowTest.brwPreAreq(TDSFlowTest.java:176)
	at sun.reflect.GeneratedMethodAccessor36.invoke(Unknown Source)
	at sun.reflect.DelegatingMethodAccessorImpl.invoke(DelegatingMethodAccessorImpl.java:43)
	at java.lang.reflect.Method.invoke(Method.java:498)
	at org.testng.internal.MethodInvocationHelper.invokeMethod(MethodInvocationHelper.java:85)
	at org.testng.internal.Invoker.invokeMethod(Invoker.java:639)
	at org.testng.internal.Invoker.invokeTestMethod(Invoker.java:821)
	at org.testng.internal.Invoker.invokeTestMethods(Invoker.java:1131)
	at org.testng.internal.TestMethodWorker.invokeTestMethods(TestMethodWorker.java:124)
	at org.testng.internal.TestMethodWorker.run(TestMethodWorker.java:108)
	at java.util.concurrent.ThreadPoolExecutor.runWorker(ThreadPoolExecutor.java:1149)
	at java.util.concurrent.ThreadPoolExecutor$Worker.run(ThreadPoolExecutor.java:624)
	at java.lang.Thread.run(Thread.java:748)
]]>
    </failure>
  </testcase> <!-- brwPreAreq -->
  <testcase name="rReqTest" time="0.021" classname="com.ca.tds.main.TDSFlowTest">
    <error type="org.testng.SkipException" message="Skipping [rReqTest] because the [rReqRequired] assumption(s) do not hold.">
      <![CDATA[org.testng.SkipException: Skipping [rReqTest] because the [rReqRequired] assumption(s) do not hold.
	at nl.javadude.assumeng.AssumptionListener.beforeInvocation(AssumptionListener.java:43)
	at org.testng.internal.invokers.InvokedMethodListenerInvoker$InvokeBeforeInvocationWithoutContextStrategy.callMethod(InvokedMethodListenerInvoker.java:84)
	at org.testng.internal.invokers.InvokedMethodListenerInvoker.invokeListener(InvokedMethodListenerInvoker.java:62)
	at org.testng.internal.Invoker.runInvokedMethodListeners(Invoker.java:552)
	at org.testng.internal.Invoker.invokeMethod(Invoker.java:617)
	at org.testng.internal.Invoker.invokeTestMethod(Invoker.java:821)
	at org.testng.internal.Invoker.invokeTestMethods(Invoker.java:1131)
	at org.testng.internal.TestMethodWorker.invokeTestMethods(TestMethodWorker.java:124)
	at org.testng.internal.TestMethodWorker.run(TestMethodWorker.java:108)
	at java.util.concurrent.ThreadPoolExecutor.runWorker(ThreadPoolExecutor.java:1149)
	at java.util.concurrent.ThreadPoolExecutor$Worker.run(ThreadPoolExecutor.java:624)
	at java.lang.Thread.run(Thread.java:748)
]]>
    </error>
  </testcase> <!-- rReqTest -->
  <testcase name="brwTDSMethodTest" time="0.500" classname="com.ca.tds.main.TDSFlowTest"/>
  <testcase name="brwPreAreq" time="0.565" classname="com.ca.tds.main.TDSFlowTest">
    <failure type="java.lang.AssertionError" message="ARes response json schema validation failed.&lt;br&gt;expected minLength: 17, actual: 4&lt;br&gt; api response : {&quot;acsTransID&quot;:&quot;07bfddb6-155a-465b-b362-b3a9d03f66b0&quot;,&quot;dsName&quot;:&quot;amex&quot;,&quot;eci&quot;:&quot;07&quot;,&quot;callerTxnRefID&quot;:&quot;341b7153-da86-4543-860f-2ba47f0168a5&quot;,&quot;dsReferenceNumber&quot;:&quot;CADS&quot;,&quot;acsReferenceNumber&quot;:&quot;ABCDEF987654321&quot;,&quot;XID&quot;:&quot;0201000070005a3798e44ed789b7a5d58f10f7f7&quot;,&quot;messageType&quot;:&quot;ARes&quot;,&quot;dsTransID&quot;:&quot;70005a37-98e4-4ed7-89b7-a5d58f10f7f7&quot;,&quot;transStatusReason&quot;:&quot;09&quot;,&quot;acsOperatorID&quot;:&quot;ACS_OPERATOR_ID&quot;,&quot;messageVersion&quot;:&quot;2.1.0&quot;,&quot;transStatus&quot;:&quot;R&quot;,&quot;threeDSServerTransID&quot;:&quot;35ec9410-327a-44e7-9436-024de5c064a0&quot;}">
      <![CDATA[java.lang.AssertionError: ARes response json schema validation failed.<br>expected minLength: 17, actual: 4<br> api response : {"acsTransID":"07bfddb6-155a-465b-b362-b3a9d03f66b0","dsName":"amex","eci":"07","callerTxnRefID":"341b7153-da86-4543-860f-2ba47f0168a5","dsReferenceNumber":"CADS","acsReferenceNumber":"ABCDEF987654321","XID":"0201000070005a3798e44ed789b7a5d58f10f7f7","messageType":"ARes","dsTransID":"70005a37-98e4-4ed7-89b7-a5d58f10f7f7","transStatusReason":"09","acsOperatorID":"ACS_OPERATOR_ID","messageVersion":"2.1.0","transStatus":"R","threeDSServerTransID":"35ec9410-327a-44e7-9436-024de5c064a0"}
	at org.testng.Assert.fail(Assert.java:94)
	at com.ca.tds.main.TDSFlowTest.brwPreAreq(TDSFlowTest.java:176)
	at sun.reflect.NativeMethodAccessorImpl.invoke0(Native Method)
	at sun.reflect.NativeMethodAccessorImpl.invoke(NativeMethodAccessorImpl.java:62)
	at sun.reflect.DelegatingMethodAccessorImpl.invoke(DelegatingMethodAccessorImpl.java:43)
	at java.lang.reflect.Method.invoke(Method.java:498)
	at org.testng.internal.MethodInvocationHelper.invokeMethod(MethodInvocationHelper.java:85)
	at org.testng.internal.Invoker.invokeMethod(Invoker.java:639)
	at org.testng.internal.Invoker.invokeTestMethod(Invoker.java:821)
	at org.testng.internal.Invoker.invokeTestMethods(Invoker.java:1131)
	at org.testng.internal.TestMethodWorker.invokeTestMethods(TestMethodWorker.java:124)
	at org.testng.internal.TestMethodWorker.run(TestMethodWorker.java:108)
	at java.util.concurrent.ThreadPoolExecutor.runWorker(ThreadPoolExecutor.java:1149)
	at java.util.concurrent.ThreadPoolExecutor$Worker.run(ThreadPoolExecutor.java:624)
	at java.lang.Thread.run(Thread.java:748)
]]>
    </failure>
  </testcase> <!-- brwPreAreq -->
  <testcase name="brwTDSMethodTest" time="0.513" classname="com.ca.tds.main.TDSFlowTest"/>
  <testcase name="brwTDSMethodTest" time="0.540" classname="com.ca.tds.main.TDSFlowTest"/>
  <testcase name="brwTDSMethodTest" time="0.505" classname="com.ca.tds.main.TDSFlowTest"/>
  <testcase name="brwTDSMethodTest" time="2.593" classname="com.ca.tds.main.TDSFlowTest"/>
  <testcase name="verifyAPI" time="0.022" classname="com.ca.tds.main.TDSFlowTest">
    <error type="org.testng.SkipException" message="Skipping [verifyAPI] because the [verifyApiRequired] assumption(s) do not hold.">
      <![CDATA[org.testng.SkipException: Skipping [verifyAPI] because the [verifyApiRequired] assumption(s) do not hold.
	at nl.javadude.assumeng.AssumptionListener.beforeInvocation(AssumptionListener.java:43)
	at org.testng.internal.invokers.InvokedMethodListenerInvoker$InvokeBeforeInvocationWithoutContextStrategy.callMethod(InvokedMethodListenerInvoker.java:84)
	at org.testng.internal.invokers.InvokedMethodListenerInvoker.invokeListener(InvokedMethodListenerInvoker.java:62)
	at org.testng.internal.Invoker.runInvokedMethodListeners(Invoker.java:552)
	at org.testng.internal.Invoker.invokeMethod(Invoker.java:617)
	at org.testng.internal.Invoker.invokeTestMethod(Invoker.java:821)
	at org.testng.internal.Invoker.invokeTestMethods(Invoker.java:1131)
	at org.testng.internal.TestMethodWorker.invokeTestMethods(TestMethodWorker.java:124)
	at org.testng.internal.TestMethodWorker.run(TestMethodWorker.java:108)
	at java.util.concurrent.ThreadPoolExecutor.runWorker(ThreadPoolExecutor.java:1149)
	at java.util.concurrent.ThreadPoolExecutor$Worker.run(ThreadPoolExecutor.java:624)
	at java.lang.Thread.run(Thread.java:748)
]]>
    </error>
  </testcase> <!-- verifyAPI -->
  <testcase name="rReqTest" time="0.018" classname="com.ca.tds.main.TDSFlowTest">
    <error type="org.testng.SkipException" message="Skipping [rReqTest] because the [rReqRequired] assumption(s) do not hold.">
      <![CDATA[org.testng.SkipException: Skipping [rReqTest] because the [rReqRequired] assumption(s) do not hold.
	at nl.javadude.assumeng.AssumptionListener.beforeInvocation(AssumptionListener.java:43)
	at org.testng.internal.invokers.InvokedMethodListenerInvoker$InvokeBeforeInvocationWithoutContextStrategy.callMethod(InvokedMethodListenerInvoker.java:84)
	at org.testng.internal.invokers.InvokedMethodListenerInvoker.invokeListener(InvokedMethodListenerInvoker.java:62)
	at org.testng.internal.Invoker.runInvokedMethodListeners(Invoker.java:552)
	at org.testng.internal.Invoker.invokeMethod(Invoker.java:617)
	at org.testng.internal.Invoker.invokeTestMethod(Invoker.java:821)
	at org.testng.internal.Invoker.invokeTestMethods(Invoker.java:1131)
	at org.testng.internal.TestMethodWorker.invokeTestMethods(TestMethodWorker.java:124)
	at org.testng.internal.TestMethodWorker.run(TestMethodWorker.java:108)
	at java.util.concurrent.ThreadPoolExecutor.runWorker(ThreadPoolExecutor.java:1149)
	at java.util.concurrent.ThreadPoolExecutor$Worker.run(ThreadPoolExecutor.java:624)
	at java.lang.Thread.run(Thread.java:748)
]]>
    </error>
  </testcase> <!-- rReqTest -->
  <testcase name="rReqTest" time="0.020" classname="com.ca.tds.main.TDSFlowTest">
    <error type="org.testng.SkipException" message="Skipping [rReqTest] because the [rReqRequired] assumption(s) do not hold.">
      <![CDATA[org.testng.SkipException: Skipping [rReqTest] because the [rReqRequired] assumption(s) do not hold.
	at nl.javadude.assumeng.AssumptionListener.beforeInvocation(AssumptionListener.java:43)
	at org.testng.internal.invokers.InvokedMethodListenerInvoker$InvokeBeforeInvocationWithoutContextStrategy.callMethod(InvokedMethodListenerInvoker.java:84)
	at org.testng.internal.invokers.InvokedMethodListenerInvoker.invokeListener(InvokedMethodListenerInvoker.java:62)
	at org.testng.internal.Invoker.runInvokedMethodListeners(Invoker.java:552)
	at org.testng.internal.Invoker.invokeMethod(Invoker.java:617)
	at org.testng.internal.Invoker.invokeTestMethod(Invoker.java:821)
	at org.testng.internal.Invoker.invokeTestMethods(Invoker.java:1131)
	at org.testng.internal.TestMethodWorker.invokeTestMethods(TestMethodWorker.java:124)
	at org.testng.internal.TestMethodWorker.run(TestMethodWorker.java:108)
	at java.util.concurrent.ThreadPoolExecutor.runWorker(ThreadPoolExecutor.java:1149)
	at java.util.concurrent.ThreadPoolExecutor$Worker.run(ThreadPoolExecutor.java:624)
	at java.lang.Thread.run(Thread.java:748)
]]>
    </error>
  </testcase> <!-- rReqTest -->
  <testcase name="verifyAPI" time="0.018" classname="com.ca.tds.main.TDSFlowTest">
    <error type="org.testng.SkipException" message="Skipping [verifyAPI] because the [verifyApiRequired] assumption(s) do not hold.">
      <![CDATA[org.testng.SkipException: Skipping [verifyAPI] because the [verifyApiRequired] assumption(s) do not hold.
	at nl.javadude.assumeng.AssumptionListener.beforeInvocation(AssumptionListener.java:43)
	at org.testng.internal.invokers.InvokedMethodListenerInvoker$InvokeBeforeInvocationWithoutContextStrategy.callMethod(InvokedMethodListenerInvoker.java:84)
	at org.testng.internal.invokers.InvokedMethodListenerInvoker.invokeListener(InvokedMethodListenerInvoker.java:62)
	at org.testng.internal.Invoker.runInvokedMethodListeners(Invoker.java:552)
	at org.testng.internal.Invoker.invokeMethod(Invoker.java:617)
	at org.testng.internal.Invoker.invokeTestMethod(Invoker.java:821)
	at org.testng.internal.Invoker.invokeTestMethods(Invoker.java:1131)
	at org.testng.internal.TestMethodWorker.invokeTestMethods(TestMethodWorker.java:124)
	at org.testng.internal.TestMethodWorker.run(TestMethodWorker.java:108)
	at java.util.concurrent.ThreadPoolExecutor.runWorker(ThreadPoolExecutor.java:1149)
	at java.util.concurrent.ThreadPoolExecutor$Worker.run(ThreadPoolExecutor.java:624)
	at java.lang.Thread.run(Thread.java:748)
]]>
    </error>
  </testcase> <!-- verifyAPI -->
  <testcase name="verifyAPI" time="0.030" classname="com.ca.tds.main.TDSFlowTest">
    <error type="org.testng.SkipException" message="Skipping [verifyAPI] because the [verifyApiRequired] assumption(s) do not hold.">
      <![CDATA[org.testng.SkipException: Skipping [verifyAPI] because the [verifyApiRequired] assumption(s) do not hold.
	at nl.javadude.assumeng.AssumptionListener.beforeInvocation(AssumptionListener.java:43)
	at org.testng.internal.invokers.InvokedMethodListenerInvoker$InvokeBeforeInvocationWithoutContextStrategy.callMethod(InvokedMethodListenerInvoker.java:84)
	at org.testng.internal.invokers.InvokedMethodListenerInvoker.invokeListener(InvokedMethodListenerInvoker.java:62)
	at org.testng.internal.Invoker.runInvokedMethodListeners(Invoker.java:552)
	at org.testng.internal.Invoker.invokeMethod(Invoker.java:617)
	at org.testng.internal.Invoker.invokeTestMethod(Invoker.java:821)
	at org.testng.internal.Invoker.invokeTestMethods(Invoker.java:1131)
	at org.testng.internal.TestMethodWorker.invokeTestMethods(TestMethodWorker.java:124)
	at org.testng.internal.TestMethodWorker.run(TestMethodWorker.java:108)
	at java.util.concurrent.ThreadPoolExecutor.runWorker(ThreadPoolExecutor.java:1149)
	at java.util.concurrent.ThreadPoolExecutor$Worker.run(ThreadPoolExecutor.java:624)
	at java.lang.Thread.run(Thread.java:748)
]]>
    </error>
  </testcase> <!-- verifyAPI -->
  <testcase name="verifyAPI" time="0.021" classname="com.ca.tds.main.TDSFlowTest">
    <error type="org.testng.SkipException" message="Skipping [verifyAPI] because the [verifyApiRequired] assumption(s) do not hold.">
      <![CDATA[org.testng.SkipException: Skipping [verifyAPI] because the [verifyApiRequired] assumption(s) do not hold.
	at nl.javadude.assumeng.AssumptionListener.beforeInvocation(AssumptionListener.java:43)
	at org.testng.internal.invokers.InvokedMethodListenerInvoker$InvokeBeforeInvocationWithoutContextStrategy.callMethod(InvokedMethodListenerInvoker.java:84)
	at org.testng.internal.invokers.InvokedMethodListenerInvoker.invokeListener(InvokedMethodListenerInvoker.java:62)
	at org.testng.internal.Invoker.runInvokedMethodListeners(Invoker.java:552)
	at org.testng.internal.Invoker.invokeMethod(Invoker.java:617)
	at org.testng.internal.Invoker.invokeTestMethod(Invoker.java:821)
	at org.testng.internal.Invoker.invokeTestMethods(Invoker.java:1131)
	at org.testng.internal.TestMethodWorker.invokeTestMethods(TestMethodWorker.java:124)
	at org.testng.internal.TestMethodWorker.run(TestMethodWorker.java:108)
	at java.util.concurrent.ThreadPoolExecutor.runWorker(ThreadPoolExecutor.java:1149)
	at java.util.concurrent.ThreadPoolExecutor$Worker.run(ThreadPoolExecutor.java:624)
	at java.lang.Thread.run(Thread.java:748)
]]>
    </error>
  </testcase> <!-- verifyAPI -->
  <testcase name="brwPreAreq" time="0.536" classname="com.ca.tds.main.TDSFlowTest">
    <failure type="java.lang.AssertionError" message="ARes response json schema validation failed.&lt;br&gt;expected minLength: 17, actual: 4&lt;br&gt; api response : {&quot;acsTransID&quot;:&quot;6304403c-b79d-482b-828e-a833c758d0da&quot;,&quot;dsName&quot;:&quot;mastercard&quot;,&quot;eci&quot;:&quot;07&quot;,&quot;callerTxnRefID&quot;:&quot;341b7153-da86-4543-860f-2ba47f0168a5&quot;,&quot;dsReferenceNumber&quot;:&quot;CADS&quot;,&quot;acsReferenceNumber&quot;:&quot;ABCDEF987654321&quot;,&quot;messageType&quot;:&quot;ARes&quot;,&quot;dsTransID&quot;:&quot;d8d594ad-c5ea-4986-bfdc-16dbce36dfa8&quot;,&quot;transStatusReason&quot;:&quot;09&quot;,&quot;acsOperatorID&quot;:&quot;ACS_OPERATOR_ID&quot;,&quot;messageVersion&quot;:&quot;2.1.0&quot;,&quot;transStatus&quot;:&quot;R&quot;,&quot;threeDSServerTransID&quot;:&quot;98a1d772-90d2-4462-ae90-80238dca352d&quot;}">
      <![CDATA[java.lang.AssertionError: ARes response json schema validation failed.<br>expected minLength: 17, actual: 4<br> api response : {"acsTransID":"6304403c-b79d-482b-828e-a833c758d0da","dsName":"mastercard","eci":"07","callerTxnRefID":"341b7153-da86-4543-860f-2ba47f0168a5","dsReferenceNumber":"CADS","acsReferenceNumber":"ABCDEF987654321","messageType":"ARes","dsTransID":"d8d594ad-c5ea-4986-bfdc-16dbce36dfa8","transStatusReason":"09","acsOperatorID":"ACS_OPERATOR_ID","messageVersion":"2.1.0","transStatus":"R","threeDSServerTransID":"98a1d772-90d2-4462-ae90-80238dca352d"}
	at org.testng.Assert.fail(Assert.java:94)
	at com.ca.tds.main.TDSFlowTest.brwPreAreq(TDSFlowTest.java:176)
	at sun.reflect.GeneratedMethodAccessor36.invoke(Unknown Source)
	at sun.reflect.DelegatingMethodAccessorImpl.invoke(DelegatingMethodAccessorImpl.java:43)
	at java.lang.reflect.Method.invoke(Method.java:498)
	at org.testng.internal.MethodInvocationHelper.invokeMethod(MethodInvocationHelper.java:85)
	at org.testng.internal.Invoker.invokeMethod(Invoker.java:639)
	at org.testng.internal.Invoker.invokeTestMethod(Invoker.java:821)
	at org.testng.internal.Invoker.invokeTestMethods(Invoker.java:1131)
	at org.testng.internal.TestMethodWorker.invokeTestMethods(TestMethodWorker.java:124)
	at org.testng.internal.TestMethodWorker.run(TestMethodWorker.java:108)
	at java.util.concurrent.ThreadPoolExecutor.runWorker(ThreadPoolExecutor.java:1149)
	at java.util.concurrent.ThreadPoolExecutor$Worker.run(ThreadPoolExecutor.java:624)
	at java.lang.Thread.run(Thread.java:748)
]]>
    </failure>
  </testcase> <!-- brwPreAreq -->
  <testcase name="rReqTest" time="0.017" classname="com.ca.tds.main.TDSFlowTest">
    <error type="org.testng.SkipException" message="Skipping [rReqTest] because the [rReqRequired] assumption(s) do not hold.">
      <![CDATA[org.testng.SkipException: Skipping [rReqTest] because the [rReqRequired] assumption(s) do not hold.
	at nl.javadude.assumeng.AssumptionListener.beforeInvocation(AssumptionListener.java:43)
	at org.testng.internal.invokers.InvokedMethodListenerInvoker$InvokeBeforeInvocationWithoutContextStrategy.callMethod(InvokedMethodListenerInvoker.java:84)
	at org.testng.internal.invokers.InvokedMethodListenerInvoker.invokeListener(InvokedMethodListenerInvoker.java:62)
	at org.testng.internal.Invoker.runInvokedMethodListeners(Invoker.java:552)
	at org.testng.internal.Invoker.invokeMethod(Invoker.java:617)
	at org.testng.internal.Invoker.invokeTestMethod(Invoker.java:821)
	at org.testng.internal.Invoker.invokeTestMethods(Invoker.java:1131)
	at org.testng.internal.TestMethodWorker.invokeTestMethods(TestMethodWorker.java:124)
	at org.testng.internal.TestMethodWorker.run(TestMethodWorker.java:108)
	at java.util.concurrent.ThreadPoolExecutor.runWorker(ThreadPoolExecutor.java:1149)
	at java.util.concurrent.ThreadPoolExecutor$Worker.run(ThreadPoolExecutor.java:624)
	at java.lang.Thread.run(Thread.java:748)
]]>
    </error>
  </testcase> <!-- rReqTest -->
  <testcase name="verifyAPI" time="0.038" classname="com.ca.tds.main.TDSFlowTest">
    <error type="org.testng.SkipException" message="Skipping [verifyAPI] because the [verifyApiRequired] assumption(s) do not hold.">
      <![CDATA[org.testng.SkipException: Skipping [verifyAPI] because the [verifyApiRequired] assumption(s) do not hold.
	at nl.javadude.assumeng.AssumptionListener.beforeInvocation(AssumptionListener.java:43)
	at org.testng.internal.invokers.InvokedMethodListenerInvoker$InvokeBeforeInvocationWithoutContextStrategy.callMethod(InvokedMethodListenerInvoker.java:84)
	at org.testng.internal.invokers.InvokedMethodListenerInvoker.invokeListener(InvokedMethodListenerInvoker.java:62)
	at org.testng.internal.Invoker.runInvokedMethodListeners(Invoker.java:552)
	at org.testng.internal.Invoker.invokeMethod(Invoker.java:617)
	at org.testng.internal.Invoker.invokeTestMethod(Invoker.java:821)
	at org.testng.internal.Invoker.invokeTestMethods(Invoker.java:1131)
	at org.testng.internal.TestMethodWorker.invokeTestMethods(TestMethodWorker.java:124)
	at org.testng.internal.TestMethodWorker.run(TestMethodWorker.java:108)
	at java.util.concurrent.ThreadPoolExecutor.runWorker(ThreadPoolExecutor.java:1149)
	at java.util.concurrent.ThreadPoolExecutor$Worker.run(ThreadPoolExecutor.java:624)
	at java.lang.Thread.run(Thread.java:748)
]]>
    </error>
  </testcase> <!-- verifyAPI -->
  <testcase name="brwTDSMethodTest" time="0.507" classname="com.ca.tds.main.TDSFlowTest"/>
  <testcase name="brwPreAreq" time="0.646" classname="com.ca.tds.main.TDSFlowTest">
    <failure type="java.lang.AssertionError" message="ARes response json schema validation failed.&lt;br&gt;expected minLength: 17, actual: 4&lt;br&gt; api response : {&quot;acsTransID&quot;:&quot;e8f8b489-d8f4-4200-ba7a-6e0671119b05&quot;,&quot;dsName&quot;:&quot;visa&quot;,&quot;eci&quot;:&quot;07&quot;,&quot;callerTxnRefID&quot;:&quot;341b7153-da86-4543-860f-2ba47f0168a5&quot;,&quot;dsReferenceNumber&quot;:&quot;CADS&quot;,&quot;acsReferenceNumber&quot;:&quot;ABCDEF987654321&quot;,&quot;messageType&quot;:&quot;ARes&quot;,&quot;dsTransID&quot;:&quot;64fdd0d7-11c3-4178-a5ba-b35837c036bd&quot;,&quot;transStatusReason&quot;:&quot;09&quot;,&quot;acsOperatorID&quot;:&quot;ACS_OPERATOR_ID&quot;,&quot;messageVersion&quot;:&quot;2.1.0&quot;,&quot;transStatus&quot;:&quot;R&quot;,&quot;threeDSServerTransID&quot;:&quot;273a223d-2b82-4c27-b308-07c81476c54d&quot;}">
      <![CDATA[java.lang.AssertionError: ARes response json schema validation failed.<br>expected minLength: 17, actual: 4<br> api response : {"acsTransID":"e8f8b489-d8f4-4200-ba7a-6e0671119b05","dsName":"visa","eci":"07","callerTxnRefID":"341b7153-da86-4543-860f-2ba47f0168a5","dsReferenceNumber":"CADS","acsReferenceNumber":"ABCDEF987654321","messageType":"ARes","dsTransID":"64fdd0d7-11c3-4178-a5ba-b35837c036bd","transStatusReason":"09","acsOperatorID":"ACS_OPERATOR_ID","messageVersion":"2.1.0","transStatus":"R","threeDSServerTransID":"273a223d-2b82-4c27-b308-07c81476c54d"}
	at org.testng.Assert.fail(Assert.java:94)
	at com.ca.tds.main.TDSFlowTest.brwPreAreq(TDSFlowTest.java:176)
	at sun.reflect.GeneratedMethodAccessor36.invoke(Unknown Source)
	at sun.reflect.DelegatingMethodAccessorImpl.invoke(DelegatingMethodAccessorImpl.java:43)
	at java.lang.reflect.Method.invoke(Method.java:498)
	at org.testng.internal.MethodInvocationHelper.invokeMethod(MethodInvocationHelper.java:85)
	at org.testng.internal.Invoker.invokeMethod(Invoker.java:639)
	at org.testng.internal.Invoker.invokeTestMethod(Invoker.java:821)
	at org.testng.internal.Invoker.invokeTestMethods(Invoker.java:1131)
	at org.testng.internal.TestMethodWorker.invokeTestMethods(TestMethodWorker.java:124)
	at org.testng.internal.TestMethodWorker.run(TestMethodWorker.java:108)
	at java.util.concurrent.ThreadPoolExecutor.runWorker(ThreadPoolExecutor.java:1149)
	at java.util.concurrent.ThreadPoolExecutor$Worker.run(ThreadPoolExecutor.java:624)
	at java.lang.Thread.run(Thread.java:748)
]]>
    </failure>
  </testcase> <!-- brwPreAreq -->
  <testcase name="rReqTest" time="0.024" classname="com.ca.tds.main.TDSFlowTest">
    <error type="org.testng.SkipException" message="Skipping [rReqTest] because the [rReqRequired] assumption(s) do not hold.">
      <![CDATA[org.testng.SkipException: Skipping [rReqTest] because the [rReqRequired] assumption(s) do not hold.
	at nl.javadude.assumeng.AssumptionListener.beforeInvocation(AssumptionListener.java:43)
	at org.testng.internal.invokers.InvokedMethodListenerInvoker$InvokeBeforeInvocationWithoutContextStrategy.callMethod(InvokedMethodListenerInvoker.java:84)
	at org.testng.internal.invokers.InvokedMethodListenerInvoker.invokeListener(InvokedMethodListenerInvoker.java:62)
	at org.testng.internal.Invoker.runInvokedMethodListeners(Invoker.java:552)
	at org.testng.internal.Invoker.invokeMethod(Invoker.java:617)
	at org.testng.internal.Invoker.invokeTestMethod(Invoker.java:821)
	at org.testng.internal.Invoker.invokeTestMethods(Invoker.java:1131)
	at org.testng.internal.TestMethodWorker.invokeTestMethods(TestMethodWorker.java:124)
	at org.testng.internal.TestMethodWorker.run(TestMethodWorker.java:108)
	at java.util.concurrent.ThreadPoolExecutor.runWorker(ThreadPoolExecutor.java:1149)
	at java.util.concurrent.ThreadPoolExecutor$Worker.run(ThreadPoolExecutor.java:624)
	at java.lang.Thread.run(Thread.java:748)
]]>
    </error>
  </testcase> <!-- rReqTest -->
  <testcase name="brwTDSMethodTest" time="0.499" classname="com.ca.tds.main.TDSFlowTest"/>
  <testcase name="brwTDSMethodTest" time="0.502" classname="com.ca.tds.main.TDSFlowTest"/>
  <testcase name="rReqTest" time="0.023" classname="com.ca.tds.main.TDSFlowTest">
    <error type="org.testng.SkipException" message="Skipping [rReqTest] because the [rReqRequired] assumption(s) do not hold.">
      <![CDATA[org.testng.SkipException: Skipping [rReqTest] because the [rReqRequired] assumption(s) do not hold.
	at nl.javadude.assumeng.AssumptionListener.beforeInvocation(AssumptionListener.java:43)
	at org.testng.internal.invokers.InvokedMethodListenerInvoker$InvokeBeforeInvocationWithoutContextStrategy.callMethod(InvokedMethodListenerInvoker.java:84)
	at org.testng.internal.invokers.InvokedMethodListenerInvoker.invokeListener(InvokedMethodListenerInvoker.java:62)
	at org.testng.internal.Invoker.runInvokedMethodListeners(Invoker.java:552)
	at org.testng.internal.Invoker.invokeMethod(Invoker.java:617)
	at org.testng.internal.Invoker.invokeTestMethod(Invoker.java:821)
	at org.testng.internal.Invoker.invokeTestMethods(Invoker.java:1131)
	at org.testng.internal.TestMethodWorker.invokeTestMethods(TestMethodWorker.java:124)
	at org.testng.internal.TestMethodWorker.run(TestMethodWorker.java:108)
	at java.util.concurrent.ThreadPoolExecutor.runWorker(ThreadPoolExecutor.java:1149)
	at java.util.concurrent.ThreadPoolExecutor$Worker.run(ThreadPoolExecutor.java:624)
	at java.lang.Thread.run(Thread.java:748)
]]>
    </error>
  </testcase> <!-- rReqTest -->
  <testcase name="verifyAPI" time="0.036" classname="com.ca.tds.main.TDSFlowTest">
    <error type="org.testng.SkipException" message="Skipping [verifyAPI] because the [verifyApiRequired] assumption(s) do not hold.">
      <![CDATA[org.testng.SkipException: Skipping [verifyAPI] because the [verifyApiRequired] assumption(s) do not hold.
	at nl.javadude.assumeng.AssumptionListener.beforeInvocation(AssumptionListener.java:43)
	at org.testng.internal.invokers.InvokedMethodListenerInvoker$InvokeBeforeInvocationWithoutContextStrategy.callMethod(InvokedMethodListenerInvoker.java:84)
	at org.testng.internal.invokers.InvokedMethodListenerInvoker.invokeListener(InvokedMethodListenerInvoker.java:62)
	at org.testng.internal.Invoker.runInvokedMethodListeners(Invoker.java:552)
	at org.testng.internal.Invoker.invokeMethod(Invoker.java:617)
	at org.testng.internal.Invoker.invokeTestMethod(Invoker.java:821)
	at org.testng.internal.Invoker.invokeTestMethods(Invoker.java:1131)
	at org.testng.internal.TestMethodWorker.invokeTestMethods(TestMethodWorker.java:124)
	at org.testng.internal.TestMethodWorker.run(TestMethodWorker.java:108)
	at java.util.concurrent.ThreadPoolExecutor.runWorker(ThreadPoolExecutor.java:1149)
	at java.util.concurrent.ThreadPoolExecutor$Worker.run(ThreadPoolExecutor.java:624)
	at java.lang.Thread.run(Thread.java:748)
]]>
    </error>
  </testcase> <!-- verifyAPI -->
  <testcase name="brwTDSMethodTest" time="0.514" classname="com.ca.tds.main.TDSFlowTest"/>
  <testcase name="verifyAPI" time="0.024" classname="com.ca.tds.main.TDSFlowTest">
    <error type="org.testng.SkipException" message="Skipping [verifyAPI] because the [verifyApiRequired] assumption(s) do not hold.">
      <![CDATA[org.testng.SkipException: Skipping [verifyAPI] because the [verifyApiRequired] assumption(s) do not hold.
	at nl.javadude.assumeng.AssumptionListener.beforeInvocation(AssumptionListener.java:43)
	at org.testng.internal.invokers.InvokedMethodListenerInvoker$InvokeBeforeInvocationWithoutContextStrategy.callMethod(InvokedMethodListenerInvoker.java:84)
	at org.testng.internal.invokers.InvokedMethodListenerInvoker.invokeListener(InvokedMethodListenerInvoker.java:62)
	at org.testng.internal.Invoker.runInvokedMethodListeners(Invoker.java:552)
	at org.testng.internal.Invoker.invokeMethod(Invoker.java:617)
	at org.testng.internal.Invoker.invokeTestMethod(Invoker.java:821)
	at org.testng.internal.Invoker.invokeTestMethods(Invoker.java:1131)
	at org.testng.internal.TestMethodWorker.invokeTestMethods(TestMethodWorker.java:124)
	at org.testng.internal.TestMethodWorker.run(TestMethodWorker.java:108)
	at java.util.concurrent.ThreadPoolExecutor.runWorker(ThreadPoolExecutor.java:1149)
	at java.util.concurrent.ThreadPoolExecutor$Worker.run(ThreadPoolExecutor.java:624)
	at java.lang.Thread.run(Thread.java:748)
]]>
    </error>
  </testcase> <!-- verifyAPI -->
  <testcase name="verifyAPI" time="0.017" classname="com.ca.tds.main.TDSFlowTest">
    <error type="org.testng.SkipException" message="Skipping [verifyAPI] because the [verifyApiRequired] assumption(s) do not hold.">
      <![CDATA[org.testng.SkipException: Skipping [verifyAPI] because the [verifyApiRequired] assumption(s) do not hold.
	at nl.javadude.assumeng.AssumptionListener.beforeInvocation(AssumptionListener.java:43)
	at org.testng.internal.invokers.InvokedMethodListenerInvoker$InvokeBeforeInvocationWithoutContextStrategy.callMethod(InvokedMethodListenerInvoker.java:84)
	at org.testng.internal.invokers.InvokedMethodListenerInvoker.invokeListener(InvokedMethodListenerInvoker.java:62)
	at org.testng.internal.Invoker.runInvokedMethodListeners(Invoker.java:552)
	at org.testng.internal.Invoker.invokeMethod(Invoker.java:617)
	at org.testng.internal.Invoker.invokeTestMethod(Invoker.java:821)
	at org.testng.internal.Invoker.invokeTestMethods(Invoker.java:1131)
	at org.testng.internal.TestMethodWorker.invokeTestMethods(TestMethodWorker.java:124)
	at org.testng.internal.TestMethodWorker.run(TestMethodWorker.java:108)
	at java.util.concurrent.ThreadPoolExecutor.runWorker(ThreadPoolExecutor.java:1149)
	at java.util.concurrent.ThreadPoolExecutor$Worker.run(ThreadPoolExecutor.java:624)
	at java.lang.Thread.run(Thread.java:748)
]]>
    </error>
  </testcase> <!-- verifyAPI -->
  <testcase name="brwTDSMethodTest" time="0.502" classname="com.ca.tds.main.TDSFlowTest"/>
  <testcase name="verifyAPI" time="0.019" classname="com.ca.tds.main.TDSFlowTest">
    <error type="org.testng.SkipException" message="Skipping [verifyAPI] because the [verifyApiRequired] assumption(s) do not hold.">
      <![CDATA[org.testng.SkipException: Skipping [verifyAPI] because the [verifyApiRequired] assumption(s) do not hold.
	at nl.javadude.assumeng.AssumptionListener.beforeInvocation(AssumptionListener.java:43)
	at org.testng.internal.invokers.InvokedMethodListenerInvoker$InvokeBeforeInvocationWithoutContextStrategy.callMethod(InvokedMethodListenerInvoker.java:84)
	at org.testng.internal.invokers.InvokedMethodListenerInvoker.invokeListener(InvokedMethodListenerInvoker.java:62)
	at org.testng.internal.Invoker.runInvokedMethodListeners(Invoker.java:552)
	at org.testng.internal.Invoker.invokeMethod(Invoker.java:617)
	at org.testng.internal.Invoker.invokeTestMethod(Invoker.java:821)
	at org.testng.internal.Invoker.invokeTestMethods(Invoker.java:1131)
	at org.testng.internal.TestMethodWorker.invokeTestMethods(TestMethodWorker.java:124)
	at org.testng.internal.TestMethodWorker.run(TestMethodWorker.java:108)
	at java.util.concurrent.ThreadPoolExecutor.runWorker(ThreadPoolExecutor.java:1149)
	at java.util.concurrent.ThreadPoolExecutor$Worker.run(ThreadPoolExecutor.java:624)
	at java.lang.Thread.run(Thread.java:748)
]]>
    </error>
  </testcase> <!-- verifyAPI -->
  <testcase name="verifyAPI" time="0.023" classname="com.ca.tds.main.TDSFlowTest">
    <error type="org.testng.SkipException" message="Skipping [verifyAPI] because the [verifyApiRequired] assumption(s) do not hold.">
      <![CDATA[org.testng.SkipException: Skipping [verifyAPI] because the [verifyApiRequired] assumption(s) do not hold.
	at nl.javadude.assumeng.AssumptionListener.beforeInvocation(AssumptionListener.java:43)
	at org.testng.internal.invokers.InvokedMethodListenerInvoker$InvokeBeforeInvocationWithoutContextStrategy.callMethod(InvokedMethodListenerInvoker.java:84)
	at org.testng.internal.invokers.InvokedMethodListenerInvoker.invokeListener(InvokedMethodListenerInvoker.java:62)
	at org.testng.internal.Invoker.runInvokedMethodListeners(Invoker.java:552)
	at org.testng.internal.Invoker.invokeMethod(Invoker.java:617)
	at org.testng.internal.Invoker.invokeTestMethod(Invoker.java:821)
	at org.testng.internal.Invoker.invokeTestMethods(Invoker.java:1131)
	at org.testng.internal.TestMethodWorker.invokeTestMethods(TestMethodWorker.java:124)
	at org.testng.internal.TestMethodWorker.run(TestMethodWorker.java:108)
	at java.util.concurrent.ThreadPoolExecutor.runWorker(ThreadPoolExecutor.java:1149)
	at java.util.concurrent.ThreadPoolExecutor$Worker.run(ThreadPoolExecutor.java:624)
	at java.lang.Thread.run(Thread.java:748)
]]>
    </error>
  </testcase> <!-- verifyAPI -->
  <testcase name="brwTDSMethodTest" time="0.565" classname="com.ca.tds.main.TDSFlowTest"/>
  <testcase name="verifyAPI" time="0.043" classname="com.ca.tds.main.TDSFlowTest">
    <error type="org.testng.SkipException" message="Skipping [verifyAPI] because the [verifyApiRequired] assumption(s) do not hold.">
      <![CDATA[org.testng.SkipException: Skipping [verifyAPI] because the [verifyApiRequired] assumption(s) do not hold.
	at nl.javadude.assumeng.AssumptionListener.beforeInvocation(AssumptionListener.java:43)
	at org.testng.internal.invokers.InvokedMethodListenerInvoker$InvokeBeforeInvocationWithoutContextStrategy.callMethod(InvokedMethodListenerInvoker.java:84)
	at org.testng.internal.invokers.InvokedMethodListenerInvoker.invokeListener(InvokedMethodListenerInvoker.java:62)
	at org.testng.internal.Invoker.runInvokedMethodListeners(Invoker.java:552)
	at org.testng.internal.Invoker.invokeMethod(Invoker.java:617)
	at org.testng.internal.Invoker.invokeTestMethod(Invoker.java:821)
	at org.testng.internal.Invoker.invokeTestMethods(Invoker.java:1131)
	at org.testng.internal.TestMethodWorker.invokeTestMethods(TestMethodWorker.java:124)
	at org.testng.internal.TestMethodWorker.run(TestMethodWorker.java:108)
	at java.util.concurrent.ThreadPoolExecutor.runWorker(ThreadPoolExecutor.java:1149)
	at java.util.concurrent.ThreadPoolExecutor$Worker.run(ThreadPoolExecutor.java:624)
	at java.lang.Thread.run(Thread.java:748)
]]>
    </error>
  </testcase> <!-- verifyAPI -->
  <testcase name="brwTDSMethodTest" time="0.506" classname="com.ca.tds.main.TDSFlowTest"/>
  <testcase name="brwPreAreq" time="0.539" classname="com.ca.tds.main.TDSFlowTest">
    <failure type="java.lang.AssertionError" message="ARes response json schema validation failed.&lt;br&gt;expected minLength: 17, actual: 4&lt;br&gt; api response : {&quot;acsTransID&quot;:&quot;af96ada2-628b-487a-a716-1ee18b68c435&quot;,&quot;dsName&quot;:&quot;mastercard&quot;,&quot;eci&quot;:&quot;07&quot;,&quot;callerTxnRefID&quot;:&quot;341b7153-da86-4543-860f-2ba47f0168a5&quot;,&quot;dsReferenceNumber&quot;:&quot;CADS&quot;,&quot;acsReferenceNumber&quot;:&quot;ABCDEF987654321&quot;,&quot;messageType&quot;:&quot;ARes&quot;,&quot;dsTransID&quot;:&quot;a6b03ca2-07b8-498b-b5b8-fbd2872e0952&quot;,&quot;transStatusReason&quot;:&quot;09&quot;,&quot;acsOperatorID&quot;:&quot;ACS_OPERATOR_ID&quot;,&quot;messageVersion&quot;:&quot;2.1.0&quot;,&quot;transStatus&quot;:&quot;R&quot;,&quot;threeDSServerTransID&quot;:&quot;01817e10-255e-4fff-bf97-95fdd08754be&quot;}">
      <![CDATA[java.lang.AssertionError: ARes response json schema validation failed.<br>expected minLength: 17, actual: 4<br> api response : {"acsTransID":"af96ada2-628b-487a-a716-1ee18b68c435","dsName":"mastercard","eci":"07","callerTxnRefID":"341b7153-da86-4543-860f-2ba47f0168a5","dsReferenceNumber":"CADS","acsReferenceNumber":"ABCDEF987654321","messageType":"ARes","dsTransID":"a6b03ca2-07b8-498b-b5b8-fbd2872e0952","transStatusReason":"09","acsOperatorID":"ACS_OPERATOR_ID","messageVersion":"2.1.0","transStatus":"R","threeDSServerTransID":"01817e10-255e-4fff-bf97-95fdd08754be"}
	at org.testng.Assert.fail(Assert.java:94)
	at com.ca.tds.main.TDSFlowTest.brwPreAreq(TDSFlowTest.java:176)
	at sun.reflect.GeneratedMethodAccessor36.invoke(Unknown Source)
	at sun.reflect.DelegatingMethodAccessorImpl.invoke(DelegatingMethodAccessorImpl.java:43)
	at java.lang.reflect.Method.invoke(Method.java:498)
	at org.testng.internal.MethodInvocationHelper.invokeMethod(MethodInvocationHelper.java:85)
	at org.testng.internal.Invoker.invokeMethod(Invoker.java:639)
	at org.testng.internal.Invoker.invokeTestMethod(Invoker.java:821)
	at org.testng.internal.Invoker.invokeTestMethods(Invoker.java:1131)
	at org.testng.internal.TestMethodWorker.invokeTestMethods(TestMethodWorker.java:124)
	at org.testng.internal.TestMethodWorker.run(TestMethodWorker.java:108)
	at java.util.concurrent.ThreadPoolExecutor.runWorker(ThreadPoolExecutor.java:1149)
	at java.util.concurrent.ThreadPoolExecutor$Worker.run(ThreadPoolExecutor.java:624)
	at java.lang.Thread.run(Thread.java:748)
]]>
    </failure>
  </testcase> <!-- brwPreAreq -->
  <testcase name="brwPreAreq" time="0.545" classname="com.ca.tds.main.TDSFlowTest">
    <failure type="java.lang.AssertionError" message="ARes response json schema validation failed.&lt;br&gt;expected minLength: 17, actual: 4&lt;br&gt; api response : {&quot;acsTransID&quot;:&quot;fe78fee8-5a30-4af7-b399-e41484ec00e8&quot;,&quot;dsName&quot;:&quot;mastercard&quot;,&quot;eci&quot;:&quot;07&quot;,&quot;callerTxnRefID&quot;:&quot;341b7153-da86-4543-860f-2ba47f0168a5&quot;,&quot;dsReferenceNumber&quot;:&quot;CADS&quot;,&quot;acsReferenceNumber&quot;:&quot;ABCDEF987654321&quot;,&quot;messageType&quot;:&quot;ARes&quot;,&quot;dsTransID&quot;:&quot;e479377e-2cb2-4e59-849d-dac3b1de3ab5&quot;,&quot;transStatusReason&quot;:&quot;09&quot;,&quot;acsOperatorID&quot;:&quot;ACS_OPERATOR_ID&quot;,&quot;messageVersion&quot;:&quot;2.1.0&quot;,&quot;transStatus&quot;:&quot;R&quot;,&quot;threeDSServerTransID&quot;:&quot;92d03634-b980-415a-af1c-368842987522&quot;}">
      <![CDATA[java.lang.AssertionError: ARes response json schema validation failed.<br>expected minLength: 17, actual: 4<br> api response : {"acsTransID":"fe78fee8-5a30-4af7-b399-e41484ec00e8","dsName":"mastercard","eci":"07","callerTxnRefID":"341b7153-da86-4543-860f-2ba47f0168a5","dsReferenceNumber":"CADS","acsReferenceNumber":"ABCDEF987654321","messageType":"ARes","dsTransID":"e479377e-2cb2-4e59-849d-dac3b1de3ab5","transStatusReason":"09","acsOperatorID":"ACS_OPERATOR_ID","messageVersion":"2.1.0","transStatus":"R","threeDSServerTransID":"92d03634-b980-415a-af1c-368842987522"}
	at org.testng.Assert.fail(Assert.java:94)
	at com.ca.tds.main.TDSFlowTest.brwPreAreq(TDSFlowTest.java:176)
	at sun.reflect.GeneratedMethodAccessor36.invoke(Unknown Source)
	at sun.reflect.DelegatingMethodAccessorImpl.invoke(DelegatingMethodAccessorImpl.java:43)
	at java.lang.reflect.Method.invoke(Method.java:498)
	at org.testng.internal.MethodInvocationHelper.invokeMethod(MethodInvocationHelper.java:85)
	at org.testng.internal.Invoker.invokeMethod(Invoker.java:639)
	at org.testng.internal.Invoker.invokeTestMethod(Invoker.java:821)
	at org.testng.internal.Invoker.invokeTestMethods(Invoker.java:1131)
	at org.testng.internal.TestMethodWorker.invokeTestMethods(TestMethodWorker.java:124)
	at org.testng.internal.TestMethodWorker.run(TestMethodWorker.java:108)
	at java.util.concurrent.ThreadPoolExecutor.runWorker(ThreadPoolExecutor.java:1149)
	at java.util.concurrent.ThreadPoolExecutor$Worker.run(ThreadPoolExecutor.java:624)
	at java.lang.Thread.run(Thread.java:748)
]]>
    </failure>
  </testcase> <!-- brwPreAreq -->
  <testcase name="verifyAPI" time="0.019" classname="com.ca.tds.main.TDSFlowTest">
    <error type="org.testng.SkipException" message="Skipping [verifyAPI] because the [verifyApiRequired] assumption(s) do not hold.">
      <![CDATA[org.testng.SkipException: Skipping [verifyAPI] because the [verifyApiRequired] assumption(s) do not hold.
	at nl.javadude.assumeng.AssumptionListener.beforeInvocation(AssumptionListener.java:43)
	at org.testng.internal.invokers.InvokedMethodListenerInvoker$InvokeBeforeInvocationWithoutContextStrategy.callMethod(InvokedMethodListenerInvoker.java:84)
	at org.testng.internal.invokers.InvokedMethodListenerInvoker.invokeListener(InvokedMethodListenerInvoker.java:62)
	at org.testng.internal.Invoker.runInvokedMethodListeners(Invoker.java:552)
	at org.testng.internal.Invoker.invokeMethod(Invoker.java:617)
	at org.testng.internal.Invoker.invokeTestMethod(Invoker.java:821)
	at org.testng.internal.Invoker.invokeTestMethods(Invoker.java:1131)
	at org.testng.internal.TestMethodWorker.invokeTestMethods(TestMethodWorker.java:124)
	at org.testng.internal.TestMethodWorker.run(TestMethodWorker.java:108)
	at java.util.concurrent.ThreadPoolExecutor.runWorker(ThreadPoolExecutor.java:1149)
	at java.util.concurrent.ThreadPoolExecutor$Worker.run(ThreadPoolExecutor.java:624)
	at java.lang.Thread.run(Thread.java:748)
]]>
    </error>
  </testcase> <!-- verifyAPI -->
  <testcase name="brwPreAreq" time="0.546" classname="com.ca.tds.main.TDSFlowTest">
    <failure type="java.lang.AssertionError" message="ARes response json schema validation failed.&lt;br&gt;expected minLength: 17, actual: 4&lt;br&gt; api response : {&quot;acsTransID&quot;:&quot;d98fb540-12d7-4340-ae8e-31a90a390d2a&quot;,&quot;dsName&quot;:&quot;visa&quot;,&quot;eci&quot;:&quot;07&quot;,&quot;callerTxnRefID&quot;:&quot;341b7153-da86-4543-860f-2ba47f0168a5&quot;,&quot;dsReferenceNumber&quot;:&quot;CADS&quot;,&quot;acsReferenceNumber&quot;:&quot;ABCDEF987654321&quot;,&quot;messageType&quot;:&quot;ARes&quot;,&quot;dsTransID&quot;:&quot;8032d9ca-e432-4d93-86b3-9bb7e4dc5616&quot;,&quot;transStatusReason&quot;:&quot;09&quot;,&quot;acsOperatorID&quot;:&quot;ACS_OPERATOR_ID&quot;,&quot;messageVersion&quot;:&quot;2.1.0&quot;,&quot;transStatus&quot;:&quot;R&quot;,&quot;threeDSServerTransID&quot;:&quot;b42aa5a5-32e2-4fa1-a046-bf82ed4e9448&quot;}">
      <![CDATA[java.lang.AssertionError: ARes response json schema validation failed.<br>expected minLength: 17, actual: 4<br> api response : {"acsTransID":"d98fb540-12d7-4340-ae8e-31a90a390d2a","dsName":"visa","eci":"07","callerTxnRefID":"341b7153-da86-4543-860f-2ba47f0168a5","dsReferenceNumber":"CADS","acsReferenceNumber":"ABCDEF987654321","messageType":"ARes","dsTransID":"8032d9ca-e432-4d93-86b3-9bb7e4dc5616","transStatusReason":"09","acsOperatorID":"ACS_OPERATOR_ID","messageVersion":"2.1.0","transStatus":"R","threeDSServerTransID":"b42aa5a5-32e2-4fa1-a046-bf82ed4e9448"}
	at org.testng.Assert.fail(Assert.java:94)
	at com.ca.tds.main.TDSFlowTest.brwPreAreq(TDSFlowTest.java:176)
	at sun.reflect.GeneratedMethodAccessor36.invoke(Unknown Source)
	at sun.reflect.DelegatingMethodAccessorImpl.invoke(DelegatingMethodAccessorImpl.java:43)
	at java.lang.reflect.Method.invoke(Method.java:498)
	at org.testng.internal.MethodInvocationHelper.invokeMethod(MethodInvocationHelper.java:85)
	at org.testng.internal.Invoker.invokeMethod(Invoker.java:639)
	at org.testng.internal.Invoker.invokeTestMethod(Invoker.java:821)
	at org.testng.internal.Invoker.invokeTestMethods(Invoker.java:1131)
	at org.testng.internal.TestMethodWorker.invokeTestMethods(TestMethodWorker.java:124)
	at org.testng.internal.TestMethodWorker.run(TestMethodWorker.java:108)
	at java.util.concurrent.ThreadPoolExecutor.runWorker(ThreadPoolExecutor.java:1149)
	at java.util.concurrent.ThreadPoolExecutor$Worker.run(ThreadPoolExecutor.java:624)
	at java.lang.Thread.run(Thread.java:748)
]]>
    </failure>
  </testcase> <!-- brwPreAreq -->
  <testcase name="verifyAPI" time="0.028" classname="com.ca.tds.main.TDSFlowTest">
    <error type="org.testng.SkipException" message="Skipping [verifyAPI] because the [verifyApiRequired] assumption(s) do not hold.">
      <![CDATA[org.testng.SkipException: Skipping [verifyAPI] because the [verifyApiRequired] assumption(s) do not hold.
	at nl.javadude.assumeng.AssumptionListener.beforeInvocation(AssumptionListener.java:43)
	at org.testng.internal.invokers.InvokedMethodListenerInvoker$InvokeBeforeInvocationWithoutContextStrategy.callMethod(InvokedMethodListenerInvoker.java:84)
	at org.testng.internal.invokers.InvokedMethodListenerInvoker.invokeListener(InvokedMethodListenerInvoker.java:62)
	at org.testng.internal.Invoker.runInvokedMethodListeners(Invoker.java:552)
	at org.testng.internal.Invoker.invokeMethod(Invoker.java:617)
	at org.testng.internal.Invoker.invokeTestMethod(Invoker.java:821)
	at org.testng.internal.Invoker.invokeTestMethods(Invoker.java:1131)
	at org.testng.internal.TestMethodWorker.invokeTestMethods(TestMethodWorker.java:124)
	at org.testng.internal.TestMethodWorker.run(TestMethodWorker.java:108)
	at java.util.concurrent.ThreadPoolExecutor.runWorker(ThreadPoolExecutor.java:1149)
	at java.util.concurrent.ThreadPoolExecutor$Worker.run(ThreadPoolExecutor.java:624)
	at java.lang.Thread.run(Thread.java:748)
]]>
    </error>
  </testcase> <!-- verifyAPI -->
  <testcase name="brwTDSMethodTest" time="0.494" classname="com.ca.tds.main.TDSFlowTest"/>
  <testcase name="brwTDSMethodTest" time="0.491" classname="com.ca.tds.main.TDSFlowTest"/>
  <testcase name="brwTDSMethodTest" time="0.515" classname="com.ca.tds.main.TDSFlowTest"/>
  <testcase name="brwPreAreq" time="0.546" classname="com.ca.tds.main.TDSFlowTest">
    <failure type="java.lang.AssertionError" message="ARes response json schema validation failed.&lt;br&gt;expected minLength: 17, actual: 4&lt;br&gt; api response : {&quot;acsTransID&quot;:&quot;38575c3d-bfe4-40ab-a403-701e0000898c&quot;,&quot;dsName&quot;:&quot;mastercard&quot;,&quot;eci&quot;:&quot;07&quot;,&quot;callerTxnRefID&quot;:&quot;341b7153-da86-4543-860f-2ba47f0168a5&quot;,&quot;dsReferenceNumber&quot;:&quot;CADS&quot;,&quot;acsReferenceNumber&quot;:&quot;ABCDEF987654321&quot;,&quot;messageType&quot;:&quot;ARes&quot;,&quot;dsTransID&quot;:&quot;66ec96e2-de46-4eae-bf90-99b3d04cbd07&quot;,&quot;transStatusReason&quot;:&quot;09&quot;,&quot;acsOperatorID&quot;:&quot;ACS_OPERATOR_ID&quot;,&quot;messageVersion&quot;:&quot;2.1.0&quot;,&quot;transStatus&quot;:&quot;R&quot;,&quot;threeDSServerTransID&quot;:&quot;25585554-a33b-4f1e-b118-9c2a2f6eb6d4&quot;}">
      <![CDATA[java.lang.AssertionError: ARes response json schema validation failed.<br>expected minLength: 17, actual: 4<br> api response : {"acsTransID":"38575c3d-bfe4-40ab-a403-701e0000898c","dsName":"mastercard","eci":"07","callerTxnRefID":"341b7153-da86-4543-860f-2ba47f0168a5","dsReferenceNumber":"CADS","acsReferenceNumber":"ABCDEF987654321","messageType":"ARes","dsTransID":"66ec96e2-de46-4eae-bf90-99b3d04cbd07","transStatusReason":"09","acsOperatorID":"ACS_OPERATOR_ID","messageVersion":"2.1.0","transStatus":"R","threeDSServerTransID":"25585554-a33b-4f1e-b118-9c2a2f6eb6d4"}
	at org.testng.Assert.fail(Assert.java:94)
	at com.ca.tds.main.TDSFlowTest.brwPreAreq(TDSFlowTest.java:176)
	at sun.reflect.GeneratedMethodAccessor36.invoke(Unknown Source)
	at sun.reflect.DelegatingMethodAccessorImpl.invoke(DelegatingMethodAccessorImpl.java:43)
	at java.lang.reflect.Method.invoke(Method.java:498)
	at org.testng.internal.MethodInvocationHelper.invokeMethod(MethodInvocationHelper.java:85)
	at org.testng.internal.Invoker.invokeMethod(Invoker.java:639)
	at org.testng.internal.Invoker.invokeTestMethod(Invoker.java:821)
	at org.testng.internal.Invoker.invokeTestMethods(Invoker.java:1131)
	at org.testng.internal.TestMethodWorker.invokeTestMethods(TestMethodWorker.java:124)
	at org.testng.internal.TestMethodWorker.run(TestMethodWorker.java:108)
	at java.util.concurrent.ThreadPoolExecutor.runWorker(ThreadPoolExecutor.java:1149)
	at java.util.concurrent.ThreadPoolExecutor$Worker.run(ThreadPoolExecutor.java:624)
	at java.lang.Thread.run(Thread.java:748)
]]>
    </failure>
  </testcase> <!-- brwPreAreq -->
  <testcase name="brwTDSMethodTest" time="0.508" classname="com.ca.tds.main.TDSFlowTest"/>
  <testcase name="rReqTest" time="0.018" classname="com.ca.tds.main.TDSFlowTest">
    <error type="org.testng.SkipException" message="Skipping [rReqTest] because the [rReqRequired] assumption(s) do not hold.">
      <![CDATA[org.testng.SkipException: Skipping [rReqTest] because the [rReqRequired] assumption(s) do not hold.
	at nl.javadude.assumeng.AssumptionListener.beforeInvocation(AssumptionListener.java:43)
	at org.testng.internal.invokers.InvokedMethodListenerInvoker$InvokeBeforeInvocationWithoutContextStrategy.callMethod(InvokedMethodListenerInvoker.java:84)
	at org.testng.internal.invokers.InvokedMethodListenerInvoker.invokeListener(InvokedMethodListenerInvoker.java:62)
	at org.testng.internal.Invoker.runInvokedMethodListeners(Invoker.java:552)
	at org.testng.internal.Invoker.invokeMethod(Invoker.java:617)
	at org.testng.internal.Invoker.invokeTestMethod(Invoker.java:821)
	at org.testng.internal.Invoker.invokeTestMethods(Invoker.java:1131)
	at org.testng.internal.TestMethodWorker.invokeTestMethods(TestMethodWorker.java:124)
	at org.testng.internal.TestMethodWorker.run(TestMethodWorker.java:108)
	at java.util.concurrent.ThreadPoolExecutor.runWorker(ThreadPoolExecutor.java:1149)
	at java.util.concurrent.ThreadPoolExecutor$Worker.run(ThreadPoolExecutor.java:624)
	at java.lang.Thread.run(Thread.java:748)
]]>
    </error>
  </testcase> <!-- rReqTest -->
  <testcase name="brwPreAreq" time="1.946" classname="com.ca.tds.main.TDSFlowTest">
    <failure type="java.lang.AssertionError" message="ARes response json schema validation failed.&lt;br&gt;expected minLength: 17, actual: 4&lt;br&gt; api response : {&quot;acsTransID&quot;:&quot;a0ceef09-39d8-4e0e-9e3f-e278d42e578a&quot;,&quot;dsName&quot;:&quot;visa&quot;,&quot;eci&quot;:&quot;07&quot;,&quot;callerTxnRefID&quot;:&quot;341b7153-da86-4543-860f-2ba47f0168a5&quot;,&quot;dsReferenceNumber&quot;:&quot;CADS&quot;,&quot;acsReferenceNumber&quot;:&quot;ABCDEF987654321&quot;,&quot;messageType&quot;:&quot;ARes&quot;,&quot;dsTransID&quot;:&quot;355762a6-9bd9-40ab-86bc-e579b375bd9e&quot;,&quot;transStatusReason&quot;:&quot;09&quot;,&quot;acsOperatorID&quot;:&quot;ACS_OPERATOR_ID&quot;,&quot;messageVersion&quot;:&quot;2.1.0&quot;,&quot;transStatus&quot;:&quot;R&quot;,&quot;threeDSServerTransID&quot;:&quot;fde62d49-1c48-4d65-8244-735e73d703b5&quot;}">
      <![CDATA[java.lang.AssertionError: ARes response json schema validation failed.<br>expected minLength: 17, actual: 4<br> api response : {"acsTransID":"a0ceef09-39d8-4e0e-9e3f-e278d42e578a","dsName":"visa","eci":"07","callerTxnRefID":"341b7153-da86-4543-860f-2ba47f0168a5","dsReferenceNumber":"CADS","acsReferenceNumber":"ABCDEF987654321","messageType":"ARes","dsTransID":"355762a6-9bd9-40ab-86bc-e579b375bd9e","transStatusReason":"09","acsOperatorID":"ACS_OPERATOR_ID","messageVersion":"2.1.0","transStatus":"R","threeDSServerTransID":"fde62d49-1c48-4d65-8244-735e73d703b5"}
	at org.testng.Assert.fail(Assert.java:94)
	at com.ca.tds.main.TDSFlowTest.brwPreAreq(TDSFlowTest.java:176)
	at sun.reflect.GeneratedMethodAccessor36.invoke(Unknown Source)
	at sun.reflect.DelegatingMethodAccessorImpl.invoke(DelegatingMethodAccessorImpl.java:43)
	at java.lang.reflect.Method.invoke(Method.java:498)
	at org.testng.internal.MethodInvocationHelper.invokeMethod(MethodInvocationHelper.java:85)
	at org.testng.internal.Invoker.invokeMethod(Invoker.java:639)
	at org.testng.internal.Invoker.invokeTestMethod(Invoker.java:821)
	at org.testng.internal.Invoker.invokeTestMethods(Invoker.java:1131)
	at org.testng.internal.TestMethodWorker.invokeTestMethods(TestMethodWorker.java:124)
	at org.testng.internal.TestMethodWorker.run(TestMethodWorker.java:108)
	at java.util.concurrent.ThreadPoolExecutor.runWorker(ThreadPoolExecutor.java:1149)
	at java.util.concurrent.ThreadPoolExecutor$Worker.run(ThreadPoolExecutor.java:624)
	at java.lang.Thread.run(Thread.java:748)
]]>
    </failure>
  </testcase> <!-- brwPreAreq -->
  <testcase name="verifyAPI" time="0.016" classname="com.ca.tds.main.TDSFlowTest">
    <error type="org.testng.SkipException" message="Skipping [verifyAPI] because the [verifyApiRequired] assumption(s) do not hold.">
      <![CDATA[org.testng.SkipException: Skipping [verifyAPI] because the [verifyApiRequired] assumption(s) do not hold.
	at nl.javadude.assumeng.AssumptionListener.beforeInvocation(AssumptionListener.java:43)
	at org.testng.internal.invokers.InvokedMethodListenerInvoker$InvokeBeforeInvocationWithoutContextStrategy.callMethod(InvokedMethodListenerInvoker.java:84)
	at org.testng.internal.invokers.InvokedMethodListenerInvoker.invokeListener(InvokedMethodListenerInvoker.java:62)
	at org.testng.internal.Invoker.runInvokedMethodListeners(Invoker.java:552)
	at org.testng.internal.Invoker.invokeMethod(Invoker.java:617)
	at org.testng.internal.Invoker.invokeTestMethod(Invoker.java:821)
	at org.testng.internal.Invoker.invokeTestMethods(Invoker.java:1131)
	at org.testng.internal.TestMethodWorker.invokeTestMethods(TestMethodWorker.java:124)
	at org.testng.internal.TestMethodWorker.run(TestMethodWorker.java:108)
	at java.util.concurrent.ThreadPoolExecutor.runWorker(ThreadPoolExecutor.java:1149)
	at java.util.concurrent.ThreadPoolExecutor$Worker.run(ThreadPoolExecutor.java:624)
	at java.lang.Thread.run(Thread.java:748)
]]>
    </error>
  </testcase> <!-- verifyAPI -->
  <testcase name="verifyAPI" time="0.021" classname="com.ca.tds.main.TDSFlowTest">
    <error type="org.testng.SkipException" message="Skipping [verifyAPI] because the [verifyApiRequired] assumption(s) do not hold.">
      <![CDATA[org.testng.SkipException: Skipping [verifyAPI] because the [verifyApiRequired] assumption(s) do not hold.
	at nl.javadude.assumeng.AssumptionListener.beforeInvocation(AssumptionListener.java:43)
	at org.testng.internal.invokers.InvokedMethodListenerInvoker$InvokeBeforeInvocationWithoutContextStrategy.callMethod(InvokedMethodListenerInvoker.java:84)
	at org.testng.internal.invokers.InvokedMethodListenerInvoker.invokeListener(InvokedMethodListenerInvoker.java:62)
	at org.testng.internal.Invoker.runInvokedMethodListeners(Invoker.java:552)
	at org.testng.internal.Invoker.invokeMethod(Invoker.java:617)
	at org.testng.internal.Invoker.invokeTestMethod(Invoker.java:821)
	at org.testng.internal.Invoker.invokeTestMethods(Invoker.java:1131)
	at org.testng.internal.TestMethodWorker.invokeTestMethods(TestMethodWorker.java:124)
	at org.testng.internal.TestMethodWorker.run(TestMethodWorker.java:108)
	at java.util.concurrent.ThreadPoolExecutor.runWorker(ThreadPoolExecutor.java:1149)
	at java.util.concurrent.ThreadPoolExecutor$Worker.run(ThreadPoolExecutor.java:624)
	at java.lang.Thread.run(Thread.java:748)
]]>
    </error>
  </testcase> <!-- verifyAPI -->
  <testcase name="brwPreAreq" time="0.567" classname="com.ca.tds.main.TDSFlowTest">
    <failure type="java.lang.AssertionError" message="ARes response json schema validation failed.&lt;br&gt;expected minLength: 17, actual: 4&lt;br&gt; api response : {&quot;acsTransID&quot;:&quot;830304a9-75b3-41ce-bbdb-1101d14a3a0b&quot;,&quot;dsName&quot;:&quot;mastercard&quot;,&quot;eci&quot;:&quot;07&quot;,&quot;callerTxnRefID&quot;:&quot;341b7153-da86-4543-860f-2ba47f0168a5&quot;,&quot;dsReferenceNumber&quot;:&quot;CADS&quot;,&quot;acsReferenceNumber&quot;:&quot;ABCDEF987654321&quot;,&quot;messageType&quot;:&quot;ARes&quot;,&quot;dsTransID&quot;:&quot;047be49b-57ec-4bae-9d2e-1cc441400a62&quot;,&quot;transStatusReason&quot;:&quot;09&quot;,&quot;acsOperatorID&quot;:&quot;ACS_OPERATOR_ID&quot;,&quot;messageVersion&quot;:&quot;2.1.0&quot;,&quot;transStatus&quot;:&quot;R&quot;,&quot;threeDSServerTransID&quot;:&quot;3a12f2aa-fbfc-469f-b0b5-c41a5da8b879&quot;}">
      <![CDATA[java.lang.AssertionError: ARes response json schema validation failed.<br>expected minLength: 17, actual: 4<br> api response : {"acsTransID":"830304a9-75b3-41ce-bbdb-1101d14a3a0b","dsName":"mastercard","eci":"07","callerTxnRefID":"341b7153-da86-4543-860f-2ba47f0168a5","dsReferenceNumber":"CADS","acsReferenceNumber":"ABCDEF987654321","messageType":"ARes","dsTransID":"047be49b-57ec-4bae-9d2e-1cc441400a62","transStatusReason":"09","acsOperatorID":"ACS_OPERATOR_ID","messageVersion":"2.1.0","transStatus":"R","threeDSServerTransID":"3a12f2aa-fbfc-469f-b0b5-c41a5da8b879"}
	at org.testng.Assert.fail(Assert.java:94)
	at com.ca.tds.main.TDSFlowTest.brwPreAreq(TDSFlowTest.java:176)
	at sun.reflect.GeneratedMethodAccessor36.invoke(Unknown Source)
	at sun.reflect.DelegatingMethodAccessorImpl.invoke(DelegatingMethodAccessorImpl.java:43)
	at java.lang.reflect.Method.invoke(Method.java:498)
	at org.testng.internal.MethodInvocationHelper.invokeMethod(MethodInvocationHelper.java:85)
	at org.testng.internal.Invoker.invokeMethod(Invoker.java:639)
	at org.testng.internal.Invoker.invokeTestMethod(Invoker.java:821)
	at org.testng.internal.Invoker.invokeTestMethods(Invoker.java:1131)
	at org.testng.internal.TestMethodWorker.invokeTestMethods(TestMethodWorker.java:124)
	at org.testng.internal.TestMethodWorker.run(TestMethodWorker.java:108)
	at java.util.concurrent.ThreadPoolExecutor.runWorker(ThreadPoolExecutor.java:1149)
	at java.util.concurrent.ThreadPoolExecutor$Worker.run(ThreadPoolExecutor.java:624)
	at java.lang.Thread.run(Thread.java:748)
]]>
    </failure>
  </testcase> <!-- brwPreAreq -->
  <testcase name="brwPreAreq" time="0.544" classname="com.ca.tds.main.TDSFlowTest">
    <failure type="java.lang.AssertionError" message="ARes response json schema validation failed.&lt;br&gt;expected minLength: 17, actual: 4&lt;br&gt; api response : {&quot;acsTransID&quot;:&quot;35036e0d-b040-49c9-8e02-a69bdc4557c9&quot;,&quot;dsName&quot;:&quot;mastercard&quot;,&quot;eci&quot;:&quot;07&quot;,&quot;callerTxnRefID&quot;:&quot;341b7153-da86-4543-860f-2ba47f0168a5&quot;,&quot;dsReferenceNumber&quot;:&quot;CADS&quot;,&quot;acsReferenceNumber&quot;:&quot;ABCDEF987654321&quot;,&quot;messageType&quot;:&quot;ARes&quot;,&quot;dsTransID&quot;:&quot;8dd06317-790c-4623-8d8c-5ea802ce9a93&quot;,&quot;transStatusReason&quot;:&quot;09&quot;,&quot;acsOperatorID&quot;:&quot;ACS_OPERATOR_ID&quot;,&quot;messageVersion&quot;:&quot;2.1.0&quot;,&quot;transStatus&quot;:&quot;R&quot;,&quot;threeDSServerTransID&quot;:&quot;a1d3954d-bb45-492b-b9b1-9db5eee7d2ec&quot;}">
      <![CDATA[java.lang.AssertionError: ARes response json schema validation failed.<br>expected minLength: 17, actual: 4<br> api response : {"acsTransID":"35036e0d-b040-49c9-8e02-a69bdc4557c9","dsName":"mastercard","eci":"07","callerTxnRefID":"341b7153-da86-4543-860f-2ba47f0168a5","dsReferenceNumber":"CADS","acsReferenceNumber":"ABCDEF987654321","messageType":"ARes","dsTransID":"8dd06317-790c-4623-8d8c-5ea802ce9a93","transStatusReason":"09","acsOperatorID":"ACS_OPERATOR_ID","messageVersion":"2.1.0","transStatus":"R","threeDSServerTransID":"a1d3954d-bb45-492b-b9b1-9db5eee7d2ec"}
	at org.testng.Assert.fail(Assert.java:94)
	at com.ca.tds.main.TDSFlowTest.brwPreAreq(TDSFlowTest.java:176)
	at sun.reflect.GeneratedMethodAccessor36.invoke(Unknown Source)
	at sun.reflect.DelegatingMethodAccessorImpl.invoke(DelegatingMethodAccessorImpl.java:43)
	at java.lang.reflect.Method.invoke(Method.java:498)
	at org.testng.internal.MethodInvocationHelper.invokeMethod(MethodInvocationHelper.java:85)
	at org.testng.internal.Invoker.invokeMethod(Invoker.java:639)
	at org.testng.internal.Invoker.invokeTestMethod(Invoker.java:821)
	at org.testng.internal.Invoker.invokeTestMethods(Invoker.java:1131)
	at org.testng.internal.TestMethodWorker.invokeTestMethods(TestMethodWorker.java:124)
	at org.testng.internal.TestMethodWorker.run(TestMethodWorker.java:108)
	at java.util.concurrent.ThreadPoolExecutor.runWorker(ThreadPoolExecutor.java:1149)
	at java.util.concurrent.ThreadPoolExecutor$Worker.run(ThreadPoolExecutor.java:624)
	at java.lang.Thread.run(Thread.java:748)
]]>
    </failure>
  </testcase> <!-- brwPreAreq -->
  <testcase name="brwTDSMethodTest" time="0.499" classname="com.ca.tds.main.TDSFlowTest"/>
  <testcase name="verifyAPI" time="0.018" classname="com.ca.tds.main.TDSFlowTest">
    <error type="org.testng.SkipException" message="Skipping [verifyAPI] because the [verifyApiRequired] assumption(s) do not hold.">
      <![CDATA[org.testng.SkipException: Skipping [verifyAPI] because the [verifyApiRequired] assumption(s) do not hold.
	at nl.javadude.assumeng.AssumptionListener.beforeInvocation(AssumptionListener.java:43)
	at org.testng.internal.invokers.InvokedMethodListenerInvoker$InvokeBeforeInvocationWithoutContextStrategy.callMethod(InvokedMethodListenerInvoker.java:84)
	at org.testng.internal.invokers.InvokedMethodListenerInvoker.invokeListener(InvokedMethodListenerInvoker.java:62)
	at org.testng.internal.Invoker.runInvokedMethodListeners(Invoker.java:552)
	at org.testng.internal.Invoker.invokeMethod(Invoker.java:617)
	at org.testng.internal.Invoker.invokeTestMethod(Invoker.java:821)
	at org.testng.internal.Invoker.invokeTestMethods(Invoker.java:1131)
	at org.testng.internal.TestMethodWorker.invokeTestMethods(TestMethodWorker.java:124)
	at org.testng.internal.TestMethodWorker.run(TestMethodWorker.java:108)
	at java.util.concurrent.ThreadPoolExecutor.runWorker(ThreadPoolExecutor.java:1149)
	at java.util.concurrent.ThreadPoolExecutor$Worker.run(ThreadPoolExecutor.java:624)
	at java.lang.Thread.run(Thread.java:748)
]]>
    </error>
  </testcase> <!-- verifyAPI -->
  <testcase name="rReqTest" time="0.024" classname="com.ca.tds.main.TDSFlowTest">
    <error type="org.testng.SkipException" message="Skipping [rReqTest] because the [rReqRequired] assumption(s) do not hold.">
      <![CDATA[org.testng.SkipException: Skipping [rReqTest] because the [rReqRequired] assumption(s) do not hold.
	at nl.javadude.assumeng.AssumptionListener.beforeInvocation(AssumptionListener.java:43)
	at org.testng.internal.invokers.InvokedMethodListenerInvoker$InvokeBeforeInvocationWithoutContextStrategy.callMethod(InvokedMethodListenerInvoker.java:84)
	at org.testng.internal.invokers.InvokedMethodListenerInvoker.invokeListener(InvokedMethodListenerInvoker.java:62)
	at org.testng.internal.Invoker.runInvokedMethodListeners(Invoker.java:552)
	at org.testng.internal.Invoker.invokeMethod(Invoker.java:617)
	at org.testng.internal.Invoker.invokeTestMethod(Invoker.java:821)
	at org.testng.internal.Invoker.invokeTestMethods(Invoker.java:1131)
	at org.testng.internal.TestMethodWorker.invokeTestMethods(TestMethodWorker.java:124)
	at org.testng.internal.TestMethodWorker.run(TestMethodWorker.java:108)
	at java.util.concurrent.ThreadPoolExecutor.runWorker(ThreadPoolExecutor.java:1149)
	at java.util.concurrent.ThreadPoolExecutor$Worker.run(ThreadPoolExecutor.java:624)
	at java.lang.Thread.run(Thread.java:748)
]]>
    </error>
  </testcase> <!-- rReqTest -->
  <testcase name="rReqTest" time="0.019" classname="com.ca.tds.main.TDSFlowTest">
    <error type="org.testng.SkipException" message="Skipping [rReqTest] because the [rReqRequired] assumption(s) do not hold.">
      <![CDATA[org.testng.SkipException: Skipping [rReqTest] because the [rReqRequired] assumption(s) do not hold.
	at nl.javadude.assumeng.AssumptionListener.beforeInvocation(AssumptionListener.java:43)
	at org.testng.internal.invokers.InvokedMethodListenerInvoker$InvokeBeforeInvocationWithoutContextStrategy.callMethod(InvokedMethodListenerInvoker.java:84)
	at org.testng.internal.invokers.InvokedMethodListenerInvoker.invokeListener(InvokedMethodListenerInvoker.java:62)
	at org.testng.internal.Invoker.runInvokedMethodListeners(Invoker.java:552)
	at org.testng.internal.Invoker.invokeMethod(Invoker.java:617)
	at org.testng.internal.Invoker.invokeTestMethod(Invoker.java:821)
	at org.testng.internal.Invoker.invokeTestMethods(Invoker.java:1131)
	at org.testng.internal.TestMethodWorker.invokeTestMethods(TestMethodWorker.java:124)
	at org.testng.internal.TestMethodWorker.run(TestMethodWorker.java:108)
	at java.util.concurrent.ThreadPoolExecutor.runWorker(ThreadPoolExecutor.java:1149)
	at java.util.concurrent.ThreadPoolExecutor$Worker.run(ThreadPoolExecutor.java:624)
	at java.lang.Thread.run(Thread.java:748)
]]>
    </error>
  </testcase> <!-- rReqTest -->
  <testcase name="brwTDSMethodTest" time="0.499" classname="com.ca.tds.main.TDSFlowTest"/>
  <testcase name="verifyAPI" time="0.025" classname="com.ca.tds.main.TDSFlowTest">
    <error type="org.testng.SkipException" message="Skipping [verifyAPI] because the [verifyApiRequired] assumption(s) do not hold.">
      <![CDATA[org.testng.SkipException: Skipping [verifyAPI] because the [verifyApiRequired] assumption(s) do not hold.
	at nl.javadude.assumeng.AssumptionListener.beforeInvocation(AssumptionListener.java:43)
	at org.testng.internal.invokers.InvokedMethodListenerInvoker$InvokeBeforeInvocationWithoutContextStrategy.callMethod(InvokedMethodListenerInvoker.java:84)
	at org.testng.internal.invokers.InvokedMethodListenerInvoker.invokeListener(InvokedMethodListenerInvoker.java:62)
	at org.testng.internal.Invoker.runInvokedMethodListeners(Invoker.java:552)
	at org.testng.internal.Invoker.invokeMethod(Invoker.java:617)
	at org.testng.internal.Invoker.invokeTestMethod(Invoker.java:821)
	at org.testng.internal.Invoker.invokeTestMethods(Invoker.java:1131)
	at org.testng.internal.TestMethodWorker.invokeTestMethods(TestMethodWorker.java:124)
	at org.testng.internal.TestMethodWorker.run(TestMethodWorker.java:108)
	at java.util.concurrent.ThreadPoolExecutor.runWorker(ThreadPoolExecutor.java:1149)
	at java.util.concurrent.ThreadPoolExecutor$Worker.run(ThreadPoolExecutor.java:624)
	at java.lang.Thread.run(Thread.java:748)
]]>
    </error>
  </testcase> <!-- verifyAPI -->
  <testcase name="verifyAPI" time="0.015" classname="com.ca.tds.main.TDSFlowTest">
    <error type="org.testng.SkipException" message="Skipping [verifyAPI] because the [verifyApiRequired] assumption(s) do not hold.">
      <![CDATA[org.testng.SkipException: Skipping [verifyAPI] because the [verifyApiRequired] assumption(s) do not hold.
	at nl.javadude.assumeng.AssumptionListener.beforeInvocation(AssumptionListener.java:43)
	at org.testng.internal.invokers.InvokedMethodListenerInvoker$InvokeBeforeInvocationWithoutContextStrategy.callMethod(InvokedMethodListenerInvoker.java:84)
	at org.testng.internal.invokers.InvokedMethodListenerInvoker.invokeListener(InvokedMethodListenerInvoker.java:62)
	at org.testng.internal.Invoker.runInvokedMethodListeners(Invoker.java:552)
	at org.testng.internal.Invoker.invokeMethod(Invoker.java:617)
	at org.testng.internal.Invoker.invokeTestMethod(Invoker.java:821)
	at org.testng.internal.Invoker.invokeTestMethods(Invoker.java:1131)
	at org.testng.internal.TestMethodWorker.invokeTestMethods(TestMethodWorker.java:124)
	at org.testng.internal.TestMethodWorker.run(TestMethodWorker.java:108)
	at java.util.concurrent.ThreadPoolExecutor.runWorker(ThreadPoolExecutor.java:1149)
	at java.util.concurrent.ThreadPoolExecutor$Worker.run(ThreadPoolExecutor.java:624)
	at java.lang.Thread.run(Thread.java:748)
]]>
    </error>
  </testcase> <!-- verifyAPI -->
  <testcase name="brwPreAreq" time="1.194" classname="com.ca.tds.main.TDSFlowTest">
    <failure type="java.lang.AssertionError" message="ARes response json schema validation failed.&lt;br&gt;expected minLength: 17, actual: 4&lt;br&gt; api response : {&quot;acsTransID&quot;:&quot;5379312e-1d10-4cea-a2f8-8457171a9ca4&quot;,&quot;dsName&quot;:&quot;mastercard&quot;,&quot;eci&quot;:&quot;07&quot;,&quot;callerTxnRefID&quot;:&quot;341b7153-da86-4543-860f-2ba47f0168a5&quot;,&quot;dsReferenceNumber&quot;:&quot;CADS&quot;,&quot;acsReferenceNumber&quot;:&quot;ABCDEF987654321&quot;,&quot;messageType&quot;:&quot;ARes&quot;,&quot;dsTransID&quot;:&quot;bdc4dd37-a3b2-4061-8058-81caec314c09&quot;,&quot;transStatusReason&quot;:&quot;09&quot;,&quot;acsOperatorID&quot;:&quot;ACS_OPERATOR_ID&quot;,&quot;messageVersion&quot;:&quot;2.1.0&quot;,&quot;transStatus&quot;:&quot;R&quot;,&quot;threeDSServerTransID&quot;:&quot;8a709dd2-6746-440d-ac07-c96a4e74fec0&quot;}">
      <![CDATA[java.lang.AssertionError: ARes response json schema validation failed.<br>expected minLength: 17, actual: 4<br> api response : {"acsTransID":"5379312e-1d10-4cea-a2f8-8457171a9ca4","dsName":"mastercard","eci":"07","callerTxnRefID":"341b7153-da86-4543-860f-2ba47f0168a5","dsReferenceNumber":"CADS","acsReferenceNumber":"ABCDEF987654321","messageType":"ARes","dsTransID":"bdc4dd37-a3b2-4061-8058-81caec314c09","transStatusReason":"09","acsOperatorID":"ACS_OPERATOR_ID","messageVersion":"2.1.0","transStatus":"R","threeDSServerTransID":"8a709dd2-6746-440d-ac07-c96a4e74fec0"}
	at org.testng.Assert.fail(Assert.java:94)
	at com.ca.tds.main.TDSFlowTest.brwPreAreq(TDSFlowTest.java:176)
	at sun.reflect.GeneratedMethodAccessor36.invoke(Unknown Source)
	at sun.reflect.DelegatingMethodAccessorImpl.invoke(DelegatingMethodAccessorImpl.java:43)
	at java.lang.reflect.Method.invoke(Method.java:498)
	at org.testng.internal.MethodInvocationHelper.invokeMethod(MethodInvocationHelper.java:85)
	at org.testng.internal.Invoker.invokeMethod(Invoker.java:639)
	at org.testng.internal.Invoker.invokeTestMethod(Invoker.java:821)
	at org.testng.internal.Invoker.invokeTestMethods(Invoker.java:1131)
	at org.testng.internal.TestMethodWorker.invokeTestMethods(TestMethodWorker.java:124)
	at org.testng.internal.TestMethodWorker.run(TestMethodWorker.java:108)
	at java.util.concurrent.ThreadPoolExecutor.runWorker(ThreadPoolExecutor.java:1149)
	at java.util.concurrent.ThreadPoolExecutor$Worker.run(ThreadPoolExecutor.java:624)
	at java.lang.Thread.run(Thread.java:748)
]]>
    </failure>
  </testcase> <!-- brwPreAreq -->
  <testcase name="rReqTest" time="0.019" classname="com.ca.tds.main.TDSFlowTest">
    <error type="org.testng.SkipException" message="Skipping [rReqTest] because the [rReqRequired] assumption(s) do not hold.">
      <![CDATA[org.testng.SkipException: Skipping [rReqTest] because the [rReqRequired] assumption(s) do not hold.
	at nl.javadude.assumeng.AssumptionListener.beforeInvocation(AssumptionListener.java:43)
	at org.testng.internal.invokers.InvokedMethodListenerInvoker$InvokeBeforeInvocationWithoutContextStrategy.callMethod(InvokedMethodListenerInvoker.java:84)
	at org.testng.internal.invokers.InvokedMethodListenerInvoker.invokeListener(InvokedMethodListenerInvoker.java:62)
	at org.testng.internal.Invoker.runInvokedMethodListeners(Invoker.java:552)
	at org.testng.internal.Invoker.invokeMethod(Invoker.java:617)
	at org.testng.internal.Invoker.invokeTestMethod(Invoker.java:821)
	at org.testng.internal.Invoker.invokeTestMethods(Invoker.java:1131)
	at org.testng.internal.TestMethodWorker.invokeTestMethods(TestMethodWorker.java:124)
	at org.testng.internal.TestMethodWorker.run(TestMethodWorker.java:108)
	at java.util.concurrent.ThreadPoolExecutor.runWorker(ThreadPoolExecutor.java:1149)
	at java.util.concurrent.ThreadPoolExecutor$Worker.run(ThreadPoolExecutor.java:624)
	at java.lang.Thread.run(Thread.java:748)
]]>
    </error>
  </testcase> <!-- rReqTest -->
  <testcase name="brwTDSMethodTest" time="0.515" classname="com.ca.tds.main.TDSFlowTest"/>
  <testcase name="brwTDSMethodTest" time="0.491" classname="com.ca.tds.main.TDSFlowTest"/>
  <testcase name="brwTDSMethodTest" time="0.504" classname="com.ca.tds.main.TDSFlowTest"/>
  <testcase name="rReqTest" time="0.022" classname="com.ca.tds.main.TDSFlowTest">
    <error type="org.testng.SkipException" message="Skipping [rReqTest] because the [rReqRequired] assumption(s) do not hold.">
      <![CDATA[org.testng.SkipException: Skipping [rReqTest] because the [rReqRequired] assumption(s) do not hold.
	at nl.javadude.assumeng.AssumptionListener.beforeInvocation(AssumptionListener.java:43)
	at org.testng.internal.invokers.InvokedMethodListenerInvoker$InvokeBeforeInvocationWithoutContextStrategy.callMethod(InvokedMethodListenerInvoker.java:84)
	at org.testng.internal.invokers.InvokedMethodListenerInvoker.invokeListener(InvokedMethodListenerInvoker.java:62)
	at org.testng.internal.Invoker.runInvokedMethodListeners(Invoker.java:552)
	at org.testng.internal.Invoker.invokeMethod(Invoker.java:617)
	at org.testng.internal.Invoker.invokeTestMethod(Invoker.java:821)
	at org.testng.internal.Invoker.invokeTestMethods(Invoker.java:1131)
	at org.testng.internal.TestMethodWorker.invokeTestMethods(TestMethodWorker.java:124)
	at org.testng.internal.TestMethodWorker.run(TestMethodWorker.java:108)
	at java.util.concurrent.ThreadPoolExecutor.runWorker(ThreadPoolExecutor.java:1149)
	at java.util.concurrent.ThreadPoolExecutor$Worker.run(ThreadPoolExecutor.java:624)
	at java.lang.Thread.run(Thread.java:748)
]]>
    </error>
  </testcase> <!-- rReqTest -->
  <testcase name="brwTDSMethodTest" time="1.701" classname="com.ca.tds.main.TDSFlowTest"/>
  <testcase name="brwPreAreq" time="1.309" classname="com.ca.tds.main.TDSFlowTest">
    <failure type="java.lang.AssertionError" message="ARes response json schema validation failed.&lt;br&gt;expected minLength: 17, actual: 4&lt;br&gt; api response : {&quot;acsTransID&quot;:&quot;8e6dd826-fa3b-4a58-a08b-cc4b63fe8084&quot;,&quot;dsName&quot;:&quot;amex&quot;,&quot;eci&quot;:&quot;07&quot;,&quot;callerTxnRefID&quot;:&quot;341b7153-da86-4543-860f-2ba47f0168a5&quot;,&quot;dsReferenceNumber&quot;:&quot;CADS&quot;,&quot;acsReferenceNumber&quot;:&quot;ABCDEF987654321&quot;,&quot;XID&quot;:&quot;02010000bfb4aaffdd0c4509a3d36beada9e6bbd&quot;,&quot;messageType&quot;:&quot;ARes&quot;,&quot;dsTransID&quot;:&quot;bfb4aaff-dd0c-4509-a3d3-6beada9e6bbd&quot;,&quot;transStatusReason&quot;:&quot;09&quot;,&quot;acsOperatorID&quot;:&quot;ACS_OPERATOR_ID&quot;,&quot;messageVersion&quot;:&quot;2.1.0&quot;,&quot;transStatus&quot;:&quot;R&quot;,&quot;threeDSServerTransID&quot;:&quot;c774f1b5-f9e7-4263-be8f-6e3260348963&quot;}">
      <![CDATA[java.lang.AssertionError: ARes response json schema validation failed.<br>expected minLength: 17, actual: 4<br> api response : {"acsTransID":"8e6dd826-fa3b-4a58-a08b-cc4b63fe8084","dsName":"amex","eci":"07","callerTxnRefID":"341b7153-da86-4543-860f-2ba47f0168a5","dsReferenceNumber":"CADS","acsReferenceNumber":"ABCDEF987654321","XID":"02010000bfb4aaffdd0c4509a3d36beada9e6bbd","messageType":"ARes","dsTransID":"bfb4aaff-dd0c-4509-a3d3-6beada9e6bbd","transStatusReason":"09","acsOperatorID":"ACS_OPERATOR_ID","messageVersion":"2.1.0","transStatus":"R","threeDSServerTransID":"c774f1b5-f9e7-4263-be8f-6e3260348963"}
	at org.testng.Assert.fail(Assert.java:94)
	at com.ca.tds.main.TDSFlowTest.brwPreAreq(TDSFlowTest.java:176)
	at sun.reflect.NativeMethodAccessorImpl.invoke0(Native Method)
	at sun.reflect.NativeMethodAccessorImpl.invoke(NativeMethodAccessorImpl.java:62)
	at sun.reflect.DelegatingMethodAccessorImpl.invoke(DelegatingMethodAccessorImpl.java:43)
	at java.lang.reflect.Method.invoke(Method.java:498)
	at org.testng.internal.MethodInvocationHelper.invokeMethod(MethodInvocationHelper.java:85)
	at org.testng.internal.Invoker.invokeMethod(Invoker.java:639)
	at org.testng.internal.Invoker.invokeTestMethod(Invoker.java:821)
	at org.testng.internal.Invoker.invokeTestMethods(Invoker.java:1131)
	at org.testng.internal.TestMethodWorker.invokeTestMethods(TestMethodWorker.java:124)
	at org.testng.internal.TestMethodWorker.run(TestMethodWorker.java:108)
	at java.util.concurrent.ThreadPoolExecutor.runWorker(ThreadPoolExecutor.java:1149)
	at java.util.concurrent.ThreadPoolExecutor$Worker.run(ThreadPoolExecutor.java:624)
	at java.lang.Thread.run(Thread.java:748)
]]>
    </failure>
  </testcase> <!-- brwPreAreq -->
  <testcase name="brwPreAreq" time="1.980" classname="com.ca.tds.main.TDSFlowTest">
    <failure type="java.lang.AssertionError" message="ARes response json schema validation failed.&lt;br&gt;expected minLength: 17, actual: 4&lt;br&gt; api response : {&quot;acsTransID&quot;:&quot;7f8ebb77-de17-423e-82f6-e1ea5e703452&quot;,&quot;dsName&quot;:&quot;amex&quot;,&quot;eci&quot;:&quot;07&quot;,&quot;callerTxnRefID&quot;:&quot;341b7153-da86-4543-860f-2ba47f0168a5&quot;,&quot;dsReferenceNumber&quot;:&quot;CADS&quot;,&quot;acsReferenceNumber&quot;:&quot;ABCDEF987654321&quot;,&quot;XID&quot;:&quot;0201000041bf7b699a3342d184460338497a6417&quot;,&quot;messageType&quot;:&quot;ARes&quot;,&quot;dsTransID&quot;:&quot;41bf7b69-9a33-42d1-8446-0338497a6417&quot;,&quot;transStatusReason&quot;:&quot;09&quot;,&quot;acsOperatorID&quot;:&quot;ACS_OPERATOR_ID&quot;,&quot;messageVersion&quot;:&quot;2.1.0&quot;,&quot;transStatus&quot;:&quot;R&quot;,&quot;threeDSServerTransID&quot;:&quot;d97a1983-7c5a-42cf-986b-6c50371340a0&quot;}">
      <![CDATA[java.lang.AssertionError: ARes response json schema validation failed.<br>expected minLength: 17, actual: 4<br> api response : {"acsTransID":"7f8ebb77-de17-423e-82f6-e1ea5e703452","dsName":"amex","eci":"07","callerTxnRefID":"341b7153-da86-4543-860f-2ba47f0168a5","dsReferenceNumber":"CADS","acsReferenceNumber":"ABCDEF987654321","XID":"0201000041bf7b699a3342d184460338497a6417","messageType":"ARes","dsTransID":"41bf7b69-9a33-42d1-8446-0338497a6417","transStatusReason":"09","acsOperatorID":"ACS_OPERATOR_ID","messageVersion":"2.1.0","transStatus":"R","threeDSServerTransID":"d97a1983-7c5a-42cf-986b-6c50371340a0"}
	at org.testng.Assert.fail(Assert.java:94)
	at com.ca.tds.main.TDSFlowTest.brwPreAreq(TDSFlowTest.java:176)
	at sun.reflect.NativeMethodAccessorImpl.invoke0(Native Method)
	at sun.reflect.NativeMethodAccessorImpl.invoke(NativeMethodAccessorImpl.java:62)
	at sun.reflect.DelegatingMethodAccessorImpl.invoke(DelegatingMethodAccessorImpl.java:43)
	at java.lang.reflect.Method.invoke(Method.java:498)
	at org.testng.internal.MethodInvocationHelper.invokeMethod(MethodInvocationHelper.java:85)
	at org.testng.internal.Invoker.invokeMethod(Invoker.java:639)
	at org.testng.internal.Invoker.invokeTestMethod(Invoker.java:821)
	at org.testng.internal.Invoker.invokeTestMethods(Invoker.java:1131)
	at org.testng.internal.TestMethodWorker.invokeTestMethods(TestMethodWorker.java:124)
	at org.testng.internal.TestMethodWorker.run(TestMethodWorker.java:108)
	at java.util.concurrent.ThreadPoolExecutor.runWorker(ThreadPoolExecutor.java:1149)
	at java.util.concurrent.ThreadPoolExecutor$Worker.run(ThreadPoolExecutor.java:624)
	at java.lang.Thread.run(Thread.java:748)
]]>
    </failure>
  </testcase> <!-- brwPreAreq -->
  <testcase name="verifyAPI" time="0.016" classname="com.ca.tds.main.TDSFlowTest">
    <error type="org.testng.SkipException" message="Skipping [verifyAPI] because the [verifyApiRequired] assumption(s) do not hold.">
      <![CDATA[org.testng.SkipException: Skipping [verifyAPI] because the [verifyApiRequired] assumption(s) do not hold.
	at nl.javadude.assumeng.AssumptionListener.beforeInvocation(AssumptionListener.java:43)
	at org.testng.internal.invokers.InvokedMethodListenerInvoker$InvokeBeforeInvocationWithoutContextStrategy.callMethod(InvokedMethodListenerInvoker.java:84)
	at org.testng.internal.invokers.InvokedMethodListenerInvoker.invokeListener(InvokedMethodListenerInvoker.java:62)
	at org.testng.internal.Invoker.runInvokedMethodListeners(Invoker.java:552)
	at org.testng.internal.Invoker.invokeMethod(Invoker.java:617)
	at org.testng.internal.Invoker.invokeTestMethod(Invoker.java:821)
	at org.testng.internal.Invoker.invokeTestMethods(Invoker.java:1131)
	at org.testng.internal.TestMethodWorker.invokeTestMethods(TestMethodWorker.java:124)
	at org.testng.internal.TestMethodWorker.run(TestMethodWorker.java:108)
	at java.util.concurrent.ThreadPoolExecutor.runWorker(ThreadPoolExecutor.java:1149)
	at java.util.concurrent.ThreadPoolExecutor$Worker.run(ThreadPoolExecutor.java:624)
	at java.lang.Thread.run(Thread.java:748)
]]>
    </error>
  </testcase> <!-- verifyAPI -->
  <testcase name="rReqTest" time="0.035" classname="com.ca.tds.main.TDSFlowTest">
    <error type="org.testng.SkipException" message="Skipping [rReqTest] because the [rReqRequired] assumption(s) do not hold.">
      <![CDATA[org.testng.SkipException: Skipping [rReqTest] because the [rReqRequired] assumption(s) do not hold.
	at nl.javadude.assumeng.AssumptionListener.beforeInvocation(AssumptionListener.java:43)
	at org.testng.internal.invokers.InvokedMethodListenerInvoker$InvokeBeforeInvocationWithoutContextStrategy.callMethod(InvokedMethodListenerInvoker.java:84)
	at org.testng.internal.invokers.InvokedMethodListenerInvoker.invokeListener(InvokedMethodListenerInvoker.java:62)
	at org.testng.internal.Invoker.runInvokedMethodListeners(Invoker.java:552)
	at org.testng.internal.Invoker.invokeMethod(Invoker.java:617)
	at org.testng.internal.Invoker.invokeTestMethod(Invoker.java:821)
	at org.testng.internal.Invoker.invokeTestMethods(Invoker.java:1131)
	at org.testng.internal.TestMethodWorker.invokeTestMethods(TestMethodWorker.java:124)
	at org.testng.internal.TestMethodWorker.run(TestMethodWorker.java:108)
	at java.util.concurrent.ThreadPoolExecutor.runWorker(ThreadPoolExecutor.java:1149)
	at java.util.concurrent.ThreadPoolExecutor$Worker.run(ThreadPoolExecutor.java:624)
	at java.lang.Thread.run(Thread.java:748)
]]>
    </error>
  </testcase> <!-- rReqTest -->
  <testcase name="verifyAPI" time="0.018" classname="com.ca.tds.main.TDSFlowTest">
    <error type="org.testng.SkipException" message="Skipping [verifyAPI] because the [verifyApiRequired] assumption(s) do not hold.">
      <![CDATA[org.testng.SkipException: Skipping [verifyAPI] because the [verifyApiRequired] assumption(s) do not hold.
	at nl.javadude.assumeng.AssumptionListener.beforeInvocation(AssumptionListener.java:43)
	at org.testng.internal.invokers.InvokedMethodListenerInvoker$InvokeBeforeInvocationWithoutContextStrategy.callMethod(InvokedMethodListenerInvoker.java:84)
	at org.testng.internal.invokers.InvokedMethodListenerInvoker.invokeListener(InvokedMethodListenerInvoker.java:62)
	at org.testng.internal.Invoker.runInvokedMethodListeners(Invoker.java:552)
	at org.testng.internal.Invoker.invokeMethod(Invoker.java:617)
	at org.testng.internal.Invoker.invokeTestMethod(Invoker.java:821)
	at org.testng.internal.Invoker.invokeTestMethods(Invoker.java:1131)
	at org.testng.internal.TestMethodWorker.invokeTestMethods(TestMethodWorker.java:124)
	at org.testng.internal.TestMethodWorker.run(TestMethodWorker.java:108)
	at java.util.concurrent.ThreadPoolExecutor.runWorker(ThreadPoolExecutor.java:1149)
	at java.util.concurrent.ThreadPoolExecutor$Worker.run(ThreadPoolExecutor.java:624)
	at java.lang.Thread.run(Thread.java:748)
]]>
    </error>
  </testcase> <!-- verifyAPI -->
  <testcase name="brwTDSMethodTest" time="0.562" classname="com.ca.tds.main.TDSFlowTest"/>
  <testcase name="rReqTest" time="0.188" classname="com.ca.tds.main.TDSFlowTest">
    <error type="org.testng.SkipException" message="Skipping [rReqTest] because the [rReqRequired] assumption(s) do not hold.">
      <![CDATA[org.testng.SkipException: Skipping [rReqTest] because the [rReqRequired] assumption(s) do not hold.
	at nl.javadude.assumeng.AssumptionListener.beforeInvocation(AssumptionListener.java:43)
	at org.testng.internal.invokers.InvokedMethodListenerInvoker$InvokeBeforeInvocationWithoutContextStrategy.callMethod(InvokedMethodListenerInvoker.java:84)
	at org.testng.internal.invokers.InvokedMethodListenerInvoker.invokeListener(InvokedMethodListenerInvoker.java:62)
	at org.testng.internal.Invoker.runInvokedMethodListeners(Invoker.java:552)
	at org.testng.internal.Invoker.invokeMethod(Invoker.java:617)
	at org.testng.internal.Invoker.invokeTestMethod(Invoker.java:821)
	at org.testng.internal.Invoker.invokeTestMethods(Invoker.java:1131)
	at org.testng.internal.TestMethodWorker.invokeTestMethods(TestMethodWorker.java:124)
	at org.testng.internal.TestMethodWorker.run(TestMethodWorker.java:108)
	at java.util.concurrent.ThreadPoolExecutor.runWorker(ThreadPoolExecutor.java:1149)
	at java.util.concurrent.ThreadPoolExecutor$Worker.run(ThreadPoolExecutor.java:624)
	at java.lang.Thread.run(Thread.java:748)
]]>
    </error>
  </testcase> <!-- rReqTest -->
  <testcase name="brwTDSMethodTest" time="0.502" classname="com.ca.tds.main.TDSFlowTest"/>
  <testcase name="verifyAPI" time="0.018" classname="com.ca.tds.main.TDSFlowTest">
    <error type="org.testng.SkipException" message="Skipping [verifyAPI] because the [verifyApiRequired] assumption(s) do not hold.">
      <![CDATA[org.testng.SkipException: Skipping [verifyAPI] because the [verifyApiRequired] assumption(s) do not hold.
	at nl.javadude.assumeng.AssumptionListener.beforeInvocation(AssumptionListener.java:43)
	at org.testng.internal.invokers.InvokedMethodListenerInvoker$InvokeBeforeInvocationWithoutContextStrategy.callMethod(InvokedMethodListenerInvoker.java:84)
	at org.testng.internal.invokers.InvokedMethodListenerInvoker.invokeListener(InvokedMethodListenerInvoker.java:62)
	at org.testng.internal.Invoker.runInvokedMethodListeners(Invoker.java:552)
	at org.testng.internal.Invoker.invokeMethod(Invoker.java:617)
	at org.testng.internal.Invoker.invokeTestMethod(Invoker.java:821)
	at org.testng.internal.Invoker.invokeTestMethods(Invoker.java:1131)
	at org.testng.internal.TestMethodWorker.invokeTestMethods(TestMethodWorker.java:124)
	at org.testng.internal.TestMethodWorker.run(TestMethodWorker.java:108)
	at java.util.concurrent.ThreadPoolExecutor.runWorker(ThreadPoolExecutor.java:1149)
	at java.util.concurrent.ThreadPoolExecutor$Worker.run(ThreadPoolExecutor.java:624)
	at java.lang.Thread.run(Thread.java:748)
]]>
    </error>
  </testcase> <!-- verifyAPI -->
  <testcase name="rReqTest" time="0.022" classname="com.ca.tds.main.TDSFlowTest">
    <error type="org.testng.SkipException" message="Skipping [rReqTest] because the [rReqRequired] assumption(s) do not hold.">
      <![CDATA[org.testng.SkipException: Skipping [rReqTest] because the [rReqRequired] assumption(s) do not hold.
	at nl.javadude.assumeng.AssumptionListener.beforeInvocation(AssumptionListener.java:43)
	at org.testng.internal.invokers.InvokedMethodListenerInvoker$InvokeBeforeInvocationWithoutContextStrategy.callMethod(InvokedMethodListenerInvoker.java:84)
	at org.testng.internal.invokers.InvokedMethodListenerInvoker.invokeListener(InvokedMethodListenerInvoker.java:62)
	at org.testng.internal.Invoker.runInvokedMethodListeners(Invoker.java:552)
	at org.testng.internal.Invoker.invokeMethod(Invoker.java:617)
	at org.testng.internal.Invoker.invokeTestMethod(Invoker.java:821)
	at org.testng.internal.Invoker.invokeTestMethods(Invoker.java:1131)
	at org.testng.internal.TestMethodWorker.invokeTestMethods(TestMethodWorker.java:124)
	at org.testng.internal.TestMethodWorker.run(TestMethodWorker.java:108)
	at java.util.concurrent.ThreadPoolExecutor.runWorker(ThreadPoolExecutor.java:1149)
	at java.util.concurrent.ThreadPoolExecutor$Worker.run(ThreadPoolExecutor.java:624)
	at java.lang.Thread.run(Thread.java:748)
]]>
    </error>
  </testcase> <!-- rReqTest -->
  <testcase name="brwTDSMethodTest" time="0.493" classname="com.ca.tds.main.TDSFlowTest"/>
  <testcase name="rReqTest" time="0.020" classname="com.ca.tds.main.TDSFlowTest">
    <error type="org.testng.SkipException" message="Skipping [rReqTest] because the [rReqRequired] assumption(s) do not hold.">
      <![CDATA[org.testng.SkipException: Skipping [rReqTest] because the [rReqRequired] assumption(s) do not hold.
	at nl.javadude.assumeng.AssumptionListener.beforeInvocation(AssumptionListener.java:43)
	at org.testng.internal.invokers.InvokedMethodListenerInvoker$InvokeBeforeInvocationWithoutContextStrategy.callMethod(InvokedMethodListenerInvoker.java:84)
	at org.testng.internal.invokers.InvokedMethodListenerInvoker.invokeListener(InvokedMethodListenerInvoker.java:62)
	at org.testng.internal.Invoker.runInvokedMethodListeners(Invoker.java:552)
	at org.testng.internal.Invoker.invokeMethod(Invoker.java:617)
	at org.testng.internal.Invoker.invokeTestMethod(Invoker.java:821)
	at org.testng.internal.Invoker.invokeTestMethods(Invoker.java:1131)
	at org.testng.internal.TestMethodWorker.invokeTestMethods(TestMethodWorker.java:124)
	at org.testng.internal.TestMethodWorker.run(TestMethodWorker.java:108)
	at java.util.concurrent.ThreadPoolExecutor.runWorker(ThreadPoolExecutor.java:1149)
	at java.util.concurrent.ThreadPoolExecutor$Worker.run(ThreadPoolExecutor.java:624)
	at java.lang.Thread.run(Thread.java:748)
]]>
    </error>
  </testcase> <!-- rReqTest -->
  <testcase name="brwTDSMethodTest" time="0.495" classname="com.ca.tds.main.TDSFlowTest"/>
  <testcase name="brwTDSMethodTest" time="0.498" classname="com.ca.tds.main.TDSFlowTest"/>
  <testcase name="brwPreAreq" time="0.559" classname="com.ca.tds.main.TDSFlowTest">
    <failure type="java.lang.AssertionError" message="ARes response json schema validation failed.&lt;br&gt;expected minLength: 17, actual: 4&lt;br&gt; api response : {&quot;acsTransID&quot;:&quot;9ac8bfe0-3c16-407e-91f3-d0e7cd30e12b&quot;,&quot;dsName&quot;:&quot;amex&quot;,&quot;eci&quot;:&quot;07&quot;,&quot;callerTxnRefID&quot;:&quot;341b7153-da86-4543-860f-2ba47f0168a5&quot;,&quot;dsReferenceNumber&quot;:&quot;CADS&quot;,&quot;acsReferenceNumber&quot;:&quot;ABCDEF987654321&quot;,&quot;XID&quot;:&quot;02010000e000456c55894259a1ea302e5d077726&quot;,&quot;messageType&quot;:&quot;ARes&quot;,&quot;dsTransID&quot;:&quot;e000456c-5589-4259-a1ea-302e5d077726&quot;,&quot;transStatusReason&quot;:&quot;09&quot;,&quot;acsOperatorID&quot;:&quot;ACS_OPERATOR_ID&quot;,&quot;messageVersion&quot;:&quot;2.1.0&quot;,&quot;transStatus&quot;:&quot;R&quot;,&quot;threeDSServerTransID&quot;:&quot;441a3fbd-7c3b-4e17-a6b4-c5f302b0046d&quot;}">
      <![CDATA[java.lang.AssertionError: ARes response json schema validation failed.<br>expected minLength: 17, actual: 4<br> api response : {"acsTransID":"9ac8bfe0-3c16-407e-91f3-d0e7cd30e12b","dsName":"amex","eci":"07","callerTxnRefID":"341b7153-da86-4543-860f-2ba47f0168a5","dsReferenceNumber":"CADS","acsReferenceNumber":"ABCDEF987654321","XID":"02010000e000456c55894259a1ea302e5d077726","messageType":"ARes","dsTransID":"e000456c-5589-4259-a1ea-302e5d077726","transStatusReason":"09","acsOperatorID":"ACS_OPERATOR_ID","messageVersion":"2.1.0","transStatus":"R","threeDSServerTransID":"441a3fbd-7c3b-4e17-a6b4-c5f302b0046d"}
	at org.testng.Assert.fail(Assert.java:94)
	at com.ca.tds.main.TDSFlowTest.brwPreAreq(TDSFlowTest.java:176)
	at sun.reflect.GeneratedMethodAccessor36.invoke(Unknown Source)
	at sun.reflect.DelegatingMethodAccessorImpl.invoke(DelegatingMethodAccessorImpl.java:43)
	at java.lang.reflect.Method.invoke(Method.java:498)
	at org.testng.internal.MethodInvocationHelper.invokeMethod(MethodInvocationHelper.java:85)
	at org.testng.internal.Invoker.invokeMethod(Invoker.java:639)
	at org.testng.internal.Invoker.invokeTestMethod(Invoker.java:821)
	at org.testng.internal.Invoker.invokeTestMethods(Invoker.java:1131)
	at org.testng.internal.TestMethodWorker.invokeTestMethods(TestMethodWorker.java:124)
	at org.testng.internal.TestMethodWorker.run(TestMethodWorker.java:108)
	at java.util.concurrent.ThreadPoolExecutor.runWorker(ThreadPoolExecutor.java:1149)
	at java.util.concurrent.ThreadPoolExecutor$Worker.run(ThreadPoolExecutor.java:624)
	at java.lang.Thread.run(Thread.java:748)
]]>
    </failure>
  </testcase> <!-- brwPreAreq -->
  <testcase name="verifyAPI" time="0.016" classname="com.ca.tds.main.TDSFlowTest">
    <error type="org.testng.SkipException" message="Skipping [verifyAPI] because the [verifyApiRequired] assumption(s) do not hold.">
      <![CDATA[org.testng.SkipException: Skipping [verifyAPI] because the [verifyApiRequired] assumption(s) do not hold.
	at nl.javadude.assumeng.AssumptionListener.beforeInvocation(AssumptionListener.java:43)
	at org.testng.internal.invokers.InvokedMethodListenerInvoker$InvokeBeforeInvocationWithoutContextStrategy.callMethod(InvokedMethodListenerInvoker.java:84)
	at org.testng.internal.invokers.InvokedMethodListenerInvoker.invokeListener(InvokedMethodListenerInvoker.java:62)
	at org.testng.internal.Invoker.runInvokedMethodListeners(Invoker.java:552)
	at org.testng.internal.Invoker.invokeMethod(Invoker.java:617)
	at org.testng.internal.Invoker.invokeTestMethod(Invoker.java:821)
	at org.testng.internal.Invoker.invokeTestMethods(Invoker.java:1131)
	at org.testng.internal.TestMethodWorker.invokeTestMethods(TestMethodWorker.java:124)
	at org.testng.internal.TestMethodWorker.run(TestMethodWorker.java:108)
	at java.util.concurrent.ThreadPoolExecutor.runWorker(ThreadPoolExecutor.java:1149)
	at java.util.concurrent.ThreadPoolExecutor$Worker.run(ThreadPoolExecutor.java:624)
	at java.lang.Thread.run(Thread.java:748)
]]>
    </error>
  </testcase> <!-- verifyAPI -->
  <testcase name="brwPreAreq" time="0.543" classname="com.ca.tds.main.TDSFlowTest">
    <failure type="java.lang.AssertionError" message="ARes response json schema validation failed.&lt;br&gt;expected minLength: 17, actual: 4&lt;br&gt; api response : {&quot;acsTransID&quot;:&quot;ea1cb281-5911-4cac-b694-f04f92db5452&quot;,&quot;dsName&quot;:&quot;visa&quot;,&quot;eci&quot;:&quot;07&quot;,&quot;callerTxnRefID&quot;:&quot;341b7153-da86-4543-860f-2ba47f0168a5&quot;,&quot;dsReferenceNumber&quot;:&quot;CADS&quot;,&quot;acsReferenceNumber&quot;:&quot;ABCDEF987654321&quot;,&quot;messageType&quot;:&quot;ARes&quot;,&quot;dsTransID&quot;:&quot;25bc023c-ca4d-4cce-a52c-7040200b16e7&quot;,&quot;transStatusReason&quot;:&quot;09&quot;,&quot;acsOperatorID&quot;:&quot;ACS_OPERATOR_ID&quot;,&quot;messageVersion&quot;:&quot;2.1.0&quot;,&quot;transStatus&quot;:&quot;R&quot;,&quot;threeDSServerTransID&quot;:&quot;fbb3ded4-e925-4ec0-bc9c-f72d781d2ec3&quot;}">
      <![CDATA[java.lang.AssertionError: ARes response json schema validation failed.<br>expected minLength: 17, actual: 4<br> api response : {"acsTransID":"ea1cb281-5911-4cac-b694-f04f92db5452","dsName":"visa","eci":"07","callerTxnRefID":"341b7153-da86-4543-860f-2ba47f0168a5","dsReferenceNumber":"CADS","acsReferenceNumber":"ABCDEF987654321","messageType":"ARes","dsTransID":"25bc023c-ca4d-4cce-a52c-7040200b16e7","transStatusReason":"09","acsOperatorID":"ACS_OPERATOR_ID","messageVersion":"2.1.0","transStatus":"R","threeDSServerTransID":"fbb3ded4-e925-4ec0-bc9c-f72d781d2ec3"}
	at org.testng.Assert.fail(Assert.java:94)
	at com.ca.tds.main.TDSFlowTest.brwPreAreq(TDSFlowTest.java:176)
	at sun.reflect.GeneratedMethodAccessor36.invoke(Unknown Source)
	at sun.reflect.DelegatingMethodAccessorImpl.invoke(DelegatingMethodAccessorImpl.java:43)
	at java.lang.reflect.Method.invoke(Method.java:498)
	at org.testng.internal.MethodInvocationHelper.invokeMethod(MethodInvocationHelper.java:85)
	at org.testng.internal.Invoker.invokeMethod(Invoker.java:639)
	at org.testng.internal.Invoker.invokeTestMethod(Invoker.java:821)
	at org.testng.internal.Invoker.invokeTestMethods(Invoker.java:1131)
	at org.testng.internal.TestMethodWorker.invokeTestMethods(TestMethodWorker.java:124)
	at org.testng.internal.TestMethodWorker.run(TestMethodWorker.java:108)
	at java.util.concurrent.ThreadPoolExecutor.runWorker(ThreadPoolExecutor.java:1149)
	at java.util.concurrent.ThreadPoolExecutor$Worker.run(ThreadPoolExecutor.java:624)
	at java.lang.Thread.run(Thread.java:748)
]]>
    </failure>
  </testcase> <!-- brwPreAreq -->
  <testcase name="brwTDSMethodTest" time="0.515" classname="com.ca.tds.main.TDSFlowTest"/>
  <testcase name="brwPreAreq" time="0.542" classname="com.ca.tds.main.TDSFlowTest">
    <failure type="java.lang.AssertionError" message="ARes response json schema validation failed.&lt;br&gt;expected minLength: 17, actual: 4&lt;br&gt; api response : {&quot;acsTransID&quot;:&quot;681c7e79-af58-4013-93ed-ab95eeeb6ae9&quot;,&quot;dsName&quot;:&quot;mastercard&quot;,&quot;eci&quot;:&quot;07&quot;,&quot;callerTxnRefID&quot;:&quot;341b7153-da86-4543-860f-2ba47f0168a5&quot;,&quot;dsReferenceNumber&quot;:&quot;CADS&quot;,&quot;acsReferenceNumber&quot;:&quot;ABCDEF987654321&quot;,&quot;messageType&quot;:&quot;ARes&quot;,&quot;dsTransID&quot;:&quot;959693ca-1865-4c14-ac6c-38ba4b6acb00&quot;,&quot;transStatusReason&quot;:&quot;09&quot;,&quot;acsOperatorID&quot;:&quot;ACS_OPERATOR_ID&quot;,&quot;messageVersion&quot;:&quot;2.1.0&quot;,&quot;transStatus&quot;:&quot;R&quot;,&quot;threeDSServerTransID&quot;:&quot;4b3f5374-64aa-47fc-8e3e-aed35d37d5af&quot;}">
      <![CDATA[java.lang.AssertionError: ARes response json schema validation failed.<br>expected minLength: 17, actual: 4<br> api response : {"acsTransID":"681c7e79-af58-4013-93ed-ab95eeeb6ae9","dsName":"mastercard","eci":"07","callerTxnRefID":"341b7153-da86-4543-860f-2ba47f0168a5","dsReferenceNumber":"CADS","acsReferenceNumber":"ABCDEF987654321","messageType":"ARes","dsTransID":"959693ca-1865-4c14-ac6c-38ba4b6acb00","transStatusReason":"09","acsOperatorID":"ACS_OPERATOR_ID","messageVersion":"2.1.0","transStatus":"R","threeDSServerTransID":"4b3f5374-64aa-47fc-8e3e-aed35d37d5af"}
	at org.testng.Assert.fail(Assert.java:94)
	at com.ca.tds.main.TDSFlowTest.brwPreAreq(TDSFlowTest.java:176)
	at sun.reflect.GeneratedMethodAccessor36.invoke(Unknown Source)
	at sun.reflect.DelegatingMethodAccessorImpl.invoke(DelegatingMethodAccessorImpl.java:43)
	at java.lang.reflect.Method.invoke(Method.java:498)
	at org.testng.internal.MethodInvocationHelper.invokeMethod(MethodInvocationHelper.java:85)
	at org.testng.internal.Invoker.invokeMethod(Invoker.java:639)
	at org.testng.internal.Invoker.invokeTestMethod(Invoker.java:821)
	at org.testng.internal.Invoker.invokeTestMethods(Invoker.java:1131)
	at org.testng.internal.TestMethodWorker.invokeTestMethods(TestMethodWorker.java:124)
	at org.testng.internal.TestMethodWorker.run(TestMethodWorker.java:108)
	at java.util.concurrent.ThreadPoolExecutor.runWorker(ThreadPoolExecutor.java:1149)
	at java.util.concurrent.ThreadPoolExecutor$Worker.run(ThreadPoolExecutor.java:624)
	at java.lang.Thread.run(Thread.java:748)
]]>
    </failure>
  </testcase> <!-- brwPreAreq -->
  <testcase name="brwPreAreq" time="0.539" classname="com.ca.tds.main.TDSFlowTest">
    <failure type="java.lang.AssertionError" message="ARes response json schema validation failed.&lt;br&gt;expected minLength: 17, actual: 4&lt;br&gt; api response : {&quot;acsTransID&quot;:&quot;50be9710-5095-4cdd-87a2-65d7944b150c&quot;,&quot;dsName&quot;:&quot;amex&quot;,&quot;eci&quot;:&quot;07&quot;,&quot;callerTxnRefID&quot;:&quot;341b7153-da86-4543-860f-2ba47f0168a5&quot;,&quot;dsReferenceNumber&quot;:&quot;CADS&quot;,&quot;acsReferenceNumber&quot;:&quot;ABCDEF987654321&quot;,&quot;XID&quot;:&quot;02010000ed9a337916ca4f128ca667c200678adb&quot;,&quot;messageType&quot;:&quot;ARes&quot;,&quot;dsTransID&quot;:&quot;ed9a3379-16ca-4f12-8ca6-67c200678adb&quot;,&quot;transStatusReason&quot;:&quot;09&quot;,&quot;acsOperatorID&quot;:&quot;ACS_OPERATOR_ID&quot;,&quot;messageVersion&quot;:&quot;2.1.0&quot;,&quot;transStatus&quot;:&quot;R&quot;,&quot;threeDSServerTransID&quot;:&quot;db914936-12d6-46f3-a27c-9cb2d319e0ce&quot;}">
      <![CDATA[java.lang.AssertionError: ARes response json schema validation failed.<br>expected minLength: 17, actual: 4<br> api response : {"acsTransID":"50be9710-5095-4cdd-87a2-65d7944b150c","dsName":"amex","eci":"07","callerTxnRefID":"341b7153-da86-4543-860f-2ba47f0168a5","dsReferenceNumber":"CADS","acsReferenceNumber":"ABCDEF987654321","XID":"02010000ed9a337916ca4f128ca667c200678adb","messageType":"ARes","dsTransID":"ed9a3379-16ca-4f12-8ca6-67c200678adb","transStatusReason":"09","acsOperatorID":"ACS_OPERATOR_ID","messageVersion":"2.1.0","transStatus":"R","threeDSServerTransID":"db914936-12d6-46f3-a27c-9cb2d319e0ce"}
	at org.testng.Assert.fail(Assert.java:94)
	at com.ca.tds.main.TDSFlowTest.brwPreAreq(TDSFlowTest.java:176)
	at sun.reflect.NativeMethodAccessorImpl.invoke0(Native Method)
	at sun.reflect.NativeMethodAccessorImpl.invoke(NativeMethodAccessorImpl.java:62)
	at sun.reflect.DelegatingMethodAccessorImpl.invoke(DelegatingMethodAccessorImpl.java:43)
	at java.lang.reflect.Method.invoke(Method.java:498)
	at org.testng.internal.MethodInvocationHelper.invokeMethod(MethodInvocationHelper.java:85)
	at org.testng.internal.Invoker.invokeMethod(Invoker.java:639)
	at org.testng.internal.Invoker.invokeTestMethod(Invoker.java:821)
	at org.testng.internal.Invoker.invokeTestMethods(Invoker.java:1131)
	at org.testng.internal.TestMethodWorker.invokeTestMethods(TestMethodWorker.java:124)
	at org.testng.internal.TestMethodWorker.run(TestMethodWorker.java:108)
	at java.util.concurrent.ThreadPoolExecutor.runWorker(ThreadPoolExecutor.java:1149)
	at java.util.concurrent.ThreadPoolExecutor$Worker.run(ThreadPoolExecutor.java:624)
	at java.lang.Thread.run(Thread.java:748)
]]>
    </failure>
  </testcase> <!-- brwPreAreq -->
  <testcase name="brwPreAreq" time="0.555" classname="com.ca.tds.main.TDSFlowTest">
    <failure type="java.lang.AssertionError" message="ARes response json schema validation failed.&lt;br&gt;expected minLength: 17, actual: 4&lt;br&gt; api response : {&quot;acsTransID&quot;:&quot;bc5f2d85-bf3c-40c2-bf35-696730f22d06&quot;,&quot;dsName&quot;:&quot;visa&quot;,&quot;eci&quot;:&quot;07&quot;,&quot;callerTxnRefID&quot;:&quot;341b7153-da86-4543-860f-2ba47f0168a5&quot;,&quot;dsReferenceNumber&quot;:&quot;CADS&quot;,&quot;acsReferenceNumber&quot;:&quot;ABCDEF987654321&quot;,&quot;messageType&quot;:&quot;ARes&quot;,&quot;dsTransID&quot;:&quot;040ddd65-69d8-4401-9c0d-990ee4a6d864&quot;,&quot;transStatusReason&quot;:&quot;09&quot;,&quot;acsOperatorID&quot;:&quot;ACS_OPERATOR_ID&quot;,&quot;messageVersion&quot;:&quot;2.1.0&quot;,&quot;transStatus&quot;:&quot;R&quot;,&quot;threeDSServerTransID&quot;:&quot;81cd333d-b308-495f-bf5a-dd632d4002ab&quot;}">
      <![CDATA[java.lang.AssertionError: ARes response json schema validation failed.<br>expected minLength: 17, actual: 4<br> api response : {"acsTransID":"bc5f2d85-bf3c-40c2-bf35-696730f22d06","dsName":"visa","eci":"07","callerTxnRefID":"341b7153-da86-4543-860f-2ba47f0168a5","dsReferenceNumber":"CADS","acsReferenceNumber":"ABCDEF987654321","messageType":"ARes","dsTransID":"040ddd65-69d8-4401-9c0d-990ee4a6d864","transStatusReason":"09","acsOperatorID":"ACS_OPERATOR_ID","messageVersion":"2.1.0","transStatus":"R","threeDSServerTransID":"81cd333d-b308-495f-bf5a-dd632d4002ab"}
	at org.testng.Assert.fail(Assert.java:94)
	at com.ca.tds.main.TDSFlowTest.brwPreAreq(TDSFlowTest.java:176)
	at sun.reflect.GeneratedMethodAccessor36.invoke(Unknown Source)
	at sun.reflect.DelegatingMethodAccessorImpl.invoke(DelegatingMethodAccessorImpl.java:43)
	at java.lang.reflect.Method.invoke(Method.java:498)
	at org.testng.internal.MethodInvocationHelper.invokeMethod(MethodInvocationHelper.java:85)
	at org.testng.internal.Invoker.invokeMethod(Invoker.java:639)
	at org.testng.internal.Invoker.invokeTestMethod(Invoker.java:821)
	at org.testng.internal.Invoker.invokeTestMethods(Invoker.java:1131)
	at org.testng.internal.TestMethodWorker.invokeTestMethods(TestMethodWorker.java:124)
	at org.testng.internal.TestMethodWorker.run(TestMethodWorker.java:108)
	at java.util.concurrent.ThreadPoolExecutor.runWorker(ThreadPoolExecutor.java:1149)
	at java.util.concurrent.ThreadPoolExecutor$Worker.run(ThreadPoolExecutor.java:624)
	at java.lang.Thread.run(Thread.java:748)
]]>
    </failure>
  </testcase> <!-- brwPreAreq -->
  <testcase name="brwPreAreq" time="0.545" classname="com.ca.tds.main.TDSFlowTest">
    <failure type="java.lang.AssertionError" message="ARes response json schema validation failed.&lt;br&gt;expected minLength: 17, actual: 4&lt;br&gt; api response : {&quot;acsTransID&quot;:&quot;d09ccb85-ed9f-4865-9673-398c76d5d55f&quot;,&quot;dsName&quot;:&quot;amex&quot;,&quot;eci&quot;:&quot;07&quot;,&quot;callerTxnRefID&quot;:&quot;341b7153-da86-4543-860f-2ba47f0168a5&quot;,&quot;dsReferenceNumber&quot;:&quot;CADS&quot;,&quot;acsReferenceNumber&quot;:&quot;ABCDEF987654321&quot;,&quot;XID&quot;:&quot;0201000032048c3e0d514660ac08521760b630fd&quot;,&quot;messageType&quot;:&quot;ARes&quot;,&quot;dsTransID&quot;:&quot;32048c3e-0d51-4660-ac08-521760b630fd&quot;,&quot;transStatusReason&quot;:&quot;09&quot;,&quot;acsOperatorID&quot;:&quot;ACS_OPERATOR_ID&quot;,&quot;messageVersion&quot;:&quot;2.1.0&quot;,&quot;transStatus&quot;:&quot;R&quot;,&quot;threeDSServerTransID&quot;:&quot;fe0f164b-e06e-42e7-850f-d4505d9cbd07&quot;}">
      <![CDATA[java.lang.AssertionError: ARes response json schema validation failed.<br>expected minLength: 17, actual: 4<br> api response : {"acsTransID":"d09ccb85-ed9f-4865-9673-398c76d5d55f","dsName":"amex","eci":"07","callerTxnRefID":"341b7153-da86-4543-860f-2ba47f0168a5","dsReferenceNumber":"CADS","acsReferenceNumber":"ABCDEF987654321","XID":"0201000032048c3e0d514660ac08521760b630fd","messageType":"ARes","dsTransID":"32048c3e-0d51-4660-ac08-521760b630fd","transStatusReason":"09","acsOperatorID":"ACS_OPERATOR_ID","messageVersion":"2.1.0","transStatus":"R","threeDSServerTransID":"fe0f164b-e06e-42e7-850f-d4505d9cbd07"}
	at org.testng.Assert.fail(Assert.java:94)
	at com.ca.tds.main.TDSFlowTest.brwPreAreq(TDSFlowTest.java:176)
	at sun.reflect.GeneratedMethodAccessor36.invoke(Unknown Source)
	at sun.reflect.DelegatingMethodAccessorImpl.invoke(DelegatingMethodAccessorImpl.java:43)
	at java.lang.reflect.Method.invoke(Method.java:498)
	at org.testng.internal.MethodInvocationHelper.invokeMethod(MethodInvocationHelper.java:85)
	at org.testng.internal.Invoker.invokeMethod(Invoker.java:639)
	at org.testng.internal.Invoker.invokeTestMethod(Invoker.java:821)
	at org.testng.internal.Invoker.invokeTestMethods(Invoker.java:1131)
	at org.testng.internal.TestMethodWorker.invokeTestMethods(TestMethodWorker.java:124)
	at org.testng.internal.TestMethodWorker.run(TestMethodWorker.java:108)
	at java.util.concurrent.ThreadPoolExecutor.runWorker(ThreadPoolExecutor.java:1149)
	at java.util.concurrent.ThreadPoolExecutor$Worker.run(ThreadPoolExecutor.java:624)
	at java.lang.Thread.run(Thread.java:748)
]]>
    </failure>
  </testcase> <!-- brwPreAreq -->
  <testcase name="rReqTest" time="0.020" classname="com.ca.tds.main.TDSFlowTest">
    <error type="org.testng.SkipException" message="Skipping [rReqTest] because the [rReqRequired] assumption(s) do not hold.">
      <![CDATA[org.testng.SkipException: Skipping [rReqTest] because the [rReqRequired] assumption(s) do not hold.
	at nl.javadude.assumeng.AssumptionListener.beforeInvocation(AssumptionListener.java:43)
	at org.testng.internal.invokers.InvokedMethodListenerInvoker$InvokeBeforeInvocationWithoutContextStrategy.callMethod(InvokedMethodListenerInvoker.java:84)
	at org.testng.internal.invokers.InvokedMethodListenerInvoker.invokeListener(InvokedMethodListenerInvoker.java:62)
	at org.testng.internal.Invoker.runInvokedMethodListeners(Invoker.java:552)
	at org.testng.internal.Invoker.invokeMethod(Invoker.java:617)
	at org.testng.internal.Invoker.invokeTestMethod(Invoker.java:821)
	at org.testng.internal.Invoker.invokeTestMethods(Invoker.java:1131)
	at org.testng.internal.TestMethodWorker.invokeTestMethods(TestMethodWorker.java:124)
	at org.testng.internal.TestMethodWorker.run(TestMethodWorker.java:108)
	at java.util.concurrent.ThreadPoolExecutor.runWorker(ThreadPoolExecutor.java:1149)
	at java.util.concurrent.ThreadPoolExecutor$Worker.run(ThreadPoolExecutor.java:624)
	at java.lang.Thread.run(Thread.java:748)
]]>
    </error>
  </testcase> <!-- rReqTest -->
  <testcase name="verifyAPI" time="0.016" classname="com.ca.tds.main.TDSFlowTest">
    <error type="org.testng.SkipException" message="Skipping [verifyAPI] because the [verifyApiRequired] assumption(s) do not hold.">
      <![CDATA[org.testng.SkipException: Skipping [verifyAPI] because the [verifyApiRequired] assumption(s) do not hold.
	at nl.javadude.assumeng.AssumptionListener.beforeInvocation(AssumptionListener.java:43)
	at org.testng.internal.invokers.InvokedMethodListenerInvoker$InvokeBeforeInvocationWithoutContextStrategy.callMethod(InvokedMethodListenerInvoker.java:84)
	at org.testng.internal.invokers.InvokedMethodListenerInvoker.invokeListener(InvokedMethodListenerInvoker.java:62)
	at org.testng.internal.Invoker.runInvokedMethodListeners(Invoker.java:552)
	at org.testng.internal.Invoker.invokeMethod(Invoker.java:617)
	at org.testng.internal.Invoker.invokeTestMethod(Invoker.java:821)
	at org.testng.internal.Invoker.invokeTestMethods(Invoker.java:1131)
	at org.testng.internal.TestMethodWorker.invokeTestMethods(TestMethodWorker.java:124)
	at org.testng.internal.TestMethodWorker.run(TestMethodWorker.java:108)
	at java.util.concurrent.ThreadPoolExecutor.runWorker(ThreadPoolExecutor.java:1149)
	at java.util.concurrent.ThreadPoolExecutor$Worker.run(ThreadPoolExecutor.java:624)
	at java.lang.Thread.run(Thread.java:748)
]]>
    </error>
  </testcase> <!-- verifyAPI -->
  <testcase name="brwTDSMethodTest" time="0.528" classname="com.ca.tds.main.TDSFlowTest"/>
  <testcase name="verifyAPI" time="0.021" classname="com.ca.tds.main.TDSFlowTest">
    <error type="org.testng.SkipException" message="Skipping [verifyAPI] because the [verifyApiRequired] assumption(s) do not hold.">
      <![CDATA[org.testng.SkipException: Skipping [verifyAPI] because the [verifyApiRequired] assumption(s) do not hold.
	at nl.javadude.assumeng.AssumptionListener.beforeInvocation(AssumptionListener.java:43)
	at org.testng.internal.invokers.InvokedMethodListenerInvoker$InvokeBeforeInvocationWithoutContextStrategy.callMethod(InvokedMethodListenerInvoker.java:84)
	at org.testng.internal.invokers.InvokedMethodListenerInvoker.invokeListener(InvokedMethodListenerInvoker.java:62)
	at org.testng.internal.Invoker.runInvokedMethodListeners(Invoker.java:552)
	at org.testng.internal.Invoker.invokeMethod(Invoker.java:617)
	at org.testng.internal.Invoker.invokeTestMethod(Invoker.java:821)
	at org.testng.internal.Invoker.invokeTestMethods(Invoker.java:1131)
	at org.testng.internal.TestMethodWorker.invokeTestMethods(TestMethodWorker.java:124)
	at org.testng.internal.TestMethodWorker.run(TestMethodWorker.java:108)
	at java.util.concurrent.ThreadPoolExecutor.runWorker(ThreadPoolExecutor.java:1149)
	at java.util.concurrent.ThreadPoolExecutor$Worker.run(ThreadPoolExecutor.java:624)
	at java.lang.Thread.run(Thread.java:748)
]]>
    </error>
  </testcase> <!-- verifyAPI -->
  <testcase name="rReqTest" time="0.019" classname="com.ca.tds.main.TDSFlowTest">
    <error type="org.testng.SkipException" message="Skipping [rReqTest] because the [rReqRequired] assumption(s) do not hold.">
      <![CDATA[org.testng.SkipException: Skipping [rReqTest] because the [rReqRequired] assumption(s) do not hold.
	at nl.javadude.assumeng.AssumptionListener.beforeInvocation(AssumptionListener.java:43)
	at org.testng.internal.invokers.InvokedMethodListenerInvoker$InvokeBeforeInvocationWithoutContextStrategy.callMethod(InvokedMethodListenerInvoker.java:84)
	at org.testng.internal.invokers.InvokedMethodListenerInvoker.invokeListener(InvokedMethodListenerInvoker.java:62)
	at org.testng.internal.Invoker.runInvokedMethodListeners(Invoker.java:552)
	at org.testng.internal.Invoker.invokeMethod(Invoker.java:617)
	at org.testng.internal.Invoker.invokeTestMethod(Invoker.java:821)
	at org.testng.internal.Invoker.invokeTestMethods(Invoker.java:1131)
	at org.testng.internal.TestMethodWorker.invokeTestMethods(TestMethodWorker.java:124)
	at org.testng.internal.TestMethodWorker.run(TestMethodWorker.java:108)
	at java.util.concurrent.ThreadPoolExecutor.runWorker(ThreadPoolExecutor.java:1149)
	at java.util.concurrent.ThreadPoolExecutor$Worker.run(ThreadPoolExecutor.java:624)
	at java.lang.Thread.run(Thread.java:748)
]]>
    </error>
  </testcase> <!-- rReqTest -->
  <testcase name="brwPreAreq" time="0.555" classname="com.ca.tds.main.TDSFlowTest">
    <failure type="java.lang.AssertionError" message="ARes response json schema validation failed.&lt;br&gt;expected minLength: 17, actual: 4&lt;br&gt; api response : {&quot;acsTransID&quot;:&quot;deefc7c3-fd53-49d5-ae00-cceefad8d1ac&quot;,&quot;dsName&quot;:&quot;visa&quot;,&quot;eci&quot;:&quot;07&quot;,&quot;callerTxnRefID&quot;:&quot;341b7153-da86-4543-860f-2ba47f0168a5&quot;,&quot;dsReferenceNumber&quot;:&quot;CADS&quot;,&quot;acsReferenceNumber&quot;:&quot;ABCDEF987654321&quot;,&quot;messageType&quot;:&quot;ARes&quot;,&quot;dsTransID&quot;:&quot;bcb3f973-1372-4167-8c52-3f05d3d86ad0&quot;,&quot;transStatusReason&quot;:&quot;09&quot;,&quot;acsOperatorID&quot;:&quot;ACS_OPERATOR_ID&quot;,&quot;messageVersion&quot;:&quot;2.1.0&quot;,&quot;transStatus&quot;:&quot;R&quot;,&quot;threeDSServerTransID&quot;:&quot;8ae068e5-715f-4d44-bc0b-e9ac2b6c8bf0&quot;}">
      <![CDATA[java.lang.AssertionError: ARes response json schema validation failed.<br>expected minLength: 17, actual: 4<br> api response : {"acsTransID":"deefc7c3-fd53-49d5-ae00-cceefad8d1ac","dsName":"visa","eci":"07","callerTxnRefID":"341b7153-da86-4543-860f-2ba47f0168a5","dsReferenceNumber":"CADS","acsReferenceNumber":"ABCDEF987654321","messageType":"ARes","dsTransID":"bcb3f973-1372-4167-8c52-3f05d3d86ad0","transStatusReason":"09","acsOperatorID":"ACS_OPERATOR_ID","messageVersion":"2.1.0","transStatus":"R","threeDSServerTransID":"8ae068e5-715f-4d44-bc0b-e9ac2b6c8bf0"}
	at org.testng.Assert.fail(Assert.java:94)
	at com.ca.tds.main.TDSFlowTest.brwPreAreq(TDSFlowTest.java:176)
	at sun.reflect.GeneratedMethodAccessor36.invoke(Unknown Source)
	at sun.reflect.DelegatingMethodAccessorImpl.invoke(DelegatingMethodAccessorImpl.java:43)
	at java.lang.reflect.Method.invoke(Method.java:498)
	at org.testng.internal.MethodInvocationHelper.invokeMethod(MethodInvocationHelper.java:85)
	at org.testng.internal.Invoker.invokeMethod(Invoker.java:639)
	at org.testng.internal.Invoker.invokeTestMethod(Invoker.java:821)
	at org.testng.internal.Invoker.invokeTestMethods(Invoker.java:1131)
	at org.testng.internal.TestMethodWorker.invokeTestMethods(TestMethodWorker.java:124)
	at org.testng.internal.TestMethodWorker.run(TestMethodWorker.java:108)
	at java.util.concurrent.ThreadPoolExecutor.runWorker(ThreadPoolExecutor.java:1149)
	at java.util.concurrent.ThreadPoolExecutor$Worker.run(ThreadPoolExecutor.java:624)
	at java.lang.Thread.run(Thread.java:748)
]]>
    </failure>
  </testcase> <!-- brwPreAreq -->
  <testcase name="brwPreAreq" time="1.107" classname="com.ca.tds.main.TDSFlowTest">
    <failure type="java.lang.AssertionError" message="ARes response json schema validation failed.&lt;br&gt;expected minLength: 17, actual: 4&lt;br&gt; api response : {&quot;acsTransID&quot;:&quot;5167cb13-e81c-49ef-86bc-c93c14a65b4b&quot;,&quot;dsName&quot;:&quot;visa&quot;,&quot;eci&quot;:&quot;07&quot;,&quot;callerTxnRefID&quot;:&quot;341b7153-da86-4543-860f-2ba47f0168a5&quot;,&quot;dsReferenceNumber&quot;:&quot;CADS&quot;,&quot;acsReferenceNumber&quot;:&quot;ABCDEF987654321&quot;,&quot;messageType&quot;:&quot;ARes&quot;,&quot;dsTransID&quot;:&quot;b1138ee3-bf98-46fd-86d3-b10b68123007&quot;,&quot;transStatusReason&quot;:&quot;09&quot;,&quot;acsOperatorID&quot;:&quot;ACS_OPERATOR_ID&quot;,&quot;messageVersion&quot;:&quot;2.1.0&quot;,&quot;transStatus&quot;:&quot;R&quot;,&quot;threeDSServerTransID&quot;:&quot;f4b32360-44a8-454f-9859-c76af387f5f5&quot;}">
      <![CDATA[java.lang.AssertionError: ARes response json schema validation failed.<br>expected minLength: 17, actual: 4<br> api response : {"acsTransID":"5167cb13-e81c-49ef-86bc-c93c14a65b4b","dsName":"visa","eci":"07","callerTxnRefID":"341b7153-da86-4543-860f-2ba47f0168a5","dsReferenceNumber":"CADS","acsReferenceNumber":"ABCDEF987654321","messageType":"ARes","dsTransID":"b1138ee3-bf98-46fd-86d3-b10b68123007","transStatusReason":"09","acsOperatorID":"ACS_OPERATOR_ID","messageVersion":"2.1.0","transStatus":"R","threeDSServerTransID":"f4b32360-44a8-454f-9859-c76af387f5f5"}
	at org.testng.Assert.fail(Assert.java:94)
	at com.ca.tds.main.TDSFlowTest.brwPreAreq(TDSFlowTest.java:176)
	at sun.reflect.GeneratedMethodAccessor36.invoke(Unknown Source)
	at sun.reflect.DelegatingMethodAccessorImpl.invoke(DelegatingMethodAccessorImpl.java:43)
	at java.lang.reflect.Method.invoke(Method.java:498)
	at org.testng.internal.MethodInvocationHelper.invokeMethod(MethodInvocationHelper.java:85)
	at org.testng.internal.Invoker.invokeMethod(Invoker.java:639)
	at org.testng.internal.Invoker.invokeTestMethod(Invoker.java:821)
	at org.testng.internal.Invoker.invokeTestMethods(Invoker.java:1131)
	at org.testng.internal.TestMethodWorker.invokeTestMethods(TestMethodWorker.java:124)
	at org.testng.internal.TestMethodWorker.run(TestMethodWorker.java:108)
	at java.util.concurrent.ThreadPoolExecutor.runWorker(ThreadPoolExecutor.java:1149)
	at java.util.concurrent.ThreadPoolExecutor$Worker.run(ThreadPoolExecutor.java:624)
	at java.lang.Thread.run(Thread.java:748)
]]>
    </failure>
  </testcase> <!-- brwPreAreq -->
  <testcase name="brwPreAreq" time="0.547" classname="com.ca.tds.main.TDSFlowTest">
    <failure type="java.lang.AssertionError" message="ARes response json schema validation failed.&lt;br&gt;expected minLength: 17, actual: 4&lt;br&gt; api response : {&quot;acsTransID&quot;:&quot;cb1d5e3c-89c8-4aa0-8257-251252295afd&quot;,&quot;dsName&quot;:&quot;visa&quot;,&quot;eci&quot;:&quot;07&quot;,&quot;callerTxnRefID&quot;:&quot;341b7153-da86-4543-860f-2ba47f0168a5&quot;,&quot;dsReferenceNumber&quot;:&quot;CADS&quot;,&quot;acsReferenceNumber&quot;:&quot;ABCDEF987654321&quot;,&quot;messageType&quot;:&quot;ARes&quot;,&quot;dsTransID&quot;:&quot;046c7106-f5d2-4ecc-ad94-496e6ffa1284&quot;,&quot;transStatusReason&quot;:&quot;09&quot;,&quot;acsOperatorID&quot;:&quot;ACS_OPERATOR_ID&quot;,&quot;messageVersion&quot;:&quot;2.1.0&quot;,&quot;transStatus&quot;:&quot;R&quot;,&quot;threeDSServerTransID&quot;:&quot;9c5e7785-0608-4c7b-87b1-6e300887fa22&quot;}">
      <![CDATA[java.lang.AssertionError: ARes response json schema validation failed.<br>expected minLength: 17, actual: 4<br> api response : {"acsTransID":"cb1d5e3c-89c8-4aa0-8257-251252295afd","dsName":"visa","eci":"07","callerTxnRefID":"341b7153-da86-4543-860f-2ba47f0168a5","dsReferenceNumber":"CADS","acsReferenceNumber":"ABCDEF987654321","messageType":"ARes","dsTransID":"046c7106-f5d2-4ecc-ad94-496e6ffa1284","transStatusReason":"09","acsOperatorID":"ACS_OPERATOR_ID","messageVersion":"2.1.0","transStatus":"R","threeDSServerTransID":"9c5e7785-0608-4c7b-87b1-6e300887fa22"}
	at org.testng.Assert.fail(Assert.java:94)
	at com.ca.tds.main.TDSFlowTest.brwPreAreq(TDSFlowTest.java:176)
	at sun.reflect.GeneratedMethodAccessor36.invoke(Unknown Source)
	at sun.reflect.DelegatingMethodAccessorImpl.invoke(DelegatingMethodAccessorImpl.java:43)
	at java.lang.reflect.Method.invoke(Method.java:498)
	at org.testng.internal.MethodInvocationHelper.invokeMethod(MethodInvocationHelper.java:85)
	at org.testng.internal.Invoker.invokeMethod(Invoker.java:639)
	at org.testng.internal.Invoker.invokeTestMethod(Invoker.java:821)
	at org.testng.internal.Invoker.invokeTestMethods(Invoker.java:1131)
	at org.testng.internal.TestMethodWorker.invokeTestMethods(TestMethodWorker.java:124)
	at org.testng.internal.TestMethodWorker.run(TestMethodWorker.java:108)
	at java.util.concurrent.ThreadPoolExecutor.runWorker(ThreadPoolExecutor.java:1149)
	at java.util.concurrent.ThreadPoolExecutor$Worker.run(ThreadPoolExecutor.java:624)
	at java.lang.Thread.run(Thread.java:748)
]]>
    </failure>
  </testcase> <!-- brwPreAreq -->
  <testcase name="verifyAPI" time="0.024" classname="com.ca.tds.main.TDSFlowTest">
    <error type="org.testng.SkipException" message="Skipping [verifyAPI] because the [verifyApiRequired] assumption(s) do not hold.">
      <![CDATA[org.testng.SkipException: Skipping [verifyAPI] because the [verifyApiRequired] assumption(s) do not hold.
	at nl.javadude.assumeng.AssumptionListener.beforeInvocation(AssumptionListener.java:43)
	at org.testng.internal.invokers.InvokedMethodListenerInvoker$InvokeBeforeInvocationWithoutContextStrategy.callMethod(InvokedMethodListenerInvoker.java:84)
	at org.testng.internal.invokers.InvokedMethodListenerInvoker.invokeListener(InvokedMethodListenerInvoker.java:62)
	at org.testng.internal.Invoker.runInvokedMethodListeners(Invoker.java:552)
	at org.testng.internal.Invoker.invokeMethod(Invoker.java:617)
	at org.testng.internal.Invoker.invokeTestMethod(Invoker.java:821)
	at org.testng.internal.Invoker.invokeTestMethods(Invoker.java:1131)
	at org.testng.internal.TestMethodWorker.invokeTestMethods(TestMethodWorker.java:124)
	at org.testng.internal.TestMethodWorker.run(TestMethodWorker.java:108)
	at java.util.concurrent.ThreadPoolExecutor.runWorker(ThreadPoolExecutor.java:1149)
	at java.util.concurrent.ThreadPoolExecutor$Worker.run(ThreadPoolExecutor.java:624)
	at java.lang.Thread.run(Thread.java:748)
]]>
    </error>
  </testcase> <!-- verifyAPI -->
  <testcase name="verifyAPI" time="0.019" classname="com.ca.tds.main.TDSFlowTest">
    <error type="org.testng.SkipException" message="Skipping [verifyAPI] because the [verifyApiRequired] assumption(s) do not hold.">
      <![CDATA[org.testng.SkipException: Skipping [verifyAPI] because the [verifyApiRequired] assumption(s) do not hold.
	at nl.javadude.assumeng.AssumptionListener.beforeInvocation(AssumptionListener.java:43)
	at org.testng.internal.invokers.InvokedMethodListenerInvoker$InvokeBeforeInvocationWithoutContextStrategy.callMethod(InvokedMethodListenerInvoker.java:84)
	at org.testng.internal.invokers.InvokedMethodListenerInvoker.invokeListener(InvokedMethodListenerInvoker.java:62)
	at org.testng.internal.Invoker.runInvokedMethodListeners(Invoker.java:552)
	at org.testng.internal.Invoker.invokeMethod(Invoker.java:617)
	at org.testng.internal.Invoker.invokeTestMethod(Invoker.java:821)
	at org.testng.internal.Invoker.invokeTestMethods(Invoker.java:1131)
	at org.testng.internal.TestMethodWorker.invokeTestMethods(TestMethodWorker.java:124)
	at org.testng.internal.TestMethodWorker.run(TestMethodWorker.java:108)
	at java.util.concurrent.ThreadPoolExecutor.runWorker(ThreadPoolExecutor.java:1149)
	at java.util.concurrent.ThreadPoolExecutor$Worker.run(ThreadPoolExecutor.java:624)
	at java.lang.Thread.run(Thread.java:748)
]]>
    </error>
  </testcase> <!-- verifyAPI -->
  <testcase name="brwPreAreq" time="0.573" classname="com.ca.tds.main.TDSFlowTest">
    <failure type="java.lang.AssertionError" message="ARes response json schema validation failed.&lt;br&gt;expected minLength: 17, actual: 4&lt;br&gt; api response : {&quot;acsTransID&quot;:&quot;8415d467-8521-41ae-b3a9-18e4f7ebce66&quot;,&quot;dsName&quot;:&quot;visa&quot;,&quot;eci&quot;:&quot;07&quot;,&quot;callerTxnRefID&quot;:&quot;341b7153-da86-4543-860f-2ba47f0168a5&quot;,&quot;dsReferenceNumber&quot;:&quot;CADS&quot;,&quot;acsReferenceNumber&quot;:&quot;ABCDEF987654321&quot;,&quot;messageType&quot;:&quot;ARes&quot;,&quot;dsTransID&quot;:&quot;693b8b6e-ee1f-4f2e-86bb-82378a430db0&quot;,&quot;transStatusReason&quot;:&quot;09&quot;,&quot;acsOperatorID&quot;:&quot;ACS_OPERATOR_ID&quot;,&quot;messageVersion&quot;:&quot;2.1.0&quot;,&quot;transStatus&quot;:&quot;R&quot;,&quot;threeDSServerTransID&quot;:&quot;b128b933-878f-45a7-af48-b19703842a8e&quot;}">
      <![CDATA[java.lang.AssertionError: ARes response json schema validation failed.<br>expected minLength: 17, actual: 4<br> api response : {"acsTransID":"8415d467-8521-41ae-b3a9-18e4f7ebce66","dsName":"visa","eci":"07","callerTxnRefID":"341b7153-da86-4543-860f-2ba47f0168a5","dsReferenceNumber":"CADS","acsReferenceNumber":"ABCDEF987654321","messageType":"ARes","dsTransID":"693b8b6e-ee1f-4f2e-86bb-82378a430db0","transStatusReason":"09","acsOperatorID":"ACS_OPERATOR_ID","messageVersion":"2.1.0","transStatus":"R","threeDSServerTransID":"b128b933-878f-45a7-af48-b19703842a8e"}
	at org.testng.Assert.fail(Assert.java:94)
	at com.ca.tds.main.TDSFlowTest.brwPreAreq(TDSFlowTest.java:176)
	at sun.reflect.GeneratedMethodAccessor36.invoke(Unknown Source)
	at sun.reflect.DelegatingMethodAccessorImpl.invoke(DelegatingMethodAccessorImpl.java:43)
	at java.lang.reflect.Method.invoke(Method.java:498)
	at org.testng.internal.MethodInvocationHelper.invokeMethod(MethodInvocationHelper.java:85)
	at org.testng.internal.Invoker.invokeMethod(Invoker.java:639)
	at org.testng.internal.Invoker.invokeTestMethod(Invoker.java:821)
	at org.testng.internal.Invoker.invokeTestMethods(Invoker.java:1131)
	at org.testng.internal.TestMethodWorker.invokeTestMethods(TestMethodWorker.java:124)
	at org.testng.internal.TestMethodWorker.run(TestMethodWorker.java:108)
	at java.util.concurrent.ThreadPoolExecutor.runWorker(ThreadPoolExecutor.java:1149)
	at java.util.concurrent.ThreadPoolExecutor$Worker.run(ThreadPoolExecutor.java:624)
	at java.lang.Thread.run(Thread.java:748)
]]>
    </failure>
  </testcase> <!-- brwPreAreq -->
  <testcase name="verifyAPI" time="0.017" classname="com.ca.tds.main.TDSFlowTest">
    <error type="org.testng.SkipException" message="Skipping [verifyAPI] because the [verifyApiRequired] assumption(s) do not hold.">
      <![CDATA[org.testng.SkipException: Skipping [verifyAPI] because the [verifyApiRequired] assumption(s) do not hold.
	at nl.javadude.assumeng.AssumptionListener.beforeInvocation(AssumptionListener.java:43)
	at org.testng.internal.invokers.InvokedMethodListenerInvoker$InvokeBeforeInvocationWithoutContextStrategy.callMethod(InvokedMethodListenerInvoker.java:84)
	at org.testng.internal.invokers.InvokedMethodListenerInvoker.invokeListener(InvokedMethodListenerInvoker.java:62)
	at org.testng.internal.Invoker.runInvokedMethodListeners(Invoker.java:552)
	at org.testng.internal.Invoker.invokeMethod(Invoker.java:617)
	at org.testng.internal.Invoker.invokeTestMethod(Invoker.java:821)
	at org.testng.internal.Invoker.invokeTestMethods(Invoker.java:1131)
	at org.testng.internal.TestMethodWorker.invokeTestMethods(TestMethodWorker.java:124)
	at org.testng.internal.TestMethodWorker.run(TestMethodWorker.java:108)
	at java.util.concurrent.ThreadPoolExecutor.runWorker(ThreadPoolExecutor.java:1149)
	at java.util.concurrent.ThreadPoolExecutor$Worker.run(ThreadPoolExecutor.java:624)
	at java.lang.Thread.run(Thread.java:748)
]]>
    </error>
  </testcase> <!-- verifyAPI -->
  <testcase name="brwTDSMethodTest" time="0.589" classname="com.ca.tds.main.TDSFlowTest"/>
  <testcase name="brwTDSMethodTest" time="0.507" classname="com.ca.tds.main.TDSFlowTest"/>
  <testcase name="rReqTest" time="0.019" classname="com.ca.tds.main.TDSFlowTest">
    <error type="org.testng.SkipException" message="Skipping [rReqTest] because the [rReqRequired] assumption(s) do not hold.">
      <![CDATA[org.testng.SkipException: Skipping [rReqTest] because the [rReqRequired] assumption(s) do not hold.
	at nl.javadude.assumeng.AssumptionListener.beforeInvocation(AssumptionListener.java:43)
	at org.testng.internal.invokers.InvokedMethodListenerInvoker$InvokeBeforeInvocationWithoutContextStrategy.callMethod(InvokedMethodListenerInvoker.java:84)
	at org.testng.internal.invokers.InvokedMethodListenerInvoker.invokeListener(InvokedMethodListenerInvoker.java:62)
	at org.testng.internal.Invoker.runInvokedMethodListeners(Invoker.java:552)
	at org.testng.internal.Invoker.invokeMethod(Invoker.java:617)
	at org.testng.internal.Invoker.invokeTestMethod(Invoker.java:821)
	at org.testng.internal.Invoker.invokeTestMethods(Invoker.java:1131)
	at org.testng.internal.TestMethodWorker.invokeTestMethods(TestMethodWorker.java:124)
	at org.testng.internal.TestMethodWorker.run(TestMethodWorker.java:108)
	at java.util.concurrent.ThreadPoolExecutor.runWorker(ThreadPoolExecutor.java:1149)
	at java.util.concurrent.ThreadPoolExecutor$Worker.run(ThreadPoolExecutor.java:624)
	at java.lang.Thread.run(Thread.java:748)
]]>
    </error>
  </testcase> <!-- rReqTest -->
  <testcase name="brwTDSMethodTest" time="0.499" classname="com.ca.tds.main.TDSFlowTest"/>
  <testcase name="brwTDSMethodTest" time="0.537" classname="com.ca.tds.main.TDSFlowTest"/>
  <testcase name="brwTDSMethodTest" time="0.498" classname="com.ca.tds.main.TDSFlowTest"/>
  <testcase name="verifyAPI" time="0.021" classname="com.ca.tds.main.TDSFlowTest">
    <error type="org.testng.SkipException" message="Skipping [verifyAPI] because the [verifyApiRequired] assumption(s) do not hold.">
      <![CDATA[org.testng.SkipException: Skipping [verifyAPI] because the [verifyApiRequired] assumption(s) do not hold.
	at nl.javadude.assumeng.AssumptionListener.beforeInvocation(AssumptionListener.java:43)
	at org.testng.internal.invokers.InvokedMethodListenerInvoker$InvokeBeforeInvocationWithoutContextStrategy.callMethod(InvokedMethodListenerInvoker.java:84)
	at org.testng.internal.invokers.InvokedMethodListenerInvoker.invokeListener(InvokedMethodListenerInvoker.java:62)
	at org.testng.internal.Invoker.runInvokedMethodListeners(Invoker.java:552)
	at org.testng.internal.Invoker.invokeMethod(Invoker.java:617)
	at org.testng.internal.Invoker.invokeTestMethod(Invoker.java:821)
	at org.testng.internal.Invoker.invokeTestMethods(Invoker.java:1131)
	at org.testng.internal.TestMethodWorker.invokeTestMethods(TestMethodWorker.java:124)
	at org.testng.internal.TestMethodWorker.run(TestMethodWorker.java:108)
	at java.util.concurrent.ThreadPoolExecutor.runWorker(ThreadPoolExecutor.java:1149)
	at java.util.concurrent.ThreadPoolExecutor$Worker.run(ThreadPoolExecutor.java:624)
	at java.lang.Thread.run(Thread.java:748)
]]>
    </error>
  </testcase> <!-- verifyAPI -->
  <testcase name="verifyAPI" time="0.017" classname="com.ca.tds.main.TDSFlowTest">
    <error type="org.testng.SkipException" message="Skipping [verifyAPI] because the [verifyApiRequired] assumption(s) do not hold.">
      <![CDATA[org.testng.SkipException: Skipping [verifyAPI] because the [verifyApiRequired] assumption(s) do not hold.
	at nl.javadude.assumeng.AssumptionListener.beforeInvocation(AssumptionListener.java:43)
	at org.testng.internal.invokers.InvokedMethodListenerInvoker$InvokeBeforeInvocationWithoutContextStrategy.callMethod(InvokedMethodListenerInvoker.java:84)
	at org.testng.internal.invokers.InvokedMethodListenerInvoker.invokeListener(InvokedMethodListenerInvoker.java:62)
	at org.testng.internal.Invoker.runInvokedMethodListeners(Invoker.java:552)
	at org.testng.internal.Invoker.invokeMethod(Invoker.java:617)
	at org.testng.internal.Invoker.invokeTestMethod(Invoker.java:821)
	at org.testng.internal.Invoker.invokeTestMethods(Invoker.java:1131)
	at org.testng.internal.TestMethodWorker.invokeTestMethods(TestMethodWorker.java:124)
	at org.testng.internal.TestMethodWorker.run(TestMethodWorker.java:108)
	at java.util.concurrent.ThreadPoolExecutor.runWorker(ThreadPoolExecutor.java:1149)
	at java.util.concurrent.ThreadPoolExecutor$Worker.run(ThreadPoolExecutor.java:624)
	at java.lang.Thread.run(Thread.java:748)
]]>
    </error>
  </testcase> <!-- verifyAPI -->
  <testcase name="rReqTest" time="0.018" classname="com.ca.tds.main.TDSFlowTest">
    <error type="org.testng.SkipException" message="Skipping [rReqTest] because the [rReqRequired] assumption(s) do not hold.">
      <![CDATA[org.testng.SkipException: Skipping [rReqTest] because the [rReqRequired] assumption(s) do not hold.
	at nl.javadude.assumeng.AssumptionListener.beforeInvocation(AssumptionListener.java:43)
	at org.testng.internal.invokers.InvokedMethodListenerInvoker$InvokeBeforeInvocationWithoutContextStrategy.callMethod(InvokedMethodListenerInvoker.java:84)
	at org.testng.internal.invokers.InvokedMethodListenerInvoker.invokeListener(InvokedMethodListenerInvoker.java:62)
	at org.testng.internal.Invoker.runInvokedMethodListeners(Invoker.java:552)
	at org.testng.internal.Invoker.invokeMethod(Invoker.java:617)
	at org.testng.internal.Invoker.invokeTestMethod(Invoker.java:821)
	at org.testng.internal.Invoker.invokeTestMethods(Invoker.java:1131)
	at org.testng.internal.TestMethodWorker.invokeTestMethods(TestMethodWorker.java:124)
	at org.testng.internal.TestMethodWorker.run(TestMethodWorker.java:108)
	at java.util.concurrent.ThreadPoolExecutor.runWorker(ThreadPoolExecutor.java:1149)
	at java.util.concurrent.ThreadPoolExecutor$Worker.run(ThreadPoolExecutor.java:624)
	at java.lang.Thread.run(Thread.java:748)
]]>
    </error>
  </testcase> <!-- rReqTest -->
  <testcase name="brwTDSMethodTest" time="0.501" classname="com.ca.tds.main.TDSFlowTest"/>
  <testcase name="rReqTest" time="0.030" classname="com.ca.tds.main.TDSFlowTest">
    <error type="org.testng.SkipException" message="Skipping [rReqTest] because the [rReqRequired] assumption(s) do not hold.">
      <![CDATA[org.testng.SkipException: Skipping [rReqTest] because the [rReqRequired] assumption(s) do not hold.
	at nl.javadude.assumeng.AssumptionListener.beforeInvocation(AssumptionListener.java:43)
	at org.testng.internal.invokers.InvokedMethodListenerInvoker$InvokeBeforeInvocationWithoutContextStrategy.callMethod(InvokedMethodListenerInvoker.java:84)
	at org.testng.internal.invokers.InvokedMethodListenerInvoker.invokeListener(InvokedMethodListenerInvoker.java:62)
	at org.testng.internal.Invoker.runInvokedMethodListeners(Invoker.java:552)
	at org.testng.internal.Invoker.invokeMethod(Invoker.java:617)
	at org.testng.internal.Invoker.invokeTestMethod(Invoker.java:821)
	at org.testng.internal.Invoker.invokeTestMethods(Invoker.java:1131)
	at org.testng.internal.TestMethodWorker.invokeTestMethods(TestMethodWorker.java:124)
	at org.testng.internal.TestMethodWorker.run(TestMethodWorker.java:108)
	at java.util.concurrent.ThreadPoolExecutor.runWorker(ThreadPoolExecutor.java:1149)
	at java.util.concurrent.ThreadPoolExecutor$Worker.run(ThreadPoolExecutor.java:624)
	at java.lang.Thread.run(Thread.java:748)
]]>
    </error>
  </testcase> <!-- rReqTest -->
  <testcase name="rReqTest" time="0.015" classname="com.ca.tds.main.TDSFlowTest">
    <error type="org.testng.SkipException" message="Skipping [rReqTest] because the [rReqRequired] assumption(s) do not hold.">
      <![CDATA[org.testng.SkipException: Skipping [rReqTest] because the [rReqRequired] assumption(s) do not hold.
	at nl.javadude.assumeng.AssumptionListener.beforeInvocation(AssumptionListener.java:43)
	at org.testng.internal.invokers.InvokedMethodListenerInvoker$InvokeBeforeInvocationWithoutContextStrategy.callMethod(InvokedMethodListenerInvoker.java:84)
	at org.testng.internal.invokers.InvokedMethodListenerInvoker.invokeListener(InvokedMethodListenerInvoker.java:62)
	at org.testng.internal.Invoker.runInvokedMethodListeners(Invoker.java:552)
	at org.testng.internal.Invoker.invokeMethod(Invoker.java:617)
	at org.testng.internal.Invoker.invokeTestMethod(Invoker.java:821)
	at org.testng.internal.Invoker.invokeTestMethods(Invoker.java:1131)
	at org.testng.internal.TestMethodWorker.invokeTestMethods(TestMethodWorker.java:124)
	at org.testng.internal.TestMethodWorker.run(TestMethodWorker.java:108)
	at java.util.concurrent.ThreadPoolExecutor.runWorker(ThreadPoolExecutor.java:1149)
	at java.util.concurrent.ThreadPoolExecutor$Worker.run(ThreadPoolExecutor.java:624)
	at java.lang.Thread.run(Thread.java:748)
]]>
    </error>
  </testcase> <!-- rReqTest -->
  <testcase name="brwTDSMethodTest" time="0.497" classname="com.ca.tds.main.TDSFlowTest"/>
  <testcase name="brwPreAreq" time="0.528" classname="com.ca.tds.main.TDSFlowTest">
    <failure type="java.lang.AssertionError" message="ARes response json schema validation failed.&lt;br&gt;expected minLength: 17, actual: 4&lt;br&gt; api response : {&quot;acsTransID&quot;:&quot;0f6c168d-52e9-46c6-90a8-a0a13215a666&quot;,&quot;dsName&quot;:&quot;amex&quot;,&quot;eci&quot;:&quot;07&quot;,&quot;callerTxnRefID&quot;:&quot;341b7153-da86-4543-860f-2ba47f0168a5&quot;,&quot;dsReferenceNumber&quot;:&quot;CADS&quot;,&quot;acsReferenceNumber&quot;:&quot;ABCDEF987654321&quot;,&quot;XID&quot;:&quot;02010000e9232f9b623048ed8d87936f6705f9ce&quot;,&quot;messageType&quot;:&quot;ARes&quot;,&quot;dsTransID&quot;:&quot;e9232f9b-6230-48ed-8d87-936f6705f9ce&quot;,&quot;transStatusReason&quot;:&quot;09&quot;,&quot;acsOperatorID&quot;:&quot;ACS_OPERATOR_ID&quot;,&quot;messageVersion&quot;:&quot;2.1.0&quot;,&quot;transStatus&quot;:&quot;R&quot;,&quot;threeDSServerTransID&quot;:&quot;2c0229a7-e339-449d-8be7-119b55651770&quot;}">
      <![CDATA[java.lang.AssertionError: ARes response json schema validation failed.<br>expected minLength: 17, actual: 4<br> api response : {"acsTransID":"0f6c168d-52e9-46c6-90a8-a0a13215a666","dsName":"amex","eci":"07","callerTxnRefID":"341b7153-da86-4543-860f-2ba47f0168a5","dsReferenceNumber":"CADS","acsReferenceNumber":"ABCDEF987654321","XID":"02010000e9232f9b623048ed8d87936f6705f9ce","messageType":"ARes","dsTransID":"e9232f9b-6230-48ed-8d87-936f6705f9ce","transStatusReason":"09","acsOperatorID":"ACS_OPERATOR_ID","messageVersion":"2.1.0","transStatus":"R","threeDSServerTransID":"2c0229a7-e339-449d-8be7-119b55651770"}
	at org.testng.Assert.fail(Assert.java:94)
	at com.ca.tds.main.TDSFlowTest.brwPreAreq(TDSFlowTest.java:176)
	at sun.reflect.NativeMethodAccessorImpl.invoke0(Native Method)
	at sun.reflect.NativeMethodAccessorImpl.invoke(NativeMethodAccessorImpl.java:62)
	at sun.reflect.DelegatingMethodAccessorImpl.invoke(DelegatingMethodAccessorImpl.java:43)
	at java.lang.reflect.Method.invoke(Method.java:498)
	at org.testng.internal.MethodInvocationHelper.invokeMethod(MethodInvocationHelper.java:85)
	at org.testng.internal.Invoker.invokeMethod(Invoker.java:639)
	at org.testng.internal.Invoker.invokeTestMethod(Invoker.java:821)
	at org.testng.internal.Invoker.invokeTestMethods(Invoker.java:1131)
	at org.testng.internal.TestMethodWorker.invokeTestMethods(TestMethodWorker.java:124)
	at org.testng.internal.TestMethodWorker.run(TestMethodWorker.java:108)
	at java.util.concurrent.ThreadPoolExecutor.runWorker(ThreadPoolExecutor.java:1149)
	at java.util.concurrent.ThreadPoolExecutor$Worker.run(ThreadPoolExecutor.java:624)
	at java.lang.Thread.run(Thread.java:748)
]]>
    </failure>
  </testcase> <!-- brwPreAreq -->
  <testcase name="brwTDSMethodTest" time="0.536" classname="com.ca.tds.main.TDSFlowTest"/>
  <testcase name="rReqTest" time="0.019" classname="com.ca.tds.main.TDSFlowTest">
    <error type="org.testng.SkipException" message="Skipping [rReqTest] because the [rReqRequired] assumption(s) do not hold.">
      <![CDATA[org.testng.SkipException: Skipping [rReqTest] because the [rReqRequired] assumption(s) do not hold.
	at nl.javadude.assumeng.AssumptionListener.beforeInvocation(AssumptionListener.java:43)
	at org.testng.internal.invokers.InvokedMethodListenerInvoker$InvokeBeforeInvocationWithoutContextStrategy.callMethod(InvokedMethodListenerInvoker.java:84)
	at org.testng.internal.invokers.InvokedMethodListenerInvoker.invokeListener(InvokedMethodListenerInvoker.java:62)
	at org.testng.internal.Invoker.runInvokedMethodListeners(Invoker.java:552)
	at org.testng.internal.Invoker.invokeMethod(Invoker.java:617)
	at org.testng.internal.Invoker.invokeTestMethod(Invoker.java:821)
	at org.testng.internal.Invoker.invokeTestMethods(Invoker.java:1131)
	at org.testng.internal.TestMethodWorker.invokeTestMethods(TestMethodWorker.java:124)
	at org.testng.internal.TestMethodWorker.run(TestMethodWorker.java:108)
	at java.util.concurrent.ThreadPoolExecutor.runWorker(ThreadPoolExecutor.java:1149)
	at java.util.concurrent.ThreadPoolExecutor$Worker.run(ThreadPoolExecutor.java:624)
	at java.lang.Thread.run(Thread.java:748)
]]>
    </error>
  </testcase> <!-- rReqTest -->
  <testcase name="verifyAPI" time="0.019" classname="com.ca.tds.main.TDSFlowTest">
    <error type="org.testng.SkipException" message="Skipping [verifyAPI] because the [verifyApiRequired] assumption(s) do not hold.">
      <![CDATA[org.testng.SkipException: Skipping [verifyAPI] because the [verifyApiRequired] assumption(s) do not hold.
	at nl.javadude.assumeng.AssumptionListener.beforeInvocation(AssumptionListener.java:43)
	at org.testng.internal.invokers.InvokedMethodListenerInvoker$InvokeBeforeInvocationWithoutContextStrategy.callMethod(InvokedMethodListenerInvoker.java:84)
	at org.testng.internal.invokers.InvokedMethodListenerInvoker.invokeListener(InvokedMethodListenerInvoker.java:62)
	at org.testng.internal.Invoker.runInvokedMethodListeners(Invoker.java:552)
	at org.testng.internal.Invoker.invokeMethod(Invoker.java:617)
	at org.testng.internal.Invoker.invokeTestMethod(Invoker.java:821)
	at org.testng.internal.Invoker.invokeTestMethods(Invoker.java:1131)
	at org.testng.internal.TestMethodWorker.invokeTestMethods(TestMethodWorker.java:124)
	at org.testng.internal.TestMethodWorker.run(TestMethodWorker.java:108)
	at java.util.concurrent.ThreadPoolExecutor.runWorker(ThreadPoolExecutor.java:1149)
	at java.util.concurrent.ThreadPoolExecutor$Worker.run(ThreadPoolExecutor.java:624)
	at java.lang.Thread.run(Thread.java:748)
]]>
    </error>
  </testcase> <!-- verifyAPI -->
  <testcase name="verifyAPI" time="0.022" classname="com.ca.tds.main.TDSFlowTest">
    <error type="org.testng.SkipException" message="Skipping [verifyAPI] because the [verifyApiRequired] assumption(s) do not hold.">
      <![CDATA[org.testng.SkipException: Skipping [verifyAPI] because the [verifyApiRequired] assumption(s) do not hold.
	at nl.javadude.assumeng.AssumptionListener.beforeInvocation(AssumptionListener.java:43)
	at org.testng.internal.invokers.InvokedMethodListenerInvoker$InvokeBeforeInvocationWithoutContextStrategy.callMethod(InvokedMethodListenerInvoker.java:84)
	at org.testng.internal.invokers.InvokedMethodListenerInvoker.invokeListener(InvokedMethodListenerInvoker.java:62)
	at org.testng.internal.Invoker.runInvokedMethodListeners(Invoker.java:552)
	at org.testng.internal.Invoker.invokeMethod(Invoker.java:617)
	at org.testng.internal.Invoker.invokeTestMethod(Invoker.java:821)
	at org.testng.internal.Invoker.invokeTestMethods(Invoker.java:1131)
	at org.testng.internal.TestMethodWorker.invokeTestMethods(TestMethodWorker.java:124)
	at org.testng.internal.TestMethodWorker.run(TestMethodWorker.java:108)
	at java.util.concurrent.ThreadPoolExecutor.runWorker(ThreadPoolExecutor.java:1149)
	at java.util.concurrent.ThreadPoolExecutor$Worker.run(ThreadPoolExecutor.java:624)
	at java.lang.Thread.run(Thread.java:748)
]]>
    </error>
  </testcase> <!-- verifyAPI -->
  <testcase name="verifyAPI" time="0.019" classname="com.ca.tds.main.TDSFlowTest">
    <error type="org.testng.SkipException" message="Skipping [verifyAPI] because the [verifyApiRequired] assumption(s) do not hold.">
      <![CDATA[org.testng.SkipException: Skipping [verifyAPI] because the [verifyApiRequired] assumption(s) do not hold.
	at nl.javadude.assumeng.AssumptionListener.beforeInvocation(AssumptionListener.java:43)
	at org.testng.internal.invokers.InvokedMethodListenerInvoker$InvokeBeforeInvocationWithoutContextStrategy.callMethod(InvokedMethodListenerInvoker.java:84)
	at org.testng.internal.invokers.InvokedMethodListenerInvoker.invokeListener(InvokedMethodListenerInvoker.java:62)
	at org.testng.internal.Invoker.runInvokedMethodListeners(Invoker.java:552)
	at org.testng.internal.Invoker.invokeMethod(Invoker.java:617)
	at org.testng.internal.Invoker.invokeTestMethod(Invoker.java:821)
	at org.testng.internal.Invoker.invokeTestMethods(Invoker.java:1131)
	at org.testng.internal.TestMethodWorker.invokeTestMethods(TestMethodWorker.java:124)
	at org.testng.internal.TestMethodWorker.run(TestMethodWorker.java:108)
	at java.util.concurrent.ThreadPoolExecutor.runWorker(ThreadPoolExecutor.java:1149)
	at java.util.concurrent.ThreadPoolExecutor$Worker.run(ThreadPoolExecutor.java:624)
	at java.lang.Thread.run(Thread.java:748)
]]>
    </error>
  </testcase> <!-- verifyAPI -->
  <testcase name="brwTDSMethodTest" time="0.493" classname="com.ca.tds.main.TDSFlowTest"/>
  <testcase name="verifyAPI" time="0.021" classname="com.ca.tds.main.TDSFlowTest">
    <error type="org.testng.SkipException" message="Skipping [verifyAPI] because the [verifyApiRequired] assumption(s) do not hold.">
      <![CDATA[org.testng.SkipException: Skipping [verifyAPI] because the [verifyApiRequired] assumption(s) do not hold.
	at nl.javadude.assumeng.AssumptionListener.beforeInvocation(AssumptionListener.java:43)
	at org.testng.internal.invokers.InvokedMethodListenerInvoker$InvokeBeforeInvocationWithoutContextStrategy.callMethod(InvokedMethodListenerInvoker.java:84)
	at org.testng.internal.invokers.InvokedMethodListenerInvoker.invokeListener(InvokedMethodListenerInvoker.java:62)
	at org.testng.internal.Invoker.runInvokedMethodListeners(Invoker.java:552)
	at org.testng.internal.Invoker.invokeMethod(Invoker.java:617)
	at org.testng.internal.Invoker.invokeTestMethod(Invoker.java:821)
	at org.testng.internal.Invoker.invokeTestMethods(Invoker.java:1131)
	at org.testng.internal.TestMethodWorker.invokeTestMethods(TestMethodWorker.java:124)
	at org.testng.internal.TestMethodWorker.run(TestMethodWorker.java:108)
	at java.util.concurrent.ThreadPoolExecutor.runWorker(ThreadPoolExecutor.java:1149)
	at java.util.concurrent.ThreadPoolExecutor$Worker.run(ThreadPoolExecutor.java:624)
	at java.lang.Thread.run(Thread.java:748)
]]>
    </error>
  </testcase> <!-- verifyAPI -->
  <testcase name="rReqTest" time="0.022" classname="com.ca.tds.main.TDSFlowTest">
    <error type="org.testng.SkipException" message="Skipping [rReqTest] because the [rReqRequired] assumption(s) do not hold.">
      <![CDATA[org.testng.SkipException: Skipping [rReqTest] because the [rReqRequired] assumption(s) do not hold.
	at nl.javadude.assumeng.AssumptionListener.beforeInvocation(AssumptionListener.java:43)
	at org.testng.internal.invokers.InvokedMethodListenerInvoker$InvokeBeforeInvocationWithoutContextStrategy.callMethod(InvokedMethodListenerInvoker.java:84)
	at org.testng.internal.invokers.InvokedMethodListenerInvoker.invokeListener(InvokedMethodListenerInvoker.java:62)
	at org.testng.internal.Invoker.runInvokedMethodListeners(Invoker.java:552)
	at org.testng.internal.Invoker.invokeMethod(Invoker.java:617)
	at org.testng.internal.Invoker.invokeTestMethod(Invoker.java:821)
	at org.testng.internal.Invoker.invokeTestMethods(Invoker.java:1131)
	at org.testng.internal.TestMethodWorker.invokeTestMethods(TestMethodWorker.java:124)
	at org.testng.internal.TestMethodWorker.run(TestMethodWorker.java:108)
	at java.util.concurrent.ThreadPoolExecutor.runWorker(ThreadPoolExecutor.java:1149)
	at java.util.concurrent.ThreadPoolExecutor$Worker.run(ThreadPoolExecutor.java:624)
	at java.lang.Thread.run(Thread.java:748)
]]>
    </error>
  </testcase> <!-- rReqTest -->
  <testcase name="brwTDSMethodTest" time="0.503" classname="com.ca.tds.main.TDSFlowTest"/>
  <testcase name="brwPreAreq" time="0.549" classname="com.ca.tds.main.TDSFlowTest">
    <failure type="java.lang.AssertionError" message="ARes response json schema validation failed.&lt;br&gt;expected minLength: 17, actual: 4&lt;br&gt; api response : {&quot;acsTransID&quot;:&quot;90fb67db-b6ed-4308-af99-b7c321dfa81d&quot;,&quot;dsName&quot;:&quot;amex&quot;,&quot;eci&quot;:&quot;07&quot;,&quot;callerTxnRefID&quot;:&quot;341b7153-da86-4543-860f-2ba47f0168a5&quot;,&quot;dsReferenceNumber&quot;:&quot;CADS&quot;,&quot;acsReferenceNumber&quot;:&quot;ABCDEF987654321&quot;,&quot;XID&quot;:&quot;020100003ccdbb64c05043e399bb88b8d3be8f61&quot;,&quot;messageType&quot;:&quot;ARes&quot;,&quot;dsTransID&quot;:&quot;3ccdbb64-c050-43e3-99bb-88b8d3be8f61&quot;,&quot;transStatusReason&quot;:&quot;09&quot;,&quot;acsOperatorID&quot;:&quot;ACS_OPERATOR_ID&quot;,&quot;messageVersion&quot;:&quot;2.1.0&quot;,&quot;transStatus&quot;:&quot;R&quot;,&quot;threeDSServerTransID&quot;:&quot;bbeebbd3-a6f2-4e52-b6f3-cac4385505f4&quot;}">
      <![CDATA[java.lang.AssertionError: ARes response json schema validation failed.<br>expected minLength: 17, actual: 4<br> api response : {"acsTransID":"90fb67db-b6ed-4308-af99-b7c321dfa81d","dsName":"amex","eci":"07","callerTxnRefID":"341b7153-da86-4543-860f-2ba47f0168a5","dsReferenceNumber":"CADS","acsReferenceNumber":"ABCDEF987654321","XID":"020100003ccdbb64c05043e399bb88b8d3be8f61","messageType":"ARes","dsTransID":"3ccdbb64-c050-43e3-99bb-88b8d3be8f61","transStatusReason":"09","acsOperatorID":"ACS_OPERATOR_ID","messageVersion":"2.1.0","transStatus":"R","threeDSServerTransID":"bbeebbd3-a6f2-4e52-b6f3-cac4385505f4"}
	at org.testng.Assert.fail(Assert.java:94)
	at com.ca.tds.main.TDSFlowTest.brwPreAreq(TDSFlowTest.java:176)
	at sun.reflect.GeneratedMethodAccessor36.invoke(Unknown Source)
	at sun.reflect.DelegatingMethodAccessorImpl.invoke(DelegatingMethodAccessorImpl.java:43)
	at java.lang.reflect.Method.invoke(Method.java:498)
	at org.testng.internal.MethodInvocationHelper.invokeMethod(MethodInvocationHelper.java:85)
	at org.testng.internal.Invoker.invokeMethod(Invoker.java:639)
	at org.testng.internal.Invoker.invokeTestMethod(Invoker.java:821)
	at org.testng.internal.Invoker.invokeTestMethods(Invoker.java:1131)
	at org.testng.internal.TestMethodWorker.invokeTestMethods(TestMethodWorker.java:124)
	at org.testng.internal.TestMethodWorker.run(TestMethodWorker.java:108)
	at java.util.concurrent.ThreadPoolExecutor.runWorker(ThreadPoolExecutor.java:1149)
	at java.util.concurrent.ThreadPoolExecutor$Worker.run(ThreadPoolExecutor.java:624)
	at java.lang.Thread.run(Thread.java:748)
]]>
    </failure>
  </testcase> <!-- brwPreAreq -->
  <testcase name="rReqTest" time="0.021" classname="com.ca.tds.main.TDSFlowTest">
    <error type="org.testng.SkipException" message="Skipping [rReqTest] because the [rReqRequired] assumption(s) do not hold.">
      <![CDATA[org.testng.SkipException: Skipping [rReqTest] because the [rReqRequired] assumption(s) do not hold.
	at nl.javadude.assumeng.AssumptionListener.beforeInvocation(AssumptionListener.java:43)
	at org.testng.internal.invokers.InvokedMethodListenerInvoker$InvokeBeforeInvocationWithoutContextStrategy.callMethod(InvokedMethodListenerInvoker.java:84)
	at org.testng.internal.invokers.InvokedMethodListenerInvoker.invokeListener(InvokedMethodListenerInvoker.java:62)
	at org.testng.internal.Invoker.runInvokedMethodListeners(Invoker.java:552)
	at org.testng.internal.Invoker.invokeMethod(Invoker.java:617)
	at org.testng.internal.Invoker.invokeTestMethod(Invoker.java:821)
	at org.testng.internal.Invoker.invokeTestMethods(Invoker.java:1131)
	at org.testng.internal.TestMethodWorker.invokeTestMethods(TestMethodWorker.java:124)
	at org.testng.internal.TestMethodWorker.run(TestMethodWorker.java:108)
	at java.util.concurrent.ThreadPoolExecutor.runWorker(ThreadPoolExecutor.java:1149)
	at java.util.concurrent.ThreadPoolExecutor$Worker.run(ThreadPoolExecutor.java:624)
	at java.lang.Thread.run(Thread.java:748)
]]>
    </error>
  </testcase> <!-- rReqTest -->
  <testcase name="brwPreAreq" time="0.556" classname="com.ca.tds.main.TDSFlowTest">
    <failure type="java.lang.AssertionError" message="ARes response json schema validation failed.&lt;br&gt;expected minLength: 17, actual: 4&lt;br&gt; api response : {&quot;acsTransID&quot;:&quot;6b5fe578-4179-453c-92e3-bb8fa6c46e8b&quot;,&quot;dsName&quot;:&quot;visa&quot;,&quot;eci&quot;:&quot;07&quot;,&quot;callerTxnRefID&quot;:&quot;341b7153-da86-4543-860f-2ba47f0168a5&quot;,&quot;dsReferenceNumber&quot;:&quot;CADS&quot;,&quot;acsReferenceNumber&quot;:&quot;ABCDEF987654321&quot;,&quot;messageType&quot;:&quot;ARes&quot;,&quot;dsTransID&quot;:&quot;09f6eb27-232f-404b-91bf-89adebff88ac&quot;,&quot;transStatusReason&quot;:&quot;09&quot;,&quot;acsOperatorID&quot;:&quot;ACS_OPERATOR_ID&quot;,&quot;messageVersion&quot;:&quot;2.1.0&quot;,&quot;transStatus&quot;:&quot;R&quot;,&quot;threeDSServerTransID&quot;:&quot;80841839-7d4b-445e-b32c-acd81457a313&quot;}">
      <![CDATA[java.lang.AssertionError: ARes response json schema validation failed.<br>expected minLength: 17, actual: 4<br> api response : {"acsTransID":"6b5fe578-4179-453c-92e3-bb8fa6c46e8b","dsName":"visa","eci":"07","callerTxnRefID":"341b7153-da86-4543-860f-2ba47f0168a5","dsReferenceNumber":"CADS","acsReferenceNumber":"ABCDEF987654321","messageType":"ARes","dsTransID":"09f6eb27-232f-404b-91bf-89adebff88ac","transStatusReason":"09","acsOperatorID":"ACS_OPERATOR_ID","messageVersion":"2.1.0","transStatus":"R","threeDSServerTransID":"80841839-7d4b-445e-b32c-acd81457a313"}
	at org.testng.Assert.fail(Assert.java:94)
	at com.ca.tds.main.TDSFlowTest.brwPreAreq(TDSFlowTest.java:176)
	at sun.reflect.GeneratedMethodAccessor36.invoke(Unknown Source)
	at sun.reflect.DelegatingMethodAccessorImpl.invoke(DelegatingMethodAccessorImpl.java:43)
	at java.lang.reflect.Method.invoke(Method.java:498)
	at org.testng.internal.MethodInvocationHelper.invokeMethod(MethodInvocationHelper.java:85)
	at org.testng.internal.Invoker.invokeMethod(Invoker.java:639)
	at org.testng.internal.Invoker.invokeTestMethod(Invoker.java:821)
	at org.testng.internal.Invoker.invokeTestMethods(Invoker.java:1131)
	at org.testng.internal.TestMethodWorker.invokeTestMethods(TestMethodWorker.java:124)
	at org.testng.internal.TestMethodWorker.run(TestMethodWorker.java:108)
	at java.util.concurrent.ThreadPoolExecutor.runWorker(ThreadPoolExecutor.java:1149)
	at java.util.concurrent.ThreadPoolExecutor$Worker.run(ThreadPoolExecutor.java:624)
	at java.lang.Thread.run(Thread.java:748)
]]>
    </failure>
  </testcase> <!-- brwPreAreq -->
  <testcase name="brwPreAreq" time="0.542" classname="com.ca.tds.main.TDSFlowTest">
    <failure type="java.lang.AssertionError" message="ARes response json schema validation failed.&lt;br&gt;expected minLength: 17, actual: 4&lt;br&gt; api response : {&quot;acsTransID&quot;:&quot;74c96f93-e28e-4c45-81f8-3f22dab1681b&quot;,&quot;dsName&quot;:&quot;visa&quot;,&quot;eci&quot;:&quot;07&quot;,&quot;callerTxnRefID&quot;:&quot;341b7153-da86-4543-860f-2ba47f0168a5&quot;,&quot;dsReferenceNumber&quot;:&quot;CADS&quot;,&quot;acsReferenceNumber&quot;:&quot;ABCDEF987654321&quot;,&quot;messageType&quot;:&quot;ARes&quot;,&quot;dsTransID&quot;:&quot;9bf87e02-33e8-4547-b5bb-3b736e4a7a4e&quot;,&quot;transStatusReason&quot;:&quot;09&quot;,&quot;acsOperatorID&quot;:&quot;ACS_OPERATOR_ID&quot;,&quot;messageVersion&quot;:&quot;2.1.0&quot;,&quot;transStatus&quot;:&quot;R&quot;,&quot;threeDSServerTransID&quot;:&quot;493c15ec-c1da-4c69-9ceb-3cd8060be758&quot;}">
      <![CDATA[java.lang.AssertionError: ARes response json schema validation failed.<br>expected minLength: 17, actual: 4<br> api response : {"acsTransID":"74c96f93-e28e-4c45-81f8-3f22dab1681b","dsName":"visa","eci":"07","callerTxnRefID":"341b7153-da86-4543-860f-2ba47f0168a5","dsReferenceNumber":"CADS","acsReferenceNumber":"ABCDEF987654321","messageType":"ARes","dsTransID":"9bf87e02-33e8-4547-b5bb-3b736e4a7a4e","transStatusReason":"09","acsOperatorID":"ACS_OPERATOR_ID","messageVersion":"2.1.0","transStatus":"R","threeDSServerTransID":"493c15ec-c1da-4c69-9ceb-3cd8060be758"}
	at org.testng.Assert.fail(Assert.java:94)
	at com.ca.tds.main.TDSFlowTest.brwPreAreq(TDSFlowTest.java:176)
	at sun.reflect.GeneratedMethodAccessor36.invoke(Unknown Source)
	at sun.reflect.DelegatingMethodAccessorImpl.invoke(DelegatingMethodAccessorImpl.java:43)
	at java.lang.reflect.Method.invoke(Method.java:498)
	at org.testng.internal.MethodInvocationHelper.invokeMethod(MethodInvocationHelper.java:85)
	at org.testng.internal.Invoker.invokeMethod(Invoker.java:639)
	at org.testng.internal.Invoker.invokeTestMethod(Invoker.java:821)
	at org.testng.internal.Invoker.invokeTestMethods(Invoker.java:1131)
	at org.testng.internal.TestMethodWorker.invokeTestMethods(TestMethodWorker.java:124)
	at org.testng.internal.TestMethodWorker.run(TestMethodWorker.java:108)
	at java.util.concurrent.ThreadPoolExecutor.runWorker(ThreadPoolExecutor.java:1149)
	at java.util.concurrent.ThreadPoolExecutor$Worker.run(ThreadPoolExecutor.java:624)
	at java.lang.Thread.run(Thread.java:748)
]]>
    </failure>
  </testcase> <!-- brwPreAreq -->
  <testcase name="verifyAPI" time="0.021" classname="com.ca.tds.main.TDSFlowTest">
    <error type="org.testng.SkipException" message="Skipping [verifyAPI] because the [verifyApiRequired] assumption(s) do not hold.">
      <![CDATA[org.testng.SkipException: Skipping [verifyAPI] because the [verifyApiRequired] assumption(s) do not hold.
	at nl.javadude.assumeng.AssumptionListener.beforeInvocation(AssumptionListener.java:43)
	at org.testng.internal.invokers.InvokedMethodListenerInvoker$InvokeBeforeInvocationWithoutContextStrategy.callMethod(InvokedMethodListenerInvoker.java:84)
	at org.testng.internal.invokers.InvokedMethodListenerInvoker.invokeListener(InvokedMethodListenerInvoker.java:62)
	at org.testng.internal.Invoker.runInvokedMethodListeners(Invoker.java:552)
	at org.testng.internal.Invoker.invokeMethod(Invoker.java:617)
	at org.testng.internal.Invoker.invokeTestMethod(Invoker.java:821)
	at org.testng.internal.Invoker.invokeTestMethods(Invoker.java:1131)
	at org.testng.internal.TestMethodWorker.invokeTestMethods(TestMethodWorker.java:124)
	at org.testng.internal.TestMethodWorker.run(TestMethodWorker.java:108)
	at java.util.concurrent.ThreadPoolExecutor.runWorker(ThreadPoolExecutor.java:1149)
	at java.util.concurrent.ThreadPoolExecutor$Worker.run(ThreadPoolExecutor.java:624)
	at java.lang.Thread.run(Thread.java:748)
]]>
    </error>
  </testcase> <!-- verifyAPI -->
  <testcase name="rReqTest" time="0.023" classname="com.ca.tds.main.TDSFlowTest">
    <error type="org.testng.SkipException" message="Skipping [rReqTest] because the [rReqRequired] assumption(s) do not hold.">
      <![CDATA[org.testng.SkipException: Skipping [rReqTest] because the [rReqRequired] assumption(s) do not hold.
	at nl.javadude.assumeng.AssumptionListener.beforeInvocation(AssumptionListener.java:43)
	at org.testng.internal.invokers.InvokedMethodListenerInvoker$InvokeBeforeInvocationWithoutContextStrategy.callMethod(InvokedMethodListenerInvoker.java:84)
	at org.testng.internal.invokers.InvokedMethodListenerInvoker.invokeListener(InvokedMethodListenerInvoker.java:62)
	at org.testng.internal.Invoker.runInvokedMethodListeners(Invoker.java:552)
	at org.testng.internal.Invoker.invokeMethod(Invoker.java:617)
	at org.testng.internal.Invoker.invokeTestMethod(Invoker.java:821)
	at org.testng.internal.Invoker.invokeTestMethods(Invoker.java:1131)
	at org.testng.internal.TestMethodWorker.invokeTestMethods(TestMethodWorker.java:124)
	at org.testng.internal.TestMethodWorker.run(TestMethodWorker.java:108)
	at java.util.concurrent.ThreadPoolExecutor.runWorker(ThreadPoolExecutor.java:1149)
	at java.util.concurrent.ThreadPoolExecutor$Worker.run(ThreadPoolExecutor.java:624)
	at java.lang.Thread.run(Thread.java:748)
]]>
    </error>
  </testcase> <!-- rReqTest -->
  <testcase name="rReqTest" time="0.020" classname="com.ca.tds.main.TDSFlowTest">
    <error type="org.testng.SkipException" message="Skipping [rReqTest] because the [rReqRequired] assumption(s) do not hold.">
      <![CDATA[org.testng.SkipException: Skipping [rReqTest] because the [rReqRequired] assumption(s) do not hold.
	at nl.javadude.assumeng.AssumptionListener.beforeInvocation(AssumptionListener.java:43)
	at org.testng.internal.invokers.InvokedMethodListenerInvoker$InvokeBeforeInvocationWithoutContextStrategy.callMethod(InvokedMethodListenerInvoker.java:84)
	at org.testng.internal.invokers.InvokedMethodListenerInvoker.invokeListener(InvokedMethodListenerInvoker.java:62)
	at org.testng.internal.Invoker.runInvokedMethodListeners(Invoker.java:552)
	at org.testng.internal.Invoker.invokeMethod(Invoker.java:617)
	at org.testng.internal.Invoker.invokeTestMethod(Invoker.java:821)
	at org.testng.internal.Invoker.invokeTestMethods(Invoker.java:1131)
	at org.testng.internal.TestMethodWorker.invokeTestMethods(TestMethodWorker.java:124)
	at org.testng.internal.TestMethodWorker.run(TestMethodWorker.java:108)
	at java.util.concurrent.ThreadPoolExecutor.runWorker(ThreadPoolExecutor.java:1149)
	at java.util.concurrent.ThreadPoolExecutor$Worker.run(ThreadPoolExecutor.java:624)
	at java.lang.Thread.run(Thread.java:748)
]]>
    </error>
  </testcase> <!-- rReqTest -->
  <testcase name="verifyAPI" time="0.019" classname="com.ca.tds.main.TDSFlowTest">
    <error type="org.testng.SkipException" message="Skipping [verifyAPI] because the [verifyApiRequired] assumption(s) do not hold.">
      <![CDATA[org.testng.SkipException: Skipping [verifyAPI] because the [verifyApiRequired] assumption(s) do not hold.
	at nl.javadude.assumeng.AssumptionListener.beforeInvocation(AssumptionListener.java:43)
	at org.testng.internal.invokers.InvokedMethodListenerInvoker$InvokeBeforeInvocationWithoutContextStrategy.callMethod(InvokedMethodListenerInvoker.java:84)
	at org.testng.internal.invokers.InvokedMethodListenerInvoker.invokeListener(InvokedMethodListenerInvoker.java:62)
	at org.testng.internal.Invoker.runInvokedMethodListeners(Invoker.java:552)
	at org.testng.internal.Invoker.invokeMethod(Invoker.java:617)
	at org.testng.internal.Invoker.invokeTestMethod(Invoker.java:821)
	at org.testng.internal.Invoker.invokeTestMethods(Invoker.java:1131)
	at org.testng.internal.TestMethodWorker.invokeTestMethods(TestMethodWorker.java:124)
	at org.testng.internal.TestMethodWorker.run(TestMethodWorker.java:108)
	at java.util.concurrent.ThreadPoolExecutor.runWorker(ThreadPoolExecutor.java:1149)
	at java.util.concurrent.ThreadPoolExecutor$Worker.run(ThreadPoolExecutor.java:624)
	at java.lang.Thread.run(Thread.java:748)
]]>
    </error>
  </testcase> <!-- verifyAPI -->
  <testcase name="brwPreAreq" time="0.551" classname="com.ca.tds.main.TDSFlowTest">
    <failure type="java.lang.AssertionError" message="ARes response json schema validation failed.&lt;br&gt;expected minLength: 17, actual: 4&lt;br&gt; api response : {&quot;acsTransID&quot;:&quot;fd324c8c-0cc9-42fa-97f2-4a354fa5d63c&quot;,&quot;dsName&quot;:&quot;amex&quot;,&quot;eci&quot;:&quot;07&quot;,&quot;callerTxnRefID&quot;:&quot;341b7153-da86-4543-860f-2ba47f0168a5&quot;,&quot;dsReferenceNumber&quot;:&quot;CADS&quot;,&quot;acsReferenceNumber&quot;:&quot;ABCDEF987654321&quot;,&quot;XID&quot;:&quot;02010000bb0bff1011b04f288b8894477616e07c&quot;,&quot;messageType&quot;:&quot;ARes&quot;,&quot;dsTransID&quot;:&quot;bb0bff10-11b0-4f28-8b88-94477616e07c&quot;,&quot;transStatusReason&quot;:&quot;09&quot;,&quot;acsOperatorID&quot;:&quot;ACS_OPERATOR_ID&quot;,&quot;messageVersion&quot;:&quot;2.1.0&quot;,&quot;transStatus&quot;:&quot;R&quot;,&quot;threeDSServerTransID&quot;:&quot;4849fa46-2968-4655-a8fa-7f49848c7e9b&quot;}">
      <![CDATA[java.lang.AssertionError: ARes response json schema validation failed.<br>expected minLength: 17, actual: 4<br> api response : {"acsTransID":"fd324c8c-0cc9-42fa-97f2-4a354fa5d63c","dsName":"amex","eci":"07","callerTxnRefID":"341b7153-da86-4543-860f-2ba47f0168a5","dsReferenceNumber":"CADS","acsReferenceNumber":"ABCDEF987654321","XID":"02010000bb0bff1011b04f288b8894477616e07c","messageType":"ARes","dsTransID":"bb0bff10-11b0-4f28-8b88-94477616e07c","transStatusReason":"09","acsOperatorID":"ACS_OPERATOR_ID","messageVersion":"2.1.0","transStatus":"R","threeDSServerTransID":"4849fa46-2968-4655-a8fa-7f49848c7e9b"}
	at org.testng.Assert.fail(Assert.java:94)
	at com.ca.tds.main.TDSFlowTest.brwPreAreq(TDSFlowTest.java:176)
	at sun.reflect.NativeMethodAccessorImpl.invoke0(Native Method)
	at sun.reflect.NativeMethodAccessorImpl.invoke(NativeMethodAccessorImpl.java:62)
	at sun.reflect.DelegatingMethodAccessorImpl.invoke(DelegatingMethodAccessorImpl.java:43)
	at java.lang.reflect.Method.invoke(Method.java:498)
	at org.testng.internal.MethodInvocationHelper.invokeMethod(MethodInvocationHelper.java:85)
	at org.testng.internal.Invoker.invokeMethod(Invoker.java:639)
	at org.testng.internal.Invoker.invokeTestMethod(Invoker.java:821)
	at org.testng.internal.Invoker.invokeTestMethods(Invoker.java:1131)
	at org.testng.internal.TestMethodWorker.invokeTestMethods(TestMethodWorker.java:124)
	at org.testng.internal.TestMethodWorker.run(TestMethodWorker.java:108)
	at java.util.concurrent.ThreadPoolExecutor.runWorker(ThreadPoolExecutor.java:1149)
	at java.util.concurrent.ThreadPoolExecutor$Worker.run(ThreadPoolExecutor.java:624)
	at java.lang.Thread.run(Thread.java:748)
]]>
    </failure>
  </testcase> <!-- brwPreAreq -->
  <testcase name="brwPreAreq" time="0.560" classname="com.ca.tds.main.TDSFlowTest">
    <failure type="java.lang.AssertionError" message="ARes response json schema validation failed.&lt;br&gt;expected minLength: 17, actual: 4&lt;br&gt; api response : {&quot;acsTransID&quot;:&quot;1b39ee9f-9fb9-4d40-a6c2-b0b3b5e484b4&quot;,&quot;dsName&quot;:&quot;visa&quot;,&quot;eci&quot;:&quot;07&quot;,&quot;callerTxnRefID&quot;:&quot;341b7153-da86-4543-860f-2ba47f0168a5&quot;,&quot;dsReferenceNumber&quot;:&quot;CADS&quot;,&quot;acsReferenceNumber&quot;:&quot;ABCDEF987654321&quot;,&quot;messageType&quot;:&quot;ARes&quot;,&quot;dsTransID&quot;:&quot;03fd1142-9f59-40bf-88e3-acfca4a1a007&quot;,&quot;transStatusReason&quot;:&quot;09&quot;,&quot;acsOperatorID&quot;:&quot;ACS_OPERATOR_ID&quot;,&quot;messageVersion&quot;:&quot;2.1.0&quot;,&quot;transStatus&quot;:&quot;R&quot;,&quot;threeDSServerTransID&quot;:&quot;4b333292-3a2a-4ca5-aa34-4fb1a3d8bab2&quot;}">
      <![CDATA[java.lang.AssertionError: ARes response json schema validation failed.<br>expected minLength: 17, actual: 4<br> api response : {"acsTransID":"1b39ee9f-9fb9-4d40-a6c2-b0b3b5e484b4","dsName":"visa","eci":"07","callerTxnRefID":"341b7153-da86-4543-860f-2ba47f0168a5","dsReferenceNumber":"CADS","acsReferenceNumber":"ABCDEF987654321","messageType":"ARes","dsTransID":"03fd1142-9f59-40bf-88e3-acfca4a1a007","transStatusReason":"09","acsOperatorID":"ACS_OPERATOR_ID","messageVersion":"2.1.0","transStatus":"R","threeDSServerTransID":"4b333292-3a2a-4ca5-aa34-4fb1a3d8bab2"}
	at org.testng.Assert.fail(Assert.java:94)
	at com.ca.tds.main.TDSFlowTest.brwPreAreq(TDSFlowTest.java:176)
	at sun.reflect.GeneratedMethodAccessor36.invoke(Unknown Source)
	at sun.reflect.DelegatingMethodAccessorImpl.invoke(DelegatingMethodAccessorImpl.java:43)
	at java.lang.reflect.Method.invoke(Method.java:498)
	at org.testng.internal.MethodInvocationHelper.invokeMethod(MethodInvocationHelper.java:85)
	at org.testng.internal.Invoker.invokeMethod(Invoker.java:639)
	at org.testng.internal.Invoker.invokeTestMethod(Invoker.java:821)
	at org.testng.internal.Invoker.invokeTestMethods(Invoker.java:1131)
	at org.testng.internal.TestMethodWorker.invokeTestMethods(TestMethodWorker.java:124)
	at org.testng.internal.TestMethodWorker.run(TestMethodWorker.java:108)
	at java.util.concurrent.ThreadPoolExecutor.runWorker(ThreadPoolExecutor.java:1149)
	at java.util.concurrent.ThreadPoolExecutor$Worker.run(ThreadPoolExecutor.java:624)
	at java.lang.Thread.run(Thread.java:748)
]]>
    </failure>
  </testcase> <!-- brwPreAreq -->
  <testcase name="rReqTest" time="0.023" classname="com.ca.tds.main.TDSFlowTest">
    <error type="org.testng.SkipException" message="Skipping [rReqTest] because the [rReqRequired] assumption(s) do not hold.">
      <![CDATA[org.testng.SkipException: Skipping [rReqTest] because the [rReqRequired] assumption(s) do not hold.
	at nl.javadude.assumeng.AssumptionListener.beforeInvocation(AssumptionListener.java:43)
	at org.testng.internal.invokers.InvokedMethodListenerInvoker$InvokeBeforeInvocationWithoutContextStrategy.callMethod(InvokedMethodListenerInvoker.java:84)
	at org.testng.internal.invokers.InvokedMethodListenerInvoker.invokeListener(InvokedMethodListenerInvoker.java:62)
	at org.testng.internal.Invoker.runInvokedMethodListeners(Invoker.java:552)
	at org.testng.internal.Invoker.invokeMethod(Invoker.java:617)
	at org.testng.internal.Invoker.invokeTestMethod(Invoker.java:821)
	at org.testng.internal.Invoker.invokeTestMethods(Invoker.java:1131)
	at org.testng.internal.TestMethodWorker.invokeTestMethods(TestMethodWorker.java:124)
	at org.testng.internal.TestMethodWorker.run(TestMethodWorker.java:108)
	at java.util.concurrent.ThreadPoolExecutor.runWorker(ThreadPoolExecutor.java:1149)
	at java.util.concurrent.ThreadPoolExecutor$Worker.run(ThreadPoolExecutor.java:624)
	at java.lang.Thread.run(Thread.java:748)
]]>
    </error>
  </testcase> <!-- rReqTest -->
  <testcase name="verifyAPI" time="0.019" classname="com.ca.tds.main.TDSFlowTest">
    <error type="org.testng.SkipException" message="Skipping [verifyAPI] because the [verifyApiRequired] assumption(s) do not hold.">
      <![CDATA[org.testng.SkipException: Skipping [verifyAPI] because the [verifyApiRequired] assumption(s) do not hold.
	at nl.javadude.assumeng.AssumptionListener.beforeInvocation(AssumptionListener.java:43)
	at org.testng.internal.invokers.InvokedMethodListenerInvoker$InvokeBeforeInvocationWithoutContextStrategy.callMethod(InvokedMethodListenerInvoker.java:84)
	at org.testng.internal.invokers.InvokedMethodListenerInvoker.invokeListener(InvokedMethodListenerInvoker.java:62)
	at org.testng.internal.Invoker.runInvokedMethodListeners(Invoker.java:552)
	at org.testng.internal.Invoker.invokeMethod(Invoker.java:617)
	at org.testng.internal.Invoker.invokeTestMethod(Invoker.java:821)
	at org.testng.internal.Invoker.invokeTestMethods(Invoker.java:1131)
	at org.testng.internal.TestMethodWorker.invokeTestMethods(TestMethodWorker.java:124)
	at org.testng.internal.TestMethodWorker.run(TestMethodWorker.java:108)
	at java.util.concurrent.ThreadPoolExecutor.runWorker(ThreadPoolExecutor.java:1149)
	at java.util.concurrent.ThreadPoolExecutor$Worker.run(ThreadPoolExecutor.java:624)
	at java.lang.Thread.run(Thread.java:748)
]]>
    </error>
  </testcase> <!-- verifyAPI -->
  <testcase name="brwPreAreq" time="0.535" classname="com.ca.tds.main.TDSFlowTest">
    <failure type="java.lang.AssertionError" message="ARes response json schema validation failed.&lt;br&gt;expected minLength: 17, actual: 4&lt;br&gt; api response : {&quot;acsTransID&quot;:&quot;ddfbaa3e-a3e4-4885-a34c-2c3f8ae41143&quot;,&quot;dsName&quot;:&quot;amex&quot;,&quot;eci&quot;:&quot;07&quot;,&quot;callerTxnRefID&quot;:&quot;341b7153-da86-4543-860f-2ba47f0168a5&quot;,&quot;dsReferenceNumber&quot;:&quot;CADS&quot;,&quot;acsReferenceNumber&quot;:&quot;ABCDEF987654321&quot;,&quot;XID&quot;:&quot;02010000229cdde789ef48729e4ccf54baeda1a7&quot;,&quot;messageType&quot;:&quot;ARes&quot;,&quot;dsTransID&quot;:&quot;229cdde7-89ef-4872-9e4c-cf54baeda1a7&quot;,&quot;transStatusReason&quot;:&quot;09&quot;,&quot;acsOperatorID&quot;:&quot;ACS_OPERATOR_ID&quot;,&quot;messageVersion&quot;:&quot;2.1.0&quot;,&quot;transStatus&quot;:&quot;R&quot;,&quot;threeDSServerTransID&quot;:&quot;e0d423fd-f22d-4d50-b736-dc32e38ec92c&quot;}">
      <![CDATA[java.lang.AssertionError: ARes response json schema validation failed.<br>expected minLength: 17, actual: 4<br> api response : {"acsTransID":"ddfbaa3e-a3e4-4885-a34c-2c3f8ae41143","dsName":"amex","eci":"07","callerTxnRefID":"341b7153-da86-4543-860f-2ba47f0168a5","dsReferenceNumber":"CADS","acsReferenceNumber":"ABCDEF987654321","XID":"02010000229cdde789ef48729e4ccf54baeda1a7","messageType":"ARes","dsTransID":"229cdde7-89ef-4872-9e4c-cf54baeda1a7","transStatusReason":"09","acsOperatorID":"ACS_OPERATOR_ID","messageVersion":"2.1.0","transStatus":"R","threeDSServerTransID":"e0d423fd-f22d-4d50-b736-dc32e38ec92c"}
	at org.testng.Assert.fail(Assert.java:94)
	at com.ca.tds.main.TDSFlowTest.brwPreAreq(TDSFlowTest.java:176)
	at sun.reflect.GeneratedMethodAccessor36.invoke(Unknown Source)
	at sun.reflect.DelegatingMethodAccessorImpl.invoke(DelegatingMethodAccessorImpl.java:43)
	at java.lang.reflect.Method.invoke(Method.java:498)
	at org.testng.internal.MethodInvocationHelper.invokeMethod(MethodInvocationHelper.java:85)
	at org.testng.internal.Invoker.invokeMethod(Invoker.java:639)
	at org.testng.internal.Invoker.invokeTestMethod(Invoker.java:821)
	at org.testng.internal.Invoker.invokeTestMethods(Invoker.java:1131)
	at org.testng.internal.TestMethodWorker.invokeTestMethods(TestMethodWorker.java:124)
	at org.testng.internal.TestMethodWorker.run(TestMethodWorker.java:108)
	at java.util.concurrent.ThreadPoolExecutor.runWorker(ThreadPoolExecutor.java:1149)
	at java.util.concurrent.ThreadPoolExecutor$Worker.run(ThreadPoolExecutor.java:624)
	at java.lang.Thread.run(Thread.java:748)
]]>
    </failure>
  </testcase> <!-- brwPreAreq -->
  <testcase name="brwTDSMethodTest" time="0.518" classname="com.ca.tds.main.TDSFlowTest"/>
  <testcase name="verifyAPI" time="0.016" classname="com.ca.tds.main.TDSFlowTest">
    <error type="org.testng.SkipException" message="Skipping [verifyAPI] because the [verifyApiRequired] assumption(s) do not hold.">
      <![CDATA[org.testng.SkipException: Skipping [verifyAPI] because the [verifyApiRequired] assumption(s) do not hold.
	at nl.javadude.assumeng.AssumptionListener.beforeInvocation(AssumptionListener.java:43)
	at org.testng.internal.invokers.InvokedMethodListenerInvoker$InvokeBeforeInvocationWithoutContextStrategy.callMethod(InvokedMethodListenerInvoker.java:84)
	at org.testng.internal.invokers.InvokedMethodListenerInvoker.invokeListener(InvokedMethodListenerInvoker.java:62)
	at org.testng.internal.Invoker.runInvokedMethodListeners(Invoker.java:552)
	at org.testng.internal.Invoker.invokeMethod(Invoker.java:617)
	at org.testng.internal.Invoker.invokeTestMethod(Invoker.java:821)
	at org.testng.internal.Invoker.invokeTestMethods(Invoker.java:1131)
	at org.testng.internal.TestMethodWorker.invokeTestMethods(TestMethodWorker.java:124)
	at org.testng.internal.TestMethodWorker.run(TestMethodWorker.java:108)
	at java.util.concurrent.ThreadPoolExecutor.runWorker(ThreadPoolExecutor.java:1149)
	at java.util.concurrent.ThreadPoolExecutor$Worker.run(ThreadPoolExecutor.java:624)
	at java.lang.Thread.run(Thread.java:748)
]]>
    </error>
  </testcase> <!-- verifyAPI -->
  <testcase name="rReqTest" time="0.020" classname="com.ca.tds.main.TDSFlowTest">
    <error type="org.testng.SkipException" message="Skipping [rReqTest] because the [rReqRequired] assumption(s) do not hold.">
      <![CDATA[org.testng.SkipException: Skipping [rReqTest] because the [rReqRequired] assumption(s) do not hold.
	at nl.javadude.assumeng.AssumptionListener.beforeInvocation(AssumptionListener.java:43)
	at org.testng.internal.invokers.InvokedMethodListenerInvoker$InvokeBeforeInvocationWithoutContextStrategy.callMethod(InvokedMethodListenerInvoker.java:84)
	at org.testng.internal.invokers.InvokedMethodListenerInvoker.invokeListener(InvokedMethodListenerInvoker.java:62)
	at org.testng.internal.Invoker.runInvokedMethodListeners(Invoker.java:552)
	at org.testng.internal.Invoker.invokeMethod(Invoker.java:617)
	at org.testng.internal.Invoker.invokeTestMethod(Invoker.java:821)
	at org.testng.internal.Invoker.invokeTestMethods(Invoker.java:1131)
	at org.testng.internal.TestMethodWorker.invokeTestMethods(TestMethodWorker.java:124)
	at org.testng.internal.TestMethodWorker.run(TestMethodWorker.java:108)
	at java.util.concurrent.ThreadPoolExecutor.runWorker(ThreadPoolExecutor.java:1149)
	at java.util.concurrent.ThreadPoolExecutor$Worker.run(ThreadPoolExecutor.java:624)
	at java.lang.Thread.run(Thread.java:748)
]]>
    </error>
  </testcase> <!-- rReqTest -->
  <testcase name="rReqTest" time="0.020" classname="com.ca.tds.main.TDSFlowTest">
    <error type="org.testng.SkipException" message="Skipping [rReqTest] because the [rReqRequired] assumption(s) do not hold.">
      <![CDATA[org.testng.SkipException: Skipping [rReqTest] because the [rReqRequired] assumption(s) do not hold.
	at nl.javadude.assumeng.AssumptionListener.beforeInvocation(AssumptionListener.java:43)
	at org.testng.internal.invokers.InvokedMethodListenerInvoker$InvokeBeforeInvocationWithoutContextStrategy.callMethod(InvokedMethodListenerInvoker.java:84)
	at org.testng.internal.invokers.InvokedMethodListenerInvoker.invokeListener(InvokedMethodListenerInvoker.java:62)
	at org.testng.internal.Invoker.runInvokedMethodListeners(Invoker.java:552)
	at org.testng.internal.Invoker.invokeMethod(Invoker.java:617)
	at org.testng.internal.Invoker.invokeTestMethod(Invoker.java:821)
	at org.testng.internal.Invoker.invokeTestMethods(Invoker.java:1131)
	at org.testng.internal.TestMethodWorker.invokeTestMethods(TestMethodWorker.java:124)
	at org.testng.internal.TestMethodWorker.run(TestMethodWorker.java:108)
	at java.util.concurrent.ThreadPoolExecutor.runWorker(ThreadPoolExecutor.java:1149)
	at java.util.concurrent.ThreadPoolExecutor$Worker.run(ThreadPoolExecutor.java:624)
	at java.lang.Thread.run(Thread.java:748)
]]>
    </error>
  </testcase> <!-- rReqTest -->
  <testcase name="brwPreAreq" time="0.531" classname="com.ca.tds.main.TDSFlowTest">
    <failure type="java.lang.AssertionError" message="ARes response json schema validation failed.&lt;br&gt;expected minLength: 17, actual: 4&lt;br&gt; api response : {&quot;acsTransID&quot;:&quot;37e487f4-3fc1-4d66-8ed7-47df66e74855&quot;,&quot;dsName&quot;:&quot;mastercard&quot;,&quot;eci&quot;:&quot;07&quot;,&quot;callerTxnRefID&quot;:&quot;341b7153-da86-4543-860f-2ba47f0168a5&quot;,&quot;dsReferenceNumber&quot;:&quot;CADS&quot;,&quot;acsReferenceNumber&quot;:&quot;ABCDEF987654321&quot;,&quot;messageType&quot;:&quot;ARes&quot;,&quot;dsTransID&quot;:&quot;bbc50cd5-7eba-4fa7-a099-d06150ed73d1&quot;,&quot;transStatusReason&quot;:&quot;09&quot;,&quot;acsOperatorID&quot;:&quot;ACS_OPERATOR_ID&quot;,&quot;messageVersion&quot;:&quot;2.1.0&quot;,&quot;transStatus&quot;:&quot;R&quot;,&quot;threeDSServerTransID&quot;:&quot;aa8c599c-c818-4115-924e-ec0eb7bccb33&quot;}">
      <![CDATA[java.lang.AssertionError: ARes response json schema validation failed.<br>expected minLength: 17, actual: 4<br> api response : {"acsTransID":"37e487f4-3fc1-4d66-8ed7-47df66e74855","dsName":"mastercard","eci":"07","callerTxnRefID":"341b7153-da86-4543-860f-2ba47f0168a5","dsReferenceNumber":"CADS","acsReferenceNumber":"ABCDEF987654321","messageType":"ARes","dsTransID":"bbc50cd5-7eba-4fa7-a099-d06150ed73d1","transStatusReason":"09","acsOperatorID":"ACS_OPERATOR_ID","messageVersion":"2.1.0","transStatus":"R","threeDSServerTransID":"aa8c599c-c818-4115-924e-ec0eb7bccb33"}
	at org.testng.Assert.fail(Assert.java:94)
	at com.ca.tds.main.TDSFlowTest.brwPreAreq(TDSFlowTest.java:176)
	at sun.reflect.GeneratedMethodAccessor36.invoke(Unknown Source)
	at sun.reflect.DelegatingMethodAccessorImpl.invoke(DelegatingMethodAccessorImpl.java:43)
	at java.lang.reflect.Method.invoke(Method.java:498)
	at org.testng.internal.MethodInvocationHelper.invokeMethod(MethodInvocationHelper.java:85)
	at org.testng.internal.Invoker.invokeMethod(Invoker.java:639)
	at org.testng.internal.Invoker.invokeTestMethod(Invoker.java:821)
	at org.testng.internal.Invoker.invokeTestMethods(Invoker.java:1131)
	at org.testng.internal.TestMethodWorker.invokeTestMethods(TestMethodWorker.java:124)
	at org.testng.internal.TestMethodWorker.run(TestMethodWorker.java:108)
	at java.util.concurrent.ThreadPoolExecutor.runWorker(ThreadPoolExecutor.java:1149)
	at java.util.concurrent.ThreadPoolExecutor$Worker.run(ThreadPoolExecutor.java:624)
	at java.lang.Thread.run(Thread.java:748)
]]>
    </failure>
  </testcase> <!-- brwPreAreq -->
  <testcase name="verifyAPI" time="0.021" classname="com.ca.tds.main.TDSFlowTest">
    <error type="org.testng.SkipException" message="Skipping [verifyAPI] because the [verifyApiRequired] assumption(s) do not hold.">
      <![CDATA[org.testng.SkipException: Skipping [verifyAPI] because the [verifyApiRequired] assumption(s) do not hold.
	at nl.javadude.assumeng.AssumptionListener.beforeInvocation(AssumptionListener.java:43)
	at org.testng.internal.invokers.InvokedMethodListenerInvoker$InvokeBeforeInvocationWithoutContextStrategy.callMethod(InvokedMethodListenerInvoker.java:84)
	at org.testng.internal.invokers.InvokedMethodListenerInvoker.invokeListener(InvokedMethodListenerInvoker.java:62)
	at org.testng.internal.Invoker.runInvokedMethodListeners(Invoker.java:552)
	at org.testng.internal.Invoker.invokeMethod(Invoker.java:617)
	at org.testng.internal.Invoker.invokeTestMethod(Invoker.java:821)
	at org.testng.internal.Invoker.invokeTestMethods(Invoker.java:1131)
	at org.testng.internal.TestMethodWorker.invokeTestMethods(TestMethodWorker.java:124)
	at org.testng.internal.TestMethodWorker.run(TestMethodWorker.java:108)
	at java.util.concurrent.ThreadPoolExecutor.runWorker(ThreadPoolExecutor.java:1149)
	at java.util.concurrent.ThreadPoolExecutor$Worker.run(ThreadPoolExecutor.java:624)
	at java.lang.Thread.run(Thread.java:748)
]]>
    </error>
  </testcase> <!-- verifyAPI -->
  <testcase name="rReqTest" time="0.017" classname="com.ca.tds.main.TDSFlowTest">
    <error type="org.testng.SkipException" message="Skipping [rReqTest] because the [rReqRequired] assumption(s) do not hold.">
      <![CDATA[org.testng.SkipException: Skipping [rReqTest] because the [rReqRequired] assumption(s) do not hold.
	at nl.javadude.assumeng.AssumptionListener.beforeInvocation(AssumptionListener.java:43)
	at org.testng.internal.invokers.InvokedMethodListenerInvoker$InvokeBeforeInvocationWithoutContextStrategy.callMethod(InvokedMethodListenerInvoker.java:84)
	at org.testng.internal.invokers.InvokedMethodListenerInvoker.invokeListener(InvokedMethodListenerInvoker.java:62)
	at org.testng.internal.Invoker.runInvokedMethodListeners(Invoker.java:552)
	at org.testng.internal.Invoker.invokeMethod(Invoker.java:617)
	at org.testng.internal.Invoker.invokeTestMethod(Invoker.java:821)
	at org.testng.internal.Invoker.invokeTestMethods(Invoker.java:1131)
	at org.testng.internal.TestMethodWorker.invokeTestMethods(TestMethodWorker.java:124)
	at org.testng.internal.TestMethodWorker.run(TestMethodWorker.java:108)
	at java.util.concurrent.ThreadPoolExecutor.runWorker(ThreadPoolExecutor.java:1149)
	at java.util.concurrent.ThreadPoolExecutor$Worker.run(ThreadPoolExecutor.java:624)
	at java.lang.Thread.run(Thread.java:748)
]]>
    </error>
  </testcase> <!-- rReqTest -->
  <testcase name="brwTDSMethodTest" time="0.593" classname="com.ca.tds.main.TDSFlowTest"/>
  <testcase name="verifyAPI" time="0.022" classname="com.ca.tds.main.TDSFlowTest">
    <error type="org.testng.SkipException" message="Skipping [verifyAPI] because the [verifyApiRequired] assumption(s) do not hold.">
      <![CDATA[org.testng.SkipException: Skipping [verifyAPI] because the [verifyApiRequired] assumption(s) do not hold.
	at nl.javadude.assumeng.AssumptionListener.beforeInvocation(AssumptionListener.java:43)
	at org.testng.internal.invokers.InvokedMethodListenerInvoker$InvokeBeforeInvocationWithoutContextStrategy.callMethod(InvokedMethodListenerInvoker.java:84)
	at org.testng.internal.invokers.InvokedMethodListenerInvoker.invokeListener(InvokedMethodListenerInvoker.java:62)
	at org.testng.internal.Invoker.runInvokedMethodListeners(Invoker.java:552)
	at org.testng.internal.Invoker.invokeMethod(Invoker.java:617)
	at org.testng.internal.Invoker.invokeTestMethod(Invoker.java:821)
	at org.testng.internal.Invoker.invokeTestMethods(Invoker.java:1131)
	at org.testng.internal.TestMethodWorker.invokeTestMethods(TestMethodWorker.java:124)
	at org.testng.internal.TestMethodWorker.run(TestMethodWorker.java:108)
	at java.util.concurrent.ThreadPoolExecutor.runWorker(ThreadPoolExecutor.java:1149)
	at java.util.concurrent.ThreadPoolExecutor$Worker.run(ThreadPoolExecutor.java:624)
	at java.lang.Thread.run(Thread.java:748)
]]>
    </error>
  </testcase> <!-- verifyAPI -->
  <testcase name="brwTDSMethodTest" time="0.494" classname="com.ca.tds.main.TDSFlowTest"/>
  <testcase name="brwPreAreq" time="0.557" classname="com.ca.tds.main.TDSFlowTest">
    <failure type="java.lang.AssertionError" message="ARes response json schema validation failed.&lt;br&gt;expected minLength: 17, actual: 4&lt;br&gt; api response : {&quot;acsTransID&quot;:&quot;90444c6f-910c-44b1-bb57-7366295500f5&quot;,&quot;dsName&quot;:&quot;visa&quot;,&quot;eci&quot;:&quot;07&quot;,&quot;callerTxnRefID&quot;:&quot;341b7153-da86-4543-860f-2ba47f0168a5&quot;,&quot;dsReferenceNumber&quot;:&quot;CADS&quot;,&quot;acsReferenceNumber&quot;:&quot;ABCDEF987654321&quot;,&quot;messageType&quot;:&quot;ARes&quot;,&quot;dsTransID&quot;:&quot;8c43b524-97c2-4f90-91be-e279e544f680&quot;,&quot;transStatusReason&quot;:&quot;09&quot;,&quot;acsOperatorID&quot;:&quot;ACS_OPERATOR_ID&quot;,&quot;messageVersion&quot;:&quot;2.1.0&quot;,&quot;transStatus&quot;:&quot;R&quot;,&quot;threeDSServerTransID&quot;:&quot;ddabce3a-7327-45a8-a9ab-b9223997c2e1&quot;}">
      <![CDATA[java.lang.AssertionError: ARes response json schema validation failed.<br>expected minLength: 17, actual: 4<br> api response : {"acsTransID":"90444c6f-910c-44b1-bb57-7366295500f5","dsName":"visa","eci":"07","callerTxnRefID":"341b7153-da86-4543-860f-2ba47f0168a5","dsReferenceNumber":"CADS","acsReferenceNumber":"ABCDEF987654321","messageType":"ARes","dsTransID":"8c43b524-97c2-4f90-91be-e279e544f680","transStatusReason":"09","acsOperatorID":"ACS_OPERATOR_ID","messageVersion":"2.1.0","transStatus":"R","threeDSServerTransID":"ddabce3a-7327-45a8-a9ab-b9223997c2e1"}
	at org.testng.Assert.fail(Assert.java:94)
	at com.ca.tds.main.TDSFlowTest.brwPreAreq(TDSFlowTest.java:176)
	at sun.reflect.GeneratedMethodAccessor36.invoke(Unknown Source)
	at sun.reflect.DelegatingMethodAccessorImpl.invoke(DelegatingMethodAccessorImpl.java:43)
	at java.lang.reflect.Method.invoke(Method.java:498)
	at org.testng.internal.MethodInvocationHelper.invokeMethod(MethodInvocationHelper.java:85)
	at org.testng.internal.Invoker.invokeMethod(Invoker.java:639)
	at org.testng.internal.Invoker.invokeTestMethod(Invoker.java:821)
	at org.testng.internal.Invoker.invokeTestMethods(Invoker.java:1131)
	at org.testng.internal.TestMethodWorker.invokeTestMethods(TestMethodWorker.java:124)
	at org.testng.internal.TestMethodWorker.run(TestMethodWorker.java:108)
	at java.util.concurrent.ThreadPoolExecutor.runWorker(ThreadPoolExecutor.java:1149)
	at java.util.concurrent.ThreadPoolExecutor$Worker.run(ThreadPoolExecutor.java:624)
	at java.lang.Thread.run(Thread.java:748)
]]>
    </failure>
  </testcase> <!-- brwPreAreq -->
  <testcase name="rReqTest" time="0.017" classname="com.ca.tds.main.TDSFlowTest">
    <error type="org.testng.SkipException" message="Skipping [rReqTest] because the [rReqRequired] assumption(s) do not hold.">
      <![CDATA[org.testng.SkipException: Skipping [rReqTest] because the [rReqRequired] assumption(s) do not hold.
	at nl.javadude.assumeng.AssumptionListener.beforeInvocation(AssumptionListener.java:43)
	at org.testng.internal.invokers.InvokedMethodListenerInvoker$InvokeBeforeInvocationWithoutContextStrategy.callMethod(InvokedMethodListenerInvoker.java:84)
	at org.testng.internal.invokers.InvokedMethodListenerInvoker.invokeListener(InvokedMethodListenerInvoker.java:62)
	at org.testng.internal.Invoker.runInvokedMethodListeners(Invoker.java:552)
	at org.testng.internal.Invoker.invokeMethod(Invoker.java:617)
	at org.testng.internal.Invoker.invokeTestMethod(Invoker.java:821)
	at org.testng.internal.Invoker.invokeTestMethods(Invoker.java:1131)
	at org.testng.internal.TestMethodWorker.invokeTestMethods(TestMethodWorker.java:124)
	at org.testng.internal.TestMethodWorker.run(TestMethodWorker.java:108)
	at java.util.concurrent.ThreadPoolExecutor.runWorker(ThreadPoolExecutor.java:1149)
	at java.util.concurrent.ThreadPoolExecutor$Worker.run(ThreadPoolExecutor.java:624)
	at java.lang.Thread.run(Thread.java:748)
]]>
    </error>
  </testcase> <!-- rReqTest -->
  <testcase name="brwTDSMethodTest" time="0.493" classname="com.ca.tds.main.TDSFlowTest"/>
  <testcase name="verifyAPI" time="0.016" classname="com.ca.tds.main.TDSFlowTest">
    <error type="org.testng.SkipException" message="Skipping [verifyAPI] because the [verifyApiRequired] assumption(s) do not hold.">
      <![CDATA[org.testng.SkipException: Skipping [verifyAPI] because the [verifyApiRequired] assumption(s) do not hold.
	at nl.javadude.assumeng.AssumptionListener.beforeInvocation(AssumptionListener.java:43)
	at org.testng.internal.invokers.InvokedMethodListenerInvoker$InvokeBeforeInvocationWithoutContextStrategy.callMethod(InvokedMethodListenerInvoker.java:84)
	at org.testng.internal.invokers.InvokedMethodListenerInvoker.invokeListener(InvokedMethodListenerInvoker.java:62)
	at org.testng.internal.Invoker.runInvokedMethodListeners(Invoker.java:552)
	at org.testng.internal.Invoker.invokeMethod(Invoker.java:617)
	at org.testng.internal.Invoker.invokeTestMethod(Invoker.java:821)
	at org.testng.internal.Invoker.invokeTestMethods(Invoker.java:1131)
	at org.testng.internal.TestMethodWorker.invokeTestMethods(TestMethodWorker.java:124)
	at org.testng.internal.TestMethodWorker.run(TestMethodWorker.java:108)
	at java.util.concurrent.ThreadPoolExecutor.runWorker(ThreadPoolExecutor.java:1149)
	at java.util.concurrent.ThreadPoolExecutor$Worker.run(ThreadPoolExecutor.java:624)
	at java.lang.Thread.run(Thread.java:748)
]]>
    </error>
  </testcase> <!-- verifyAPI -->
  <testcase name="rReqTest" time="0.017" classname="com.ca.tds.main.TDSFlowTest">
    <error type="org.testng.SkipException" message="Skipping [rReqTest] because the [rReqRequired] assumption(s) do not hold.">
      <![CDATA[org.testng.SkipException: Skipping [rReqTest] because the [rReqRequired] assumption(s) do not hold.
	at nl.javadude.assumeng.AssumptionListener.beforeInvocation(AssumptionListener.java:43)
	at org.testng.internal.invokers.InvokedMethodListenerInvoker$InvokeBeforeInvocationWithoutContextStrategy.callMethod(InvokedMethodListenerInvoker.java:84)
	at org.testng.internal.invokers.InvokedMethodListenerInvoker.invokeListener(InvokedMethodListenerInvoker.java:62)
	at org.testng.internal.Invoker.runInvokedMethodListeners(Invoker.java:552)
	at org.testng.internal.Invoker.invokeMethod(Invoker.java:617)
	at org.testng.internal.Invoker.invokeTestMethod(Invoker.java:821)
	at org.testng.internal.Invoker.invokeTestMethods(Invoker.java:1131)
	at org.testng.internal.TestMethodWorker.invokeTestMethods(TestMethodWorker.java:124)
	at org.testng.internal.TestMethodWorker.run(TestMethodWorker.java:108)
	at java.util.concurrent.ThreadPoolExecutor.runWorker(ThreadPoolExecutor.java:1149)
	at java.util.concurrent.ThreadPoolExecutor$Worker.run(ThreadPoolExecutor.java:624)
	at java.lang.Thread.run(Thread.java:748)
]]>
    </error>
  </testcase> <!-- rReqTest -->
  <testcase name="verifyAPI" time="0.018" classname="com.ca.tds.main.TDSFlowTest">
    <error type="org.testng.SkipException" message="Skipping [verifyAPI] because the [verifyApiRequired] assumption(s) do not hold.">
      <![CDATA[org.testng.SkipException: Skipping [verifyAPI] because the [verifyApiRequired] assumption(s) do not hold.
	at nl.javadude.assumeng.AssumptionListener.beforeInvocation(AssumptionListener.java:43)
	at org.testng.internal.invokers.InvokedMethodListenerInvoker$InvokeBeforeInvocationWithoutContextStrategy.callMethod(InvokedMethodListenerInvoker.java:84)
	at org.testng.internal.invokers.InvokedMethodListenerInvoker.invokeListener(InvokedMethodListenerInvoker.java:62)
	at org.testng.internal.Invoker.runInvokedMethodListeners(Invoker.java:552)
	at org.testng.internal.Invoker.invokeMethod(Invoker.java:617)
	at org.testng.internal.Invoker.invokeTestMethod(Invoker.java:821)
	at org.testng.internal.Invoker.invokeTestMethods(Invoker.java:1131)
	at org.testng.internal.TestMethodWorker.invokeTestMethods(TestMethodWorker.java:124)
	at org.testng.internal.TestMethodWorker.run(TestMethodWorker.java:108)
	at java.util.concurrent.ThreadPoolExecutor.runWorker(ThreadPoolExecutor.java:1149)
	at java.util.concurrent.ThreadPoolExecutor$Worker.run(ThreadPoolExecutor.java:624)
	at java.lang.Thread.run(Thread.java:748)
]]>
    </error>
  </testcase> <!-- verifyAPI -->
  <testcase name="brwTDSMethodTest" time="0.502" classname="com.ca.tds.main.TDSFlowTest"/>
  <testcase name="rReqTest" time="0.018" classname="com.ca.tds.main.TDSFlowTest">
    <error type="org.testng.SkipException" message="Skipping [rReqTest] because the [rReqRequired] assumption(s) do not hold.">
      <![CDATA[org.testng.SkipException: Skipping [rReqTest] because the [rReqRequired] assumption(s) do not hold.
	at nl.javadude.assumeng.AssumptionListener.beforeInvocation(AssumptionListener.java:43)
	at org.testng.internal.invokers.InvokedMethodListenerInvoker$InvokeBeforeInvocationWithoutContextStrategy.callMethod(InvokedMethodListenerInvoker.java:84)
	at org.testng.internal.invokers.InvokedMethodListenerInvoker.invokeListener(InvokedMethodListenerInvoker.java:62)
	at org.testng.internal.Invoker.runInvokedMethodListeners(Invoker.java:552)
	at org.testng.internal.Invoker.invokeMethod(Invoker.java:617)
	at org.testng.internal.Invoker.invokeTestMethod(Invoker.java:821)
	at org.testng.internal.Invoker.invokeTestMethods(Invoker.java:1131)
	at org.testng.internal.TestMethodWorker.invokeTestMethods(TestMethodWorker.java:124)
	at org.testng.internal.TestMethodWorker.run(TestMethodWorker.java:108)
	at java.util.concurrent.ThreadPoolExecutor.runWorker(ThreadPoolExecutor.java:1149)
	at java.util.concurrent.ThreadPoolExecutor$Worker.run(ThreadPoolExecutor.java:624)
	at java.lang.Thread.run(Thread.java:748)
]]>
    </error>
  </testcase> <!-- rReqTest -->
  <testcase name="brwTDSMethodTest" time="0.500" classname="com.ca.tds.main.TDSFlowTest"/>
  <testcase name="brwPreAreq" time="0.556" classname="com.ca.tds.main.TDSFlowTest">
    <failure type="java.lang.AssertionError" message="ARes response json schema validation failed.&lt;br&gt;expected minLength: 17, actual: 4&lt;br&gt; api response : {&quot;acsTransID&quot;:&quot;6220bcf3-15e8-4d2a-b273-642341339223&quot;,&quot;dsName&quot;:&quot;mastercard&quot;,&quot;eci&quot;:&quot;07&quot;,&quot;callerTxnRefID&quot;:&quot;341b7153-da86-4543-860f-2ba47f0168a5&quot;,&quot;dsReferenceNumber&quot;:&quot;CADS&quot;,&quot;acsReferenceNumber&quot;:&quot;ABCDEF987654321&quot;,&quot;messageType&quot;:&quot;ARes&quot;,&quot;dsTransID&quot;:&quot;9ea062b2-828d-423c-b419-9df46162794e&quot;,&quot;transStatusReason&quot;:&quot;09&quot;,&quot;acsOperatorID&quot;:&quot;ACS_OPERATOR_ID&quot;,&quot;messageVersion&quot;:&quot;2.1.0&quot;,&quot;transStatus&quot;:&quot;R&quot;,&quot;threeDSServerTransID&quot;:&quot;87b87831-cacd-4450-a0be-81e21fc5b379&quot;}">
      <![CDATA[java.lang.AssertionError: ARes response json schema validation failed.<br>expected minLength: 17, actual: 4<br> api response : {"acsTransID":"6220bcf3-15e8-4d2a-b273-642341339223","dsName":"mastercard","eci":"07","callerTxnRefID":"341b7153-da86-4543-860f-2ba47f0168a5","dsReferenceNumber":"CADS","acsReferenceNumber":"ABCDEF987654321","messageType":"ARes","dsTransID":"9ea062b2-828d-423c-b419-9df46162794e","transStatusReason":"09","acsOperatorID":"ACS_OPERATOR_ID","messageVersion":"2.1.0","transStatus":"R","threeDSServerTransID":"87b87831-cacd-4450-a0be-81e21fc5b379"}
	at org.testng.Assert.fail(Assert.java:94)
	at com.ca.tds.main.TDSFlowTest.brwPreAreq(TDSFlowTest.java:176)
	at sun.reflect.GeneratedMethodAccessor36.invoke(Unknown Source)
	at sun.reflect.DelegatingMethodAccessorImpl.invoke(DelegatingMethodAccessorImpl.java:43)
	at java.lang.reflect.Method.invoke(Method.java:498)
	at org.testng.internal.MethodInvocationHelper.invokeMethod(MethodInvocationHelper.java:85)
	at org.testng.internal.Invoker.invokeMethod(Invoker.java:639)
	at org.testng.internal.Invoker.invokeTestMethod(Invoker.java:821)
	at org.testng.internal.Invoker.invokeTestMethods(Invoker.java:1131)
	at org.testng.internal.TestMethodWorker.invokeTestMethods(TestMethodWorker.java:124)
	at org.testng.internal.TestMethodWorker.run(TestMethodWorker.java:108)
	at java.util.concurrent.ThreadPoolExecutor.runWorker(ThreadPoolExecutor.java:1149)
	at java.util.concurrent.ThreadPoolExecutor$Worker.run(ThreadPoolExecutor.java:624)
	at java.lang.Thread.run(Thread.java:748)
]]>
    </failure>
  </testcase> <!-- brwPreAreq -->
  <testcase name="rReqTest" time="0.022" classname="com.ca.tds.main.TDSFlowTest">
    <error type="org.testng.SkipException" message="Skipping [rReqTest] because the [rReqRequired] assumption(s) do not hold.">
      <![CDATA[org.testng.SkipException: Skipping [rReqTest] because the [rReqRequired] assumption(s) do not hold.
	at nl.javadude.assumeng.AssumptionListener.beforeInvocation(AssumptionListener.java:43)
	at org.testng.internal.invokers.InvokedMethodListenerInvoker$InvokeBeforeInvocationWithoutContextStrategy.callMethod(InvokedMethodListenerInvoker.java:84)
	at org.testng.internal.invokers.InvokedMethodListenerInvoker.invokeListener(InvokedMethodListenerInvoker.java:62)
	at org.testng.internal.Invoker.runInvokedMethodListeners(Invoker.java:552)
	at org.testng.internal.Invoker.invokeMethod(Invoker.java:617)
	at org.testng.internal.Invoker.invokeTestMethod(Invoker.java:821)
	at org.testng.internal.Invoker.invokeTestMethods(Invoker.java:1131)
	at org.testng.internal.TestMethodWorker.invokeTestMethods(TestMethodWorker.java:124)
	at org.testng.internal.TestMethodWorker.run(TestMethodWorker.java:108)
	at java.util.concurrent.ThreadPoolExecutor.runWorker(ThreadPoolExecutor.java:1149)
	at java.util.concurrent.ThreadPoolExecutor$Worker.run(ThreadPoolExecutor.java:624)
	at java.lang.Thread.run(Thread.java:748)
]]>
    </error>
  </testcase> <!-- rReqTest -->
  <testcase name="brwTDSMethodTest" time="0.500" classname="com.ca.tds.main.TDSFlowTest"/>
  <testcase name="brwTDSMethodTest" time="0.509" classname="com.ca.tds.main.TDSFlowTest"/>
  <testcase name="brwTDSMethodTest" time="1.171" classname="com.ca.tds.main.TDSFlowTest"/>
  <testcase name="rReqTest" time="0.027" classname="com.ca.tds.main.TDSFlowTest">
    <error type="org.testng.SkipException" message="Skipping [rReqTest] because the [rReqRequired] assumption(s) do not hold.">
      <![CDATA[org.testng.SkipException: Skipping [rReqTest] because the [rReqRequired] assumption(s) do not hold.
	at nl.javadude.assumeng.AssumptionListener.beforeInvocation(AssumptionListener.java:43)
	at org.testng.internal.invokers.InvokedMethodListenerInvoker$InvokeBeforeInvocationWithoutContextStrategy.callMethod(InvokedMethodListenerInvoker.java:84)
	at org.testng.internal.invokers.InvokedMethodListenerInvoker.invokeListener(InvokedMethodListenerInvoker.java:62)
	at org.testng.internal.Invoker.runInvokedMethodListeners(Invoker.java:552)
	at org.testng.internal.Invoker.invokeMethod(Invoker.java:617)
	at org.testng.internal.Invoker.invokeTestMethod(Invoker.java:821)
	at org.testng.internal.Invoker.invokeTestMethods(Invoker.java:1131)
	at org.testng.internal.TestMethodWorker.invokeTestMethods(TestMethodWorker.java:124)
	at org.testng.internal.TestMethodWorker.run(TestMethodWorker.java:108)
	at java.util.concurrent.ThreadPoolExecutor.runWorker(ThreadPoolExecutor.java:1149)
	at java.util.concurrent.ThreadPoolExecutor$Worker.run(ThreadPoolExecutor.java:624)
	at java.lang.Thread.run(Thread.java:748)
]]>
    </error>
  </testcase> <!-- rReqTest -->
  <testcase name="rReqTest" time="0.019" classname="com.ca.tds.main.TDSFlowTest">
    <error type="org.testng.SkipException" message="Skipping [rReqTest] because the [rReqRequired] assumption(s) do not hold.">
      <![CDATA[org.testng.SkipException: Skipping [rReqTest] because the [rReqRequired] assumption(s) do not hold.
	at nl.javadude.assumeng.AssumptionListener.beforeInvocation(AssumptionListener.java:43)
	at org.testng.internal.invokers.InvokedMethodListenerInvoker$InvokeBeforeInvocationWithoutContextStrategy.callMethod(InvokedMethodListenerInvoker.java:84)
	at org.testng.internal.invokers.InvokedMethodListenerInvoker.invokeListener(InvokedMethodListenerInvoker.java:62)
	at org.testng.internal.Invoker.runInvokedMethodListeners(Invoker.java:552)
	at org.testng.internal.Invoker.invokeMethod(Invoker.java:617)
	at org.testng.internal.Invoker.invokeTestMethod(Invoker.java:821)
	at org.testng.internal.Invoker.invokeTestMethods(Invoker.java:1131)
	at org.testng.internal.TestMethodWorker.invokeTestMethods(TestMethodWorker.java:124)
	at org.testng.internal.TestMethodWorker.run(TestMethodWorker.java:108)
	at java.util.concurrent.ThreadPoolExecutor.runWorker(ThreadPoolExecutor.java:1149)
	at java.util.concurrent.ThreadPoolExecutor$Worker.run(ThreadPoolExecutor.java:624)
	at java.lang.Thread.run(Thread.java:748)
]]>
    </error>
  </testcase> <!-- rReqTest -->
  <testcase name="brwPreAreq" time="0.544" classname="com.ca.tds.main.TDSFlowTest">
    <failure type="java.lang.AssertionError" message="ARes response json schema validation failed.&lt;br&gt;expected minLength: 17, actual: 4&lt;br&gt; api response : {&quot;acsTransID&quot;:&quot;255279d3-89ce-433c-9eec-6aeb28d2355d&quot;,&quot;dsName&quot;:&quot;mastercard&quot;,&quot;eci&quot;:&quot;07&quot;,&quot;callerTxnRefID&quot;:&quot;341b7153-da86-4543-860f-2ba47f0168a5&quot;,&quot;dsReferenceNumber&quot;:&quot;CADS&quot;,&quot;acsReferenceNumber&quot;:&quot;ABCDEF987654321&quot;,&quot;messageType&quot;:&quot;ARes&quot;,&quot;dsTransID&quot;:&quot;1cedb764-cbfe-411a-adc6-1d048d706a04&quot;,&quot;transStatusReason&quot;:&quot;09&quot;,&quot;acsOperatorID&quot;:&quot;ACS_OPERATOR_ID&quot;,&quot;messageVersion&quot;:&quot;2.1.0&quot;,&quot;transStatus&quot;:&quot;R&quot;,&quot;threeDSServerTransID&quot;:&quot;979a3a26-754f-4805-82c5-1aa2cf2cc3c9&quot;}">
      <![CDATA[java.lang.AssertionError: ARes response json schema validation failed.<br>expected minLength: 17, actual: 4<br> api response : {"acsTransID":"255279d3-89ce-433c-9eec-6aeb28d2355d","dsName":"mastercard","eci":"07","callerTxnRefID":"341b7153-da86-4543-860f-2ba47f0168a5","dsReferenceNumber":"CADS","acsReferenceNumber":"ABCDEF987654321","messageType":"ARes","dsTransID":"1cedb764-cbfe-411a-adc6-1d048d706a04","transStatusReason":"09","acsOperatorID":"ACS_OPERATOR_ID","messageVersion":"2.1.0","transStatus":"R","threeDSServerTransID":"979a3a26-754f-4805-82c5-1aa2cf2cc3c9"}
	at org.testng.Assert.fail(Assert.java:94)
	at com.ca.tds.main.TDSFlowTest.brwPreAreq(TDSFlowTest.java:176)
	at sun.reflect.GeneratedMethodAccessor36.invoke(Unknown Source)
	at sun.reflect.DelegatingMethodAccessorImpl.invoke(DelegatingMethodAccessorImpl.java:43)
	at java.lang.reflect.Method.invoke(Method.java:498)
	at org.testng.internal.MethodInvocationHelper.invokeMethod(MethodInvocationHelper.java:85)
	at org.testng.internal.Invoker.invokeMethod(Invoker.java:639)
	at org.testng.internal.Invoker.invokeTestMethod(Invoker.java:821)
	at org.testng.internal.Invoker.invokeTestMethods(Invoker.java:1131)
	at org.testng.internal.TestMethodWorker.invokeTestMethods(TestMethodWorker.java:124)
	at org.testng.internal.TestMethodWorker.run(TestMethodWorker.java:108)
	at java.util.concurrent.ThreadPoolExecutor.runWorker(ThreadPoolExecutor.java:1149)
	at java.util.concurrent.ThreadPoolExecutor$Worker.run(ThreadPoolExecutor.java:624)
	at java.lang.Thread.run(Thread.java:748)
]]>
    </failure>
  </testcase> <!-- brwPreAreq -->
  <testcase name="brwPreAreq" time="1.213" classname="com.ca.tds.main.TDSFlowTest">
    <failure type="java.lang.AssertionError" message="ARes response json schema validation failed.&lt;br&gt;expected minLength: 17, actual: 4&lt;br&gt; api response : {&quot;acsTransID&quot;:&quot;09bac216-b394-4e24-862a-eeb67dca2814&quot;,&quot;dsName&quot;:&quot;visa&quot;,&quot;eci&quot;:&quot;07&quot;,&quot;callerTxnRefID&quot;:&quot;341b7153-da86-4543-860f-2ba47f0168a5&quot;,&quot;dsReferenceNumber&quot;:&quot;CADS&quot;,&quot;acsReferenceNumber&quot;:&quot;ABCDEF987654321&quot;,&quot;messageType&quot;:&quot;ARes&quot;,&quot;dsTransID&quot;:&quot;6f54aff1-4a88-4c56-b35b-2c0c1ebf0c7e&quot;,&quot;transStatusReason&quot;:&quot;09&quot;,&quot;acsOperatorID&quot;:&quot;ACS_OPERATOR_ID&quot;,&quot;messageVersion&quot;:&quot;2.1.0&quot;,&quot;transStatus&quot;:&quot;R&quot;,&quot;threeDSServerTransID&quot;:&quot;864dc54f-b5d4-4c41-ad64-ce0e0ceb8245&quot;}">
      <![CDATA[java.lang.AssertionError: ARes response json schema validation failed.<br>expected minLength: 17, actual: 4<br> api response : {"acsTransID":"09bac216-b394-4e24-862a-eeb67dca2814","dsName":"visa","eci":"07","callerTxnRefID":"341b7153-da86-4543-860f-2ba47f0168a5","dsReferenceNumber":"CADS","acsReferenceNumber":"ABCDEF987654321","messageType":"ARes","dsTransID":"6f54aff1-4a88-4c56-b35b-2c0c1ebf0c7e","transStatusReason":"09","acsOperatorID":"ACS_OPERATOR_ID","messageVersion":"2.1.0","transStatus":"R","threeDSServerTransID":"864dc54f-b5d4-4c41-ad64-ce0e0ceb8245"}
	at org.testng.Assert.fail(Assert.java:94)
	at com.ca.tds.main.TDSFlowTest.brwPreAreq(TDSFlowTest.java:176)
	at sun.reflect.GeneratedMethodAccessor36.invoke(Unknown Source)
	at sun.reflect.DelegatingMethodAccessorImpl.invoke(DelegatingMethodAccessorImpl.java:43)
	at java.lang.reflect.Method.invoke(Method.java:498)
	at org.testng.internal.MethodInvocationHelper.invokeMethod(MethodInvocationHelper.java:85)
	at org.testng.internal.Invoker.invokeMethod(Invoker.java:639)
	at org.testng.internal.Invoker.invokeTestMethod(Invoker.java:821)
	at org.testng.internal.Invoker.invokeTestMethods(Invoker.java:1131)
	at org.testng.internal.TestMethodWorker.invokeTestMethods(TestMethodWorker.java:124)
	at org.testng.internal.TestMethodWorker.run(TestMethodWorker.java:108)
	at java.util.concurrent.ThreadPoolExecutor.runWorker(ThreadPoolExecutor.java:1149)
	at java.util.concurrent.ThreadPoolExecutor$Worker.run(ThreadPoolExecutor.java:624)
	at java.lang.Thread.run(Thread.java:748)
]]>
    </failure>
  </testcase> <!-- brwPreAreq -->
  <testcase name="brwTDSMethodTest" time="0.491" classname="com.ca.tds.main.TDSFlowTest"/>
  <testcase name="brwTDSMethodTest" time="0.499" classname="com.ca.tds.main.TDSFlowTest"/>
  <testcase name="verifyAPI" time="0.026" classname="com.ca.tds.main.TDSFlowTest">
    <error type="org.testng.SkipException" message="Skipping [verifyAPI] because the [verifyApiRequired] assumption(s) do not hold.">
      <![CDATA[org.testng.SkipException: Skipping [verifyAPI] because the [verifyApiRequired] assumption(s) do not hold.
	at nl.javadude.assumeng.AssumptionListener.beforeInvocation(AssumptionListener.java:43)
	at org.testng.internal.invokers.InvokedMethodListenerInvoker$InvokeBeforeInvocationWithoutContextStrategy.callMethod(InvokedMethodListenerInvoker.java:84)
	at org.testng.internal.invokers.InvokedMethodListenerInvoker.invokeListener(InvokedMethodListenerInvoker.java:62)
	at org.testng.internal.Invoker.runInvokedMethodListeners(Invoker.java:552)
	at org.testng.internal.Invoker.invokeMethod(Invoker.java:617)
	at org.testng.internal.Invoker.invokeTestMethod(Invoker.java:821)
	at org.testng.internal.Invoker.invokeTestMethods(Invoker.java:1131)
	at org.testng.internal.TestMethodWorker.invokeTestMethods(TestMethodWorker.java:124)
	at org.testng.internal.TestMethodWorker.run(TestMethodWorker.java:108)
	at java.util.concurrent.ThreadPoolExecutor.runWorker(ThreadPoolExecutor.java:1149)
	at java.util.concurrent.ThreadPoolExecutor$Worker.run(ThreadPoolExecutor.java:624)
	at java.lang.Thread.run(Thread.java:748)
]]>
    </error>
  </testcase> <!-- verifyAPI -->
  <testcase name="rReqTest" time="0.020" classname="com.ca.tds.main.TDSFlowTest">
    <error type="org.testng.SkipException" message="Skipping [rReqTest] because the [rReqRequired] assumption(s) do not hold.">
      <![CDATA[org.testng.SkipException: Skipping [rReqTest] because the [rReqRequired] assumption(s) do not hold.
	at nl.javadude.assumeng.AssumptionListener.beforeInvocation(AssumptionListener.java:43)
	at org.testng.internal.invokers.InvokedMethodListenerInvoker$InvokeBeforeInvocationWithoutContextStrategy.callMethod(InvokedMethodListenerInvoker.java:84)
	at org.testng.internal.invokers.InvokedMethodListenerInvoker.invokeListener(InvokedMethodListenerInvoker.java:62)
	at org.testng.internal.Invoker.runInvokedMethodListeners(Invoker.java:552)
	at org.testng.internal.Invoker.invokeMethod(Invoker.java:617)
	at org.testng.internal.Invoker.invokeTestMethod(Invoker.java:821)
	at org.testng.internal.Invoker.invokeTestMethods(Invoker.java:1131)
	at org.testng.internal.TestMethodWorker.invokeTestMethods(TestMethodWorker.java:124)
	at org.testng.internal.TestMethodWorker.run(TestMethodWorker.java:108)
	at java.util.concurrent.ThreadPoolExecutor.runWorker(ThreadPoolExecutor.java:1149)
	at java.util.concurrent.ThreadPoolExecutor$Worker.run(ThreadPoolExecutor.java:624)
	at java.lang.Thread.run(Thread.java:748)
]]>
    </error>
  </testcase> <!-- rReqTest -->
  <testcase name="rReqTest" time="0.018" classname="com.ca.tds.main.TDSFlowTest">
    <error type="org.testng.SkipException" message="Skipping [rReqTest] because the [rReqRequired] assumption(s) do not hold.">
      <![CDATA[org.testng.SkipException: Skipping [rReqTest] because the [rReqRequired] assumption(s) do not hold.
	at nl.javadude.assumeng.AssumptionListener.beforeInvocation(AssumptionListener.java:43)
	at org.testng.internal.invokers.InvokedMethodListenerInvoker$InvokeBeforeInvocationWithoutContextStrategy.callMethod(InvokedMethodListenerInvoker.java:84)
	at org.testng.internal.invokers.InvokedMethodListenerInvoker.invokeListener(InvokedMethodListenerInvoker.java:62)
	at org.testng.internal.Invoker.runInvokedMethodListeners(Invoker.java:552)
	at org.testng.internal.Invoker.invokeMethod(Invoker.java:617)
	at org.testng.internal.Invoker.invokeTestMethod(Invoker.java:821)
	at org.testng.internal.Invoker.invokeTestMethods(Invoker.java:1131)
	at org.testng.internal.TestMethodWorker.invokeTestMethods(TestMethodWorker.java:124)
	at org.testng.internal.TestMethodWorker.run(TestMethodWorker.java:108)
	at java.util.concurrent.ThreadPoolExecutor.runWorker(ThreadPoolExecutor.java:1149)
	at java.util.concurrent.ThreadPoolExecutor$Worker.run(ThreadPoolExecutor.java:624)
	at java.lang.Thread.run(Thread.java:748)
]]>
    </error>
  </testcase> <!-- rReqTest -->
  <testcase name="brwTDSMethodTest" time="0.493" classname="com.ca.tds.main.TDSFlowTest"/>
  <testcase name="verifyAPI" time="0.028" classname="com.ca.tds.main.TDSFlowTest">
    <error type="org.testng.SkipException" message="Skipping [verifyAPI] because the [verifyApiRequired] assumption(s) do not hold.">
      <![CDATA[org.testng.SkipException: Skipping [verifyAPI] because the [verifyApiRequired] assumption(s) do not hold.
	at nl.javadude.assumeng.AssumptionListener.beforeInvocation(AssumptionListener.java:43)
	at org.testng.internal.invokers.InvokedMethodListenerInvoker$InvokeBeforeInvocationWithoutContextStrategy.callMethod(InvokedMethodListenerInvoker.java:84)
	at org.testng.internal.invokers.InvokedMethodListenerInvoker.invokeListener(InvokedMethodListenerInvoker.java:62)
	at org.testng.internal.Invoker.runInvokedMethodListeners(Invoker.java:552)
	at org.testng.internal.Invoker.invokeMethod(Invoker.java:617)
	at org.testng.internal.Invoker.invokeTestMethod(Invoker.java:821)
	at org.testng.internal.Invoker.invokeTestMethods(Invoker.java:1131)
	at org.testng.internal.TestMethodWorker.invokeTestMethods(TestMethodWorker.java:124)
	at org.testng.internal.TestMethodWorker.run(TestMethodWorker.java:108)
	at java.util.concurrent.ThreadPoolExecutor.runWorker(ThreadPoolExecutor.java:1149)
	at java.util.concurrent.ThreadPoolExecutor$Worker.run(ThreadPoolExecutor.java:624)
	at java.lang.Thread.run(Thread.java:748)
]]>
    </error>
  </testcase> <!-- verifyAPI -->
  <testcase name="brwPreAreq" time="0.533" classname="com.ca.tds.main.TDSFlowTest">
    <failure type="java.lang.AssertionError" message="ARes response json schema validation failed.&lt;br&gt;expected minLength: 17, actual: 4&lt;br&gt; api response : {&quot;acsTransID&quot;:&quot;5ae52318-0258-4f40-b57a-2a4364b3f4b1&quot;,&quot;dsName&quot;:&quot;mastercard&quot;,&quot;eci&quot;:&quot;07&quot;,&quot;callerTxnRefID&quot;:&quot;341b7153-da86-4543-860f-2ba47f0168a5&quot;,&quot;dsReferenceNumber&quot;:&quot;CADS&quot;,&quot;acsReferenceNumber&quot;:&quot;ABCDEF987654321&quot;,&quot;messageType&quot;:&quot;ARes&quot;,&quot;dsTransID&quot;:&quot;a5077a27-8b41-4500-ac55-eec67ab36644&quot;,&quot;transStatusReason&quot;:&quot;09&quot;,&quot;acsOperatorID&quot;:&quot;ACS_OPERATOR_ID&quot;,&quot;messageVersion&quot;:&quot;2.1.0&quot;,&quot;transStatus&quot;:&quot;R&quot;,&quot;threeDSServerTransID&quot;:&quot;c2575d58-b462-4d2f-adac-a87c2642ba15&quot;}">
      <![CDATA[java.lang.AssertionError: ARes response json schema validation failed.<br>expected minLength: 17, actual: 4<br> api response : {"acsTransID":"5ae52318-0258-4f40-b57a-2a4364b3f4b1","dsName":"mastercard","eci":"07","callerTxnRefID":"341b7153-da86-4543-860f-2ba47f0168a5","dsReferenceNumber":"CADS","acsReferenceNumber":"ABCDEF987654321","messageType":"ARes","dsTransID":"a5077a27-8b41-4500-ac55-eec67ab36644","transStatusReason":"09","acsOperatorID":"ACS_OPERATOR_ID","messageVersion":"2.1.0","transStatus":"R","threeDSServerTransID":"c2575d58-b462-4d2f-adac-a87c2642ba15"}
	at org.testng.Assert.fail(Assert.java:94)
	at com.ca.tds.main.TDSFlowTest.brwPreAreq(TDSFlowTest.java:176)
	at sun.reflect.GeneratedMethodAccessor36.invoke(Unknown Source)
	at sun.reflect.DelegatingMethodAccessorImpl.invoke(DelegatingMethodAccessorImpl.java:43)
	at java.lang.reflect.Method.invoke(Method.java:498)
	at org.testng.internal.MethodInvocationHelper.invokeMethod(MethodInvocationHelper.java:85)
	at org.testng.internal.Invoker.invokeMethod(Invoker.java:639)
	at org.testng.internal.Invoker.invokeTestMethod(Invoker.java:821)
	at org.testng.internal.Invoker.invokeTestMethods(Invoker.java:1131)
	at org.testng.internal.TestMethodWorker.invokeTestMethods(TestMethodWorker.java:124)
	at org.testng.internal.TestMethodWorker.run(TestMethodWorker.java:108)
	at java.util.concurrent.ThreadPoolExecutor.runWorker(ThreadPoolExecutor.java:1149)
	at java.util.concurrent.ThreadPoolExecutor$Worker.run(ThreadPoolExecutor.java:624)
	at java.lang.Thread.run(Thread.java:748)
]]>
    </failure>
  </testcase> <!-- brwPreAreq -->
  <testcase name="brwTDSMethodTest" time="0.505" classname="com.ca.tds.main.TDSFlowTest"/>
  <testcase name="rReqTest" time="0.022" classname="com.ca.tds.main.TDSFlowTest">
    <error type="org.testng.SkipException" message="Skipping [rReqTest] because the [rReqRequired] assumption(s) do not hold.">
      <![CDATA[org.testng.SkipException: Skipping [rReqTest] because the [rReqRequired] assumption(s) do not hold.
	at nl.javadude.assumeng.AssumptionListener.beforeInvocation(AssumptionListener.java:43)
	at org.testng.internal.invokers.InvokedMethodListenerInvoker$InvokeBeforeInvocationWithoutContextStrategy.callMethod(InvokedMethodListenerInvoker.java:84)
	at org.testng.internal.invokers.InvokedMethodListenerInvoker.invokeListener(InvokedMethodListenerInvoker.java:62)
	at org.testng.internal.Invoker.runInvokedMethodListeners(Invoker.java:552)
	at org.testng.internal.Invoker.invokeMethod(Invoker.java:617)
	at org.testng.internal.Invoker.invokeTestMethod(Invoker.java:821)
	at org.testng.internal.Invoker.invokeTestMethods(Invoker.java:1131)
	at org.testng.internal.TestMethodWorker.invokeTestMethods(TestMethodWorker.java:124)
	at org.testng.internal.TestMethodWorker.run(TestMethodWorker.java:108)
	at java.util.concurrent.ThreadPoolExecutor.runWorker(ThreadPoolExecutor.java:1149)
	at java.util.concurrent.ThreadPoolExecutor$Worker.run(ThreadPoolExecutor.java:624)
	at java.lang.Thread.run(Thread.java:748)
]]>
    </error>
  </testcase> <!-- rReqTest -->
  <testcase name="brwTDSMethodTest" time="0.499" classname="com.ca.tds.main.TDSFlowTest"/>
  <testcase name="rReqTest" time="0.018" classname="com.ca.tds.main.TDSFlowTest">
    <error type="org.testng.SkipException" message="Skipping [rReqTest] because the [rReqRequired] assumption(s) do not hold.">
      <![CDATA[org.testng.SkipException: Skipping [rReqTest] because the [rReqRequired] assumption(s) do not hold.
	at nl.javadude.assumeng.AssumptionListener.beforeInvocation(AssumptionListener.java:43)
	at org.testng.internal.invokers.InvokedMethodListenerInvoker$InvokeBeforeInvocationWithoutContextStrategy.callMethod(InvokedMethodListenerInvoker.java:84)
	at org.testng.internal.invokers.InvokedMethodListenerInvoker.invokeListener(InvokedMethodListenerInvoker.java:62)
	at org.testng.internal.Invoker.runInvokedMethodListeners(Invoker.java:552)
	at org.testng.internal.Invoker.invokeMethod(Invoker.java:617)
	at org.testng.internal.Invoker.invokeTestMethod(Invoker.java:821)
	at org.testng.internal.Invoker.invokeTestMethods(Invoker.java:1131)
	at org.testng.internal.TestMethodWorker.invokeTestMethods(TestMethodWorker.java:124)
	at org.testng.internal.TestMethodWorker.run(TestMethodWorker.java:108)
	at java.util.concurrent.ThreadPoolExecutor.runWorker(ThreadPoolExecutor.java:1149)
	at java.util.concurrent.ThreadPoolExecutor$Worker.run(ThreadPoolExecutor.java:624)
	at java.lang.Thread.run(Thread.java:748)
]]>
    </error>
  </testcase> <!-- rReqTest -->
  <testcase name="brwTDSMethodTest" time="0.503" classname="com.ca.tds.main.TDSFlowTest"/>
  <testcase name="brwPreAreq" time="0.551" classname="com.ca.tds.main.TDSFlowTest">
    <failure type="java.lang.AssertionError" message="ARes response json schema validation failed.&lt;br&gt;expected minLength: 17, actual: 4&lt;br&gt; api response : {&quot;acsTransID&quot;:&quot;fff67a27-0996-4580-bb77-5d12ef468522&quot;,&quot;dsName&quot;:&quot;mastercard&quot;,&quot;eci&quot;:&quot;07&quot;,&quot;callerTxnRefID&quot;:&quot;341b7153-da86-4543-860f-2ba47f0168a5&quot;,&quot;dsReferenceNumber&quot;:&quot;CADS&quot;,&quot;acsReferenceNumber&quot;:&quot;ABCDEF987654321&quot;,&quot;messageType&quot;:&quot;ARes&quot;,&quot;dsTransID&quot;:&quot;c2f74d88-b8be-41bf-b05e-2b4f713233bc&quot;,&quot;transStatusReason&quot;:&quot;09&quot;,&quot;acsOperatorID&quot;:&quot;ACS_OPERATOR_ID&quot;,&quot;messageVersion&quot;:&quot;2.1.0&quot;,&quot;transStatus&quot;:&quot;R&quot;,&quot;threeDSServerTransID&quot;:&quot;c28f19cd-d831-4a98-accb-43cbe47580eb&quot;}">
      <![CDATA[java.lang.AssertionError: ARes response json schema validation failed.<br>expected minLength: 17, actual: 4<br> api response : {"acsTransID":"fff67a27-0996-4580-bb77-5d12ef468522","dsName":"mastercard","eci":"07","callerTxnRefID":"341b7153-da86-4543-860f-2ba47f0168a5","dsReferenceNumber":"CADS","acsReferenceNumber":"ABCDEF987654321","messageType":"ARes","dsTransID":"c2f74d88-b8be-41bf-b05e-2b4f713233bc","transStatusReason":"09","acsOperatorID":"ACS_OPERATOR_ID","messageVersion":"2.1.0","transStatus":"R","threeDSServerTransID":"c28f19cd-d831-4a98-accb-43cbe47580eb"}
	at org.testng.Assert.fail(Assert.java:94)
	at com.ca.tds.main.TDSFlowTest.brwPreAreq(TDSFlowTest.java:176)
	at sun.reflect.GeneratedMethodAccessor36.invoke(Unknown Source)
	at sun.reflect.DelegatingMethodAccessorImpl.invoke(DelegatingMethodAccessorImpl.java:43)
	at java.lang.reflect.Method.invoke(Method.java:498)
	at org.testng.internal.MethodInvocationHelper.invokeMethod(MethodInvocationHelper.java:85)
	at org.testng.internal.Invoker.invokeMethod(Invoker.java:639)
	at org.testng.internal.Invoker.invokeTestMethod(Invoker.java:821)
	at org.testng.internal.Invoker.invokeTestMethods(Invoker.java:1131)
	at org.testng.internal.TestMethodWorker.invokeTestMethods(TestMethodWorker.java:124)
	at org.testng.internal.TestMethodWorker.run(TestMethodWorker.java:108)
	at java.util.concurrent.ThreadPoolExecutor.runWorker(ThreadPoolExecutor.java:1149)
	at java.util.concurrent.ThreadPoolExecutor$Worker.run(ThreadPoolExecutor.java:624)
	at java.lang.Thread.run(Thread.java:748)
]]>
    </failure>
  </testcase> <!-- brwPreAreq -->
  <testcase name="verifyAPI" time="0.019" classname="com.ca.tds.main.TDSFlowTest">
    <error type="org.testng.SkipException" message="Skipping [verifyAPI] because the [verifyApiRequired] assumption(s) do not hold.">
      <![CDATA[org.testng.SkipException: Skipping [verifyAPI] because the [verifyApiRequired] assumption(s) do not hold.
	at nl.javadude.assumeng.AssumptionListener.beforeInvocation(AssumptionListener.java:43)
	at org.testng.internal.invokers.InvokedMethodListenerInvoker$InvokeBeforeInvocationWithoutContextStrategy.callMethod(InvokedMethodListenerInvoker.java:84)
	at org.testng.internal.invokers.InvokedMethodListenerInvoker.invokeListener(InvokedMethodListenerInvoker.java:62)
	at org.testng.internal.Invoker.runInvokedMethodListeners(Invoker.java:552)
	at org.testng.internal.Invoker.invokeMethod(Invoker.java:617)
	at org.testng.internal.Invoker.invokeTestMethod(Invoker.java:821)
	at org.testng.internal.Invoker.invokeTestMethods(Invoker.java:1131)
	at org.testng.internal.TestMethodWorker.invokeTestMethods(TestMethodWorker.java:124)
	at org.testng.internal.TestMethodWorker.run(TestMethodWorker.java:108)
	at java.util.concurrent.ThreadPoolExecutor.runWorker(ThreadPoolExecutor.java:1149)
	at java.util.concurrent.ThreadPoolExecutor$Worker.run(ThreadPoolExecutor.java:624)
	at java.lang.Thread.run(Thread.java:748)
]]>
    </error>
  </testcase> <!-- verifyAPI -->
  <testcase name="brwTDSMethodTest" time="0.495" classname="com.ca.tds.main.TDSFlowTest"/>
  <testcase name="brwPreAreq" time="1.754" classname="com.ca.tds.main.TDSFlowTest">
    <failure type="java.lang.AssertionError" message="ARes response json schema validation failed.&lt;br&gt;expected minLength: 17, actual: 4&lt;br&gt; api response : {&quot;acsTransID&quot;:&quot;44886d33-2fce-4912-857e-2f8dd91bedde&quot;,&quot;dsName&quot;:&quot;amex&quot;,&quot;eci&quot;:&quot;07&quot;,&quot;callerTxnRefID&quot;:&quot;341b7153-da86-4543-860f-2ba47f0168a5&quot;,&quot;dsReferenceNumber&quot;:&quot;CADS&quot;,&quot;acsReferenceNumber&quot;:&quot;ABCDEF987654321&quot;,&quot;XID&quot;:&quot;020100004ea39a6a6b0a4817a0393a0583f86fcb&quot;,&quot;messageType&quot;:&quot;ARes&quot;,&quot;dsTransID&quot;:&quot;4ea39a6a-6b0a-4817-a039-3a0583f86fcb&quot;,&quot;transStatusReason&quot;:&quot;09&quot;,&quot;acsOperatorID&quot;:&quot;ACS_OPERATOR_ID&quot;,&quot;messageVersion&quot;:&quot;2.1.0&quot;,&quot;transStatus&quot;:&quot;R&quot;,&quot;threeDSServerTransID&quot;:&quot;7f91c11f-03d8-44cc-8adb-9545d1f802bf&quot;}">
      <![CDATA[java.lang.AssertionError: ARes response json schema validation failed.<br>expected minLength: 17, actual: 4<br> api response : {"acsTransID":"44886d33-2fce-4912-857e-2f8dd91bedde","dsName":"amex","eci":"07","callerTxnRefID":"341b7153-da86-4543-860f-2ba47f0168a5","dsReferenceNumber":"CADS","acsReferenceNumber":"ABCDEF987654321","XID":"020100004ea39a6a6b0a4817a0393a0583f86fcb","messageType":"ARes","dsTransID":"4ea39a6a-6b0a-4817-a039-3a0583f86fcb","transStatusReason":"09","acsOperatorID":"ACS_OPERATOR_ID","messageVersion":"2.1.0","transStatus":"R","threeDSServerTransID":"7f91c11f-03d8-44cc-8adb-9545d1f802bf"}
	at org.testng.Assert.fail(Assert.java:94)
	at com.ca.tds.main.TDSFlowTest.brwPreAreq(TDSFlowTest.java:176)
	at sun.reflect.GeneratedMethodAccessor36.invoke(Unknown Source)
	at sun.reflect.DelegatingMethodAccessorImpl.invoke(DelegatingMethodAccessorImpl.java:43)
	at java.lang.reflect.Method.invoke(Method.java:498)
	at org.testng.internal.MethodInvocationHelper.invokeMethod(MethodInvocationHelper.java:85)
	at org.testng.internal.Invoker.invokeMethod(Invoker.java:639)
	at org.testng.internal.Invoker.invokeTestMethod(Invoker.java:821)
	at org.testng.internal.Invoker.invokeTestMethods(Invoker.java:1131)
	at org.testng.internal.TestMethodWorker.invokeTestMethods(TestMethodWorker.java:124)
	at org.testng.internal.TestMethodWorker.run(TestMethodWorker.java:108)
	at java.util.concurrent.ThreadPoolExecutor.runWorker(ThreadPoolExecutor.java:1149)
	at java.util.concurrent.ThreadPoolExecutor$Worker.run(ThreadPoolExecutor.java:624)
	at java.lang.Thread.run(Thread.java:748)
]]>
    </failure>
  </testcase> <!-- brwPreAreq -->
  <testcase name="verifyAPI" time="0.019" classname="com.ca.tds.main.TDSFlowTest">
    <error type="org.testng.SkipException" message="Skipping [verifyAPI] because the [verifyApiRequired] assumption(s) do not hold.">
      <![CDATA[org.testng.SkipException: Skipping [verifyAPI] because the [verifyApiRequired] assumption(s) do not hold.
	at nl.javadude.assumeng.AssumptionListener.beforeInvocation(AssumptionListener.java:43)
	at org.testng.internal.invokers.InvokedMethodListenerInvoker$InvokeBeforeInvocationWithoutContextStrategy.callMethod(InvokedMethodListenerInvoker.java:84)
	at org.testng.internal.invokers.InvokedMethodListenerInvoker.invokeListener(InvokedMethodListenerInvoker.java:62)
	at org.testng.internal.Invoker.runInvokedMethodListeners(Invoker.java:552)
	at org.testng.internal.Invoker.invokeMethod(Invoker.java:617)
	at org.testng.internal.Invoker.invokeTestMethod(Invoker.java:821)
	at org.testng.internal.Invoker.invokeTestMethods(Invoker.java:1131)
	at org.testng.internal.TestMethodWorker.invokeTestMethods(TestMethodWorker.java:124)
	at org.testng.internal.TestMethodWorker.run(TestMethodWorker.java:108)
	at java.util.concurrent.ThreadPoolExecutor.runWorker(ThreadPoolExecutor.java:1149)
	at java.util.concurrent.ThreadPoolExecutor$Worker.run(ThreadPoolExecutor.java:624)
	at java.lang.Thread.run(Thread.java:748)
]]>
    </error>
  </testcase> <!-- verifyAPI -->
  <testcase name="rReqTest" time="0.026" classname="com.ca.tds.main.TDSFlowTest">
    <error type="org.testng.SkipException" message="Skipping [rReqTest] because the [rReqRequired] assumption(s) do not hold.">
      <![CDATA[org.testng.SkipException: Skipping [rReqTest] because the [rReqRequired] assumption(s) do not hold.
	at nl.javadude.assumeng.AssumptionListener.beforeInvocation(AssumptionListener.java:43)
	at org.testng.internal.invokers.InvokedMethodListenerInvoker$InvokeBeforeInvocationWithoutContextStrategy.callMethod(InvokedMethodListenerInvoker.java:84)
	at org.testng.internal.invokers.InvokedMethodListenerInvoker.invokeListener(InvokedMethodListenerInvoker.java:62)
	at org.testng.internal.Invoker.runInvokedMethodListeners(Invoker.java:552)
	at org.testng.internal.Invoker.invokeMethod(Invoker.java:617)
	at org.testng.internal.Invoker.invokeTestMethod(Invoker.java:821)
	at org.testng.internal.Invoker.invokeTestMethods(Invoker.java:1131)
	at org.testng.internal.TestMethodWorker.invokeTestMethods(TestMethodWorker.java:124)
	at org.testng.internal.TestMethodWorker.run(TestMethodWorker.java:108)
	at java.util.concurrent.ThreadPoolExecutor.runWorker(ThreadPoolExecutor.java:1149)
	at java.util.concurrent.ThreadPoolExecutor$Worker.run(ThreadPoolExecutor.java:624)
	at java.lang.Thread.run(Thread.java:748)
]]>
    </error>
  </testcase> <!-- rReqTest -->
  <testcase name="brwTDSMethodTest" time="0.494" classname="com.ca.tds.main.TDSFlowTest"/>
  <testcase name="verifyAPI" time="0.019" classname="com.ca.tds.main.TDSFlowTest">
    <error type="org.testng.SkipException" message="Skipping [verifyAPI] because the [verifyApiRequired] assumption(s) do not hold.">
      <![CDATA[org.testng.SkipException: Skipping [verifyAPI] because the [verifyApiRequired] assumption(s) do not hold.
	at nl.javadude.assumeng.AssumptionListener.beforeInvocation(AssumptionListener.java:43)
	at org.testng.internal.invokers.InvokedMethodListenerInvoker$InvokeBeforeInvocationWithoutContextStrategy.callMethod(InvokedMethodListenerInvoker.java:84)
	at org.testng.internal.invokers.InvokedMethodListenerInvoker.invokeListener(InvokedMethodListenerInvoker.java:62)
	at org.testng.internal.Invoker.runInvokedMethodListeners(Invoker.java:552)
	at org.testng.internal.Invoker.invokeMethod(Invoker.java:617)
	at org.testng.internal.Invoker.invokeTestMethod(Invoker.java:821)
	at org.testng.internal.Invoker.invokeTestMethods(Invoker.java:1131)
	at org.testng.internal.TestMethodWorker.invokeTestMethods(TestMethodWorker.java:124)
	at org.testng.internal.TestMethodWorker.run(TestMethodWorker.java:108)
	at java.util.concurrent.ThreadPoolExecutor.runWorker(ThreadPoolExecutor.java:1149)
	at java.util.concurrent.ThreadPoolExecutor$Worker.run(ThreadPoolExecutor.java:624)
	at java.lang.Thread.run(Thread.java:748)
]]>
    </error>
  </testcase> <!-- verifyAPI -->
  <testcase name="brwTDSMethodTest" time="0.505" classname="com.ca.tds.main.TDSFlowTest"/>
  <testcase name="brwPreAreq" time="0.548" classname="com.ca.tds.main.TDSFlowTest">
    <failure type="java.lang.AssertionError" message="ARes response json schema validation failed.&lt;br&gt;expected minLength: 17, actual: 4&lt;br&gt; api response : {&quot;acsTransID&quot;:&quot;d47cf9a8-03e6-4f92-8da5-005cf2dbd548&quot;,&quot;dsName&quot;:&quot;amex&quot;,&quot;eci&quot;:&quot;07&quot;,&quot;callerTxnRefID&quot;:&quot;341b7153-da86-4543-860f-2ba47f0168a5&quot;,&quot;dsReferenceNumber&quot;:&quot;CADS&quot;,&quot;acsReferenceNumber&quot;:&quot;ABCDEF987654321&quot;,&quot;XID&quot;:&quot;020100001075aee9d84c4cb89a1851d1b5b0bcd4&quot;,&quot;messageType&quot;:&quot;ARes&quot;,&quot;dsTransID&quot;:&quot;1075aee9-d84c-4cb8-9a18-51d1b5b0bcd4&quot;,&quot;transStatusReason&quot;:&quot;09&quot;,&quot;acsOperatorID&quot;:&quot;ACS_OPERATOR_ID&quot;,&quot;messageVersion&quot;:&quot;2.1.0&quot;,&quot;transStatus&quot;:&quot;R&quot;,&quot;threeDSServerTransID&quot;:&quot;b45baba8-2275-419e-813c-f73b8c09b9dc&quot;}">
      <![CDATA[java.lang.AssertionError: ARes response json schema validation failed.<br>expected minLength: 17, actual: 4<br> api response : {"acsTransID":"d47cf9a8-03e6-4f92-8da5-005cf2dbd548","dsName":"amex","eci":"07","callerTxnRefID":"341b7153-da86-4543-860f-2ba47f0168a5","dsReferenceNumber":"CADS","acsReferenceNumber":"ABCDEF987654321","XID":"020100001075aee9d84c4cb89a1851d1b5b0bcd4","messageType":"ARes","dsTransID":"1075aee9-d84c-4cb8-9a18-51d1b5b0bcd4","transStatusReason":"09","acsOperatorID":"ACS_OPERATOR_ID","messageVersion":"2.1.0","transStatus":"R","threeDSServerTransID":"b45baba8-2275-419e-813c-f73b8c09b9dc"}
	at org.testng.Assert.fail(Assert.java:94)
	at com.ca.tds.main.TDSFlowTest.brwPreAreq(TDSFlowTest.java:176)
	at sun.reflect.GeneratedMethodAccessor36.invoke(Unknown Source)
	at sun.reflect.DelegatingMethodAccessorImpl.invoke(DelegatingMethodAccessorImpl.java:43)
	at java.lang.reflect.Method.invoke(Method.java:498)
	at org.testng.internal.MethodInvocationHelper.invokeMethod(MethodInvocationHelper.java:85)
	at org.testng.internal.Invoker.invokeMethod(Invoker.java:639)
	at org.testng.internal.Invoker.invokeTestMethod(Invoker.java:821)
	at org.testng.internal.Invoker.invokeTestMethods(Invoker.java:1131)
	at org.testng.internal.TestMethodWorker.invokeTestMethods(TestMethodWorker.java:124)
	at org.testng.internal.TestMethodWorker.run(TestMethodWorker.java:108)
	at java.util.concurrent.ThreadPoolExecutor.runWorker(ThreadPoolExecutor.java:1149)
	at java.util.concurrent.ThreadPoolExecutor$Worker.run(ThreadPoolExecutor.java:624)
	at java.lang.Thread.run(Thread.java:748)
]]>
    </failure>
  </testcase> <!-- brwPreAreq -->
  <testcase name="rReqTest" time="0.017" classname="com.ca.tds.main.TDSFlowTest">
    <error type="org.testng.SkipException" message="Skipping [rReqTest] because the [rReqRequired] assumption(s) do not hold.">
      <![CDATA[org.testng.SkipException: Skipping [rReqTest] because the [rReqRequired] assumption(s) do not hold.
	at nl.javadude.assumeng.AssumptionListener.beforeInvocation(AssumptionListener.java:43)
	at org.testng.internal.invokers.InvokedMethodListenerInvoker$InvokeBeforeInvocationWithoutContextStrategy.callMethod(InvokedMethodListenerInvoker.java:84)
	at org.testng.internal.invokers.InvokedMethodListenerInvoker.invokeListener(InvokedMethodListenerInvoker.java:62)
	at org.testng.internal.Invoker.runInvokedMethodListeners(Invoker.java:552)
	at org.testng.internal.Invoker.invokeMethod(Invoker.java:617)
	at org.testng.internal.Invoker.invokeTestMethod(Invoker.java:821)
	at org.testng.internal.Invoker.invokeTestMethods(Invoker.java:1131)
	at org.testng.internal.TestMethodWorker.invokeTestMethods(TestMethodWorker.java:124)
	at org.testng.internal.TestMethodWorker.run(TestMethodWorker.java:108)
	at java.util.concurrent.ThreadPoolExecutor.runWorker(ThreadPoolExecutor.java:1149)
	at java.util.concurrent.ThreadPoolExecutor$Worker.run(ThreadPoolExecutor.java:624)
	at java.lang.Thread.run(Thread.java:748)
]]>
    </error>
  </testcase> <!-- rReqTest -->
  <testcase name="verifyAPI" time="0.023" classname="com.ca.tds.main.TDSFlowTest">
    <error type="org.testng.SkipException" message="Skipping [verifyAPI] because the [verifyApiRequired] assumption(s) do not hold.">
      <![CDATA[org.testng.SkipException: Skipping [verifyAPI] because the [verifyApiRequired] assumption(s) do not hold.
	at nl.javadude.assumeng.AssumptionListener.beforeInvocation(AssumptionListener.java:43)
	at org.testng.internal.invokers.InvokedMethodListenerInvoker$InvokeBeforeInvocationWithoutContextStrategy.callMethod(InvokedMethodListenerInvoker.java:84)
	at org.testng.internal.invokers.InvokedMethodListenerInvoker.invokeListener(InvokedMethodListenerInvoker.java:62)
	at org.testng.internal.Invoker.runInvokedMethodListeners(Invoker.java:552)
	at org.testng.internal.Invoker.invokeMethod(Invoker.java:617)
	at org.testng.internal.Invoker.invokeTestMethod(Invoker.java:821)
	at org.testng.internal.Invoker.invokeTestMethods(Invoker.java:1131)
	at org.testng.internal.TestMethodWorker.invokeTestMethods(TestMethodWorker.java:124)
	at org.testng.internal.TestMethodWorker.run(TestMethodWorker.java:108)
	at java.util.concurrent.ThreadPoolExecutor.runWorker(ThreadPoolExecutor.java:1149)
	at java.util.concurrent.ThreadPoolExecutor$Worker.run(ThreadPoolExecutor.java:624)
	at java.lang.Thread.run(Thread.java:748)
]]>
    </error>
  </testcase> <!-- verifyAPI -->
  <testcase name="brwTDSMethodTest" time="0.510" classname="com.ca.tds.main.TDSFlowTest"/>
  <testcase name="brwPreAreq" time="0.546" classname="com.ca.tds.main.TDSFlowTest">
    <failure type="java.lang.AssertionError" message="ARes response json schema validation failed.&lt;br&gt;expected minLength: 17, actual: 4&lt;br&gt; api response : {&quot;acsTransID&quot;:&quot;bd88c5d2-dddc-4f85-bd76-3c5fc392e321&quot;,&quot;dsName&quot;:&quot;amex&quot;,&quot;eci&quot;:&quot;07&quot;,&quot;callerTxnRefID&quot;:&quot;341b7153-da86-4543-860f-2ba47f0168a5&quot;,&quot;dsReferenceNumber&quot;:&quot;CADS&quot;,&quot;acsReferenceNumber&quot;:&quot;ABCDEF987654321&quot;,&quot;XID&quot;:&quot;02010000f4f6605f177048daa1906b24d4962657&quot;,&quot;messageType&quot;:&quot;ARes&quot;,&quot;dsTransID&quot;:&quot;f4f6605f-1770-48da-a190-6b24d4962657&quot;,&quot;transStatusReason&quot;:&quot;09&quot;,&quot;acsOperatorID&quot;:&quot;ACS_OPERATOR_ID&quot;,&quot;messageVersion&quot;:&quot;2.1.0&quot;,&quot;transStatus&quot;:&quot;R&quot;,&quot;threeDSServerTransID&quot;:&quot;e5cc5834-dee4-4f61-9989-16c2473b0970&quot;}">
      <![CDATA[java.lang.AssertionError: ARes response json schema validation failed.<br>expected minLength: 17, actual: 4<br> api response : {"acsTransID":"bd88c5d2-dddc-4f85-bd76-3c5fc392e321","dsName":"amex","eci":"07","callerTxnRefID":"341b7153-da86-4543-860f-2ba47f0168a5","dsReferenceNumber":"CADS","acsReferenceNumber":"ABCDEF987654321","XID":"02010000f4f6605f177048daa1906b24d4962657","messageType":"ARes","dsTransID":"f4f6605f-1770-48da-a190-6b24d4962657","transStatusReason":"09","acsOperatorID":"ACS_OPERATOR_ID","messageVersion":"2.1.0","transStatus":"R","threeDSServerTransID":"e5cc5834-dee4-4f61-9989-16c2473b0970"}
	at org.testng.Assert.fail(Assert.java:94)
	at com.ca.tds.main.TDSFlowTest.brwPreAreq(TDSFlowTest.java:176)
	at sun.reflect.GeneratedMethodAccessor36.invoke(Unknown Source)
	at sun.reflect.DelegatingMethodAccessorImpl.invoke(DelegatingMethodAccessorImpl.java:43)
	at java.lang.reflect.Method.invoke(Method.java:498)
	at org.testng.internal.MethodInvocationHelper.invokeMethod(MethodInvocationHelper.java:85)
	at org.testng.internal.Invoker.invokeMethod(Invoker.java:639)
	at org.testng.internal.Invoker.invokeTestMethod(Invoker.java:821)
	at org.testng.internal.Invoker.invokeTestMethods(Invoker.java:1131)
	at org.testng.internal.TestMethodWorker.invokeTestMethods(TestMethodWorker.java:124)
	at org.testng.internal.TestMethodWorker.run(TestMethodWorker.java:108)
	at java.util.concurrent.ThreadPoolExecutor.runWorker(ThreadPoolExecutor.java:1149)
	at java.util.concurrent.ThreadPoolExecutor$Worker.run(ThreadPoolExecutor.java:624)
	at java.lang.Thread.run(Thread.java:748)
]]>
    </failure>
  </testcase> <!-- brwPreAreq -->
  <testcase name="brwPreAreq" time="0.530" classname="com.ca.tds.main.TDSFlowTest">
    <failure type="java.lang.AssertionError" message="ARes response json schema validation failed.&lt;br&gt;expected minLength: 17, actual: 4&lt;br&gt; api response : {&quot;acsTransID&quot;:&quot;5bbebb61-b72d-4948-87f4-c868a1c2d660&quot;,&quot;dsName&quot;:&quot;mastercard&quot;,&quot;eci&quot;:&quot;07&quot;,&quot;callerTxnRefID&quot;:&quot;341b7153-da86-4543-860f-2ba47f0168a5&quot;,&quot;dsReferenceNumber&quot;:&quot;CADS&quot;,&quot;acsReferenceNumber&quot;:&quot;ABCDEF987654321&quot;,&quot;messageType&quot;:&quot;ARes&quot;,&quot;dsTransID&quot;:&quot;0cedd19c-224c-48eb-a98e-52a8b52e2f37&quot;,&quot;transStatusReason&quot;:&quot;09&quot;,&quot;acsOperatorID&quot;:&quot;ACS_OPERATOR_ID&quot;,&quot;messageVersion&quot;:&quot;2.1.0&quot;,&quot;transStatus&quot;:&quot;R&quot;,&quot;threeDSServerTransID&quot;:&quot;137a61e9-6889-486c-a14c-8b5c020c267b&quot;}">
      <![CDATA[java.lang.AssertionError: ARes response json schema validation failed.<br>expected minLength: 17, actual: 4<br> api response : {"acsTransID":"5bbebb61-b72d-4948-87f4-c868a1c2d660","dsName":"mastercard","eci":"07","callerTxnRefID":"341b7153-da86-4543-860f-2ba47f0168a5","dsReferenceNumber":"CADS","acsReferenceNumber":"ABCDEF987654321","messageType":"ARes","dsTransID":"0cedd19c-224c-48eb-a98e-52a8b52e2f37","transStatusReason":"09","acsOperatorID":"ACS_OPERATOR_ID","messageVersion":"2.1.0","transStatus":"R","threeDSServerTransID":"137a61e9-6889-486c-a14c-8b5c020c267b"}
	at org.testng.Assert.fail(Assert.java:94)
	at com.ca.tds.main.TDSFlowTest.brwPreAreq(TDSFlowTest.java:176)
	at sun.reflect.GeneratedMethodAccessor36.invoke(Unknown Source)
	at sun.reflect.DelegatingMethodAccessorImpl.invoke(DelegatingMethodAccessorImpl.java:43)
	at java.lang.reflect.Method.invoke(Method.java:498)
	at org.testng.internal.MethodInvocationHelper.invokeMethod(MethodInvocationHelper.java:85)
	at org.testng.internal.Invoker.invokeMethod(Invoker.java:639)
	at org.testng.internal.Invoker.invokeTestMethod(Invoker.java:821)
	at org.testng.internal.Invoker.invokeTestMethods(Invoker.java:1131)
	at org.testng.internal.TestMethodWorker.invokeTestMethods(TestMethodWorker.java:124)
	at org.testng.internal.TestMethodWorker.run(TestMethodWorker.java:108)
	at java.util.concurrent.ThreadPoolExecutor.runWorker(ThreadPoolExecutor.java:1149)
	at java.util.concurrent.ThreadPoolExecutor$Worker.run(ThreadPoolExecutor.java:624)
	at java.lang.Thread.run(Thread.java:748)
]]>
    </failure>
  </testcase> <!-- brwPreAreq -->
  <testcase name="brwPreAreq" time="0.555" classname="com.ca.tds.main.TDSFlowTest">
    <failure type="java.lang.AssertionError" message="ARes response json schema validation failed.&lt;br&gt;expected minLength: 17, actual: 4&lt;br&gt; api response : {&quot;acsTransID&quot;:&quot;a4eba60e-c3c7-4e0f-af85-a77706f24af8&quot;,&quot;dsName&quot;:&quot;mastercard&quot;,&quot;eci&quot;:&quot;07&quot;,&quot;callerTxnRefID&quot;:&quot;341b7153-da86-4543-860f-2ba47f0168a5&quot;,&quot;dsReferenceNumber&quot;:&quot;CADS&quot;,&quot;acsReferenceNumber&quot;:&quot;ABCDEF987654321&quot;,&quot;messageType&quot;:&quot;ARes&quot;,&quot;dsTransID&quot;:&quot;d413b2cb-7505-4e22-87f6-4a665892a968&quot;,&quot;transStatusReason&quot;:&quot;09&quot;,&quot;acsOperatorID&quot;:&quot;ACS_OPERATOR_ID&quot;,&quot;messageVersion&quot;:&quot;2.1.0&quot;,&quot;transStatus&quot;:&quot;R&quot;,&quot;threeDSServerTransID&quot;:&quot;c7012f9c-1478-4c5e-8e97-dd6ea19409d6&quot;}">
      <![CDATA[java.lang.AssertionError: ARes response json schema validation failed.<br>expected minLength: 17, actual: 4<br> api response : {"acsTransID":"a4eba60e-c3c7-4e0f-af85-a77706f24af8","dsName":"mastercard","eci":"07","callerTxnRefID":"341b7153-da86-4543-860f-2ba47f0168a5","dsReferenceNumber":"CADS","acsReferenceNumber":"ABCDEF987654321","messageType":"ARes","dsTransID":"d413b2cb-7505-4e22-87f6-4a665892a968","transStatusReason":"09","acsOperatorID":"ACS_OPERATOR_ID","messageVersion":"2.1.0","transStatus":"R","threeDSServerTransID":"c7012f9c-1478-4c5e-8e97-dd6ea19409d6"}
	at org.testng.Assert.fail(Assert.java:94)
	at com.ca.tds.main.TDSFlowTest.brwPreAreq(TDSFlowTest.java:176)
	at sun.reflect.GeneratedMethodAccessor36.invoke(Unknown Source)
	at sun.reflect.DelegatingMethodAccessorImpl.invoke(DelegatingMethodAccessorImpl.java:43)
	at java.lang.reflect.Method.invoke(Method.java:498)
	at org.testng.internal.MethodInvocationHelper.invokeMethod(MethodInvocationHelper.java:85)
	at org.testng.internal.Invoker.invokeMethod(Invoker.java:639)
	at org.testng.internal.Invoker.invokeTestMethod(Invoker.java:821)
	at org.testng.internal.Invoker.invokeTestMethods(Invoker.java:1131)
	at org.testng.internal.TestMethodWorker.invokeTestMethods(TestMethodWorker.java:124)
	at org.testng.internal.TestMethodWorker.run(TestMethodWorker.java:108)
	at java.util.concurrent.ThreadPoolExecutor.runWorker(ThreadPoolExecutor.java:1149)
	at java.util.concurrent.ThreadPoolExecutor$Worker.run(ThreadPoolExecutor.java:624)
	at java.lang.Thread.run(Thread.java:748)
]]>
    </failure>
  </testcase> <!-- brwPreAreq -->
  <testcase name="verifyAPI" time="0.018" classname="com.ca.tds.main.TDSFlowTest">
    <error type="org.testng.SkipException" message="Skipping [verifyAPI] because the [verifyApiRequired] assumption(s) do not hold.">
      <![CDATA[org.testng.SkipException: Skipping [verifyAPI] because the [verifyApiRequired] assumption(s) do not hold.
	at nl.javadude.assumeng.AssumptionListener.beforeInvocation(AssumptionListener.java:43)
	at org.testng.internal.invokers.InvokedMethodListenerInvoker$InvokeBeforeInvocationWithoutContextStrategy.callMethod(InvokedMethodListenerInvoker.java:84)
	at org.testng.internal.invokers.InvokedMethodListenerInvoker.invokeListener(InvokedMethodListenerInvoker.java:62)
	at org.testng.internal.Invoker.runInvokedMethodListeners(Invoker.java:552)
	at org.testng.internal.Invoker.invokeMethod(Invoker.java:617)
	at org.testng.internal.Invoker.invokeTestMethod(Invoker.java:821)
	at org.testng.internal.Invoker.invokeTestMethods(Invoker.java:1131)
	at org.testng.internal.TestMethodWorker.invokeTestMethods(TestMethodWorker.java:124)
	at org.testng.internal.TestMethodWorker.run(TestMethodWorker.java:108)
	at java.util.concurrent.ThreadPoolExecutor.runWorker(ThreadPoolExecutor.java:1149)
	at java.util.concurrent.ThreadPoolExecutor$Worker.run(ThreadPoolExecutor.java:624)
	at java.lang.Thread.run(Thread.java:748)
]]>
    </error>
  </testcase> <!-- verifyAPI -->
  <testcase name="rReqTest" time="0.019" classname="com.ca.tds.main.TDSFlowTest">
    <error type="org.testng.SkipException" message="Skipping [rReqTest] because the [rReqRequired] assumption(s) do not hold.">
      <![CDATA[org.testng.SkipException: Skipping [rReqTest] because the [rReqRequired] assumption(s) do not hold.
	at nl.javadude.assumeng.AssumptionListener.beforeInvocation(AssumptionListener.java:43)
	at org.testng.internal.invokers.InvokedMethodListenerInvoker$InvokeBeforeInvocationWithoutContextStrategy.callMethod(InvokedMethodListenerInvoker.java:84)
	at org.testng.internal.invokers.InvokedMethodListenerInvoker.invokeListener(InvokedMethodListenerInvoker.java:62)
	at org.testng.internal.Invoker.runInvokedMethodListeners(Invoker.java:552)
	at org.testng.internal.Invoker.invokeMethod(Invoker.java:617)
	at org.testng.internal.Invoker.invokeTestMethod(Invoker.java:821)
	at org.testng.internal.Invoker.invokeTestMethods(Invoker.java:1131)
	at org.testng.internal.TestMethodWorker.invokeTestMethods(TestMethodWorker.java:124)
	at org.testng.internal.TestMethodWorker.run(TestMethodWorker.java:108)
	at java.util.concurrent.ThreadPoolExecutor.runWorker(ThreadPoolExecutor.java:1149)
	at java.util.concurrent.ThreadPoolExecutor$Worker.run(ThreadPoolExecutor.java:624)
	at java.lang.Thread.run(Thread.java:748)
]]>
    </error>
  </testcase> <!-- rReqTest -->
  <testcase name="rReqTest" time="0.019" classname="com.ca.tds.main.TDSFlowTest">
    <error type="org.testng.SkipException" message="Skipping [rReqTest] because the [rReqRequired] assumption(s) do not hold.">
      <![CDATA[org.testng.SkipException: Skipping [rReqTest] because the [rReqRequired] assumption(s) do not hold.
	at nl.javadude.assumeng.AssumptionListener.beforeInvocation(AssumptionListener.java:43)
	at org.testng.internal.invokers.InvokedMethodListenerInvoker$InvokeBeforeInvocationWithoutContextStrategy.callMethod(InvokedMethodListenerInvoker.java:84)
	at org.testng.internal.invokers.InvokedMethodListenerInvoker.invokeListener(InvokedMethodListenerInvoker.java:62)
	at org.testng.internal.Invoker.runInvokedMethodListeners(Invoker.java:552)
	at org.testng.internal.Invoker.invokeMethod(Invoker.java:617)
	at org.testng.internal.Invoker.invokeTestMethod(Invoker.java:821)
	at org.testng.internal.Invoker.invokeTestMethods(Invoker.java:1131)
	at org.testng.internal.TestMethodWorker.invokeTestMethods(TestMethodWorker.java:124)
	at org.testng.internal.TestMethodWorker.run(TestMethodWorker.java:108)
	at java.util.concurrent.ThreadPoolExecutor.runWorker(ThreadPoolExecutor.java:1149)
	at java.util.concurrent.ThreadPoolExecutor$Worker.run(ThreadPoolExecutor.java:624)
	at java.lang.Thread.run(Thread.java:748)
]]>
    </error>
  </testcase> <!-- rReqTest -->
  <testcase name="brwTDSMethodTest" time="0.500" classname="com.ca.tds.main.TDSFlowTest"/>
  <testcase name="verifyAPI" time="0.020" classname="com.ca.tds.main.TDSFlowTest">
    <error type="org.testng.SkipException" message="Skipping [verifyAPI] because the [verifyApiRequired] assumption(s) do not hold.">
      <![CDATA[org.testng.SkipException: Skipping [verifyAPI] because the [verifyApiRequired] assumption(s) do not hold.
	at nl.javadude.assumeng.AssumptionListener.beforeInvocation(AssumptionListener.java:43)
	at org.testng.internal.invokers.InvokedMethodListenerInvoker$InvokeBeforeInvocationWithoutContextStrategy.callMethod(InvokedMethodListenerInvoker.java:84)
	at org.testng.internal.invokers.InvokedMethodListenerInvoker.invokeListener(InvokedMethodListenerInvoker.java:62)
	at org.testng.internal.Invoker.runInvokedMethodListeners(Invoker.java:552)
	at org.testng.internal.Invoker.invokeMethod(Invoker.java:617)
	at org.testng.internal.Invoker.invokeTestMethod(Invoker.java:821)
	at org.testng.internal.Invoker.invokeTestMethods(Invoker.java:1131)
	at org.testng.internal.TestMethodWorker.invokeTestMethods(TestMethodWorker.java:124)
	at org.testng.internal.TestMethodWorker.run(TestMethodWorker.java:108)
	at java.util.concurrent.ThreadPoolExecutor.runWorker(ThreadPoolExecutor.java:1149)
	at java.util.concurrent.ThreadPoolExecutor$Worker.run(ThreadPoolExecutor.java:624)
	at java.lang.Thread.run(Thread.java:748)
]]>
    </error>
  </testcase> <!-- verifyAPI -->
  <testcase name="rReqTest" time="0.016" classname="com.ca.tds.main.TDSFlowTest">
    <error type="org.testng.SkipException" message="Skipping [rReqTest] because the [rReqRequired] assumption(s) do not hold.">
      <![CDATA[org.testng.SkipException: Skipping [rReqTest] because the [rReqRequired] assumption(s) do not hold.
	at nl.javadude.assumeng.AssumptionListener.beforeInvocation(AssumptionListener.java:43)
	at org.testng.internal.invokers.InvokedMethodListenerInvoker$InvokeBeforeInvocationWithoutContextStrategy.callMethod(InvokedMethodListenerInvoker.java:84)
	at org.testng.internal.invokers.InvokedMethodListenerInvoker.invokeListener(InvokedMethodListenerInvoker.java:62)
	at org.testng.internal.Invoker.runInvokedMethodListeners(Invoker.java:552)
	at org.testng.internal.Invoker.invokeMethod(Invoker.java:617)
	at org.testng.internal.Invoker.invokeTestMethod(Invoker.java:821)
	at org.testng.internal.Invoker.invokeTestMethods(Invoker.java:1131)
	at org.testng.internal.TestMethodWorker.invokeTestMethods(TestMethodWorker.java:124)
	at org.testng.internal.TestMethodWorker.run(TestMethodWorker.java:108)
	at java.util.concurrent.ThreadPoolExecutor.runWorker(ThreadPoolExecutor.java:1149)
	at java.util.concurrent.ThreadPoolExecutor$Worker.run(ThreadPoolExecutor.java:624)
	at java.lang.Thread.run(Thread.java:748)
]]>
    </error>
  </testcase> <!-- rReqTest -->
  <testcase name="brwTDSMethodTest" time="0.506" classname="com.ca.tds.main.TDSFlowTest"/>
  <testcase name="verifyAPI" time="0.017" classname="com.ca.tds.main.TDSFlowTest">
    <error type="org.testng.SkipException" message="Skipping [verifyAPI] because the [verifyApiRequired] assumption(s) do not hold.">
      <![CDATA[org.testng.SkipException: Skipping [verifyAPI] because the [verifyApiRequired] assumption(s) do not hold.
	at nl.javadude.assumeng.AssumptionListener.beforeInvocation(AssumptionListener.java:43)
	at org.testng.internal.invokers.InvokedMethodListenerInvoker$InvokeBeforeInvocationWithoutContextStrategy.callMethod(InvokedMethodListenerInvoker.java:84)
	at org.testng.internal.invokers.InvokedMethodListenerInvoker.invokeListener(InvokedMethodListenerInvoker.java:62)
	at org.testng.internal.Invoker.runInvokedMethodListeners(Invoker.java:552)
	at org.testng.internal.Invoker.invokeMethod(Invoker.java:617)
	at org.testng.internal.Invoker.invokeTestMethod(Invoker.java:821)
	at org.testng.internal.Invoker.invokeTestMethods(Invoker.java:1131)
	at org.testng.internal.TestMethodWorker.invokeTestMethods(TestMethodWorker.java:124)
	at org.testng.internal.TestMethodWorker.run(TestMethodWorker.java:108)
	at java.util.concurrent.ThreadPoolExecutor.runWorker(ThreadPoolExecutor.java:1149)
	at java.util.concurrent.ThreadPoolExecutor$Worker.run(ThreadPoolExecutor.java:624)
	at java.lang.Thread.run(Thread.java:748)
]]>
    </error>
  </testcase> <!-- verifyAPI -->
  <testcase name="brwTDSMethodTest" time="0.494" classname="com.ca.tds.main.TDSFlowTest"/>
  <testcase name="brwTDSMethodTest" time="0.508" classname="com.ca.tds.main.TDSFlowTest"/>
  <testcase name="rReqTest" time="0.041" classname="com.ca.tds.main.TDSFlowTest">
    <error type="org.testng.SkipException" message="Skipping [rReqTest] because the [rReqRequired] assumption(s) do not hold.">
      <![CDATA[org.testng.SkipException: Skipping [rReqTest] because the [rReqRequired] assumption(s) do not hold.
	at nl.javadude.assumeng.AssumptionListener.beforeInvocation(AssumptionListener.java:43)
	at org.testng.internal.invokers.InvokedMethodListenerInvoker$InvokeBeforeInvocationWithoutContextStrategy.callMethod(InvokedMethodListenerInvoker.java:84)
	at org.testng.internal.invokers.InvokedMethodListenerInvoker.invokeListener(InvokedMethodListenerInvoker.java:62)
	at org.testng.internal.Invoker.runInvokedMethodListeners(Invoker.java:552)
	at org.testng.internal.Invoker.invokeMethod(Invoker.java:617)
	at org.testng.internal.Invoker.invokeTestMethod(Invoker.java:821)
	at org.testng.internal.Invoker.invokeTestMethods(Invoker.java:1131)
	at org.testng.internal.TestMethodWorker.invokeTestMethods(TestMethodWorker.java:124)
	at org.testng.internal.TestMethodWorker.run(TestMethodWorker.java:108)
	at java.util.concurrent.ThreadPoolExecutor.runWorker(ThreadPoolExecutor.java:1149)
	at java.util.concurrent.ThreadPoolExecutor$Worker.run(ThreadPoolExecutor.java:624)
	at java.lang.Thread.run(Thread.java:748)
]]>
    </error>
  </testcase> <!-- rReqTest -->
  <testcase name="verifyAPI" time="0.020" classname="com.ca.tds.main.TDSFlowTest">
    <error type="org.testng.SkipException" message="Skipping [verifyAPI] because the [verifyApiRequired] assumption(s) do not hold.">
      <![CDATA[org.testng.SkipException: Skipping [verifyAPI] because the [verifyApiRequired] assumption(s) do not hold.
	at nl.javadude.assumeng.AssumptionListener.beforeInvocation(AssumptionListener.java:43)
	at org.testng.internal.invokers.InvokedMethodListenerInvoker$InvokeBeforeInvocationWithoutContextStrategy.callMethod(InvokedMethodListenerInvoker.java:84)
	at org.testng.internal.invokers.InvokedMethodListenerInvoker.invokeListener(InvokedMethodListenerInvoker.java:62)
	at org.testng.internal.Invoker.runInvokedMethodListeners(Invoker.java:552)
	at org.testng.internal.Invoker.invokeMethod(Invoker.java:617)
	at org.testng.internal.Invoker.invokeTestMethod(Invoker.java:821)
	at org.testng.internal.Invoker.invokeTestMethods(Invoker.java:1131)
	at org.testng.internal.TestMethodWorker.invokeTestMethods(TestMethodWorker.java:124)
	at org.testng.internal.TestMethodWorker.run(TestMethodWorker.java:108)
	at java.util.concurrent.ThreadPoolExecutor.runWorker(ThreadPoolExecutor.java:1149)
	at java.util.concurrent.ThreadPoolExecutor$Worker.run(ThreadPoolExecutor.java:624)
	at java.lang.Thread.run(Thread.java:748)
]]>
    </error>
  </testcase> <!-- verifyAPI -->
  <testcase name="rReqTest" time="0.016" classname="com.ca.tds.main.TDSFlowTest">
    <error type="org.testng.SkipException" message="Skipping [rReqTest] because the [rReqRequired] assumption(s) do not hold.">
      <![CDATA[org.testng.SkipException: Skipping [rReqTest] because the [rReqRequired] assumption(s) do not hold.
	at nl.javadude.assumeng.AssumptionListener.beforeInvocation(AssumptionListener.java:43)
	at org.testng.internal.invokers.InvokedMethodListenerInvoker$InvokeBeforeInvocationWithoutContextStrategy.callMethod(InvokedMethodListenerInvoker.java:84)
	at org.testng.internal.invokers.InvokedMethodListenerInvoker.invokeListener(InvokedMethodListenerInvoker.java:62)
	at org.testng.internal.Invoker.runInvokedMethodListeners(Invoker.java:552)
	at org.testng.internal.Invoker.invokeMethod(Invoker.java:617)
	at org.testng.internal.Invoker.invokeTestMethod(Invoker.java:821)
	at org.testng.internal.Invoker.invokeTestMethods(Invoker.java:1131)
	at org.testng.internal.TestMethodWorker.invokeTestMethods(TestMethodWorker.java:124)
	at org.testng.internal.TestMethodWorker.run(TestMethodWorker.java:108)
	at java.util.concurrent.ThreadPoolExecutor.runWorker(ThreadPoolExecutor.java:1149)
	at java.util.concurrent.ThreadPoolExecutor$Worker.run(ThreadPoolExecutor.java:624)
	at java.lang.Thread.run(Thread.java:748)
]]>
    </error>
  </testcase> <!-- rReqTest -->
  <testcase name="brwTDSMethodTest" time="1.187" classname="com.ca.tds.main.TDSFlowTest"/>
  <testcase name="verifyAPI" time="0.020" classname="com.ca.tds.main.TDSFlowTest">
    <error type="org.testng.SkipException" message="Skipping [verifyAPI] because the [verifyApiRequired] assumption(s) do not hold.">
      <![CDATA[org.testng.SkipException: Skipping [verifyAPI] because the [verifyApiRequired] assumption(s) do not hold.
	at nl.javadude.assumeng.AssumptionListener.beforeInvocation(AssumptionListener.java:43)
	at org.testng.internal.invokers.InvokedMethodListenerInvoker$InvokeBeforeInvocationWithoutContextStrategy.callMethod(InvokedMethodListenerInvoker.java:84)
	at org.testng.internal.invokers.InvokedMethodListenerInvoker.invokeListener(InvokedMethodListenerInvoker.java:62)
	at org.testng.internal.Invoker.runInvokedMethodListeners(Invoker.java:552)
	at org.testng.internal.Invoker.invokeMethod(Invoker.java:617)
	at org.testng.internal.Invoker.invokeTestMethod(Invoker.java:821)
	at org.testng.internal.Invoker.invokeTestMethods(Invoker.java:1131)
	at org.testng.internal.TestMethodWorker.invokeTestMethods(TestMethodWorker.java:124)
	at org.testng.internal.TestMethodWorker.run(TestMethodWorker.java:108)
	at java.util.concurrent.ThreadPoolExecutor.runWorker(ThreadPoolExecutor.java:1149)
	at java.util.concurrent.ThreadPoolExecutor$Worker.run(ThreadPoolExecutor.java:624)
	at java.lang.Thread.run(Thread.java:748)
]]>
    </error>
  </testcase> <!-- verifyAPI -->
  <testcase name="brwPreAreq" time="0.562" classname="com.ca.tds.main.TDSFlowTest">
    <failure type="java.lang.AssertionError" message="ARes response json schema validation failed.&lt;br&gt;expected minLength: 17, actual: 4&lt;br&gt; api response : {&quot;acsTransID&quot;:&quot;deef1455-570b-48c5-bf65-ea5573458b4a&quot;,&quot;dsName&quot;:&quot;mastercard&quot;,&quot;eci&quot;:&quot;07&quot;,&quot;callerTxnRefID&quot;:&quot;341b7153-da86-4543-860f-2ba47f0168a5&quot;,&quot;dsReferenceNumber&quot;:&quot;CADS&quot;,&quot;acsReferenceNumber&quot;:&quot;ABCDEF987654321&quot;,&quot;messageType&quot;:&quot;ARes&quot;,&quot;dsTransID&quot;:&quot;4390d835-03a1-4b03-8ddb-9491c46f5f43&quot;,&quot;transStatusReason&quot;:&quot;09&quot;,&quot;acsOperatorID&quot;:&quot;ACS_OPERATOR_ID&quot;,&quot;messageVersion&quot;:&quot;2.1.0&quot;,&quot;transStatus&quot;:&quot;R&quot;,&quot;threeDSServerTransID&quot;:&quot;b76321ab-a571-4cbd-8fe7-de77d8844937&quot;}">
      <![CDATA[java.lang.AssertionError: ARes response json schema validation failed.<br>expected minLength: 17, actual: 4<br> api response : {"acsTransID":"deef1455-570b-48c5-bf65-ea5573458b4a","dsName":"mastercard","eci":"07","callerTxnRefID":"341b7153-da86-4543-860f-2ba47f0168a5","dsReferenceNumber":"CADS","acsReferenceNumber":"ABCDEF987654321","messageType":"ARes","dsTransID":"4390d835-03a1-4b03-8ddb-9491c46f5f43","transStatusReason":"09","acsOperatorID":"ACS_OPERATOR_ID","messageVersion":"2.1.0","transStatus":"R","threeDSServerTransID":"b76321ab-a571-4cbd-8fe7-de77d8844937"}
	at org.testng.Assert.fail(Assert.java:94)
	at com.ca.tds.main.TDSFlowTest.brwPreAreq(TDSFlowTest.java:176)
	at sun.reflect.GeneratedMethodAccessor36.invoke(Unknown Source)
	at sun.reflect.DelegatingMethodAccessorImpl.invoke(DelegatingMethodAccessorImpl.java:43)
	at java.lang.reflect.Method.invoke(Method.java:498)
	at org.testng.internal.MethodInvocationHelper.invokeMethod(MethodInvocationHelper.java:85)
	at org.testng.internal.Invoker.invokeMethod(Invoker.java:639)
	at org.testng.internal.Invoker.invokeTestMethod(Invoker.java:821)
	at org.testng.internal.Invoker.invokeTestMethods(Invoker.java:1131)
	at org.testng.internal.TestMethodWorker.invokeTestMethods(TestMethodWorker.java:124)
	at org.testng.internal.TestMethodWorker.run(TestMethodWorker.java:108)
	at java.util.concurrent.ThreadPoolExecutor.runWorker(ThreadPoolExecutor.java:1149)
	at java.util.concurrent.ThreadPoolExecutor$Worker.run(ThreadPoolExecutor.java:624)
	at java.lang.Thread.run(Thread.java:748)
]]>
    </failure>
  </testcase> <!-- brwPreAreq -->
  <testcase name="brwPreAreq" time="0.570" classname="com.ca.tds.main.TDSFlowTest">
    <failure type="java.lang.AssertionError" message="ARes response json schema validation failed.&lt;br&gt;expected minLength: 17, actual: 4&lt;br&gt; api response : {&quot;acsTransID&quot;:&quot;a2f33b31-4401-47d3-a834-bd2ff6e60cb5&quot;,&quot;dsName&quot;:&quot;visa&quot;,&quot;eci&quot;:&quot;07&quot;,&quot;callerTxnRefID&quot;:&quot;341b7153-da86-4543-860f-2ba47f0168a5&quot;,&quot;dsReferenceNumber&quot;:&quot;CADS&quot;,&quot;acsReferenceNumber&quot;:&quot;ABCDEF987654321&quot;,&quot;messageType&quot;:&quot;ARes&quot;,&quot;dsTransID&quot;:&quot;f29dc09e-fc6f-44cb-a216-9fe3bd0b59b3&quot;,&quot;transStatusReason&quot;:&quot;09&quot;,&quot;acsOperatorID&quot;:&quot;ACS_OPERATOR_ID&quot;,&quot;messageVersion&quot;:&quot;2.1.0&quot;,&quot;transStatus&quot;:&quot;R&quot;,&quot;threeDSServerTransID&quot;:&quot;a817c46f-3a31-4b27-ab6d-f501ae77fef9&quot;}">
      <![CDATA[java.lang.AssertionError: ARes response json schema validation failed.<br>expected minLength: 17, actual: 4<br> api response : {"acsTransID":"a2f33b31-4401-47d3-a834-bd2ff6e60cb5","dsName":"visa","eci":"07","callerTxnRefID":"341b7153-da86-4543-860f-2ba47f0168a5","dsReferenceNumber":"CADS","acsReferenceNumber":"ABCDEF987654321","messageType":"ARes","dsTransID":"f29dc09e-fc6f-44cb-a216-9fe3bd0b59b3","transStatusReason":"09","acsOperatorID":"ACS_OPERATOR_ID","messageVersion":"2.1.0","transStatus":"R","threeDSServerTransID":"a817c46f-3a31-4b27-ab6d-f501ae77fef9"}
	at org.testng.Assert.fail(Assert.java:94)
	at com.ca.tds.main.TDSFlowTest.brwPreAreq(TDSFlowTest.java:176)
	at sun.reflect.GeneratedMethodAccessor36.invoke(Unknown Source)
	at sun.reflect.DelegatingMethodAccessorImpl.invoke(DelegatingMethodAccessorImpl.java:43)
	at java.lang.reflect.Method.invoke(Method.java:498)
	at org.testng.internal.MethodInvocationHelper.invokeMethod(MethodInvocationHelper.java:85)
	at org.testng.internal.Invoker.invokeMethod(Invoker.java:639)
	at org.testng.internal.Invoker.invokeTestMethod(Invoker.java:821)
	at org.testng.internal.Invoker.invokeTestMethods(Invoker.java:1131)
	at org.testng.internal.TestMethodWorker.invokeTestMethods(TestMethodWorker.java:124)
	at org.testng.internal.TestMethodWorker.run(TestMethodWorker.java:108)
	at java.util.concurrent.ThreadPoolExecutor.runWorker(ThreadPoolExecutor.java:1149)
	at java.util.concurrent.ThreadPoolExecutor$Worker.run(ThreadPoolExecutor.java:624)
	at java.lang.Thread.run(Thread.java:748)
]]>
    </failure>
  </testcase> <!-- brwPreAreq -->
  <testcase name="verifyAPI" time="0.020" classname="com.ca.tds.main.TDSFlowTest">
    <error type="org.testng.SkipException" message="Skipping [verifyAPI] because the [verifyApiRequired] assumption(s) do not hold.">
      <![CDATA[org.testng.SkipException: Skipping [verifyAPI] because the [verifyApiRequired] assumption(s) do not hold.
	at nl.javadude.assumeng.AssumptionListener.beforeInvocation(AssumptionListener.java:43)
	at org.testng.internal.invokers.InvokedMethodListenerInvoker$InvokeBeforeInvocationWithoutContextStrategy.callMethod(InvokedMethodListenerInvoker.java:84)
	at org.testng.internal.invokers.InvokedMethodListenerInvoker.invokeListener(InvokedMethodListenerInvoker.java:62)
	at org.testng.internal.Invoker.runInvokedMethodListeners(Invoker.java:552)
	at org.testng.internal.Invoker.invokeMethod(Invoker.java:617)
	at org.testng.internal.Invoker.invokeTestMethod(Invoker.java:821)
	at org.testng.internal.Invoker.invokeTestMethods(Invoker.java:1131)
	at org.testng.internal.TestMethodWorker.invokeTestMethods(TestMethodWorker.java:124)
	at org.testng.internal.TestMethodWorker.run(TestMethodWorker.java:108)
	at java.util.concurrent.ThreadPoolExecutor.runWorker(ThreadPoolExecutor.java:1149)
	at java.util.concurrent.ThreadPoolExecutor$Worker.run(ThreadPoolExecutor.java:624)
	at java.lang.Thread.run(Thread.java:748)
]]>
    </error>
  </testcase> <!-- verifyAPI -->
  <testcase name="rReqTest" time="0.019" classname="com.ca.tds.main.TDSFlowTest">
    <error type="org.testng.SkipException" message="Skipping [rReqTest] because the [rReqRequired] assumption(s) do not hold.">
      <![CDATA[org.testng.SkipException: Skipping [rReqTest] because the [rReqRequired] assumption(s) do not hold.
	at nl.javadude.assumeng.AssumptionListener.beforeInvocation(AssumptionListener.java:43)
	at org.testng.internal.invokers.InvokedMethodListenerInvoker$InvokeBeforeInvocationWithoutContextStrategy.callMethod(InvokedMethodListenerInvoker.java:84)
	at org.testng.internal.invokers.InvokedMethodListenerInvoker.invokeListener(InvokedMethodListenerInvoker.java:62)
	at org.testng.internal.Invoker.runInvokedMethodListeners(Invoker.java:552)
	at org.testng.internal.Invoker.invokeMethod(Invoker.java:617)
	at org.testng.internal.Invoker.invokeTestMethod(Invoker.java:821)
	at org.testng.internal.Invoker.invokeTestMethods(Invoker.java:1131)
	at org.testng.internal.TestMethodWorker.invokeTestMethods(TestMethodWorker.java:124)
	at org.testng.internal.TestMethodWorker.run(TestMethodWorker.java:108)
	at java.util.concurrent.ThreadPoolExecutor.runWorker(ThreadPoolExecutor.java:1149)
	at java.util.concurrent.ThreadPoolExecutor$Worker.run(ThreadPoolExecutor.java:624)
	at java.lang.Thread.run(Thread.java:748)
]]>
    </error>
  </testcase> <!-- rReqTest -->
  <testcase name="verifyAPI" time="0.016" classname="com.ca.tds.main.TDSFlowTest">
    <error type="org.testng.SkipException" message="Skipping [verifyAPI] because the [verifyApiRequired] assumption(s) do not hold.">
      <![CDATA[org.testng.SkipException: Skipping [verifyAPI] because the [verifyApiRequired] assumption(s) do not hold.
	at nl.javadude.assumeng.AssumptionListener.beforeInvocation(AssumptionListener.java:43)
	at org.testng.internal.invokers.InvokedMethodListenerInvoker$InvokeBeforeInvocationWithoutContextStrategy.callMethod(InvokedMethodListenerInvoker.java:84)
	at org.testng.internal.invokers.InvokedMethodListenerInvoker.invokeListener(InvokedMethodListenerInvoker.java:62)
	at org.testng.internal.Invoker.runInvokedMethodListeners(Invoker.java:552)
	at org.testng.internal.Invoker.invokeMethod(Invoker.java:617)
	at org.testng.internal.Invoker.invokeTestMethod(Invoker.java:821)
	at org.testng.internal.Invoker.invokeTestMethods(Invoker.java:1131)
	at org.testng.internal.TestMethodWorker.invokeTestMethods(TestMethodWorker.java:124)
	at org.testng.internal.TestMethodWorker.run(TestMethodWorker.java:108)
	at java.util.concurrent.ThreadPoolExecutor.runWorker(ThreadPoolExecutor.java:1149)
	at java.util.concurrent.ThreadPoolExecutor$Worker.run(ThreadPoolExecutor.java:624)
	at java.lang.Thread.run(Thread.java:748)
]]>
    </error>
  </testcase> <!-- verifyAPI -->
  <testcase name="brwPreAreq" time="0.551" classname="com.ca.tds.main.TDSFlowTest">
    <failure type="java.lang.AssertionError" message="ARes response json schema validation failed.&lt;br&gt;expected minLength: 17, actual: 4&lt;br&gt; api response : {&quot;acsTransID&quot;:&quot;1e42c649-002f-4f6a-9fc7-db94d3624e8b&quot;,&quot;dsName&quot;:&quot;visa&quot;,&quot;eci&quot;:&quot;07&quot;,&quot;callerTxnRefID&quot;:&quot;341b7153-da86-4543-860f-2ba47f0168a5&quot;,&quot;dsReferenceNumber&quot;:&quot;CADS&quot;,&quot;acsReferenceNumber&quot;:&quot;ABCDEF987654321&quot;,&quot;messageType&quot;:&quot;ARes&quot;,&quot;dsTransID&quot;:&quot;07416372-b2b5-4d60-a0df-fdc300fe6fb4&quot;,&quot;transStatusReason&quot;:&quot;09&quot;,&quot;acsOperatorID&quot;:&quot;ACS_OPERATOR_ID&quot;,&quot;messageVersion&quot;:&quot;2.1.0&quot;,&quot;transStatus&quot;:&quot;R&quot;,&quot;threeDSServerTransID&quot;:&quot;d02ff092-5ac3-4f8d-ae1f-02d9595853aa&quot;}">
      <![CDATA[java.lang.AssertionError: ARes response json schema validation failed.<br>expected minLength: 17, actual: 4<br> api response : {"acsTransID":"1e42c649-002f-4f6a-9fc7-db94d3624e8b","dsName":"visa","eci":"07","callerTxnRefID":"341b7153-da86-4543-860f-2ba47f0168a5","dsReferenceNumber":"CADS","acsReferenceNumber":"ABCDEF987654321","messageType":"ARes","dsTransID":"07416372-b2b5-4d60-a0df-fdc300fe6fb4","transStatusReason":"09","acsOperatorID":"ACS_OPERATOR_ID","messageVersion":"2.1.0","transStatus":"R","threeDSServerTransID":"d02ff092-5ac3-4f8d-ae1f-02d9595853aa"}
	at org.testng.Assert.fail(Assert.java:94)
	at com.ca.tds.main.TDSFlowTest.brwPreAreq(TDSFlowTest.java:176)
	at sun.reflect.GeneratedMethodAccessor36.invoke(Unknown Source)
	at sun.reflect.DelegatingMethodAccessorImpl.invoke(DelegatingMethodAccessorImpl.java:43)
	at java.lang.reflect.Method.invoke(Method.java:498)
	at org.testng.internal.MethodInvocationHelper.invokeMethod(MethodInvocationHelper.java:85)
	at org.testng.internal.Invoker.invokeMethod(Invoker.java:639)
	at org.testng.internal.Invoker.invokeTestMethod(Invoker.java:821)
	at org.testng.internal.Invoker.invokeTestMethods(Invoker.java:1131)
	at org.testng.internal.TestMethodWorker.invokeTestMethods(TestMethodWorker.java:124)
	at org.testng.internal.TestMethodWorker.run(TestMethodWorker.java:108)
	at java.util.concurrent.ThreadPoolExecutor.runWorker(ThreadPoolExecutor.java:1149)
	at java.util.concurrent.ThreadPoolExecutor$Worker.run(ThreadPoolExecutor.java:624)
	at java.lang.Thread.run(Thread.java:748)
]]>
    </failure>
  </testcase> <!-- brwPreAreq -->
  <testcase name="brwPreAreq" time="0.544" classname="com.ca.tds.main.TDSFlowTest">
    <failure type="java.lang.AssertionError" message="ARes response json schema validation failed.&lt;br&gt;expected minLength: 17, actual: 4&lt;br&gt; api response : {&quot;acsTransID&quot;:&quot;b989638b-97af-44d0-8417-41ff172501f9&quot;,&quot;dsName&quot;:&quot;mastercard&quot;,&quot;eci&quot;:&quot;07&quot;,&quot;callerTxnRefID&quot;:&quot;341b7153-da86-4543-860f-2ba47f0168a5&quot;,&quot;dsReferenceNumber&quot;:&quot;CADS&quot;,&quot;acsReferenceNumber&quot;:&quot;ABCDEF987654321&quot;,&quot;messageType&quot;:&quot;ARes&quot;,&quot;dsTransID&quot;:&quot;577deeef-c968-4fc4-b819-a8e799ffc932&quot;,&quot;transStatusReason&quot;:&quot;09&quot;,&quot;acsOperatorID&quot;:&quot;ACS_OPERATOR_ID&quot;,&quot;messageVersion&quot;:&quot;2.1.0&quot;,&quot;transStatus&quot;:&quot;R&quot;,&quot;threeDSServerTransID&quot;:&quot;52357447-64e9-43a1-9c19-82a3f7f14a95&quot;}">
      <![CDATA[java.lang.AssertionError: ARes response json schema validation failed.<br>expected minLength: 17, actual: 4<br> api response : {"acsTransID":"b989638b-97af-44d0-8417-41ff172501f9","dsName":"mastercard","eci":"07","callerTxnRefID":"341b7153-da86-4543-860f-2ba47f0168a5","dsReferenceNumber":"CADS","acsReferenceNumber":"ABCDEF987654321","messageType":"ARes","dsTransID":"577deeef-c968-4fc4-b819-a8e799ffc932","transStatusReason":"09","acsOperatorID":"ACS_OPERATOR_ID","messageVersion":"2.1.0","transStatus":"R","threeDSServerTransID":"52357447-64e9-43a1-9c19-82a3f7f14a95"}
	at org.testng.Assert.fail(Assert.java:94)
	at com.ca.tds.main.TDSFlowTest.brwPreAreq(TDSFlowTest.java:176)
	at sun.reflect.GeneratedMethodAccessor36.invoke(Unknown Source)
	at sun.reflect.DelegatingMethodAccessorImpl.invoke(DelegatingMethodAccessorImpl.java:43)
	at java.lang.reflect.Method.invoke(Method.java:498)
	at org.testng.internal.MethodInvocationHelper.invokeMethod(MethodInvocationHelper.java:85)
	at org.testng.internal.Invoker.invokeMethod(Invoker.java:639)
	at org.testng.internal.Invoker.invokeTestMethod(Invoker.java:821)
	at org.testng.internal.Invoker.invokeTestMethods(Invoker.java:1131)
	at org.testng.internal.TestMethodWorker.invokeTestMethods(TestMethodWorker.java:124)
	at org.testng.internal.TestMethodWorker.run(TestMethodWorker.java:108)
	at java.util.concurrent.ThreadPoolExecutor.runWorker(ThreadPoolExecutor.java:1149)
	at java.util.concurrent.ThreadPoolExecutor$Worker.run(ThreadPoolExecutor.java:624)
	at java.lang.Thread.run(Thread.java:748)
]]>
    </failure>
  </testcase> <!-- brwPreAreq -->
  <testcase name="verifyAPI" time="0.020" classname="com.ca.tds.main.TDSFlowTest">
    <error type="org.testng.SkipException" message="Skipping [verifyAPI] because the [verifyApiRequired] assumption(s) do not hold.">
      <![CDATA[org.testng.SkipException: Skipping [verifyAPI] because the [verifyApiRequired] assumption(s) do not hold.
	at nl.javadude.assumeng.AssumptionListener.beforeInvocation(AssumptionListener.java:43)
	at org.testng.internal.invokers.InvokedMethodListenerInvoker$InvokeBeforeInvocationWithoutContextStrategy.callMethod(InvokedMethodListenerInvoker.java:84)
	at org.testng.internal.invokers.InvokedMethodListenerInvoker.invokeListener(InvokedMethodListenerInvoker.java:62)
	at org.testng.internal.Invoker.runInvokedMethodListeners(Invoker.java:552)
	at org.testng.internal.Invoker.invokeMethod(Invoker.java:617)
	at org.testng.internal.Invoker.invokeTestMethod(Invoker.java:821)
	at org.testng.internal.Invoker.invokeTestMethods(Invoker.java:1131)
	at org.testng.internal.TestMethodWorker.invokeTestMethods(TestMethodWorker.java:124)
	at org.testng.internal.TestMethodWorker.run(TestMethodWorker.java:108)
	at java.util.concurrent.ThreadPoolExecutor.runWorker(ThreadPoolExecutor.java:1149)
	at java.util.concurrent.ThreadPoolExecutor$Worker.run(ThreadPoolExecutor.java:624)
	at java.lang.Thread.run(Thread.java:748)
]]>
    </error>
  </testcase> <!-- verifyAPI -->
  <testcase name="verifyAPI" time="0.023" classname="com.ca.tds.main.TDSFlowTest">
    <error type="org.testng.SkipException" message="Skipping [verifyAPI] because the [verifyApiRequired] assumption(s) do not hold.">
      <![CDATA[org.testng.SkipException: Skipping [verifyAPI] because the [verifyApiRequired] assumption(s) do not hold.
	at nl.javadude.assumeng.AssumptionListener.beforeInvocation(AssumptionListener.java:43)
	at org.testng.internal.invokers.InvokedMethodListenerInvoker$InvokeBeforeInvocationWithoutContextStrategy.callMethod(InvokedMethodListenerInvoker.java:84)
	at org.testng.internal.invokers.InvokedMethodListenerInvoker.invokeListener(InvokedMethodListenerInvoker.java:62)
	at org.testng.internal.Invoker.runInvokedMethodListeners(Invoker.java:552)
	at org.testng.internal.Invoker.invokeMethod(Invoker.java:617)
	at org.testng.internal.Invoker.invokeTestMethod(Invoker.java:821)
	at org.testng.internal.Invoker.invokeTestMethods(Invoker.java:1131)
	at org.testng.internal.TestMethodWorker.invokeTestMethods(TestMethodWorker.java:124)
	at org.testng.internal.TestMethodWorker.run(TestMethodWorker.java:108)
	at java.util.concurrent.ThreadPoolExecutor.runWorker(ThreadPoolExecutor.java:1149)
	at java.util.concurrent.ThreadPoolExecutor$Worker.run(ThreadPoolExecutor.java:624)
	at java.lang.Thread.run(Thread.java:748)
]]>
    </error>
  </testcase> <!-- verifyAPI -->
  <testcase name="verifyAPI" time="0.016" classname="com.ca.tds.main.TDSFlowTest">
    <error type="org.testng.SkipException" message="Skipping [verifyAPI] because the [verifyApiRequired] assumption(s) do not hold.">
      <![CDATA[org.testng.SkipException: Skipping [verifyAPI] because the [verifyApiRequired] assumption(s) do not hold.
	at nl.javadude.assumeng.AssumptionListener.beforeInvocation(AssumptionListener.java:43)
	at org.testng.internal.invokers.InvokedMethodListenerInvoker$InvokeBeforeInvocationWithoutContextStrategy.callMethod(InvokedMethodListenerInvoker.java:84)
	at org.testng.internal.invokers.InvokedMethodListenerInvoker.invokeListener(InvokedMethodListenerInvoker.java:62)
	at org.testng.internal.Invoker.runInvokedMethodListeners(Invoker.java:552)
	at org.testng.internal.Invoker.invokeMethod(Invoker.java:617)
	at org.testng.internal.Invoker.invokeTestMethod(Invoker.java:821)
	at org.testng.internal.Invoker.invokeTestMethods(Invoker.java:1131)
	at org.testng.internal.TestMethodWorker.invokeTestMethods(TestMethodWorker.java:124)
	at org.testng.internal.TestMethodWorker.run(TestMethodWorker.java:108)
	at java.util.concurrent.ThreadPoolExecutor.runWorker(ThreadPoolExecutor.java:1149)
	at java.util.concurrent.ThreadPoolExecutor$Worker.run(ThreadPoolExecutor.java:624)
	at java.lang.Thread.run(Thread.java:748)
]]>
    </error>
  </testcase> <!-- verifyAPI -->
  <testcase name="verifyAPI" time="0.020" classname="com.ca.tds.main.TDSFlowTest">
    <error type="org.testng.SkipException" message="Skipping [verifyAPI] because the [verifyApiRequired] assumption(s) do not hold.">
      <![CDATA[org.testng.SkipException: Skipping [verifyAPI] because the [verifyApiRequired] assumption(s) do not hold.
	at nl.javadude.assumeng.AssumptionListener.beforeInvocation(AssumptionListener.java:43)
	at org.testng.internal.invokers.InvokedMethodListenerInvoker$InvokeBeforeInvocationWithoutContextStrategy.callMethod(InvokedMethodListenerInvoker.java:84)
	at org.testng.internal.invokers.InvokedMethodListenerInvoker.invokeListener(InvokedMethodListenerInvoker.java:62)
	at org.testng.internal.Invoker.runInvokedMethodListeners(Invoker.java:552)
	at org.testng.internal.Invoker.invokeMethod(Invoker.java:617)
	at org.testng.internal.Invoker.invokeTestMethod(Invoker.java:821)
	at org.testng.internal.Invoker.invokeTestMethods(Invoker.java:1131)
	at org.testng.internal.TestMethodWorker.invokeTestMethods(TestMethodWorker.java:124)
	at org.testng.internal.TestMethodWorker.run(TestMethodWorker.java:108)
	at java.util.concurrent.ThreadPoolExecutor.runWorker(ThreadPoolExecutor.java:1149)
	at java.util.concurrent.ThreadPoolExecutor$Worker.run(ThreadPoolExecutor.java:624)
	at java.lang.Thread.run(Thread.java:748)
]]>
    </error>
  </testcase> <!-- verifyAPI -->
  <testcase name="brwPreAreq" time="0.545" classname="com.ca.tds.main.TDSFlowTest">
    <failure type="java.lang.AssertionError" message="ARes response json schema validation failed.&lt;br&gt;expected minLength: 17, actual: 4&lt;br&gt; api response : {&quot;acsTransID&quot;:&quot;774ea70e-184c-4c46-8fad-700e590e8423&quot;,&quot;dsName&quot;:&quot;mastercard&quot;,&quot;eci&quot;:&quot;07&quot;,&quot;callerTxnRefID&quot;:&quot;341b7153-da86-4543-860f-2ba47f0168a5&quot;,&quot;dsReferenceNumber&quot;:&quot;CADS&quot;,&quot;acsReferenceNumber&quot;:&quot;ABCDEF987654321&quot;,&quot;messageType&quot;:&quot;ARes&quot;,&quot;dsTransID&quot;:&quot;af9d9957-c65d-4836-8470-b85bca6dc0aa&quot;,&quot;transStatusReason&quot;:&quot;09&quot;,&quot;acsOperatorID&quot;:&quot;ACS_OPERATOR_ID&quot;,&quot;messageVersion&quot;:&quot;2.1.0&quot;,&quot;transStatus&quot;:&quot;R&quot;,&quot;threeDSServerTransID&quot;:&quot;d357ab15-0d67-4d7d-8901-712115008dd0&quot;}">
      <![CDATA[java.lang.AssertionError: ARes response json schema validation failed.<br>expected minLength: 17, actual: 4<br> api response : {"acsTransID":"774ea70e-184c-4c46-8fad-700e590e8423","dsName":"mastercard","eci":"07","callerTxnRefID":"341b7153-da86-4543-860f-2ba47f0168a5","dsReferenceNumber":"CADS","acsReferenceNumber":"ABCDEF987654321","messageType":"ARes","dsTransID":"af9d9957-c65d-4836-8470-b85bca6dc0aa","transStatusReason":"09","acsOperatorID":"ACS_OPERATOR_ID","messageVersion":"2.1.0","transStatus":"R","threeDSServerTransID":"d357ab15-0d67-4d7d-8901-712115008dd0"}
	at org.testng.Assert.fail(Assert.java:94)
	at com.ca.tds.main.TDSFlowTest.brwPreAreq(TDSFlowTest.java:176)
	at sun.reflect.GeneratedMethodAccessor36.invoke(Unknown Source)
	at sun.reflect.DelegatingMethodAccessorImpl.invoke(DelegatingMethodAccessorImpl.java:43)
	at java.lang.reflect.Method.invoke(Method.java:498)
	at org.testng.internal.MethodInvocationHelper.invokeMethod(MethodInvocationHelper.java:85)
	at org.testng.internal.Invoker.invokeMethod(Invoker.java:639)
	at org.testng.internal.Invoker.invokeTestMethod(Invoker.java:821)
	at org.testng.internal.Invoker.invokeTestMethods(Invoker.java:1131)
	at org.testng.internal.TestMethodWorker.invokeTestMethods(TestMethodWorker.java:124)
	at org.testng.internal.TestMethodWorker.run(TestMethodWorker.java:108)
	at java.util.concurrent.ThreadPoolExecutor.runWorker(ThreadPoolExecutor.java:1149)
	at java.util.concurrent.ThreadPoolExecutor$Worker.run(ThreadPoolExecutor.java:624)
	at java.lang.Thread.run(Thread.java:748)
]]>
    </failure>
  </testcase> <!-- brwPreAreq -->
  <testcase name="rReqTest" time="0.033" classname="com.ca.tds.main.TDSFlowTest">
    <error type="org.testng.SkipException" message="Skipping [rReqTest] because the [rReqRequired] assumption(s) do not hold.">
      <![CDATA[org.testng.SkipException: Skipping [rReqTest] because the [rReqRequired] assumption(s) do not hold.
	at nl.javadude.assumeng.AssumptionListener.beforeInvocation(AssumptionListener.java:43)
	at org.testng.internal.invokers.InvokedMethodListenerInvoker$InvokeBeforeInvocationWithoutContextStrategy.callMethod(InvokedMethodListenerInvoker.java:84)
	at org.testng.internal.invokers.InvokedMethodListenerInvoker.invokeListener(InvokedMethodListenerInvoker.java:62)
	at org.testng.internal.Invoker.runInvokedMethodListeners(Invoker.java:552)
	at org.testng.internal.Invoker.invokeMethod(Invoker.java:617)
	at org.testng.internal.Invoker.invokeTestMethod(Invoker.java:821)
	at org.testng.internal.Invoker.invokeTestMethods(Invoker.java:1131)
	at org.testng.internal.TestMethodWorker.invokeTestMethods(TestMethodWorker.java:124)
	at org.testng.internal.TestMethodWorker.run(TestMethodWorker.java:108)
	at java.util.concurrent.ThreadPoolExecutor.runWorker(ThreadPoolExecutor.java:1149)
	at java.util.concurrent.ThreadPoolExecutor$Worker.run(ThreadPoolExecutor.java:624)
	at java.lang.Thread.run(Thread.java:748)
]]>
    </error>
  </testcase> <!-- rReqTest -->
  <testcase name="rReqTest" time="0.021" classname="com.ca.tds.main.TDSFlowTest">
    <error type="org.testng.SkipException" message="Skipping [rReqTest] because the [rReqRequired] assumption(s) do not hold.">
      <![CDATA[org.testng.SkipException: Skipping [rReqTest] because the [rReqRequired] assumption(s) do not hold.
	at nl.javadude.assumeng.AssumptionListener.beforeInvocation(AssumptionListener.java:43)
	at org.testng.internal.invokers.InvokedMethodListenerInvoker$InvokeBeforeInvocationWithoutContextStrategy.callMethod(InvokedMethodListenerInvoker.java:84)
	at org.testng.internal.invokers.InvokedMethodListenerInvoker.invokeListener(InvokedMethodListenerInvoker.java:62)
	at org.testng.internal.Invoker.runInvokedMethodListeners(Invoker.java:552)
	at org.testng.internal.Invoker.invokeMethod(Invoker.java:617)
	at org.testng.internal.Invoker.invokeTestMethod(Invoker.java:821)
	at org.testng.internal.Invoker.invokeTestMethods(Invoker.java:1131)
	at org.testng.internal.TestMethodWorker.invokeTestMethods(TestMethodWorker.java:124)
	at org.testng.internal.TestMethodWorker.run(TestMethodWorker.java:108)
	at java.util.concurrent.ThreadPoolExecutor.runWorker(ThreadPoolExecutor.java:1149)
	at java.util.concurrent.ThreadPoolExecutor$Worker.run(ThreadPoolExecutor.java:624)
	at java.lang.Thread.run(Thread.java:748)
]]>
    </error>
  </testcase> <!-- rReqTest -->
  <testcase name="rReqTest" time="0.023" classname="com.ca.tds.main.TDSFlowTest">
    <error type="org.testng.SkipException" message="Skipping [rReqTest] because the [rReqRequired] assumption(s) do not hold.">
      <![CDATA[org.testng.SkipException: Skipping [rReqTest] because the [rReqRequired] assumption(s) do not hold.
	at nl.javadude.assumeng.AssumptionListener.beforeInvocation(AssumptionListener.java:43)
	at org.testng.internal.invokers.InvokedMethodListenerInvoker$InvokeBeforeInvocationWithoutContextStrategy.callMethod(InvokedMethodListenerInvoker.java:84)
	at org.testng.internal.invokers.InvokedMethodListenerInvoker.invokeListener(InvokedMethodListenerInvoker.java:62)
	at org.testng.internal.Invoker.runInvokedMethodListeners(Invoker.java:552)
	at org.testng.internal.Invoker.invokeMethod(Invoker.java:617)
	at org.testng.internal.Invoker.invokeTestMethod(Invoker.java:821)
	at org.testng.internal.Invoker.invokeTestMethods(Invoker.java:1131)
	at org.testng.internal.TestMethodWorker.invokeTestMethods(TestMethodWorker.java:124)
	at org.testng.internal.TestMethodWorker.run(TestMethodWorker.java:108)
	at java.util.concurrent.ThreadPoolExecutor.runWorker(ThreadPoolExecutor.java:1149)
	at java.util.concurrent.ThreadPoolExecutor$Worker.run(ThreadPoolExecutor.java:624)
	at java.lang.Thread.run(Thread.java:748)
]]>
    </error>
  </testcase> <!-- rReqTest -->
  <testcase name="brwTDSMethodTest" time="0.511" classname="com.ca.tds.main.TDSFlowTest"/>
  <testcase name="brwTDSMethodTest" time="0.508" classname="com.ca.tds.main.TDSFlowTest"/>
  <testcase name="brwPreAreq" time="0.559" classname="com.ca.tds.main.TDSFlowTest">
    <failure type="java.lang.AssertionError" message="ARes response json schema validation failed.&lt;br&gt;expected minLength: 17, actual: 4&lt;br&gt; api response : {&quot;acsTransID&quot;:&quot;332b3f36-1139-43c8-aea7-af7c73091a82&quot;,&quot;dsName&quot;:&quot;visa&quot;,&quot;eci&quot;:&quot;07&quot;,&quot;callerTxnRefID&quot;:&quot;341b7153-da86-4543-860f-2ba47f0168a5&quot;,&quot;dsReferenceNumber&quot;:&quot;CADS&quot;,&quot;acsReferenceNumber&quot;:&quot;ABCDEF987654321&quot;,&quot;messageType&quot;:&quot;ARes&quot;,&quot;dsTransID&quot;:&quot;6eb9c678-b2e5-4f50-bcc1-703e900b7f88&quot;,&quot;transStatusReason&quot;:&quot;09&quot;,&quot;acsOperatorID&quot;:&quot;ACS_OPERATOR_ID&quot;,&quot;messageVersion&quot;:&quot;2.1.0&quot;,&quot;transStatus&quot;:&quot;R&quot;,&quot;threeDSServerTransID&quot;:&quot;297a7cf5-0cd3-4473-87eb-3f77377f2523&quot;}">
      <![CDATA[java.lang.AssertionError: ARes response json schema validation failed.<br>expected minLength: 17, actual: 4<br> api response : {"acsTransID":"332b3f36-1139-43c8-aea7-af7c73091a82","dsName":"visa","eci":"07","callerTxnRefID":"341b7153-da86-4543-860f-2ba47f0168a5","dsReferenceNumber":"CADS","acsReferenceNumber":"ABCDEF987654321","messageType":"ARes","dsTransID":"6eb9c678-b2e5-4f50-bcc1-703e900b7f88","transStatusReason":"09","acsOperatorID":"ACS_OPERATOR_ID","messageVersion":"2.1.0","transStatus":"R","threeDSServerTransID":"297a7cf5-0cd3-4473-87eb-3f77377f2523"}
	at org.testng.Assert.fail(Assert.java:94)
	at com.ca.tds.main.TDSFlowTest.brwPreAreq(TDSFlowTest.java:176)
	at sun.reflect.GeneratedMethodAccessor36.invoke(Unknown Source)
	at sun.reflect.DelegatingMethodAccessorImpl.invoke(DelegatingMethodAccessorImpl.java:43)
	at java.lang.reflect.Method.invoke(Method.java:498)
	at org.testng.internal.MethodInvocationHelper.invokeMethod(MethodInvocationHelper.java:85)
	at org.testng.internal.Invoker.invokeMethod(Invoker.java:639)
	at org.testng.internal.Invoker.invokeTestMethod(Invoker.java:821)
	at org.testng.internal.Invoker.invokeTestMethods(Invoker.java:1131)
	at org.testng.internal.TestMethodWorker.invokeTestMethods(TestMethodWorker.java:124)
	at org.testng.internal.TestMethodWorker.run(TestMethodWorker.java:108)
	at java.util.concurrent.ThreadPoolExecutor.runWorker(ThreadPoolExecutor.java:1149)
	at java.util.concurrent.ThreadPoolExecutor$Worker.run(ThreadPoolExecutor.java:624)
	at java.lang.Thread.run(Thread.java:748)
]]>
    </failure>
  </testcase> <!-- brwPreAreq -->
  <testcase name="verifyAPI" time="0.019" classname="com.ca.tds.main.TDSFlowTest">
    <error type="org.testng.SkipException" message="Skipping [verifyAPI] because the [verifyApiRequired] assumption(s) do not hold.">
      <![CDATA[org.testng.SkipException: Skipping [verifyAPI] because the [verifyApiRequired] assumption(s) do not hold.
	at nl.javadude.assumeng.AssumptionListener.beforeInvocation(AssumptionListener.java:43)
	at org.testng.internal.invokers.InvokedMethodListenerInvoker$InvokeBeforeInvocationWithoutContextStrategy.callMethod(InvokedMethodListenerInvoker.java:84)
	at org.testng.internal.invokers.InvokedMethodListenerInvoker.invokeListener(InvokedMethodListenerInvoker.java:62)
	at org.testng.internal.Invoker.runInvokedMethodListeners(Invoker.java:552)
	at org.testng.internal.Invoker.invokeMethod(Invoker.java:617)
	at org.testng.internal.Invoker.invokeTestMethod(Invoker.java:821)
	at org.testng.internal.Invoker.invokeTestMethods(Invoker.java:1131)
	at org.testng.internal.TestMethodWorker.invokeTestMethods(TestMethodWorker.java:124)
	at org.testng.internal.TestMethodWorker.run(TestMethodWorker.java:108)
	at java.util.concurrent.ThreadPoolExecutor.runWorker(ThreadPoolExecutor.java:1149)
	at java.util.concurrent.ThreadPoolExecutor$Worker.run(ThreadPoolExecutor.java:624)
	at java.lang.Thread.run(Thread.java:748)
]]>
    </error>
  </testcase> <!-- verifyAPI -->
  <testcase name="brwPreAreq" time="0.555" classname="com.ca.tds.main.TDSFlowTest">
    <failure type="java.lang.AssertionError" message="ARes response json schema validation failed.&lt;br&gt;expected minLength: 17, actual: 4&lt;br&gt; api response : {&quot;acsTransID&quot;:&quot;9d9bdc61-da8e-4186-ad6f-d53dec5bb96b&quot;,&quot;dsName&quot;:&quot;visa&quot;,&quot;eci&quot;:&quot;07&quot;,&quot;callerTxnRefID&quot;:&quot;341b7153-da86-4543-860f-2ba47f0168a5&quot;,&quot;dsReferenceNumber&quot;:&quot;CADS&quot;,&quot;acsReferenceNumber&quot;:&quot;ABCDEF987654321&quot;,&quot;messageType&quot;:&quot;ARes&quot;,&quot;dsTransID&quot;:&quot;e8e3bbd3-28e5-47fe-ade8-bc7fc6ace9c2&quot;,&quot;transStatusReason&quot;:&quot;09&quot;,&quot;acsOperatorID&quot;:&quot;ACS_OPERATOR_ID&quot;,&quot;messageVersion&quot;:&quot;2.1.0&quot;,&quot;transStatus&quot;:&quot;R&quot;,&quot;threeDSServerTransID&quot;:&quot;1dedefe8-866a-47c0-9f27-cadc4183d038&quot;}">
      <![CDATA[java.lang.AssertionError: ARes response json schema validation failed.<br>expected minLength: 17, actual: 4<br> api response : {"acsTransID":"9d9bdc61-da8e-4186-ad6f-d53dec5bb96b","dsName":"visa","eci":"07","callerTxnRefID":"341b7153-da86-4543-860f-2ba47f0168a5","dsReferenceNumber":"CADS","acsReferenceNumber":"ABCDEF987654321","messageType":"ARes","dsTransID":"e8e3bbd3-28e5-47fe-ade8-bc7fc6ace9c2","transStatusReason":"09","acsOperatorID":"ACS_OPERATOR_ID","messageVersion":"2.1.0","transStatus":"R","threeDSServerTransID":"1dedefe8-866a-47c0-9f27-cadc4183d038"}
	at org.testng.Assert.fail(Assert.java:94)
	at com.ca.tds.main.TDSFlowTest.brwPreAreq(TDSFlowTest.java:176)
	at sun.reflect.GeneratedMethodAccessor36.invoke(Unknown Source)
	at sun.reflect.DelegatingMethodAccessorImpl.invoke(DelegatingMethodAccessorImpl.java:43)
	at java.lang.reflect.Method.invoke(Method.java:498)
	at org.testng.internal.MethodInvocationHelper.invokeMethod(MethodInvocationHelper.java:85)
	at org.testng.internal.Invoker.invokeMethod(Invoker.java:639)
	at org.testng.internal.Invoker.invokeTestMethod(Invoker.java:821)
	at org.testng.internal.Invoker.invokeTestMethods(Invoker.java:1131)
	at org.testng.internal.TestMethodWorker.invokeTestMethods(TestMethodWorker.java:124)
	at org.testng.internal.TestMethodWorker.run(TestMethodWorker.java:108)
	at java.util.concurrent.ThreadPoolExecutor.runWorker(ThreadPoolExecutor.java:1149)
	at java.util.concurrent.ThreadPoolExecutor$Worker.run(ThreadPoolExecutor.java:624)
	at java.lang.Thread.run(Thread.java:748)
]]>
    </failure>
  </testcase> <!-- brwPreAreq -->
  <testcase name="brwPreAreq" time="0.558" classname="com.ca.tds.main.TDSFlowTest">
    <failure type="java.lang.AssertionError" message="ARes response json schema validation failed.&lt;br&gt;expected minLength: 17, actual: 4&lt;br&gt; api response : {&quot;acsTransID&quot;:&quot;4059e639-3d78-4c83-964c-89a430cc7950&quot;,&quot;dsName&quot;:&quot;visa&quot;,&quot;eci&quot;:&quot;07&quot;,&quot;callerTxnRefID&quot;:&quot;341b7153-da86-4543-860f-2ba47f0168a5&quot;,&quot;dsReferenceNumber&quot;:&quot;CADS&quot;,&quot;acsReferenceNumber&quot;:&quot;ABCDEF987654321&quot;,&quot;messageType&quot;:&quot;ARes&quot;,&quot;dsTransID&quot;:&quot;63a134ee-75f6-4351-8f76-826c4e1879a5&quot;,&quot;transStatusReason&quot;:&quot;09&quot;,&quot;acsOperatorID&quot;:&quot;ACS_OPERATOR_ID&quot;,&quot;messageVersion&quot;:&quot;2.1.0&quot;,&quot;transStatus&quot;:&quot;R&quot;,&quot;threeDSServerTransID&quot;:&quot;8168b631-7171-4dca-89b2-8431f08d69a9&quot;}">
      <![CDATA[java.lang.AssertionError: ARes response json schema validation failed.<br>expected minLength: 17, actual: 4<br> api response : {"acsTransID":"4059e639-3d78-4c83-964c-89a430cc7950","dsName":"visa","eci":"07","callerTxnRefID":"341b7153-da86-4543-860f-2ba47f0168a5","dsReferenceNumber":"CADS","acsReferenceNumber":"ABCDEF987654321","messageType":"ARes","dsTransID":"63a134ee-75f6-4351-8f76-826c4e1879a5","transStatusReason":"09","acsOperatorID":"ACS_OPERATOR_ID","messageVersion":"2.1.0","transStatus":"R","threeDSServerTransID":"8168b631-7171-4dca-89b2-8431f08d69a9"}
	at org.testng.Assert.fail(Assert.java:94)
	at com.ca.tds.main.TDSFlowTest.brwPreAreq(TDSFlowTest.java:176)
	at sun.reflect.GeneratedMethodAccessor36.invoke(Unknown Source)
	at sun.reflect.DelegatingMethodAccessorImpl.invoke(DelegatingMethodAccessorImpl.java:43)
	at java.lang.reflect.Method.invoke(Method.java:498)
	at org.testng.internal.MethodInvocationHelper.invokeMethod(MethodInvocationHelper.java:85)
	at org.testng.internal.Invoker.invokeMethod(Invoker.java:639)
	at org.testng.internal.Invoker.invokeTestMethod(Invoker.java:821)
	at org.testng.internal.Invoker.invokeTestMethods(Invoker.java:1131)
	at org.testng.internal.TestMethodWorker.invokeTestMethods(TestMethodWorker.java:124)
	at org.testng.internal.TestMethodWorker.run(TestMethodWorker.java:108)
	at java.util.concurrent.ThreadPoolExecutor.runWorker(ThreadPoolExecutor.java:1149)
	at java.util.concurrent.ThreadPoolExecutor$Worker.run(ThreadPoolExecutor.java:624)
	at java.lang.Thread.run(Thread.java:748)
]]>
    </failure>
  </testcase> <!-- brwPreAreq -->
  <testcase name="rReqTest" time="0.017" classname="com.ca.tds.main.TDSFlowTest">
    <error type="org.testng.SkipException" message="Skipping [rReqTest] because the [rReqRequired] assumption(s) do not hold.">
      <![CDATA[org.testng.SkipException: Skipping [rReqTest] because the [rReqRequired] assumption(s) do not hold.
	at nl.javadude.assumeng.AssumptionListener.beforeInvocation(AssumptionListener.java:43)
	at org.testng.internal.invokers.InvokedMethodListenerInvoker$InvokeBeforeInvocationWithoutContextStrategy.callMethod(InvokedMethodListenerInvoker.java:84)
	at org.testng.internal.invokers.InvokedMethodListenerInvoker.invokeListener(InvokedMethodListenerInvoker.java:62)
	at org.testng.internal.Invoker.runInvokedMethodListeners(Invoker.java:552)
	at org.testng.internal.Invoker.invokeMethod(Invoker.java:617)
	at org.testng.internal.Invoker.invokeTestMethod(Invoker.java:821)
	at org.testng.internal.Invoker.invokeTestMethods(Invoker.java:1131)
	at org.testng.internal.TestMethodWorker.invokeTestMethods(TestMethodWorker.java:124)
	at org.testng.internal.TestMethodWorker.run(TestMethodWorker.java:108)
	at java.util.concurrent.ThreadPoolExecutor.runWorker(ThreadPoolExecutor.java:1149)
	at java.util.concurrent.ThreadPoolExecutor$Worker.run(ThreadPoolExecutor.java:624)
	at java.lang.Thread.run(Thread.java:748)
]]>
    </error>
  </testcase> <!-- rReqTest -->
  <testcase name="brwTDSMethodTest" time="0.505" classname="com.ca.tds.main.TDSFlowTest"/>
  <testcase name="rReqTest" time="0.018" classname="com.ca.tds.main.TDSFlowTest">
    <error type="org.testng.SkipException" message="Skipping [rReqTest] because the [rReqRequired] assumption(s) do not hold.">
      <![CDATA[org.testng.SkipException: Skipping [rReqTest] because the [rReqRequired] assumption(s) do not hold.
	at nl.javadude.assumeng.AssumptionListener.beforeInvocation(AssumptionListener.java:43)
	at org.testng.internal.invokers.InvokedMethodListenerInvoker$InvokeBeforeInvocationWithoutContextStrategy.callMethod(InvokedMethodListenerInvoker.java:84)
	at org.testng.internal.invokers.InvokedMethodListenerInvoker.invokeListener(InvokedMethodListenerInvoker.java:62)
	at org.testng.internal.Invoker.runInvokedMethodListeners(Invoker.java:552)
	at org.testng.internal.Invoker.invokeMethod(Invoker.java:617)
	at org.testng.internal.Invoker.invokeTestMethod(Invoker.java:821)
	at org.testng.internal.Invoker.invokeTestMethods(Invoker.java:1131)
	at org.testng.internal.TestMethodWorker.invokeTestMethods(TestMethodWorker.java:124)
	at org.testng.internal.TestMethodWorker.run(TestMethodWorker.java:108)
	at java.util.concurrent.ThreadPoolExecutor.runWorker(ThreadPoolExecutor.java:1149)
	at java.util.concurrent.ThreadPoolExecutor$Worker.run(ThreadPoolExecutor.java:624)
	at java.lang.Thread.run(Thread.java:748)
]]>
    </error>
  </testcase> <!-- rReqTest -->
  <testcase name="brwTDSMethodTest" time="0.497" classname="com.ca.tds.main.TDSFlowTest"/>
  <testcase name="rReqTest" time="0.036" classname="com.ca.tds.main.TDSFlowTest">
    <error type="org.testng.SkipException" message="Skipping [rReqTest] because the [rReqRequired] assumption(s) do not hold.">
      <![CDATA[org.testng.SkipException: Skipping [rReqTest] because the [rReqRequired] assumption(s) do not hold.
	at nl.javadude.assumeng.AssumptionListener.beforeInvocation(AssumptionListener.java:43)
	at org.testng.internal.invokers.InvokedMethodListenerInvoker$InvokeBeforeInvocationWithoutContextStrategy.callMethod(InvokedMethodListenerInvoker.java:84)
	at org.testng.internal.invokers.InvokedMethodListenerInvoker.invokeListener(InvokedMethodListenerInvoker.java:62)
	at org.testng.internal.Invoker.runInvokedMethodListeners(Invoker.java:552)
	at org.testng.internal.Invoker.invokeMethod(Invoker.java:617)
	at org.testng.internal.Invoker.invokeTestMethod(Invoker.java:821)
	at org.testng.internal.Invoker.invokeTestMethods(Invoker.java:1131)
	at org.testng.internal.TestMethodWorker.invokeTestMethods(TestMethodWorker.java:124)
	at org.testng.internal.TestMethodWorker.run(TestMethodWorker.java:108)
	at java.util.concurrent.ThreadPoolExecutor.runWorker(ThreadPoolExecutor.java:1149)
	at java.util.concurrent.ThreadPoolExecutor$Worker.run(ThreadPoolExecutor.java:624)
	at java.lang.Thread.run(Thread.java:748)
]]>
    </error>
  </testcase> <!-- rReqTest -->
  <testcase name="rReqTest" time="0.019" classname="com.ca.tds.main.TDSFlowTest">
    <error type="org.testng.SkipException" message="Skipping [rReqTest] because the [rReqRequired] assumption(s) do not hold.">
      <![CDATA[org.testng.SkipException: Skipping [rReqTest] because the [rReqRequired] assumption(s) do not hold.
	at nl.javadude.assumeng.AssumptionListener.beforeInvocation(AssumptionListener.java:43)
	at org.testng.internal.invokers.InvokedMethodListenerInvoker$InvokeBeforeInvocationWithoutContextStrategy.callMethod(InvokedMethodListenerInvoker.java:84)
	at org.testng.internal.invokers.InvokedMethodListenerInvoker.invokeListener(InvokedMethodListenerInvoker.java:62)
	at org.testng.internal.Invoker.runInvokedMethodListeners(Invoker.java:552)
	at org.testng.internal.Invoker.invokeMethod(Invoker.java:617)
	at org.testng.internal.Invoker.invokeTestMethod(Invoker.java:821)
	at org.testng.internal.Invoker.invokeTestMethods(Invoker.java:1131)
	at org.testng.internal.TestMethodWorker.invokeTestMethods(TestMethodWorker.java:124)
	at org.testng.internal.TestMethodWorker.run(TestMethodWorker.java:108)
	at java.util.concurrent.ThreadPoolExecutor.runWorker(ThreadPoolExecutor.java:1149)
	at java.util.concurrent.ThreadPoolExecutor$Worker.run(ThreadPoolExecutor.java:624)
	at java.lang.Thread.run(Thread.java:748)
]]>
    </error>
  </testcase> <!-- rReqTest -->
  <testcase name="verifyAPI" time="0.019" classname="com.ca.tds.main.TDSFlowTest">
    <error type="org.testng.SkipException" message="Skipping [verifyAPI] because the [verifyApiRequired] assumption(s) do not hold.">
      <![CDATA[org.testng.SkipException: Skipping [verifyAPI] because the [verifyApiRequired] assumption(s) do not hold.
	at nl.javadude.assumeng.AssumptionListener.beforeInvocation(AssumptionListener.java:43)
	at org.testng.internal.invokers.InvokedMethodListenerInvoker$InvokeBeforeInvocationWithoutContextStrategy.callMethod(InvokedMethodListenerInvoker.java:84)
	at org.testng.internal.invokers.InvokedMethodListenerInvoker.invokeListener(InvokedMethodListenerInvoker.java:62)
	at org.testng.internal.Invoker.runInvokedMethodListeners(Invoker.java:552)
	at org.testng.internal.Invoker.invokeMethod(Invoker.java:617)
	at org.testng.internal.Invoker.invokeTestMethod(Invoker.java:821)
	at org.testng.internal.Invoker.invokeTestMethods(Invoker.java:1131)
	at org.testng.internal.TestMethodWorker.invokeTestMethods(TestMethodWorker.java:124)
	at org.testng.internal.TestMethodWorker.run(TestMethodWorker.java:108)
	at java.util.concurrent.ThreadPoolExecutor.runWorker(ThreadPoolExecutor.java:1149)
	at java.util.concurrent.ThreadPoolExecutor$Worker.run(ThreadPoolExecutor.java:624)
	at java.lang.Thread.run(Thread.java:748)
]]>
    </error>
  </testcase> <!-- verifyAPI -->
  <testcase name="rReqTest" time="0.018" classname="com.ca.tds.main.TDSFlowTest">
    <error type="org.testng.SkipException" message="Skipping [rReqTest] because the [rReqRequired] assumption(s) do not hold.">
      <![CDATA[org.testng.SkipException: Skipping [rReqTest] because the [rReqRequired] assumption(s) do not hold.
	at nl.javadude.assumeng.AssumptionListener.beforeInvocation(AssumptionListener.java:43)
	at org.testng.internal.invokers.InvokedMethodListenerInvoker$InvokeBeforeInvocationWithoutContextStrategy.callMethod(InvokedMethodListenerInvoker.java:84)
	at org.testng.internal.invokers.InvokedMethodListenerInvoker.invokeListener(InvokedMethodListenerInvoker.java:62)
	at org.testng.internal.Invoker.runInvokedMethodListeners(Invoker.java:552)
	at org.testng.internal.Invoker.invokeMethod(Invoker.java:617)
	at org.testng.internal.Invoker.invokeTestMethod(Invoker.java:821)
	at org.testng.internal.Invoker.invokeTestMethods(Invoker.java:1131)
	at org.testng.internal.TestMethodWorker.invokeTestMethods(TestMethodWorker.java:124)
	at org.testng.internal.TestMethodWorker.run(TestMethodWorker.java:108)
	at java.util.concurrent.ThreadPoolExecutor.runWorker(ThreadPoolExecutor.java:1149)
	at java.util.concurrent.ThreadPoolExecutor$Worker.run(ThreadPoolExecutor.java:624)
	at java.lang.Thread.run(Thread.java:748)
]]>
    </error>
  </testcase> <!-- rReqTest -->
  <testcase name="brwPreAreq" time="0.543" classname="com.ca.tds.main.TDSFlowTest">
    <failure type="java.lang.AssertionError" message="ARes response json schema validation failed.&lt;br&gt;expected minLength: 17, actual: 4&lt;br&gt; api response : {&quot;acsTransID&quot;:&quot;7d8bbde0-32d4-435a-a77e-b7749842159b&quot;,&quot;dsName&quot;:&quot;mastercard&quot;,&quot;eci&quot;:&quot;07&quot;,&quot;callerTxnRefID&quot;:&quot;341b7153-da86-4543-860f-2ba47f0168a5&quot;,&quot;dsReferenceNumber&quot;:&quot;CADS&quot;,&quot;acsReferenceNumber&quot;:&quot;ABCDEF987654321&quot;,&quot;messageType&quot;:&quot;ARes&quot;,&quot;dsTransID&quot;:&quot;b6b96bc8-4cec-426d-a45c-3fab0fafd7ab&quot;,&quot;transStatusReason&quot;:&quot;09&quot;,&quot;acsOperatorID&quot;:&quot;ACS_OPERATOR_ID&quot;,&quot;messageVersion&quot;:&quot;2.1.0&quot;,&quot;transStatus&quot;:&quot;R&quot;,&quot;threeDSServerTransID&quot;:&quot;3cec0ae3-d4e7-4743-9dae-298efd28f4ca&quot;}">
      <![CDATA[java.lang.AssertionError: ARes response json schema validation failed.<br>expected minLength: 17, actual: 4<br> api response : {"acsTransID":"7d8bbde0-32d4-435a-a77e-b7749842159b","dsName":"mastercard","eci":"07","callerTxnRefID":"341b7153-da86-4543-860f-2ba47f0168a5","dsReferenceNumber":"CADS","acsReferenceNumber":"ABCDEF987654321","messageType":"ARes","dsTransID":"b6b96bc8-4cec-426d-a45c-3fab0fafd7ab","transStatusReason":"09","acsOperatorID":"ACS_OPERATOR_ID","messageVersion":"2.1.0","transStatus":"R","threeDSServerTransID":"3cec0ae3-d4e7-4743-9dae-298efd28f4ca"}
	at org.testng.Assert.fail(Assert.java:94)
	at com.ca.tds.main.TDSFlowTest.brwPreAreq(TDSFlowTest.java:176)
	at sun.reflect.GeneratedMethodAccessor36.invoke(Unknown Source)
	at sun.reflect.DelegatingMethodAccessorImpl.invoke(DelegatingMethodAccessorImpl.java:43)
	at java.lang.reflect.Method.invoke(Method.java:498)
	at org.testng.internal.MethodInvocationHelper.invokeMethod(MethodInvocationHelper.java:85)
	at org.testng.internal.Invoker.invokeMethod(Invoker.java:639)
	at org.testng.internal.Invoker.invokeTestMethod(Invoker.java:821)
	at org.testng.internal.Invoker.invokeTestMethods(Invoker.java:1131)
	at org.testng.internal.TestMethodWorker.invokeTestMethods(TestMethodWorker.java:124)
	at org.testng.internal.TestMethodWorker.run(TestMethodWorker.java:108)
	at java.util.concurrent.ThreadPoolExecutor.runWorker(ThreadPoolExecutor.java:1149)
	at java.util.concurrent.ThreadPoolExecutor$Worker.run(ThreadPoolExecutor.java:624)
	at java.lang.Thread.run(Thread.java:748)
]]>
    </failure>
  </testcase> <!-- brwPreAreq -->
  <testcase name="rReqTest" time="0.022" classname="com.ca.tds.main.TDSFlowTest">
    <error type="org.testng.SkipException" message="Skipping [rReqTest] because the [rReqRequired] assumption(s) do not hold.">
      <![CDATA[org.testng.SkipException: Skipping [rReqTest] because the [rReqRequired] assumption(s) do not hold.
	at nl.javadude.assumeng.AssumptionListener.beforeInvocation(AssumptionListener.java:43)
	at org.testng.internal.invokers.InvokedMethodListenerInvoker$InvokeBeforeInvocationWithoutContextStrategy.callMethod(InvokedMethodListenerInvoker.java:84)
	at org.testng.internal.invokers.InvokedMethodListenerInvoker.invokeListener(InvokedMethodListenerInvoker.java:62)
	at org.testng.internal.Invoker.runInvokedMethodListeners(Invoker.java:552)
	at org.testng.internal.Invoker.invokeMethod(Invoker.java:617)
	at org.testng.internal.Invoker.invokeTestMethod(Invoker.java:821)
	at org.testng.internal.Invoker.invokeTestMethods(Invoker.java:1131)
	at org.testng.internal.TestMethodWorker.invokeTestMethods(TestMethodWorker.java:124)
	at org.testng.internal.TestMethodWorker.run(TestMethodWorker.java:108)
	at java.util.concurrent.ThreadPoolExecutor.runWorker(ThreadPoolExecutor.java:1149)
	at java.util.concurrent.ThreadPoolExecutor$Worker.run(ThreadPoolExecutor.java:624)
	at java.lang.Thread.run(Thread.java:748)
]]>
    </error>
  </testcase> <!-- rReqTest -->
</testsuite> <!-- com.ca.tds.main.TDSFlowTest -->
