<?xml version="1.0" encoding="UTF-8"?>
<!-- Generated by org.testng.reporters.JUnitReportReporter -->
<testsuite skipped="0" hostname="7BB9LQ2" name="com.ca.tds.main.IdempotencyAReq" tests="6" failures="0" timestamp="20 Nov 2019 09:53:17 GMT" time="8.043" errors="0">
  <testcase name="testArequestAPI" time="1.361" classname="com.ca.tds.main.IdempotencyAReq"/>
  <testcase name="testArequestAPI" time="1.277" classname="com.ca.tds.main.IdempotencyAReq"/>
  <testcase name="testArequestAPI" time="1.555" classname="com.ca.tds.main.IdempotencyAReq"/>
  <testcase name="testArequestAPI" time="1.221" classname="com.ca.tds.main.IdempotencyAReq"/>
  <testcase name="testArequestAPI" time="1.335" classname="com.ca.tds.main.IdempotencyAReq"/>
  <testcase name="testArequestAPI" time="1.294" classname="com.ca.tds.main.IdempotencyAReq"/>
</testsuite> <!-- com.ca.tds.main.IdempotencyAReq -->
