<?xml version="1.0" encoding="UTF-8"?>
<!-- Generated by org.testng.reporters.JUnitReportReporter -->
<testsuite hostname="7BB9LQ2" failures="0" tests="1" name="com.ca.tds.main.InvalidTransid" time="1.970" errors="0" timestamp="2020-02-14T12:41:59 IST" skipped="0">
  <testcase classname="com.ca.tds.main.InvalidTransid" name="invalidtxnID" time="1.970"/>
</testsuite> <!-- com.ca.tds.main.InvalidTransid -->
