<?xml version="1.0" encoding="UTF-8"?>
<!-- Generated by org.testng.reporters.JUnitReportReporter -->
<testsuite hostname="7BB9LQ2" failures="0" tests="9" name="com.ca.tds.main.IdempotencyAReq" time="335.980" errors="0" timestamp="2020-02-19T19:14:46 IST" skipped="0">
  <testcase classname="com.ca.tds.main.IdempotencyAReq" name="testArequestAPI" time="5.103"/>
  <testcase classname="com.ca.tds.main.IdempotencyAReq" name="testArequestAPI" time="2.338"/>
  <testcase classname="com.ca.tds.main.IdempotencyAReq" name="testArequestAPI" time="97.589"/>
  <testcase classname="com.ca.tds.main.IdempotencyAReq" name="testArequestAPI" time="2.332"/>
  <testcase classname="com.ca.tds.main.IdempotencyAReq" name="testArequestAPI" time="5.008"/>
  <testcase classname="com.ca.tds.main.IdempotencyAReq" name="testArequestAPI" time="91.022"/>
  <testcase classname="com.ca.tds.main.IdempotencyAReq" name="testArequestAPI" time="3.892"/>
  <testcase classname="com.ca.tds.main.IdempotencyAReq" name="testArequestAPI" time="5.131"/>
  <testcase classname="com.ca.tds.main.IdempotencyAReq" name="testArequestAPI" time="123.565"/>
</testsuite> <!-- com.ca.tds.main.IdempotencyAReq -->
