<?xml version="1.0" encoding="UTF-8"?>
<!-- Generated by org.testng.reporters.JUnitReportReporter -->
<testsuite hostname="7BB9LQ2" failures="0" tests="6" name="com.ca.tds.main.TDSMethodURL_TC" time="22.744" errors="0" timestamp="2020-04-09T14:52:25 IST" skipped="0">
  <testcase classname="com.ca.tds.main.TDSMethodURL_TC" name="testArequestAPI" time="3.881"/>
  <testcase classname="com.ca.tds.main.TDSMethodURL_TC" name="testArequestAPI" time="3.518"/>
  <testcase classname="com.ca.tds.main.TDSMethodURL_TC" name="testArequestAPI" time="3.714"/>
  <testcase classname="com.ca.tds.main.TDSMethodURL_TC" name="testArequestAPI" time="3.243"/>
  <testcase classname="com.ca.tds.main.TDSMethodURL_TC" name="testArequestAPI" time="4.957"/>
  <testcase classname="com.ca.tds.main.TDSMethodURL_TC" name="testArequestAPI" time="3.431"/>
</testsuite> <!-- com.ca.tds.main.TDSMethodURL_TC -->
