<?xml version="1.0" encoding="UTF-8"?>
<!-- Generated by org.testng.reporters.JUnitReportReporter -->
<testsuite skipped="0" hostname="7BB9LQ2" name="com.ca.tds.main.TDSMethodURL_TC" tests="6" failures="0" timestamp="27 Nov 2019 06:28:27 GMT" time="4.712" errors="0">
  <testcase name="testArequestAPI" time="0.774" classname="com.ca.tds.main.TDSMethodURL_TC"/>
  <testcase name="testArequestAPI" time="0.765" classname="com.ca.tds.main.TDSMethodURL_TC"/>
  <testcase name="testArequestAPI" time="0.766" classname="com.ca.tds.main.TDSMethodURL_TC"/>
  <testcase name="testArequestAPI" time="0.862" classname="com.ca.tds.main.TDSMethodURL_TC"/>
  <testcase name="testArequestAPI" time="0.778" classname="com.ca.tds.main.TDSMethodURL_TC"/>
  <testcase name="testArequestAPI" time="0.767" classname="com.ca.tds.main.TDSMethodURL_TC"/>
</testsuite> <!-- com.ca.tds.main.TDSMethodURL_TC -->
