<?xml version="1.0" encoding="UTF-8"?>
<!-- Generated by org.testng.reporters.JUnitReportReporter -->
<testsuite hostname="7BB9LQ2" failures="0" tests="3" name="com.ca.tds.main.TDSMethodURL_TC" time="8.146" errors="0" timestamp="2020-02-19T19:14:46 IST" skipped="0">
  <testcase classname="com.ca.tds.main.TDSMethodURL_TC" name="testArequestAPI" time="2.601"/>
  <testcase classname="com.ca.tds.main.TDSMethodURL_TC" name="testArequestAPI" time="3.136"/>
  <testcase classname="com.ca.tds.main.TDSMethodURL_TC" name="testArequestAPI" time="2.409"/>
</testsuite> <!-- com.ca.tds.main.TDSMethodURL_TC -->
