<?xml version="1.0" encoding="UTF-8"?>
<!-- Generated by org.testng.reporters.JUnitReportReporter -->
<testsuite hostname="7BB9LQ2" failures="0" tests="12" name="com.ca.tds.main.StartandEndProtocolversion" time="1316.509" errors="0" timestamp="2020-02-25T17:05:06 IST" skipped="0">
  <testcase classname="com.ca.tds.main.StartandEndProtocolversion" name="startEndProtocolversion" time="111.876"/>
  <testcase classname="com.ca.tds.main.StartandEndProtocolversion" name="startEndProtocolversion" time="111.285"/>
  <testcase classname="com.ca.tds.main.StartandEndProtocolversion" name="startEndProtocolversion" time="109.843"/>
  <testcase classname="com.ca.tds.main.StartandEndProtocolversion" name="startEndProtocolversion" time="108.592"/>
  <testcase classname="com.ca.tds.main.StartandEndProtocolversion" name="startEndProtocolversion" time="110.102"/>
  <testcase classname="com.ca.tds.main.StartandEndProtocolversion" name="startEndProtocolversion" time="108.362"/>
  <testcase classname="com.ca.tds.main.StartandEndProtocolversion" name="startEndProtocolversion" time="109.374"/>
  <testcase classname="com.ca.tds.main.StartandEndProtocolversion" name="startEndProtocolversion" time="109.573"/>
  <testcase classname="com.ca.tds.main.StartandEndProtocolversion" name="startEndProtocolversion" time="109.438"/>
  <testcase classname="com.ca.tds.main.StartandEndProtocolversion" name="startEndProtocolversion" time="108.770"/>
  <testcase classname="com.ca.tds.main.StartandEndProtocolversion" name="startEndProtocolversion" time="109.751"/>
  <testcase classname="com.ca.tds.main.StartandEndProtocolversion" name="startEndProtocolversion" time="109.543"/>
</testsuite> <!-- com.ca.tds.main.StartandEndProtocolversion -->
