<?xml version="1.0" encoding="UTF-8"?>
<!-- Generated by org.testng.reporters.JUnitReportReporter -->
<testsuite skipped="0" hostname="7BB9LQ2" name="com.ca.tds.main.IdempotencyAReq" tests="6" failures="0" timestamp="23 Oct 2019 05:15:48 GMT" time="7.894" errors="0">
  <testcase name="testArequestAPI" time="1.274" classname="com.ca.tds.main.IdempotencyAReq"/>
  <testcase name="testArequestAPI" time="1.366" classname="com.ca.tds.main.IdempotencyAReq"/>
  <testcase name="testArequestAPI" time="1.460" classname="com.ca.tds.main.IdempotencyAReq"/>
  <testcase name="testArequestAPI" time="1.318" classname="com.ca.tds.main.IdempotencyAReq"/>
  <testcase name="testArequestAPI" time="1.212" classname="com.ca.tds.main.IdempotencyAReq"/>
  <testcase name="testArequestAPI" time="1.264" classname="com.ca.tds.main.IdempotencyAReq"/>
</testsuite> <!-- com.ca.tds.main.IdempotencyAReq -->
