<?xml version="1.0" encoding="UTF-8"?>
<!-- Generated by org.testng.reporters.JUnitReportReporter -->
<testsuite hostname="7BB9LQ2" failures="0" tests="12" name="com.ca.tds.main.TDSPreAreq_TC" time="8.266" errors="0" timestamp="2020-03-24T14:36:17 IST" skipped="0">
  <testcase classname="com.ca.tds.main.TDSPreAreq_TC" name="testArequestAPI" time="0.678"/>
  <testcase classname="com.ca.tds.main.TDSPreAreq_TC" name="testArequestAPI" time="0.577"/>
  <testcase classname="com.ca.tds.main.TDSPreAreq_TC" name="testArequestAPI" time="0.680"/>
  <testcase classname="com.ca.tds.main.TDSPreAreq_TC" name="testArequestAPI" time="0.584"/>
  <testcase classname="com.ca.tds.main.TDSPreAreq_TC" name="testArequestAPI" time="1.254"/>
  <testcase classname="com.ca.tds.main.TDSPreAreq_TC" name="testArequestAPI" time="0.728"/>
  <testcase classname="com.ca.tds.main.TDSPreAreq_TC" name="testArequestAPI" time="0.602"/>
  <testcase classname="com.ca.tds.main.TDSPreAreq_TC" name="testArequestAPI" time="0.615"/>
  <testcase classname="com.ca.tds.main.TDSPreAreq_TC" name="testArequestAPI" time="0.597"/>
  <testcase classname="com.ca.tds.main.TDSPreAreq_TC" name="testArequestAPI" time="0.637"/>
  <testcase classname="com.ca.tds.main.TDSPreAreq_TC" name="testArequestAPI" time="0.724"/>
  <testcase classname="com.ca.tds.main.TDSPreAreq_TC" name="testArequestAPI" time="0.590"/>
</testsuite> <!-- com.ca.tds.main.TDSPreAreq_TC -->
