<?xml version="1.0" encoding="UTF-8"?>
<!-- Generated by org.testng.reporters.JUnitReportReporter -->
<testsuite hostname="7BB9LQ2" failures="0" tests="34" name="com.ca.tds.main.TDSMethodURL_TC" time="62.516" errors="0" timestamp="2020-02-10T18:03:16 IST" skipped="0">
  <testcase classname="com.ca.tds.main.TDSMethodURL_TC" name="testArequestAPI" time="1.783"/>
  <testcase classname="com.ca.tds.main.TDSMethodURL_TC" name="testArequestAPI" time="1.807"/>
  <testcase classname="com.ca.tds.main.TDSMethodURL_TC" name="testArequestAPI" time="1.610"/>
  <testcase classname="com.ca.tds.main.TDSMethodURL_TC" name="testArequestAPI" time="1.585"/>
  <testcase classname="com.ca.tds.main.TDSMethodURL_TC" name="testArequestAPI" time="1.892"/>
  <testcase classname="com.ca.tds.main.TDSMethodURL_TC" name="testArequestAPI" time="2.025"/>
  <testcase classname="com.ca.tds.main.TDSMethodURL_TC" name="testArequestAPI" time="1.776"/>
  <testcase classname="com.ca.tds.main.TDSMethodURL_TC" name="testArequestAPI" time="1.793"/>
  <testcase classname="com.ca.tds.main.TDSMethodURL_TC" name="testArequestAPI" time="2.530"/>
  <testcase classname="com.ca.tds.main.TDSMethodURL_TC" name="testArequestAPI" time="1.638"/>
  <testcase classname="com.ca.tds.main.TDSMethodURL_TC" name="testArequestAPI" time="1.697"/>
  <testcase classname="com.ca.tds.main.TDSMethodURL_TC" name="testArequestAPI" time="1.583"/>
  <testcase classname="com.ca.tds.main.TDSMethodURL_TC" name="testArequestAPI" time="1.608"/>
  <testcase classname="com.ca.tds.main.TDSMethodURL_TC" name="testArequestAPI" time="1.718"/>
  <testcase classname="com.ca.tds.main.TDSMethodURL_TC" name="testArequestAPI" time="1.787"/>
  <testcase classname="com.ca.tds.main.TDSMethodURL_TC" name="testArequestAPI" time="2.068"/>
  <testcase classname="com.ca.tds.main.TDSMethodURL_TC" name="testArequestAPI" time="1.773"/>
  <testcase classname="com.ca.tds.main.TDSMethodURL_TC" name="testArequestAPI" time="2.121"/>
  <testcase classname="com.ca.tds.main.TDSMethodURL_TC" name="testArequestAPI" time="1.590"/>
  <testcase classname="com.ca.tds.main.TDSMethodURL_TC" name="testArequestAPI" time="1.639"/>
  <testcase classname="com.ca.tds.main.TDSMethodURL_TC" name="testArequestAPI" time="2.104"/>
  <testcase classname="com.ca.tds.main.TDSMethodURL_TC" name="testArequestAPI" time="2.176"/>
  <testcase classname="com.ca.tds.main.TDSMethodURL_TC" name="testArequestAPI" time="1.831"/>
  <testcase classname="com.ca.tds.main.TDSMethodURL_TC" name="testArequestAPI" time="1.671"/>
  <testcase classname="com.ca.tds.main.TDSMethodURL_TC" name="testArequestAPI" time="2.050"/>
  <testcase classname="com.ca.tds.main.TDSMethodURL_TC" name="testArequestAPI" time="2.036"/>
  <testcase classname="com.ca.tds.main.TDSMethodURL_TC" name="testArequestAPI" time="2.561"/>
  <testcase classname="com.ca.tds.main.TDSMethodURL_TC" name="testArequestAPI" time="1.610"/>
  <testcase classname="com.ca.tds.main.TDSMethodURL_TC" name="testArequestAPI" time="2.084"/>
  <testcase classname="com.ca.tds.main.TDSMethodURL_TC" name="testArequestAPI" time="1.576"/>
  <testcase classname="com.ca.tds.main.TDSMethodURL_TC" name="testArequestAPI" time="1.551"/>
  <testcase classname="com.ca.tds.main.TDSMethodURL_TC" name="testArequestAPI" time="1.599"/>
  <testcase classname="com.ca.tds.main.TDSMethodURL_TC" name="testArequestAPI" time="1.741"/>
  <testcase classname="com.ca.tds.main.TDSMethodURL_TC" name="testArequestAPI" time="1.903"/>
</testsuite> <!-- com.ca.tds.main.TDSMethodURL_TC -->
