<?xml version="1.0" encoding="UTF-8"?>
<!-- Generated by org.testng.reporters.JUnitReportReporter -->
<testsuite hostname="7BB9LQ2" failures="0" tests="6" name="com.ca.tds.main.IdempotencyAReq" time="17.593" errors="0" timestamp="2020-04-09T14:52:25 IST" skipped="0">
  <testcase classname="com.ca.tds.main.IdempotencyAReq" name="testArequestAPI" time="3.171"/>
  <testcase classname="com.ca.tds.main.IdempotencyAReq" name="testArequestAPI" time="3.062"/>
  <testcase classname="com.ca.tds.main.IdempotencyAReq" name="testArequestAPI" time="2.836"/>
  <testcase classname="com.ca.tds.main.IdempotencyAReq" name="testArequestAPI" time="2.535"/>
  <testcase classname="com.ca.tds.main.IdempotencyAReq" name="testArequestAPI" time="3.528"/>
  <testcase classname="com.ca.tds.main.IdempotencyAReq" name="testArequestAPI" time="2.461"/>
</testsuite> <!-- com.ca.tds.main.IdempotencyAReq -->
