<?xml version="1.0" encoding="UTF-8"?>
<!-- Generated by org.testng.reporters.JUnitReportReporter -->
<testsuite hostname="7BB9LQ2" failures="6" tests="6" name="com.ca.tds.main.TDSRReq_TC" time="3.211" errors="0" timestamp="2020-03-24T14:36:17 IST" skipped="0">
  <testcase classname="com.ca.tds.main.TDSRReq_TC" name="testRRequestAPI" time="0.518">
    <failure message="errorComponent: S, errorCode: 403, errorDescription:CA Merchant Server:: Internal Transient error occured for this transaction  errorDetail : Failed to get DB context, threeDSServerTransID : 4a6502a0-e663-44f6-b81d-454e6de2f6a0" type="java.lang.AssertionError">
      <![CDATA[java.lang.AssertionError: errorComponent: S, errorCode: 403, errorDescription:CA Merchant Server:: Internal Transient error occured for this transaction  errorDetail : Failed to get DB context, threeDSServerTransID : 4a6502a0-e663-44f6-b81d-454e6de2f6a0
at org.testng.Assert.fail(Assert.java:97)
at com.ca.tds.main.TDSRReq_TC.testRRequestAPI(TDSRReq_TC.java:111)
at java.base/jdk.internal.reflect.NativeMethodAccessorImpl.invoke0(Native Method)
at java.base/jdk.internal.reflect.NativeMethodAccessorImpl.invoke(NativeMethodAccessorImpl.java:62)
at java.base/jdk.internal.reflect.DelegatingMethodAccessorImpl.invoke(DelegatingMethodAccessorImpl.java:43)
at java.base/java.lang.reflect.Method.invoke(Method.java:566)
at org.testng.internal.MethodInvocationHelper.invokeMethod(MethodInvocationHelper.java:133)
at org.testng.internal.TestInvoker.invokeMethod(TestInvoker.java:584)
at org.testng.internal.TestInvoker.invokeTestMethod(TestInvoker.java:172)
at org.testng.internal.MethodRunner.runInSequence(MethodRunner.java:46)
at org.testng.internal.TestInvoker$MethodInvocationAgent.invoke(TestInvoker.java:804)
at org.testng.internal.TestInvoker.invokeTestMethods(TestInvoker.java:145)
at org.testng.internal.TestMethodWorker.invokeTestMethods(TestMethodWorker.java:146)
at org.testng.internal.TestMethodWorker.run(TestMethodWorker.java:128)
at java.base/java.util.concurrent.ThreadPoolExecutor.runWorker(ThreadPoolExecutor.java:1128)
at java.base/java.util.concurrent.ThreadPoolExecutor$Worker.run(ThreadPoolExecutor.java:628)
at java.base/java.lang.Thread.run(Thread.java:834)
]]>
    </failure>
  </testcase> <!-- testRRequestAPI -->
  <testcase classname="com.ca.tds.main.TDSRReq_TC" name="testRRequestAPI" time="0.503">
    <failure message="errorComponent: S, errorCode: 403, errorDescription:CA Merchant Server:: Internal Transient error occured for this transaction  errorDetail : Failed to get DB context, threeDSServerTransID : d9c219eb-e69e-4a4f-b155-45b040cbe147" type="java.lang.AssertionError">
      <![CDATA[java.lang.AssertionError: errorComponent: S, errorCode: 403, errorDescription:CA Merchant Server:: Internal Transient error occured for this transaction  errorDetail : Failed to get DB context, threeDSServerTransID : d9c219eb-e69e-4a4f-b155-45b040cbe147
at org.testng.Assert.fail(Assert.java:97)
at com.ca.tds.main.TDSRReq_TC.testRRequestAPI(TDSRReq_TC.java:111)
at java.base/jdk.internal.reflect.NativeMethodAccessorImpl.invoke0(Native Method)
at java.base/jdk.internal.reflect.NativeMethodAccessorImpl.invoke(NativeMethodAccessorImpl.java:62)
at java.base/jdk.internal.reflect.DelegatingMethodAccessorImpl.invoke(DelegatingMethodAccessorImpl.java:43)
at java.base/java.lang.reflect.Method.invoke(Method.java:566)
at org.testng.internal.MethodInvocationHelper.invokeMethod(MethodInvocationHelper.java:133)
at org.testng.internal.TestInvoker.invokeMethod(TestInvoker.java:584)
at org.testng.internal.TestInvoker.invokeTestMethod(TestInvoker.java:172)
at org.testng.internal.MethodRunner.runInSequence(MethodRunner.java:46)
at org.testng.internal.TestInvoker$MethodInvocationAgent.invoke(TestInvoker.java:804)
at org.testng.internal.TestInvoker.invokeTestMethods(TestInvoker.java:145)
at org.testng.internal.TestMethodWorker.invokeTestMethods(TestMethodWorker.java:146)
at org.testng.internal.TestMethodWorker.run(TestMethodWorker.java:128)
at java.base/java.util.concurrent.ThreadPoolExecutor.runWorker(ThreadPoolExecutor.java:1128)
at java.base/java.util.concurrent.ThreadPoolExecutor$Worker.run(ThreadPoolExecutor.java:628)
at java.base/java.lang.Thread.run(Thread.java:834)
]]>
    </failure>
  </testcase> <!-- testRRequestAPI -->
  <testcase classname="com.ca.tds.main.TDSRReq_TC" name="testRRequestAPI" time="0.597">
    <failure message="errorComponent: S, errorCode: 403, errorDescription:CA Merchant Server:: Internal Transient error occured for this transaction  errorDetail : Failed to get DB context, threeDSServerTransID : c1ec97a1-bba9-41b0-9025-224644f5ddb5" type="java.lang.AssertionError">
      <![CDATA[java.lang.AssertionError: errorComponent: S, errorCode: 403, errorDescription:CA Merchant Server:: Internal Transient error occured for this transaction  errorDetail : Failed to get DB context, threeDSServerTransID : c1ec97a1-bba9-41b0-9025-224644f5ddb5
at org.testng.Assert.fail(Assert.java:97)
at com.ca.tds.main.TDSRReq_TC.testRRequestAPI(TDSRReq_TC.java:111)
at java.base/jdk.internal.reflect.NativeMethodAccessorImpl.invoke0(Native Method)
at java.base/jdk.internal.reflect.NativeMethodAccessorImpl.invoke(NativeMethodAccessorImpl.java:62)
at java.base/jdk.internal.reflect.DelegatingMethodAccessorImpl.invoke(DelegatingMethodAccessorImpl.java:43)
at java.base/java.lang.reflect.Method.invoke(Method.java:566)
at org.testng.internal.MethodInvocationHelper.invokeMethod(MethodInvocationHelper.java:133)
at org.testng.internal.TestInvoker.invokeMethod(TestInvoker.java:584)
at org.testng.internal.TestInvoker.invokeTestMethod(TestInvoker.java:172)
at org.testng.internal.MethodRunner.runInSequence(MethodRunner.java:46)
at org.testng.internal.TestInvoker$MethodInvocationAgent.invoke(TestInvoker.java:804)
at org.testng.internal.TestInvoker.invokeTestMethods(TestInvoker.java:145)
at org.testng.internal.TestMethodWorker.invokeTestMethods(TestMethodWorker.java:146)
at org.testng.internal.TestMethodWorker.run(TestMethodWorker.java:128)
at java.base/java.util.concurrent.ThreadPoolExecutor.runWorker(ThreadPoolExecutor.java:1128)
at java.base/java.util.concurrent.ThreadPoolExecutor$Worker.run(ThreadPoolExecutor.java:628)
at java.base/java.lang.Thread.run(Thread.java:834)
]]>
    </failure>
  </testcase> <!-- testRRequestAPI -->
  <testcase classname="com.ca.tds.main.TDSRReq_TC" name="testRRequestAPI" time="0.561">
    <failure message="errorComponent: S, errorCode: 403, errorDescription:CA Merchant Server:: Internal Transient error occured for this transaction  errorDetail : Failed to get DB context, threeDSServerTransID : 95af4697-1b74-4437-83d8-5059d0868748" type="java.lang.AssertionError">
      <![CDATA[java.lang.AssertionError: errorComponent: S, errorCode: 403, errorDescription:CA Merchant Server:: Internal Transient error occured for this transaction  errorDetail : Failed to get DB context, threeDSServerTransID : 95af4697-1b74-4437-83d8-5059d0868748
at org.testng.Assert.fail(Assert.java:97)
at com.ca.tds.main.TDSRReq_TC.testRRequestAPI(TDSRReq_TC.java:111)
at java.base/jdk.internal.reflect.NativeMethodAccessorImpl.invoke0(Native Method)
at java.base/jdk.internal.reflect.NativeMethodAccessorImpl.invoke(NativeMethodAccessorImpl.java:62)
at java.base/jdk.internal.reflect.DelegatingMethodAccessorImpl.invoke(DelegatingMethodAccessorImpl.java:43)
at java.base/java.lang.reflect.Method.invoke(Method.java:566)
at org.testng.internal.MethodInvocationHelper.invokeMethod(MethodInvocationHelper.java:133)
at org.testng.internal.TestInvoker.invokeMethod(TestInvoker.java:584)
at org.testng.internal.TestInvoker.invokeTestMethod(TestInvoker.java:172)
at org.testng.internal.MethodRunner.runInSequence(MethodRunner.java:46)
at org.testng.internal.TestInvoker$MethodInvocationAgent.invoke(TestInvoker.java:804)
at org.testng.internal.TestInvoker.invokeTestMethods(TestInvoker.java:145)
at org.testng.internal.TestMethodWorker.invokeTestMethods(TestMethodWorker.java:146)
at org.testng.internal.TestMethodWorker.run(TestMethodWorker.java:128)
at java.base/java.util.concurrent.ThreadPoolExecutor.runWorker(ThreadPoolExecutor.java:1128)
at java.base/java.util.concurrent.ThreadPoolExecutor$Worker.run(ThreadPoolExecutor.java:628)
at java.base/java.lang.Thread.run(Thread.java:834)
]]>
    </failure>
  </testcase> <!-- testRRequestAPI -->
  <testcase classname="com.ca.tds.main.TDSRReq_TC" name="testRRequestAPI" time="0.520">
    <failure message="errorComponent: S, errorCode: 403, errorDescription:CA Merchant Server:: Internal Transient error occured for this transaction  errorDetail : Failed to get DB context, threeDSServerTransID : 6bffbd04-7008-4c0f-ac55-8633a4de44b7" type="java.lang.AssertionError">
      <![CDATA[java.lang.AssertionError: errorComponent: S, errorCode: 403, errorDescription:CA Merchant Server:: Internal Transient error occured for this transaction  errorDetail : Failed to get DB context, threeDSServerTransID : 6bffbd04-7008-4c0f-ac55-8633a4de44b7
at org.testng.Assert.fail(Assert.java:97)
at com.ca.tds.main.TDSRReq_TC.testRRequestAPI(TDSRReq_TC.java:111)
at java.base/jdk.internal.reflect.NativeMethodAccessorImpl.invoke0(Native Method)
at java.base/jdk.internal.reflect.NativeMethodAccessorImpl.invoke(NativeMethodAccessorImpl.java:62)
at java.base/jdk.internal.reflect.DelegatingMethodAccessorImpl.invoke(DelegatingMethodAccessorImpl.java:43)
at java.base/java.lang.reflect.Method.invoke(Method.java:566)
at org.testng.internal.MethodInvocationHelper.invokeMethod(MethodInvocationHelper.java:133)
at org.testng.internal.TestInvoker.invokeMethod(TestInvoker.java:584)
at org.testng.internal.TestInvoker.invokeTestMethod(TestInvoker.java:172)
at org.testng.internal.MethodRunner.runInSequence(MethodRunner.java:46)
at org.testng.internal.TestInvoker$MethodInvocationAgent.invoke(TestInvoker.java:804)
at org.testng.internal.TestInvoker.invokeTestMethods(TestInvoker.java:145)
at org.testng.internal.TestMethodWorker.invokeTestMethods(TestMethodWorker.java:146)
at org.testng.internal.TestMethodWorker.run(TestMethodWorker.java:128)
at java.base/java.util.concurrent.ThreadPoolExecutor.runWorker(ThreadPoolExecutor.java:1128)
at java.base/java.util.concurrent.ThreadPoolExecutor$Worker.run(ThreadPoolExecutor.java:628)
at java.base/java.lang.Thread.run(Thread.java:834)
]]>
    </failure>
  </testcase> <!-- testRRequestAPI -->
  <testcase classname="com.ca.tds.main.TDSRReq_TC" name="testRRequestAPI" time="0.512">
    <failure message="errorComponent: S, errorCode: 403, errorDescription:CA Merchant Server:: Internal Transient error occured for this transaction  errorDetail : Failed to get DB context, threeDSServerTransID : 47bad248-276e-4c55-903e-7c53fda82173" type="java.lang.AssertionError">
      <![CDATA[java.lang.AssertionError: errorComponent: S, errorCode: 403, errorDescription:CA Merchant Server:: Internal Transient error occured for this transaction  errorDetail : Failed to get DB context, threeDSServerTransID : 47bad248-276e-4c55-903e-7c53fda82173
at org.testng.Assert.fail(Assert.java:97)
at com.ca.tds.main.TDSRReq_TC.testRRequestAPI(TDSRReq_TC.java:111)
at java.base/jdk.internal.reflect.NativeMethodAccessorImpl.invoke0(Native Method)
at java.base/jdk.internal.reflect.NativeMethodAccessorImpl.invoke(NativeMethodAccessorImpl.java:62)
at java.base/jdk.internal.reflect.DelegatingMethodAccessorImpl.invoke(DelegatingMethodAccessorImpl.java:43)
at java.base/java.lang.reflect.Method.invoke(Method.java:566)
at org.testng.internal.MethodInvocationHelper.invokeMethod(MethodInvocationHelper.java:133)
at org.testng.internal.TestInvoker.invokeMethod(TestInvoker.java:584)
at org.testng.internal.TestInvoker.invokeTestMethod(TestInvoker.java:172)
at org.testng.internal.MethodRunner.runInSequence(MethodRunner.java:46)
at org.testng.internal.TestInvoker$MethodInvocationAgent.invoke(TestInvoker.java:804)
at org.testng.internal.TestInvoker.invokeTestMethods(TestInvoker.java:145)
at org.testng.internal.TestMethodWorker.invokeTestMethods(TestMethodWorker.java:146)
at org.testng.internal.TestMethodWorker.run(TestMethodWorker.java:128)
at java.base/java.util.concurrent.ThreadPoolExecutor.runWorker(ThreadPoolExecutor.java:1128)
at java.base/java.util.concurrent.ThreadPoolExecutor$Worker.run(ThreadPoolExecutor.java:628)
at java.base/java.lang.Thread.run(Thread.java:834)
]]>
    </failure>
  </testcase> <!-- testRRequestAPI -->
</testsuite> <!-- com.ca.tds.main.TDSRReq_TC -->
