<?xml version="1.0" encoding="UTF-8"?>
<!-- Generated by org.testng.reporters.JUnitReportReporter -->
<testsuite skipped="0" hostname="7BB9LQ2" name="com.ca.tds.main.IdempotencyAReq" tests="6" failures="0" timestamp="24 Oct 2019 09:17:14 GMT" time="15.334" errors="0">
  <testcase name="testArequestAPI" time="2.310" classname="com.ca.tds.main.IdempotencyAReq"/>
  <testcase name="testArequestAPI" time="2.226" classname="com.ca.tds.main.IdempotencyAReq"/>
  <testcase name="testArequestAPI" time="2.381" classname="com.ca.tds.main.IdempotencyAReq"/>
  <testcase name="testArequestAPI" time="2.636" classname="com.ca.tds.main.IdempotencyAReq"/>
  <testcase name="testArequestAPI" time="3.172" classname="com.ca.tds.main.IdempotencyAReq"/>
  <testcase name="testArequestAPI" time="2.609" classname="com.ca.tds.main.IdempotencyAReq"/>
</testsuite> <!-- com.ca.tds.main.IdempotencyAReq -->
