<?xml version="1.0" encoding="UTF-8"?>
<!-- Generated by org.testng.reporters.JUnitReportReporter -->
<testsuite hostname="7BB9LQ2" failures="0" tests="6" name="com.ca.tds.main.TDSVerifyAPI_TC" time="6.704" errors="0" timestamp="2020-04-08T20:51:19 IST" skipped="0">
  <testcase classname="com.ca.tds.main.TDSVerifyAPI_TC" name="testArequestAPI" time="2.202"/>
  <testcase classname="com.ca.tds.main.TDSVerifyAPI_TC" name="testArequestAPI" time="0.565"/>
  <testcase classname="com.ca.tds.main.TDSVerifyAPI_TC" name="testArequestAPI" time="0.548"/>
  <testcase classname="com.ca.tds.main.TDSVerifyAPI_TC" name="testArequestAPI" time="2.257"/>
  <testcase classname="com.ca.tds.main.TDSVerifyAPI_TC" name="testArequestAPI" time="0.552"/>
  <testcase classname="com.ca.tds.main.TDSVerifyAPI_TC" name="testArequestAPI" time="0.580"/>
</testsuite> <!-- com.ca.tds.main.TDSVerifyAPI_TC -->
