<?xml version="1.0" encoding="UTF-8"?>
<!-- Generated by org.testng.reporters.JUnitReportReporter -->
<testsuite skipped="0" hostname="7BB9LQ2" name="com.ca.tds.main.TDSPreAreq_TC" tests="5" failures="4" timestamp="22 Oct 2019 12:00:02 GMT" time="779.482" errors="0">
  <testcase name="testArequestAPI" time="8.779" classname="com.ca.tds.main.TDSPreAreq_TC"/>
  <testcase name="testArequestAPI" time="134.041" classname="com.ca.tds.main.TDSPreAreq_TC">
    <failure type="java.lang.AssertionError" message="Json response json schema validation failed.&lt;br&gt;expected minLength: 1, actual: 0&lt;br&gt; api response : {&quot;errorComponent&quot;:&quot;D&quot;,&quot;acsTransID&quot;:&quot;f1ec8a53-2883-4398-99d7-25b338a3ab48&quot;,&quot;errorDescription&quot;:&quot;System Connection Failure&quot;,&quot;messageType&quot;:&quot;Erro&quot;,&quot;dsTransID&quot;:&quot;10151dd1-18db-4d94-bf4d-b4b955a28f3c&quot;,&quot;errorCode&quot;:&quot;&quot;,&quot;errorDetail&quot;:&quot;the sending component is unable to establish connection to the receiving component.&quot;,&quot;errorMessageType&quot;:&quot;ARes&quot;,&quot;messageVersion&quot;:&quot;2.1.0&quot;,&quot;threeDSServerTransID&quot;:&quot;560875fc-266a-4df9-aa67-2d5cf2e3eae4&quot;}">
      <![CDATA[java.lang.AssertionError: Json response json schema validation failed.<br>expected minLength: 1, actual: 0<br> api response : {"errorComponent":"D","acsTransID":"f1ec8a53-2883-4398-99d7-25b338a3ab48","errorDescription":"System Connection Failure","messageType":"Erro","dsTransID":"10151dd1-18db-4d94-bf4d-b4b955a28f3c","errorCode":"","errorDetail":"the sending component is unable to establish connection to the receiving component.","errorMessageType":"ARes","messageVersion":"2.1.0","threeDSServerTransID":"560875fc-266a-4df9-aa67-2d5cf2e3eae4"}
at org.testng.Assert.fail(Assert.java:96)
at com.ca.tds.main.TDSPreAreq_TC.testArequestAPI(TDSPreAreq_TC.java:134)
at sun.reflect.NativeMethodAccessorImpl.invoke0(Native Method)
at sun.reflect.NativeMethodAccessorImpl.invoke(NativeMethodAccessorImpl.java:62)
at sun.reflect.DelegatingMethodAccessorImpl.invoke(DelegatingMethodAccessorImpl.java:43)
at java.lang.reflect.Method.invoke(Method.java:498)
at org.testng.internal.MethodInvocationHelper.invokeMethod(MethodInvocationHelper.java:124)
at org.testng.internal.Invoker.invokeMethod(Invoker.java:583)
at org.testng.internal.Invoker.invokeTestMethod(Invoker.java:719)
at org.testng.internal.Invoker.invokeTestMethods(Invoker.java:989)
at org.testng.internal.TestMethodWorker.invokeTestMethods(TestMethodWorker.java:125)
at org.testng.internal.TestMethodWorker.run(TestMethodWorker.java:109)
at java.util.concurrent.ThreadPoolExecutor.runWorker(ThreadPoolExecutor.java:1149)
at java.util.concurrent.ThreadPoolExecutor$Worker.run(ThreadPoolExecutor.java:624)
at java.lang.Thread.run(Thread.java:748)
]]>
    </failure>
  </testcase> <!-- testArequestAPI -->
  <testcase name="testArequestAPI" time="21.606" classname="com.ca.tds.main.TDSPreAreq_TC">
    <failure type="java.lang.AssertionError" message="Json response json schema validation failed.&lt;br&gt;expected minLength: 1, actual: 0&lt;br&gt; api response : {&quot;errorComponent&quot;:&quot;&quot;,&quot;errorDescription&quot;:&quot;System Connection Failure&quot;,&quot;messageType&quot;:&quot;Erro&quot;,&quot;dsTransID&quot;:&quot;1e5ae401-b9d5-465c-8414-534463fb810a&quot;,&quot;errorCode&quot;:&quot;405&quot;,&quot;errorDetail&quot;:&quot;the sending component is unable to establish connection to the receiving component.&quot;,&quot;errorMessageType&quot;:&quot;ARes&quot;,&quot;messageVersion&quot;:&quot;2.1.0&quot;,&quot;threeDSServerTransID&quot;:&quot;345ec7ce-47b1-4dcd-9a1a-6b173f1e2f93&quot;}">
      <![CDATA[java.lang.AssertionError: Json response json schema validation failed.<br>expected minLength: 1, actual: 0<br> api response : {"errorComponent":"","errorDescription":"System Connection Failure","messageType":"Erro","dsTransID":"1e5ae401-b9d5-465c-8414-534463fb810a","errorCode":"405","errorDetail":"the sending component is unable to establish connection to the receiving component.","errorMessageType":"ARes","messageVersion":"2.1.0","threeDSServerTransID":"345ec7ce-47b1-4dcd-9a1a-6b173f1e2f93"}
at org.testng.Assert.fail(Assert.java:96)
at com.ca.tds.main.TDSPreAreq_TC.testArequestAPI(TDSPreAreq_TC.java:134)
at sun.reflect.NativeMethodAccessorImpl.invoke0(Native Method)
at sun.reflect.NativeMethodAccessorImpl.invoke(NativeMethodAccessorImpl.java:62)
at sun.reflect.DelegatingMethodAccessorImpl.invoke(DelegatingMethodAccessorImpl.java:43)
at java.lang.reflect.Method.invoke(Method.java:498)
at org.testng.internal.MethodInvocationHelper.invokeMethod(MethodInvocationHelper.java:124)
at org.testng.internal.Invoker.invokeMethod(Invoker.java:583)
at org.testng.internal.Invoker.invokeTestMethod(Invoker.java:719)
at org.testng.internal.Invoker.invokeTestMethods(Invoker.java:989)
at org.testng.internal.TestMethodWorker.invokeTestMethods(TestMethodWorker.java:125)
at org.testng.internal.TestMethodWorker.run(TestMethodWorker.java:109)
at java.util.concurrent.ThreadPoolExecutor.runWorker(ThreadPoolExecutor.java:1149)
at java.util.concurrent.ThreadPoolExecutor$Worker.run(ThreadPoolExecutor.java:624)
at java.lang.Thread.run(Thread.java:748)
]]>
    </failure>
  </testcase> <!-- testArequestAPI -->
  <testcase name="testArequestAPI" time="418.982" classname="com.ca.tds.main.TDSPreAreq_TC">
    <failure type="java.lang.AssertionError" message="Json response json schema validation failed.&lt;br&gt;expected maxLength: 3, actual: 6&lt;br&gt; api response : {&quot;errorComponent&quot;:&quot;D&quot;,&quot;acsTransID&quot;:&quot;11fe6411-019f-40ad-bc67-aef029aa460f&quot;,&quot;errorDescription&quot;:&quot;System Connection Failure&quot;,&quot;messageType&quot;:&quot;Erro&quot;,&quot;dsTransID&quot;:&quot;1d76d538-6309-439b-bcbd-f61250b7cd95&quot;,&quot;errorCode&quot;:&quot; $中文:D&quot;,&quot;errorDetail&quot;:&quot;the sending component is unable to establish connection to the receiving component.&quot;,&quot;errorMessageType&quot;:&quot;ARes&quot;,&quot;messageVersion&quot;:&quot;2.1.0&quot;,&quot;threeDSServerTransID&quot;:&quot;eb9ed526-dd50-4c53-9c5a-eb1ed7d2c31a&quot;}">
      <![CDATA[java.lang.AssertionError: Json response json schema validation failed.<br>expected maxLength: 3, actual: 6<br> api response : {"errorComponent":"D","acsTransID":"11fe6411-019f-40ad-bc67-aef029aa460f","errorDescription":"System Connection Failure","messageType":"Erro","dsTransID":"1d76d538-6309-439b-bcbd-f61250b7cd95","errorCode":" $中文:D","errorDetail":"the sending component is unable to establish connection to the receiving component.","errorMessageType":"ARes","messageVersion":"2.1.0","threeDSServerTransID":"eb9ed526-dd50-4c53-9c5a-eb1ed7d2c31a"}
at org.testng.Assert.fail(Assert.java:96)
at com.ca.tds.main.TDSPreAreq_TC.testArequestAPI(TDSPreAreq_TC.java:134)
at sun.reflect.NativeMethodAccessorImpl.invoke0(Native Method)
at sun.reflect.NativeMethodAccessorImpl.invoke(NativeMethodAccessorImpl.java:62)
at sun.reflect.DelegatingMethodAccessorImpl.invoke(DelegatingMethodAccessorImpl.java:43)
at java.lang.reflect.Method.invoke(Method.java:498)
at org.testng.internal.MethodInvocationHelper.invokeMethod(MethodInvocationHelper.java:124)
at org.testng.internal.Invoker.invokeMethod(Invoker.java:583)
at org.testng.internal.Invoker.invokeTestMethod(Invoker.java:719)
at org.testng.internal.Invoker.invokeTestMethods(Invoker.java:989)
at org.testng.internal.TestMethodWorker.invokeTestMethods(TestMethodWorker.java:125)
at org.testng.internal.TestMethodWorker.run(TestMethodWorker.java:109)
at java.util.concurrent.ThreadPoolExecutor.runWorker(ThreadPoolExecutor.java:1149)
at java.util.concurrent.ThreadPoolExecutor$Worker.run(ThreadPoolExecutor.java:624)
at java.lang.Thread.run(Thread.java:748)
]]>
    </failure>
  </testcase> <!-- testArequestAPI -->
  <testcase name="testArequestAPI" time="196.074" classname="com.ca.tds.main.TDSPreAreq_TC">
    <failure type="java.lang.AssertionError" message="Json response json schema validation failed.&lt;br&gt;2 schema violations found&lt;br&gt; api response : {&quot;errorComponent&quot;:&quot;D&quot;,&quot;acsTransID&quot;:&quot;97cbd9d1-2e85-4351-a73f-5dba19a03431&quot;,&quot;errorDescription&quot;:&quot;&quot;,&quot;messageType&quot;:&quot;Erro&quot;,&quot;dsTransID&quot;:&quot;23b7c50b-c491-4648-a136-4a275e9c96ba&quot;,&quot;errorCode&quot;:&quot;&quot;,&quot;errorDetail&quot;:&quot;the sending component is unable to establish connection to the receiving component.&quot;,&quot;errorMessageType&quot;:&quot;ARes&quot;,&quot;messageVersion&quot;:&quot;2.1.0&quot;,&quot;threeDSServerTransID&quot;:&quot;416b036d-9776-428e-a54c-a81d5d718183&quot;}">
      <![CDATA[java.lang.AssertionError: Json response json schema validation failed.<br>2 schema violations found<br> api response : {"errorComponent":"D","acsTransID":"97cbd9d1-2e85-4351-a73f-5dba19a03431","errorDescription":"","messageType":"Erro","dsTransID":"23b7c50b-c491-4648-a136-4a275e9c96ba","errorCode":"","errorDetail":"the sending component is unable to establish connection to the receiving component.","errorMessageType":"ARes","messageVersion":"2.1.0","threeDSServerTransID":"416b036d-9776-428e-a54c-a81d5d718183"}
at org.testng.Assert.fail(Assert.java:96)
at com.ca.tds.main.TDSPreAreq_TC.testArequestAPI(TDSPreAreq_TC.java:134)
at sun.reflect.NativeMethodAccessorImpl.invoke0(Native Method)
at sun.reflect.NativeMethodAccessorImpl.invoke(NativeMethodAccessorImpl.java:62)
at sun.reflect.DelegatingMethodAccessorImpl.invoke(DelegatingMethodAccessorImpl.java:43)
at java.lang.reflect.Method.invoke(Method.java:498)
at org.testng.internal.MethodInvocationHelper.invokeMethod(MethodInvocationHelper.java:124)
at org.testng.internal.Invoker.invokeMethod(Invoker.java:583)
at org.testng.internal.Invoker.invokeTestMethod(Invoker.java:719)
at org.testng.internal.Invoker.invokeTestMethods(Invoker.java:989)
at org.testng.internal.TestMethodWorker.invokeTestMethods(TestMethodWorker.java:125)
at org.testng.internal.TestMethodWorker.run(TestMethodWorker.java:109)
at java.util.concurrent.ThreadPoolExecutor.runWorker(ThreadPoolExecutor.java:1149)
at java.util.concurrent.ThreadPoolExecutor$Worker.run(ThreadPoolExecutor.java:624)
at java.lang.Thread.run(Thread.java:748)
]]>
    </failure>
  </testcase> <!-- testArequestAPI -->
</testsuite> <!-- com.ca.tds.main.TDSPreAreq_TC -->
