<?xml version="1.0" encoding="UTF-8"?>
<!-- Generated by org.testng.reporters.JUnitReportReporter -->
<testsuite skipped="0" hostname="7BB9LQ2" name="com.ca.tds.main.TDSVerifyAPI_TC" tests="6" failures="0" timestamp="28 Nov 2019 13:38:16 GMT" time="8.962" errors="0">
  <testcase name="testArequestAPI" time="0.936" classname="com.ca.tds.main.TDSVerifyAPI_TC"/>
  <testcase name="testArequestAPI" time="1.001" classname="com.ca.tds.main.TDSVerifyAPI_TC"/>
  <testcase name="testArequestAPI" time="2.863" classname="com.ca.tds.main.TDSVerifyAPI_TC"/>
  <testcase name="testArequestAPI" time="0.566" classname="com.ca.tds.main.TDSVerifyAPI_TC"/>
  <testcase name="testArequestAPI" time="2.713" classname="com.ca.tds.main.TDSVerifyAPI_TC"/>
  <testcase name="testArequestAPI" time="0.883" classname="com.ca.tds.main.TDSVerifyAPI_TC"/>
</testsuite> <!-- com.ca.tds.main.TDSVerifyAPI_TC -->
