<?xml version="1.0" encoding="UTF-8"?>
<!-- Generated by org.testng.reporters.JUnitReportReporter -->
<testsuite skipped="0" hostname="7BB9LQ2" name="com.ca.tds.main.TDSMethodURL_TC" tests="6" failures="2" timestamp="20 Jan 2020 12:39:07 GMT" time="3.691" errors="0">
  <testcase name="testArequestAPI" time="0.587" classname="com.ca.tds.main.TDSMethodURL_TC"/>
  <testcase name="testArequestAPI" time="0.597" classname="com.ca.tds.main.TDSMethodURL_TC">
    <failure type="java.lang.AssertionError" message="errorComponent: S, errorCode: S, errorDescription:No DS configured for this PAN - Not found in Card Range Cache">
      <![CDATA[java.lang.AssertionError: errorComponent: S, errorCode: S, errorDescription:No DS configured for this PAN - Not found in Card Range Cache
at org.testng.Assert.fail(Assert.java:96)
at com.ca.tds.main.TDSMethodURL_TC.testArequestAPI(TDSMethodURL_TC.java:64)
at sun.reflect.NativeMethodAccessorImpl.invoke0(Native Method)
at sun.reflect.NativeMethodAccessorImpl.invoke(NativeMethodAccessorImpl.java:62)
at sun.reflect.DelegatingMethodAccessorImpl.invoke(DelegatingMethodAccessorImpl.java:43)
at java.lang.reflect.Method.invoke(Method.java:498)
at org.testng.internal.MethodInvocationHelper.invokeMethod(MethodInvocationHelper.java:124)
at org.testng.internal.Invoker.invokeMethod(Invoker.java:583)
at org.testng.internal.Invoker.invokeTestMethod(Invoker.java:719)
at org.testng.internal.Invoker.invokeTestMethods(Invoker.java:989)
at org.testng.internal.TestMethodWorker.invokeTestMethods(TestMethodWorker.java:125)
at org.testng.internal.TestMethodWorker.run(TestMethodWorker.java:109)
at java.util.concurrent.ThreadPoolExecutor.runWorker(ThreadPoolExecutor.java:1149)
at java.util.concurrent.ThreadPoolExecutor$Worker.run(ThreadPoolExecutor.java:624)
at java.lang.Thread.run(Thread.java:748)
]]>
    </failure>
  </testcase> <!-- testArequestAPI -->
  <testcase name="testArequestAPI" time="0.789" classname="com.ca.tds.main.TDSMethodURL_TC"/>
  <testcase name="testArequestAPI" time="0.560" classname="com.ca.tds.main.TDSMethodURL_TC"/>
  <testcase name="testArequestAPI" time="0.569" classname="com.ca.tds.main.TDSMethodURL_TC">
    <failure type="java.lang.AssertionError" message="errorComponent: S, errorCode: S, errorDescription:No DS configured for this PAN - Not found in Card Range Cache">
      <![CDATA[java.lang.AssertionError: errorComponent: S, errorCode: S, errorDescription:No DS configured for this PAN - Not found in Card Range Cache
at org.testng.Assert.fail(Assert.java:96)
at com.ca.tds.main.TDSMethodURL_TC.testArequestAPI(TDSMethodURL_TC.java:64)
at sun.reflect.NativeMethodAccessorImpl.invoke0(Native Method)
at sun.reflect.NativeMethodAccessorImpl.invoke(NativeMethodAccessorImpl.java:62)
at sun.reflect.DelegatingMethodAccessorImpl.invoke(DelegatingMethodAccessorImpl.java:43)
at java.lang.reflect.Method.invoke(Method.java:498)
at org.testng.internal.MethodInvocationHelper.invokeMethod(MethodInvocationHelper.java:124)
at org.testng.internal.Invoker.invokeMethod(Invoker.java:583)
at org.testng.internal.Invoker.invokeTestMethod(Invoker.java:719)
at org.testng.internal.Invoker.invokeTestMethods(Invoker.java:989)
at org.testng.internal.TestMethodWorker.invokeTestMethods(TestMethodWorker.java:125)
at org.testng.internal.TestMethodWorker.run(TestMethodWorker.java:109)
at java.util.concurrent.ThreadPoolExecutor.runWorker(ThreadPoolExecutor.java:1149)
at java.util.concurrent.ThreadPoolExecutor$Worker.run(ThreadPoolExecutor.java:624)
at java.lang.Thread.run(Thread.java:748)
]]>
    </failure>
  </testcase> <!-- testArequestAPI -->
  <testcase name="testArequestAPI" time="0.589" classname="com.ca.tds.main.TDSMethodURL_TC"/>
</testsuite> <!-- com.ca.tds.main.TDSMethodURL_TC -->
