<?xml version="1.0" encoding="UTF-8"?>
<!-- Generated by org.testng.reporters.JUnitReportReporter -->
<testsuite skipped="0" hostname="7BB9LQ2" name="com.ca.tds.main.TDSVerifyAPI_TC" tests="6" failures="0" timestamp="20 Dec 2019 14:10:44 GMT" time="9.089" errors="0">
  <testcase name="testArequestAPI" time="0.762" classname="com.ca.tds.main.TDSVerifyAPI_TC"/>
  <testcase name="testArequestAPI" time="0.822" classname="com.ca.tds.main.TDSVerifyAPI_TC"/>
  <testcase name="testArequestAPI" time="3.059" classname="com.ca.tds.main.TDSVerifyAPI_TC"/>
  <testcase name="testArequestAPI" time="0.806" classname="com.ca.tds.main.TDSVerifyAPI_TC"/>
  <testcase name="testArequestAPI" time="2.820" classname="com.ca.tds.main.TDSVerifyAPI_TC"/>
  <testcase name="testArequestAPI" time="0.820" classname="com.ca.tds.main.TDSVerifyAPI_TC"/>
</testsuite> <!-- com.ca.tds.main.TDSVerifyAPI_TC -->
