<?xml version="1.0" encoding="UTF-8"?>
<!-- Generated by org.testng.reporters.JUnitReportReporter -->
<testsuite skipped="0" hostname="7BB9LQ2" name="com.ca.tds.main.TDSMethodURL_TC" tests="6" failures="0" timestamp="15 Nov 2019 11:05:41 GMT" time="3.228" errors="0">
  <testcase name="testArequestAPI" time="0.545" classname="com.ca.tds.main.TDSMethodURL_TC"/>
  <testcase name="testArequestAPI" time="0.538" classname="com.ca.tds.main.TDSMethodURL_TC"/>
  <testcase name="testArequestAPI" time="0.532" classname="com.ca.tds.main.TDSMethodURL_TC"/>
  <testcase name="testArequestAPI" time="0.532" classname="com.ca.tds.main.TDSMethodURL_TC"/>
  <testcase name="testArequestAPI" time="0.532" classname="com.ca.tds.main.TDSMethodURL_TC"/>
  <testcase name="testArequestAPI" time="0.549" classname="com.ca.tds.main.TDSMethodURL_TC"/>
</testsuite> <!-- com.ca.tds.main.TDSMethodURL_TC -->
