<?xml version="1.0" encoding="UTF-8"?>
<!-- Generated by org.testng.reporters.JUnitReportReporter -->
<testsuite hostname="7BB9LQ2" failures="0" tests="1" name="com.ca.tds.utilityfiles.PostAreq" time="0.262" errors="0" timestamp="2020-02-20T18:36:45 IST" skipped="0">
  <testcase classname="com.ca.tds.utilityfiles.PostAreq" name="Areqpost" time="0.262"/>
</testsuite> <!-- com.ca.tds.utilityfiles.PostAreq -->
