<?xml version="1.0" encoding="UTF-8"?>
<!-- Generated by org.testng.reporters.JUnitReportReporter -->
<testsuite hostname="7BB9LQ2" failures="0" tests="6" name="com.ca.tds.main.TDSRReq_TC" time="3.428" errors="0" timestamp="2020-04-08T20:51:19 IST" skipped="0">
  <testcase classname="com.ca.tds.main.TDSRReq_TC" name="testRRequestAPI" time="0.603"/>
  <testcase classname="com.ca.tds.main.TDSRReq_TC" name="testRRequestAPI" time="0.545"/>
  <testcase classname="com.ca.tds.main.TDSRReq_TC" name="testRRequestAPI" time="0.566"/>
  <testcase classname="com.ca.tds.main.TDSRReq_TC" name="testRRequestAPI" time="0.548"/>
  <testcase classname="com.ca.tds.main.TDSRReq_TC" name="testRRequestAPI" time="0.615"/>
  <testcase classname="com.ca.tds.main.TDSRReq_TC" name="testRRequestAPI" time="0.551"/>
</testsuite> <!-- com.ca.tds.main.TDSRReq_TC -->
