<?xml version="1.0" encoding="UTF-8"?>
<!-- Generated by org.testng.reporters.JUnitReportReporter -->
<testsuite skipped="0" hostname="7BB9LQ2" name="com.ca.tds.main.TDSMethodURL_TC" tests="6" failures="0" timestamp="24 Oct 2019 09:36:53 GMT" time="5.715" errors="0">
  <testcase name="testArequestAPI" time="0.622" classname="com.ca.tds.main.TDSMethodURL_TC"/>
  <testcase name="testArequestAPI" time="2.091" classname="com.ca.tds.main.TDSMethodURL_TC"/>
  <testcase name="testArequestAPI" time="0.959" classname="com.ca.tds.main.TDSMethodURL_TC"/>
  <testcase name="testArequestAPI" time="0.638" classname="com.ca.tds.main.TDSMethodURL_TC"/>
  <testcase name="testArequestAPI" time="0.744" classname="com.ca.tds.main.TDSMethodURL_TC"/>
  <testcase name="testArequestAPI" time="0.661" classname="com.ca.tds.main.TDSMethodURL_TC"/>
</testsuite> <!-- com.ca.tds.main.TDSMethodURL_TC -->
