<?xml version="1.0" encoding="UTF-8"?>
<!-- Generated by org.testng.reporters.JUnitReportReporter -->
<testsuite hostname="7BB9LQ2" failures="0" tests="12" name="com.ca.tds.main.TDSPreAreq_TC" time="41.463" errors="0" timestamp="2020-04-09T14:52:25 IST" skipped="0">
  <testcase classname="com.ca.tds.main.TDSPreAreq_TC" name="testArequestAPI" time="4.210"/>
  <testcase classname="com.ca.tds.main.TDSPreAreq_TC" name="testArequestAPI" time="3.571"/>
  <testcase classname="com.ca.tds.main.TDSPreAreq_TC" name="testArequestAPI" time="3.054"/>
  <testcase classname="com.ca.tds.main.TDSPreAreq_TC" name="testArequestAPI" time="3.223"/>
  <testcase classname="com.ca.tds.main.TDSPreAreq_TC" name="testArequestAPI" time="3.191"/>
  <testcase classname="com.ca.tds.main.TDSPreAreq_TC" name="testArequestAPI" time="3.483"/>
  <testcase classname="com.ca.tds.main.TDSPreAreq_TC" name="testArequestAPI" time="3.507"/>
  <testcase classname="com.ca.tds.main.TDSPreAreq_TC" name="testArequestAPI" time="3.516"/>
  <testcase classname="com.ca.tds.main.TDSPreAreq_TC" name="testArequestAPI" time="3.433"/>
  <testcase classname="com.ca.tds.main.TDSPreAreq_TC" name="testArequestAPI" time="3.376"/>
  <testcase classname="com.ca.tds.main.TDSPreAreq_TC" name="testArequestAPI" time="3.165"/>
  <testcase classname="com.ca.tds.main.TDSPreAreq_TC" name="testArequestAPI" time="3.734"/>
</testsuite> <!-- com.ca.tds.main.TDSPreAreq_TC -->
