<?xml version="1.0" encoding="UTF-8"?>
<!-- Generated by org.testng.reporters.JUnitReportReporter -->
<testsuite skipped="0" hostname="7BB9LQ2" name="com.ca.tds.main.TDSVerifyAPI_TC" tests="31" failures="0" timestamp="23 Oct 2019 07:01:36 GMT" time="66.947" errors="0">
  <testcase name="testArequestAPI" time="1.198" classname="com.ca.tds.main.TDSVerifyAPI_TC"/>
  <testcase name="testArequestAPI" time="1.153" classname="com.ca.tds.main.TDSVerifyAPI_TC"/>
  <testcase name="testArequestAPI" time="1.160" classname="com.ca.tds.main.TDSVerifyAPI_TC"/>
  <testcase name="testArequestAPI" time="1.232" classname="com.ca.tds.main.TDSVerifyAPI_TC"/>
  <testcase name="testArequestAPI" time="3.147" classname="com.ca.tds.main.TDSVerifyAPI_TC"/>
  <testcase name="testArequestAPI" time="1.190" classname="com.ca.tds.main.TDSVerifyAPI_TC"/>
  <testcase name="testArequestAPI" time="2.931" classname="com.ca.tds.main.TDSVerifyAPI_TC"/>
  <testcase name="testArequestAPI" time="1.203" classname="com.ca.tds.main.TDSVerifyAPI_TC"/>
  <testcase name="testArequestAPI" time="2.919" classname="com.ca.tds.main.TDSVerifyAPI_TC"/>
  <testcase name="testArequestAPI" time="2.932" classname="com.ca.tds.main.TDSVerifyAPI_TC"/>
  <testcase name="testArequestAPI" time="1.201" classname="com.ca.tds.main.TDSVerifyAPI_TC"/>
  <testcase name="testArequestAPI" time="2.909" classname="com.ca.tds.main.TDSVerifyAPI_TC"/>
  <testcase name="testArequestAPI" time="2.933" classname="com.ca.tds.main.TDSVerifyAPI_TC"/>
  <testcase name="testArequestAPI" time="2.875" classname="com.ca.tds.main.TDSVerifyAPI_TC"/>
  <testcase name="testArequestAPI" time="2.915" classname="com.ca.tds.main.TDSVerifyAPI_TC"/>
  <testcase name="testArequestAPI" time="2.912" classname="com.ca.tds.main.TDSVerifyAPI_TC"/>
  <testcase name="testArequestAPI" time="1.176" classname="com.ca.tds.main.TDSVerifyAPI_TC"/>
  <testcase name="testArequestAPI" time="2.885" classname="com.ca.tds.main.TDSVerifyAPI_TC"/>
  <testcase name="testArequestAPI" time="1.276" classname="com.ca.tds.main.TDSVerifyAPI_TC"/>
  <testcase name="testArequestAPI" time="1.227" classname="com.ca.tds.main.TDSVerifyAPI_TC"/>
  <testcase name="testArequestAPI" time="1.172" classname="com.ca.tds.main.TDSVerifyAPI_TC"/>
  <testcase name="testArequestAPI" time="2.976" classname="com.ca.tds.main.TDSVerifyAPI_TC"/>
  <testcase name="testArequestAPI" time="1.207" classname="com.ca.tds.main.TDSVerifyAPI_TC"/>
  <testcase name="testArequestAPI" time="2.974" classname="com.ca.tds.main.TDSVerifyAPI_TC"/>
  <testcase name="testArequestAPI" time="2.928" classname="com.ca.tds.main.TDSVerifyAPI_TC"/>
  <testcase name="testArequestAPI" time="1.341" classname="com.ca.tds.main.TDSVerifyAPI_TC"/>
  <testcase name="testArequestAPI" time="1.215" classname="com.ca.tds.main.TDSVerifyAPI_TC"/>
  <testcase name="testArequestAPI" time="2.967" classname="com.ca.tds.main.TDSVerifyAPI_TC"/>
  <testcase name="testArequestAPI" time="2.890" classname="com.ca.tds.main.TDSVerifyAPI_TC"/>
  <testcase name="testArequestAPI" time="2.883" classname="com.ca.tds.main.TDSVerifyAPI_TC"/>
  <testcase name="testArequestAPI" time="3.020" classname="com.ca.tds.main.TDSVerifyAPI_TC"/>
</testsuite> <!-- com.ca.tds.main.TDSVerifyAPI_TC -->
