<?xml version="1.0" encoding="UTF-8"?>
<!-- Generated by org.testng.reporters.JUnitReportReporter -->
<testsuite hostname="7BB9LQ2" failures="0" tests="1" name="com.ca.tds.main.FrictionlessVerify" time="4.968" errors="0" timestamp="2020-02-11T11:19:36 IST" skipped="0">
  <testcase classname="com.ca.tds.main.FrictionlessVerify" name="flVerify" time="4.968"/>
</testsuite> <!-- com.ca.tds.main.FrictionlessVerify -->
