<?xml version="1.0" encoding="UTF-8"?>
<!-- Generated by org.testng.reporters.JUnitReportReporter -->
<testsuite skipped="0" hostname="7BB9LQ2" name="com.ca.tds.main.TDSPreAreq_TC" tests="12" failures="0" timestamp="28 Nov 2019 13:38:16 GMT" time="57.255" errors="0">
  <testcase name="testArequestAPI" time="4.020" classname="com.ca.tds.main.TDSPreAreq_TC"/>
  <testcase name="testArequestAPI" time="6.214" classname="com.ca.tds.main.TDSPreAreq_TC"/>
  <testcase name="testArequestAPI" time="6.328" classname="com.ca.tds.main.TDSPreAreq_TC"/>
  <testcase name="testArequestAPI" time="4.780" classname="com.ca.tds.main.TDSPreAreq_TC"/>
  <testcase name="testArequestAPI" time="4.005" classname="com.ca.tds.main.TDSPreAreq_TC"/>
  <testcase name="testArequestAPI" time="4.184" classname="com.ca.tds.main.TDSPreAreq_TC"/>
  <testcase name="testArequestAPI" time="5.456" classname="com.ca.tds.main.TDSPreAreq_TC"/>
  <testcase name="testArequestAPI" time="6.602" classname="com.ca.tds.main.TDSPreAreq_TC"/>
  <testcase name="testArequestAPI" time="4.309" classname="com.ca.tds.main.TDSPreAreq_TC"/>
  <testcase name="testArequestAPI" time="3.031" classname="com.ca.tds.main.TDSPreAreq_TC"/>
  <testcase name="testArequestAPI" time="3.481" classname="com.ca.tds.main.TDSPreAreq_TC"/>
  <testcase name="testArequestAPI" time="4.845" classname="com.ca.tds.main.TDSPreAreq_TC"/>
</testsuite> <!-- com.ca.tds.main.TDSPreAreq_TC -->
