<?xml version="1.0" encoding="UTF-8"?>
<!-- Generated by org.testng.reporters.JUnitReportReporter -->
<testsuite skipped="0" hostname="7BB9LQ2" name="com.ca.tds.main.TDSRReq_TC" tests="3" failures="0" timestamp="05 Dec 2019 06:54:04 GMT" time="5.436" errors="0">
  <testcase name="testRRequestAPI" time="2.048" classname="com.ca.tds.main.TDSRReq_TC"/>
  <testcase name="testRRequestAPI" time="1.551" classname="com.ca.tds.main.TDSRReq_TC"/>
  <testcase name="testRRequestAPI" time="1.837" classname="com.ca.tds.main.TDSRReq_TC"/>
</testsuite> <!-- com.ca.tds.main.TDSRReq_TC -->
