<?xml version="1.0" encoding="UTF-8"?>
<!-- Generated by org.testng.reporters.JUnitReportReporter -->
<testsuite skipped="0" hostname="7BB9LQ2" name="com.ca.tds.main.TDSRReq_TC" tests="6" failures="0" timestamp="20 Dec 2019 14:10:44 GMT" time="5.525" errors="0">
  <testcase name="testRRequestAPI" time="0.775" classname="com.ca.tds.main.TDSRReq_TC"/>
  <testcase name="testRRequestAPI" time="1.529" classname="com.ca.tds.main.TDSRReq_TC"/>
  <testcase name="testRRequestAPI" time="0.804" classname="com.ca.tds.main.TDSRReq_TC"/>
  <testcase name="testRRequestAPI" time="0.769" classname="com.ca.tds.main.TDSRReq_TC"/>
  <testcase name="testRRequestAPI" time="0.881" classname="com.ca.tds.main.TDSRReq_TC"/>
  <testcase name="testRRequestAPI" time="0.767" classname="com.ca.tds.main.TDSRReq_TC"/>
</testsuite> <!-- com.ca.tds.main.TDSRReq_TC -->
