<?xml version="1.0" encoding="UTF-8"?>
<!-- Generated by org.testng.reporters.JUnitReportReporter -->
<testsuite skipped="0" hostname="7BB9LQ2" name="com.ca.tds.main.TDSPreAreq_TC" tests="592" failures="49" timestamp="09 Oct 2019 06:59:21 GMT" time="789.505" errors="0">
  <testcase name="testArequestAPI" time="1.165" classname="com.ca.tds.main.TDSPreAreq_TC">
    <failure type="java.lang.AssertionError" message="Json response json schema validation failed.&lt;br&gt;2 schema violations found&lt;br&gt; api response : {&quot;errorComponent&quot;:&quot;S&quot;,&quot;errorDescription&quot;:&quot;Invalid messageType field or messageType field missing&quot;,&quot;messageType&quot;:&quot;Erro&quot;,&quot;errorCode&quot;:&quot;101&quot;,&quot;errorDetail&quot;:&quot;Invalid messageType field or messageType field missing&quot;,&quot;messageVersion&quot;:&quot;2.1.0&quot;}">
      <![CDATA[java.lang.AssertionError: Json response json schema validation failed.<br>2 schema violations found<br> api response : {"errorComponent":"S","errorDescription":"Invalid messageType field or messageType field missing","messageType":"Erro","errorCode":"101","errorDetail":"Invalid messageType field or messageType field missing","messageVersion":"2.1.0"}
at org.testng.Assert.fail(Assert.java:96)
at com.ca.tds.main.TDSPreAreq_TC.testArequestAPI(TDSPreAreq_TC.java:118)
at sun.reflect.GeneratedMethodAccessor28.invoke(Unknown Source)
at sun.reflect.DelegatingMethodAccessorImpl.invoke(DelegatingMethodAccessorImpl.java:43)
at java.lang.reflect.Method.invoke(Method.java:498)
at org.testng.internal.MethodInvocationHelper.invokeMethod(MethodInvocationHelper.java:124)
at org.testng.internal.Invoker.invokeMethod(Invoker.java:583)
at org.testng.internal.Invoker.invokeTestMethod(Invoker.java:719)
at org.testng.internal.Invoker.invokeTestMethods(Invoker.java:989)
at org.testng.internal.TestMethodWorker.invokeTestMethods(TestMethodWorker.java:125)
at org.testng.internal.TestMethodWorker.run(TestMethodWorker.java:109)
at java.util.concurrent.ThreadPoolExecutor.runWorker(ThreadPoolExecutor.java:1149)
at java.util.concurrent.ThreadPoolExecutor$Worker.run(ThreadPoolExecutor.java:624)
at java.lang.Thread.run(Thread.java:748)
]]>
    </failure>
  </testcase> <!-- testArequestAPI -->
  <testcase name="testArequestAPI" time="1.231" classname="com.ca.tds.main.TDSPreAreq_TC"/>
  <testcase name="testArequestAPI" time="1.299" classname="com.ca.tds.main.TDSPreAreq_TC"/>
  <testcase name="testArequestAPI" time="1.749" classname="com.ca.tds.main.TDSPreAreq_TC"/>
  <testcase name="testArequestAPI" time="1.281" classname="com.ca.tds.main.TDSPreAreq_TC"/>
  <testcase name="testArequestAPI" time="1.317" classname="com.ca.tds.main.TDSPreAreq_TC"/>
  <testcase name="testArequestAPI" time="1.296" classname="com.ca.tds.main.TDSPreAreq_TC"/>
  <testcase name="testArequestAPI" time="2.496" classname="com.ca.tds.main.TDSPreAreq_TC"/>
  <testcase name="testArequestAPI" time="1.642" classname="com.ca.tds.main.TDSPreAreq_TC"/>
  <testcase name="testArequestAPI" time="1.236" classname="com.ca.tds.main.TDSPreAreq_TC"/>
  <testcase name="testArequestAPI" time="1.246" classname="com.ca.tds.main.TDSPreAreq_TC"/>
  <testcase name="testArequestAPI" time="1.313" classname="com.ca.tds.main.TDSPreAreq_TC"/>
  <testcase name="testArequestAPI" time="1.337" classname="com.ca.tds.main.TDSPreAreq_TC"/>
  <testcase name="testArequestAPI" time="1.326" classname="com.ca.tds.main.TDSPreAreq_TC"/>
  <testcase name="testArequestAPI" time="1.372" classname="com.ca.tds.main.TDSPreAreq_TC"/>
  <testcase name="testArequestAPI" time="1.244" classname="com.ca.tds.main.TDSPreAreq_TC"/>
  <testcase name="testArequestAPI" time="1.251" classname="com.ca.tds.main.TDSPreAreq_TC"/>
  <testcase name="testArequestAPI" time="2.481" classname="com.ca.tds.main.TDSPreAreq_TC"/>
  <testcase name="testArequestAPI" time="1.241" classname="com.ca.tds.main.TDSPreAreq_TC"/>
  <testcase name="testArequestAPI" time="1.252" classname="com.ca.tds.main.TDSPreAreq_TC"/>
  <testcase name="testArequestAPI" time="1.343" classname="com.ca.tds.main.TDSPreAreq_TC"/>
  <testcase name="testArequestAPI" time="1.240" classname="com.ca.tds.main.TDSPreAreq_TC"/>
  <testcase name="testArequestAPI" time="1.266" classname="com.ca.tds.main.TDSPreAreq_TC"/>
  <testcase name="testArequestAPI" time="1.208" classname="com.ca.tds.main.TDSPreAreq_TC"/>
  <testcase name="testArequestAPI" time="1.167" classname="com.ca.tds.main.TDSPreAreq_TC"/>
  <testcase name="testArequestAPI" time="1.459" classname="com.ca.tds.main.TDSPreAreq_TC"/>
  <testcase name="testArequestAPI" time="1.309" classname="com.ca.tds.main.TDSPreAreq_TC"/>
  <testcase name="testArequestAPI" time="1.267" classname="com.ca.tds.main.TDSPreAreq_TC"/>
  <testcase name="testArequestAPI" time="1.452" classname="com.ca.tds.main.TDSPreAreq_TC"/>
  <testcase name="testArequestAPI" time="4.277" classname="com.ca.tds.main.TDSPreAreq_TC"/>
  <testcase name="testArequestAPI" time="1.221" classname="com.ca.tds.main.TDSPreAreq_TC"/>
  <testcase name="testArequestAPI" time="1.344" classname="com.ca.tds.main.TDSPreAreq_TC"/>
  <testcase name="testArequestAPI" time="1.322" classname="com.ca.tds.main.TDSPreAreq_TC"/>
  <testcase name="testArequestAPI" time="1.248" classname="com.ca.tds.main.TDSPreAreq_TC"/>
  <testcase name="testArequestAPI" time="1.336" classname="com.ca.tds.main.TDSPreAreq_TC"/>
  <testcase name="testArequestAPI" time="1.186" classname="com.ca.tds.main.TDSPreAreq_TC"/>
  <testcase name="testArequestAPI" time="1.217" classname="com.ca.tds.main.TDSPreAreq_TC"/>
  <testcase name="testArequestAPI" time="1.409" classname="com.ca.tds.main.TDSPreAreq_TC"/>
  <testcase name="testArequestAPI" time="1.226" classname="com.ca.tds.main.TDSPreAreq_TC"/>
  <testcase name="testArequestAPI" time="5.167" classname="com.ca.tds.main.TDSPreAreq_TC"/>
  <testcase name="testArequestAPI" time="1.225" classname="com.ca.tds.main.TDSPreAreq_TC"/>
  <testcase name="testArequestAPI" time="1.206" classname="com.ca.tds.main.TDSPreAreq_TC"/>
  <testcase name="testArequestAPI" time="1.232" classname="com.ca.tds.main.TDSPreAreq_TC"/>
  <testcase name="testArequestAPI" time="1.327" classname="com.ca.tds.main.TDSPreAreq_TC"/>
  <testcase name="testArequestAPI" time="2.458" classname="com.ca.tds.main.TDSPreAreq_TC"/>
  <testcase name="testArequestAPI" time="1.204" classname="com.ca.tds.main.TDSPreAreq_TC"/>
  <testcase name="testArequestAPI" time="1.221" classname="com.ca.tds.main.TDSPreAreq_TC"/>
  <testcase name="testArequestAPI" time="1.254" classname="com.ca.tds.main.TDSPreAreq_TC">
    <failure type="java.lang.AssertionError" message="Expected to Fail">
      <![CDATA[java.lang.AssertionError: Expected to Fail
at org.testng.Assert.fail(Assert.java:96)
at com.ca.tds.main.TDSPreAreq_TC.testArequestAPI(TDSPreAreq_TC.java:96)
at sun.reflect.GeneratedMethodAccessor28.invoke(Unknown Source)
at sun.reflect.DelegatingMethodAccessorImpl.invoke(DelegatingMethodAccessorImpl.java:43)
at java.lang.reflect.Method.invoke(Method.java:498)
at org.testng.internal.MethodInvocationHelper.invokeMethod(MethodInvocationHelper.java:124)
at org.testng.internal.Invoker.invokeMethod(Invoker.java:583)
at org.testng.internal.Invoker.invokeTestMethod(Invoker.java:719)
at org.testng.internal.Invoker.invokeTestMethods(Invoker.java:989)
at org.testng.internal.TestMethodWorker.invokeTestMethods(TestMethodWorker.java:125)
at org.testng.internal.TestMethodWorker.run(TestMethodWorker.java:109)
at java.util.concurrent.ThreadPoolExecutor.runWorker(ThreadPoolExecutor.java:1149)
at java.util.concurrent.ThreadPoolExecutor$Worker.run(ThreadPoolExecutor.java:624)
at java.lang.Thread.run(Thread.java:748)
]]>
    </failure>
  </testcase> <!-- testArequestAPI -->
  <testcase name="testArequestAPI" time="1.271" classname="com.ca.tds.main.TDSPreAreq_TC"/>
  <testcase name="testArequestAPI" time="1.202" classname="com.ca.tds.main.TDSPreAreq_TC"/>
  <testcase name="testArequestAPI" time="1.256" classname="com.ca.tds.main.TDSPreAreq_TC"/>
  <testcase name="testArequestAPI" time="1.512" classname="com.ca.tds.main.TDSPreAreq_TC"/>
  <testcase name="testArequestAPI" time="1.637" classname="com.ca.tds.main.TDSPreAreq_TC"/>
  <testcase name="testArequestAPI" time="1.235" classname="com.ca.tds.main.TDSPreAreq_TC"/>
  <testcase name="testArequestAPI" time="1.240" classname="com.ca.tds.main.TDSPreAreq_TC"/>
  <testcase name="testArequestAPI" time="1.326" classname="com.ca.tds.main.TDSPreAreq_TC"/>
  <testcase name="testArequestAPI" time="1.217" classname="com.ca.tds.main.TDSPreAreq_TC"/>
  <testcase name="testArequestAPI" time="1.202" classname="com.ca.tds.main.TDSPreAreq_TC"/>
  <testcase name="testArequestAPI" time="1.236" classname="com.ca.tds.main.TDSPreAreq_TC"/>
  <testcase name="testArequestAPI" time="1.187" classname="com.ca.tds.main.TDSPreAreq_TC"/>
  <testcase name="testArequestAPI" time="1.363" classname="com.ca.tds.main.TDSPreAreq_TC"/>
  <testcase name="testArequestAPI" time="1.232" classname="com.ca.tds.main.TDSPreAreq_TC"/>
  <testcase name="testArequestAPI" time="1.186" classname="com.ca.tds.main.TDSPreAreq_TC"/>
  <testcase name="testArequestAPI" time="1.296" classname="com.ca.tds.main.TDSPreAreq_TC"/>
  <testcase name="testArequestAPI" time="1.321" classname="com.ca.tds.main.TDSPreAreq_TC"/>
  <testcase name="testArequestAPI" time="1.179" classname="com.ca.tds.main.TDSPreAreq_TC"/>
  <testcase name="testArequestAPI" time="1.331" classname="com.ca.tds.main.TDSPreAreq_TC"/>
  <testcase name="testArequestAPI" time="1.348" classname="com.ca.tds.main.TDSPreAreq_TC"/>
  <testcase name="testArequestAPI" time="1.235" classname="com.ca.tds.main.TDSPreAreq_TC"/>
  <testcase name="testArequestAPI" time="1.240" classname="com.ca.tds.main.TDSPreAreq_TC"/>
  <testcase name="testArequestAPI" time="1.383" classname="com.ca.tds.main.TDSPreAreq_TC"/>
  <testcase name="testArequestAPI" time="1.195" classname="com.ca.tds.main.TDSPreAreq_TC">
    <failure type="java.lang.AssertionError" message="The following asserts failed:
	expected [403] but found [302]">
      <![CDATA[java.lang.AssertionError: The following asserts failed:
expected [403] but found [302]
at org.testng.asserts.SoftAssert.assertAll(SoftAssert.java:43)
at com.ca.tds.main.TDSPreAreq_TC.testArequestAPI(TDSPreAreq_TC.java:114)
at sun.reflect.GeneratedMethodAccessor28.invoke(Unknown Source)
at sun.reflect.DelegatingMethodAccessorImpl.invoke(DelegatingMethodAccessorImpl.java:43)
at java.lang.reflect.Method.invoke(Method.java:498)
at org.testng.internal.MethodInvocationHelper.invokeMethod(MethodInvocationHelper.java:124)
at org.testng.internal.Invoker.invokeMethod(Invoker.java:583)
at org.testng.internal.Invoker.invokeTestMethod(Invoker.java:719)
at org.testng.internal.Invoker.invokeTestMethods(Invoker.java:989)
at org.testng.internal.TestMethodWorker.invokeTestMethods(TestMethodWorker.java:125)
at org.testng.internal.TestMethodWorker.run(TestMethodWorker.java:109)
at java.util.concurrent.ThreadPoolExecutor.runWorker(ThreadPoolExecutor.java:1149)
at java.util.concurrent.ThreadPoolExecutor$Worker.run(ThreadPoolExecutor.java:624)
at java.lang.Thread.run(Thread.java:748)
]]>
    </failure>
  </testcase> <!-- testArequestAPI -->
  <testcase name="testArequestAPI" time="1.209" classname="com.ca.tds.main.TDSPreAreq_TC"/>
  <testcase name="testArequestAPI" time="1.379" classname="com.ca.tds.main.TDSPreAreq_TC"/>
  <testcase name="testArequestAPI" time="1.365" classname="com.ca.tds.main.TDSPreAreq_TC"/>
  <testcase name="testArequestAPI" time="1.174" classname="com.ca.tds.main.TDSPreAreq_TC"/>
  <testcase name="testArequestAPI" time="1.294" classname="com.ca.tds.main.TDSPreAreq_TC"/>
  <testcase name="testArequestAPI" time="1.273" classname="com.ca.tds.main.TDSPreAreq_TC"/>
  <testcase name="testArequestAPI" time="1.254" classname="com.ca.tds.main.TDSPreAreq_TC"/>
  <testcase name="testArequestAPI" time="1.215" classname="com.ca.tds.main.TDSPreAreq_TC"/>
  <testcase name="testArequestAPI" time="1.298" classname="com.ca.tds.main.TDSPreAreq_TC"/>
  <testcase name="testArequestAPI" time="1.185" classname="com.ca.tds.main.TDSPreAreq_TC"/>
  <testcase name="testArequestAPI" time="1.232" classname="com.ca.tds.main.TDSPreAreq_TC"/>
  <testcase name="testArequestAPI" time="1.226" classname="com.ca.tds.main.TDSPreAreq_TC"/>
  <testcase name="testArequestAPI" time="1.243" classname="com.ca.tds.main.TDSPreAreq_TC"/>
  <testcase name="testArequestAPI" time="1.243" classname="com.ca.tds.main.TDSPreAreq_TC"/>
  <testcase name="testArequestAPI" time="1.347" classname="com.ca.tds.main.TDSPreAreq_TC">
    <failure type="java.lang.AssertionError" message="Expected to Fail">
      <![CDATA[java.lang.AssertionError: Expected to Fail
at org.testng.Assert.fail(Assert.java:96)
at com.ca.tds.main.TDSPreAreq_TC.testArequestAPI(TDSPreAreq_TC.java:96)
at sun.reflect.GeneratedMethodAccessor28.invoke(Unknown Source)
at sun.reflect.DelegatingMethodAccessorImpl.invoke(DelegatingMethodAccessorImpl.java:43)
at java.lang.reflect.Method.invoke(Method.java:498)
at org.testng.internal.MethodInvocationHelper.invokeMethod(MethodInvocationHelper.java:124)
at org.testng.internal.Invoker.invokeMethod(Invoker.java:583)
at org.testng.internal.Invoker.invokeTestMethod(Invoker.java:719)
at org.testng.internal.Invoker.invokeTestMethods(Invoker.java:989)
at org.testng.internal.TestMethodWorker.invokeTestMethods(TestMethodWorker.java:125)
at org.testng.internal.TestMethodWorker.run(TestMethodWorker.java:109)
at java.util.concurrent.ThreadPoolExecutor.runWorker(ThreadPoolExecutor.java:1149)
at java.util.concurrent.ThreadPoolExecutor$Worker.run(ThreadPoolExecutor.java:624)
at java.lang.Thread.run(Thread.java:748)
]]>
    </failure>
  </testcase> <!-- testArequestAPI -->
  <testcase name="testArequestAPI" time="1.426" classname="com.ca.tds.main.TDSPreAreq_TC"/>
  <testcase name="testArequestAPI" time="1.258" classname="com.ca.tds.main.TDSPreAreq_TC">
    <failure type="java.lang.AssertionError" message="Expected to Fail">
      <![CDATA[java.lang.AssertionError: Expected to Fail
at org.testng.Assert.fail(Assert.java:96)
at com.ca.tds.main.TDSPreAreq_TC.testArequestAPI(TDSPreAreq_TC.java:96)
at sun.reflect.GeneratedMethodAccessor28.invoke(Unknown Source)
at sun.reflect.DelegatingMethodAccessorImpl.invoke(DelegatingMethodAccessorImpl.java:43)
at java.lang.reflect.Method.invoke(Method.java:498)
at org.testng.internal.MethodInvocationHelper.invokeMethod(MethodInvocationHelper.java:124)
at org.testng.internal.Invoker.invokeMethod(Invoker.java:583)
at org.testng.internal.Invoker.invokeTestMethod(Invoker.java:719)
at org.testng.internal.Invoker.invokeTestMethods(Invoker.java:989)
at org.testng.internal.TestMethodWorker.invokeTestMethods(TestMethodWorker.java:125)
at org.testng.internal.TestMethodWorker.run(TestMethodWorker.java:109)
at java.util.concurrent.ThreadPoolExecutor.runWorker(ThreadPoolExecutor.java:1149)
at java.util.concurrent.ThreadPoolExecutor$Worker.run(ThreadPoolExecutor.java:624)
at java.lang.Thread.run(Thread.java:748)
]]>
    </failure>
  </testcase> <!-- testArequestAPI -->
  <testcase name="testArequestAPI" time="1.225" classname="com.ca.tds.main.TDSPreAreq_TC"/>
  <testcase name="testArequestAPI" time="1.313" classname="com.ca.tds.main.TDSPreAreq_TC"/>
  <testcase name="testArequestAPI" time="1.275" classname="com.ca.tds.main.TDSPreAreq_TC"/>
  <testcase name="testArequestAPI" time="1.417" classname="com.ca.tds.main.TDSPreAreq_TC"/>
  <testcase name="testArequestAPI" time="1.345" classname="com.ca.tds.main.TDSPreAreq_TC"/>
  <testcase name="testArequestAPI" time="1.218" classname="com.ca.tds.main.TDSPreAreq_TC"/>
  <testcase name="testArequestAPI" time="1.309" classname="com.ca.tds.main.TDSPreAreq_TC"/>
  <testcase name="testArequestAPI" time="1.251" classname="com.ca.tds.main.TDSPreAreq_TC"/>
  <testcase name="testArequestAPI" time="1.423" classname="com.ca.tds.main.TDSPreAreq_TC"/>
  <testcase name="testArequestAPI" time="1.253" classname="com.ca.tds.main.TDSPreAreq_TC"/>
  <testcase name="testArequestAPI" time="1.143" classname="com.ca.tds.main.TDSPreAreq_TC"/>
  <testcase name="testArequestAPI" time="1.354" classname="com.ca.tds.main.TDSPreAreq_TC"/>
  <testcase name="testArequestAPI" time="1.452" classname="com.ca.tds.main.TDSPreAreq_TC"/>
  <testcase name="testArequestAPI" time="1.339" classname="com.ca.tds.main.TDSPreAreq_TC"/>
  <testcase name="testArequestAPI" time="1.242" classname="com.ca.tds.main.TDSPreAreq_TC"/>
  <testcase name="testArequestAPI" time="1.327" classname="com.ca.tds.main.TDSPreAreq_TC"/>
  <testcase name="testArequestAPI" time="1.413" classname="com.ca.tds.main.TDSPreAreq_TC"/>
  <testcase name="testArequestAPI" time="1.288" classname="com.ca.tds.main.TDSPreAreq_TC"/>
  <testcase name="testArequestAPI" time="1.243" classname="com.ca.tds.main.TDSPreAreq_TC"/>
  <testcase name="testArequestAPI" time="1.352" classname="com.ca.tds.main.TDSPreAreq_TC"/>
  <testcase name="testArequestAPI" time="2.543" classname="com.ca.tds.main.TDSPreAreq_TC"/>
  <testcase name="testArequestAPI" time="2.430" classname="com.ca.tds.main.TDSPreAreq_TC"/>
  <testcase name="testArequestAPI" time="1.244" classname="com.ca.tds.main.TDSPreAreq_TC"/>
  <testcase name="testArequestAPI" time="1.341" classname="com.ca.tds.main.TDSPreAreq_TC"/>
  <testcase name="testArequestAPI" time="1.286" classname="com.ca.tds.main.TDSPreAreq_TC"/>
  <testcase name="testArequestAPI" time="1.269" classname="com.ca.tds.main.TDSPreAreq_TC"/>
  <testcase name="testArequestAPI" time="1.368" classname="com.ca.tds.main.TDSPreAreq_TC"/>
  <testcase name="testArequestAPI" time="1.250" classname="com.ca.tds.main.TDSPreAreq_TC"/>
  <testcase name="testArequestAPI" time="1.313" classname="com.ca.tds.main.TDSPreAreq_TC"/>
  <testcase name="testArequestAPI" time="1.235" classname="com.ca.tds.main.TDSPreAreq_TC">
    <failure type="java.lang.AssertionError" message="Expected to Fail">
      <![CDATA[java.lang.AssertionError: Expected to Fail
at org.testng.Assert.fail(Assert.java:96)
at com.ca.tds.main.TDSPreAreq_TC.testArequestAPI(TDSPreAreq_TC.java:96)
at sun.reflect.GeneratedMethodAccessor28.invoke(Unknown Source)
at sun.reflect.DelegatingMethodAccessorImpl.invoke(DelegatingMethodAccessorImpl.java:43)
at java.lang.reflect.Method.invoke(Method.java:498)
at org.testng.internal.MethodInvocationHelper.invokeMethod(MethodInvocationHelper.java:124)
at org.testng.internal.Invoker.invokeMethod(Invoker.java:583)
at org.testng.internal.Invoker.invokeTestMethod(Invoker.java:719)
at org.testng.internal.Invoker.invokeTestMethods(Invoker.java:989)
at org.testng.internal.TestMethodWorker.invokeTestMethods(TestMethodWorker.java:125)
at org.testng.internal.TestMethodWorker.run(TestMethodWorker.java:109)
at java.util.concurrent.ThreadPoolExecutor.runWorker(ThreadPoolExecutor.java:1149)
at java.util.concurrent.ThreadPoolExecutor$Worker.run(ThreadPoolExecutor.java:624)
at java.lang.Thread.run(Thread.java:748)
]]>
    </failure>
  </testcase> <!-- testArequestAPI -->
  <testcase name="testArequestAPI" time="1.470" classname="com.ca.tds.main.TDSPreAreq_TC"/>
  <testcase name="testArequestAPI" time="1.224" classname="com.ca.tds.main.TDSPreAreq_TC"/>
  <testcase name="testArequestAPI" time="1.238" classname="com.ca.tds.main.TDSPreAreq_TC"/>
  <testcase name="testArequestAPI" time="1.358" classname="com.ca.tds.main.TDSPreAreq_TC"/>
  <testcase name="testArequestAPI" time="1.664" classname="com.ca.tds.main.TDSPreAreq_TC"/>
  <testcase name="testArequestAPI" time="1.224" classname="com.ca.tds.main.TDSPreAreq_TC"/>
  <testcase name="testArequestAPI" time="1.315" classname="com.ca.tds.main.TDSPreAreq_TC"/>
  <testcase name="testArequestAPI" time="1.246" classname="com.ca.tds.main.TDSPreAreq_TC"/>
  <testcase name="testArequestAPI" time="1.309" classname="com.ca.tds.main.TDSPreAreq_TC"/>
  <testcase name="testArequestAPI" time="1.353" classname="com.ca.tds.main.TDSPreAreq_TC"/>
  <testcase name="testArequestAPI" time="1.197" classname="com.ca.tds.main.TDSPreAreq_TC"/>
  <testcase name="testArequestAPI" time="1.261" classname="com.ca.tds.main.TDSPreAreq_TC"/>
  <testcase name="testArequestAPI" time="1.223" classname="com.ca.tds.main.TDSPreAreq_TC"/>
  <testcase name="testArequestAPI" time="0.719" classname="com.ca.tds.main.TDSPreAreq_TC">
    <failure type="java.lang.AssertionError" message="Browser Flow:: Json Validation Failed.Missing value at 4026 [character 16 line 107]&lt;br&gt; api response : null">
      <![CDATA[java.lang.AssertionError: Browser Flow:: Json Validation Failed.Missing value at 4026 [character 16 line 107]<br> api response : null
at org.testng.Assert.fail(Assert.java:96)
at com.ca.tds.main.TDSPreAreq_TC.testArequestAPI(TDSPreAreq_TC.java:121)
at sun.reflect.GeneratedMethodAccessor28.invoke(Unknown Source)
at sun.reflect.DelegatingMethodAccessorImpl.invoke(DelegatingMethodAccessorImpl.java:43)
at java.lang.reflect.Method.invoke(Method.java:498)
at org.testng.internal.MethodInvocationHelper.invokeMethod(MethodInvocationHelper.java:124)
at org.testng.internal.Invoker.invokeMethod(Invoker.java:583)
at org.testng.internal.Invoker.invokeTestMethod(Invoker.java:719)
at org.testng.internal.Invoker.invokeTestMethods(Invoker.java:989)
at org.testng.internal.TestMethodWorker.invokeTestMethods(TestMethodWorker.java:125)
at org.testng.internal.TestMethodWorker.run(TestMethodWorker.java:109)
at java.util.concurrent.ThreadPoolExecutor.runWorker(ThreadPoolExecutor.java:1149)
at java.util.concurrent.ThreadPoolExecutor$Worker.run(ThreadPoolExecutor.java:624)
at java.lang.Thread.run(Thread.java:748)
]]>
    </failure>
  </testcase> <!-- testArequestAPI -->
  <testcase name="testArequestAPI" time="1.225" classname="com.ca.tds.main.TDSPreAreq_TC"/>
  <testcase name="testArequestAPI" time="1.256" classname="com.ca.tds.main.TDSPreAreq_TC">
    <failure type="java.lang.AssertionError" message="The following asserts failed:
	expected [304] but found [203]">
      <![CDATA[java.lang.AssertionError: The following asserts failed:
expected [304] but found [203]
at org.testng.asserts.SoftAssert.assertAll(SoftAssert.java:43)
at com.ca.tds.main.TDSPreAreq_TC.testArequestAPI(TDSPreAreq_TC.java:114)
at sun.reflect.GeneratedMethodAccessor28.invoke(Unknown Source)
at sun.reflect.DelegatingMethodAccessorImpl.invoke(DelegatingMethodAccessorImpl.java:43)
at java.lang.reflect.Method.invoke(Method.java:498)
at org.testng.internal.MethodInvocationHelper.invokeMethod(MethodInvocationHelper.java:124)
at org.testng.internal.Invoker.invokeMethod(Invoker.java:583)
at org.testng.internal.Invoker.invokeTestMethod(Invoker.java:719)
at org.testng.internal.Invoker.invokeTestMethods(Invoker.java:989)
at org.testng.internal.TestMethodWorker.invokeTestMethods(TestMethodWorker.java:125)
at org.testng.internal.TestMethodWorker.run(TestMethodWorker.java:109)
at java.util.concurrent.ThreadPoolExecutor.runWorker(ThreadPoolExecutor.java:1149)
at java.util.concurrent.ThreadPoolExecutor$Worker.run(ThreadPoolExecutor.java:624)
at java.lang.Thread.run(Thread.java:748)
]]>
    </failure>
  </testcase> <!-- testArequestAPI -->
  <testcase name="testArequestAPI" time="1.260" classname="com.ca.tds.main.TDSPreAreq_TC"/>
  <testcase name="testArequestAPI" time="1.253" classname="com.ca.tds.main.TDSPreAreq_TC"/>
  <testcase name="testArequestAPI" time="1.316" classname="com.ca.tds.main.TDSPreAreq_TC"/>
  <testcase name="testArequestAPI" time="1.284" classname="com.ca.tds.main.TDSPreAreq_TC"/>
  <testcase name="testArequestAPI" time="1.358" classname="com.ca.tds.main.TDSPreAreq_TC"/>
  <testcase name="testArequestAPI" time="1.282" classname="com.ca.tds.main.TDSPreAreq_TC"/>
  <testcase name="testArequestAPI" time="1.265" classname="com.ca.tds.main.TDSPreAreq_TC"/>
  <testcase name="testArequestAPI" time="1.257" classname="com.ca.tds.main.TDSPreAreq_TC"/>
  <testcase name="testArequestAPI" time="1.279" classname="com.ca.tds.main.TDSPreAreq_TC"/>
  <testcase name="testArequestAPI" time="1.365" classname="com.ca.tds.main.TDSPreAreq_TC"/>
  <testcase name="testArequestAPI" time="1.304" classname="com.ca.tds.main.TDSPreAreq_TC"/>
  <testcase name="testArequestAPI" time="1.296" classname="com.ca.tds.main.TDSPreAreq_TC"/>
  <testcase name="testArequestAPI" time="1.191" classname="com.ca.tds.main.TDSPreAreq_TC"/>
  <testcase name="testArequestAPI" time="1.287" classname="com.ca.tds.main.TDSPreAreq_TC"/>
  <testcase name="testArequestAPI" time="1.176" classname="com.ca.tds.main.TDSPreAreq_TC"/>
  <testcase name="testArequestAPI" time="1.229" classname="com.ca.tds.main.TDSPreAreq_TC"/>
  <testcase name="testArequestAPI" time="1.274" classname="com.ca.tds.main.TDSPreAreq_TC"/>
  <testcase name="testArequestAPI" time="1.378" classname="com.ca.tds.main.TDSPreAreq_TC"/>
  <testcase name="testArequestAPI" time="1.221" classname="com.ca.tds.main.TDSPreAreq_TC"/>
  <testcase name="testArequestAPI" time="1.226" classname="com.ca.tds.main.TDSPreAreq_TC"/>
  <testcase name="testArequestAPI" time="1.313" classname="com.ca.tds.main.TDSPreAreq_TC"/>
  <testcase name="testArequestAPI" time="1.214" classname="com.ca.tds.main.TDSPreAreq_TC"/>
  <testcase name="testArequestAPI" time="1.251" classname="com.ca.tds.main.TDSPreAreq_TC"/>
  <testcase name="testArequestAPI" time="1.245" classname="com.ca.tds.main.TDSPreAreq_TC"/>
  <testcase name="testArequestAPI" time="1.241" classname="com.ca.tds.main.TDSPreAreq_TC"/>
  <testcase name="testArequestAPI" time="1.229" classname="com.ca.tds.main.TDSPreAreq_TC"/>
  <testcase name="testArequestAPI" time="1.200" classname="com.ca.tds.main.TDSPreAreq_TC"/>
  <testcase name="testArequestAPI" time="1.195" classname="com.ca.tds.main.TDSPreAreq_TC"/>
  <testcase name="testArequestAPI" time="1.255" classname="com.ca.tds.main.TDSPreAreq_TC"/>
  <testcase name="testArequestAPI" time="1.250" classname="com.ca.tds.main.TDSPreAreq_TC"/>
  <testcase name="testArequestAPI" time="1.285" classname="com.ca.tds.main.TDSPreAreq_TC"/>
  <testcase name="testArequestAPI" time="1.330" classname="com.ca.tds.main.TDSPreAreq_TC"/>
  <testcase name="testArequestAPI" time="1.172" classname="com.ca.tds.main.TDSPreAreq_TC">
    <failure type="java.lang.AssertionError" message="The following asserts failed:
	expected [304] but found [203]">
      <![CDATA[java.lang.AssertionError: The following asserts failed:
expected [304] but found [203]
at org.testng.asserts.SoftAssert.assertAll(SoftAssert.java:43)
at com.ca.tds.main.TDSPreAreq_TC.testArequestAPI(TDSPreAreq_TC.java:114)
at sun.reflect.GeneratedMethodAccessor28.invoke(Unknown Source)
at sun.reflect.DelegatingMethodAccessorImpl.invoke(DelegatingMethodAccessorImpl.java:43)
at java.lang.reflect.Method.invoke(Method.java:498)
at org.testng.internal.MethodInvocationHelper.invokeMethod(MethodInvocationHelper.java:124)
at org.testng.internal.Invoker.invokeMethod(Invoker.java:583)
at org.testng.internal.Invoker.invokeTestMethod(Invoker.java:719)
at org.testng.internal.Invoker.invokeTestMethods(Invoker.java:989)
at org.testng.internal.TestMethodWorker.invokeTestMethods(TestMethodWorker.java:125)
at org.testng.internal.TestMethodWorker.run(TestMethodWorker.java:109)
at java.util.concurrent.ThreadPoolExecutor.runWorker(ThreadPoolExecutor.java:1149)
at java.util.concurrent.ThreadPoolExecutor$Worker.run(ThreadPoolExecutor.java:624)
at java.lang.Thread.run(Thread.java:748)
]]>
    </failure>
  </testcase> <!-- testArequestAPI -->
  <testcase name="testArequestAPI" time="1.394" classname="com.ca.tds.main.TDSPreAreq_TC"/>
  <testcase name="testArequestAPI" time="1.290" classname="com.ca.tds.main.TDSPreAreq_TC"/>
  <testcase name="testArequestAPI" time="2.341" classname="com.ca.tds.main.TDSPreAreq_TC"/>
  <testcase name="testArequestAPI" time="1.244" classname="com.ca.tds.main.TDSPreAreq_TC"/>
  <testcase name="testArequestAPI" time="1.239" classname="com.ca.tds.main.TDSPreAreq_TC"/>
  <testcase name="testArequestAPI" time="1.233" classname="com.ca.tds.main.TDSPreAreq_TC"/>
  <testcase name="testArequestAPI" time="1.170" classname="com.ca.tds.main.TDSPreAreq_TC"/>
  <testcase name="testArequestAPI" time="1.354" classname="com.ca.tds.main.TDSPreAreq_TC"/>
  <testcase name="testArequestAPI" time="1.330" classname="com.ca.tds.main.TDSPreAreq_TC"/>
  <testcase name="testArequestAPI" time="1.645" classname="com.ca.tds.main.TDSPreAreq_TC"/>
  <testcase name="testArequestAPI" time="1.241" classname="com.ca.tds.main.TDSPreAreq_TC"/>
  <testcase name="testArequestAPI" time="1.232" classname="com.ca.tds.main.TDSPreAreq_TC"/>
  <testcase name="testArequestAPI" time="1.300" classname="com.ca.tds.main.TDSPreAreq_TC"/>
  <testcase name="testArequestAPI" time="1.353" classname="com.ca.tds.main.TDSPreAreq_TC"/>
  <testcase name="testArequestAPI" time="1.341" classname="com.ca.tds.main.TDSPreAreq_TC"/>
  <testcase name="testArequestAPI" time="2.470" classname="com.ca.tds.main.TDSPreAreq_TC"/>
  <testcase name="testArequestAPI" time="1.306" classname="com.ca.tds.main.TDSPreAreq_TC"/>
  <testcase name="testArequestAPI" time="1.313" classname="com.ca.tds.main.TDSPreAreq_TC"/>
  <testcase name="testArequestAPI" time="1.331" classname="com.ca.tds.main.TDSPreAreq_TC"/>
  <testcase name="testArequestAPI" time="1.157" classname="com.ca.tds.main.TDSPreAreq_TC"/>
  <testcase name="testArequestAPI" time="1.370" classname="com.ca.tds.main.TDSPreAreq_TC"/>
  <testcase name="testArequestAPI" time="1.236" classname="com.ca.tds.main.TDSPreAreq_TC"/>
  <testcase name="testArequestAPI" time="1.237" classname="com.ca.tds.main.TDSPreAreq_TC"/>
  <testcase name="testArequestAPI" time="1.338" classname="com.ca.tds.main.TDSPreAreq_TC"/>
  <testcase name="testArequestAPI" time="1.223" classname="com.ca.tds.main.TDSPreAreq_TC"/>
  <testcase name="testArequestAPI" time="1.324" classname="com.ca.tds.main.TDSPreAreq_TC"/>
  <testcase name="testArequestAPI" time="1.254" classname="com.ca.tds.main.TDSPreAreq_TC">
    <failure type="java.lang.AssertionError" message="Expected to Fail">
      <![CDATA[java.lang.AssertionError: Expected to Fail
at org.testng.Assert.fail(Assert.java:96)
at com.ca.tds.main.TDSPreAreq_TC.testArequestAPI(TDSPreAreq_TC.java:96)
at sun.reflect.GeneratedMethodAccessor28.invoke(Unknown Source)
at sun.reflect.DelegatingMethodAccessorImpl.invoke(DelegatingMethodAccessorImpl.java:43)
at java.lang.reflect.Method.invoke(Method.java:498)
at org.testng.internal.MethodInvocationHelper.invokeMethod(MethodInvocationHelper.java:124)
at org.testng.internal.Invoker.invokeMethod(Invoker.java:583)
at org.testng.internal.Invoker.invokeTestMethod(Invoker.java:719)
at org.testng.internal.Invoker.invokeTestMethods(Invoker.java:989)
at org.testng.internal.TestMethodWorker.invokeTestMethods(TestMethodWorker.java:125)
at org.testng.internal.TestMethodWorker.run(TestMethodWorker.java:109)
at java.util.concurrent.ThreadPoolExecutor.runWorker(ThreadPoolExecutor.java:1149)
at java.util.concurrent.ThreadPoolExecutor$Worker.run(ThreadPoolExecutor.java:624)
at java.lang.Thread.run(Thread.java:748)
]]>
    </failure>
  </testcase> <!-- testArequestAPI -->
  <testcase name="testArequestAPI" time="1.233" classname="com.ca.tds.main.TDSPreAreq_TC"/>
  <testcase name="testArequestAPI" time="1.283" classname="com.ca.tds.main.TDSPreAreq_TC"/>
  <testcase name="testArequestAPI" time="1.212" classname="com.ca.tds.main.TDSPreAreq_TC"/>
  <testcase name="testArequestAPI" time="1.213" classname="com.ca.tds.main.TDSPreAreq_TC"/>
  <testcase name="testArequestAPI" time="1.236" classname="com.ca.tds.main.TDSPreAreq_TC"/>
  <testcase name="testArequestAPI" time="1.226" classname="com.ca.tds.main.TDSPreAreq_TC"/>
  <testcase name="testArequestAPI" time="1.240" classname="com.ca.tds.main.TDSPreAreq_TC"/>
  <testcase name="testArequestAPI" time="1.238" classname="com.ca.tds.main.TDSPreAreq_TC">
    <failure type="java.lang.AssertionError" message="Expected to Fail">
      <![CDATA[java.lang.AssertionError: Expected to Fail
at org.testng.Assert.fail(Assert.java:96)
at com.ca.tds.main.TDSPreAreq_TC.testArequestAPI(TDSPreAreq_TC.java:96)
at sun.reflect.GeneratedMethodAccessor28.invoke(Unknown Source)
at sun.reflect.DelegatingMethodAccessorImpl.invoke(DelegatingMethodAccessorImpl.java:43)
at java.lang.reflect.Method.invoke(Method.java:498)
at org.testng.internal.MethodInvocationHelper.invokeMethod(MethodInvocationHelper.java:124)
at org.testng.internal.Invoker.invokeMethod(Invoker.java:583)
at org.testng.internal.Invoker.invokeTestMethod(Invoker.java:719)
at org.testng.internal.Invoker.invokeTestMethods(Invoker.java:989)
at org.testng.internal.TestMethodWorker.invokeTestMethods(TestMethodWorker.java:125)
at org.testng.internal.TestMethodWorker.run(TestMethodWorker.java:109)
at java.util.concurrent.ThreadPoolExecutor.runWorker(ThreadPoolExecutor.java:1149)
at java.util.concurrent.ThreadPoolExecutor$Worker.run(ThreadPoolExecutor.java:624)
at java.lang.Thread.run(Thread.java:748)
]]>
    </failure>
  </testcase> <!-- testArequestAPI -->
  <testcase name="testArequestAPI" time="1.300" classname="com.ca.tds.main.TDSPreAreq_TC"/>
  <testcase name="testArequestAPI" time="1.199" classname="com.ca.tds.main.TDSPreAreq_TC"/>
  <testcase name="testArequestAPI" time="1.439" classname="com.ca.tds.main.TDSPreAreq_TC"/>
  <testcase name="testArequestAPI" time="1.207" classname="com.ca.tds.main.TDSPreAreq_TC"/>
  <testcase name="testArequestAPI" time="1.391" classname="com.ca.tds.main.TDSPreAreq_TC"/>
  <testcase name="testArequestAPI" time="1.237" classname="com.ca.tds.main.TDSPreAreq_TC"/>
  <testcase name="testArequestAPI" time="1.263" classname="com.ca.tds.main.TDSPreAreq_TC"/>
  <testcase name="testArequestAPI" time="1.295" classname="com.ca.tds.main.TDSPreAreq_TC"/>
  <testcase name="testArequestAPI" time="1.249" classname="com.ca.tds.main.TDSPreAreq_TC"/>
  <testcase name="testArequestAPI" time="1.274" classname="com.ca.tds.main.TDSPreAreq_TC"/>
  <testcase name="testArequestAPI" time="1.183" classname="com.ca.tds.main.TDSPreAreq_TC"/>
  <testcase name="testArequestAPI" time="1.334" classname="com.ca.tds.main.TDSPreAreq_TC"/>
  <testcase name="testArequestAPI" time="1.396" classname="com.ca.tds.main.TDSPreAreq_TC"/>
  <testcase name="testArequestAPI" time="1.338" classname="com.ca.tds.main.TDSPreAreq_TC"/>
  <testcase name="testArequestAPI" time="1.714" classname="com.ca.tds.main.TDSPreAreq_TC">
    <failure type="java.lang.AssertionError" message="The following asserts failed:
	expected [304] but found [203]">
      <![CDATA[java.lang.AssertionError: The following asserts failed:
expected [304] but found [203]
at org.testng.asserts.SoftAssert.assertAll(SoftAssert.java:43)
at com.ca.tds.main.TDSPreAreq_TC.testArequestAPI(TDSPreAreq_TC.java:114)
at sun.reflect.GeneratedMethodAccessor28.invoke(Unknown Source)
at sun.reflect.DelegatingMethodAccessorImpl.invoke(DelegatingMethodAccessorImpl.java:43)
at java.lang.reflect.Method.invoke(Method.java:498)
at org.testng.internal.MethodInvocationHelper.invokeMethod(MethodInvocationHelper.java:124)
at org.testng.internal.Invoker.invokeMethod(Invoker.java:583)
at org.testng.internal.Invoker.invokeTestMethod(Invoker.java:719)
at org.testng.internal.Invoker.invokeTestMethods(Invoker.java:989)
at org.testng.internal.TestMethodWorker.invokeTestMethods(TestMethodWorker.java:125)
at org.testng.internal.TestMethodWorker.run(TestMethodWorker.java:109)
at java.util.concurrent.ThreadPoolExecutor.runWorker(ThreadPoolExecutor.java:1149)
at java.util.concurrent.ThreadPoolExecutor$Worker.run(ThreadPoolExecutor.java:624)
at java.lang.Thread.run(Thread.java:748)
]]>
    </failure>
  </testcase> <!-- testArequestAPI -->
  <testcase name="testArequestAPI" time="1.225" classname="com.ca.tds.main.TDSPreAreq_TC"/>
  <testcase name="testArequestAPI" time="1.407" classname="com.ca.tds.main.TDSPreAreq_TC"/>
  <testcase name="testArequestAPI" time="1.774" classname="com.ca.tds.main.TDSPreAreq_TC"/>
  <testcase name="testArequestAPI" time="1.266" classname="com.ca.tds.main.TDSPreAreq_TC"/>
  <testcase name="testArequestAPI" time="1.267" classname="com.ca.tds.main.TDSPreAreq_TC"/>
  <testcase name="testArequestAPI" time="1.242" classname="com.ca.tds.main.TDSPreAreq_TC"/>
  <testcase name="testArequestAPI" time="1.145" classname="com.ca.tds.main.TDSPreAreq_TC"/>
  <testcase name="testArequestAPI" time="1.252" classname="com.ca.tds.main.TDSPreAreq_TC"/>
  <testcase name="testArequestAPI" time="1.191" classname="com.ca.tds.main.TDSPreAreq_TC"/>
  <testcase name="testArequestAPI" time="1.408" classname="com.ca.tds.main.TDSPreAreq_TC"/>
  <testcase name="testArequestAPI" time="1.375" classname="com.ca.tds.main.TDSPreAreq_TC"/>
  <testcase name="testArequestAPI" time="1.312" classname="com.ca.tds.main.TDSPreAreq_TC"/>
  <testcase name="testArequestAPI" time="1.216" classname="com.ca.tds.main.TDSPreAreq_TC"/>
  <testcase name="testArequestAPI" time="1.353" classname="com.ca.tds.main.TDSPreAreq_TC"/>
  <testcase name="testArequestAPI" time="1.213" classname="com.ca.tds.main.TDSPreAreq_TC"/>
  <testcase name="testArequestAPI" time="1.257" classname="com.ca.tds.main.TDSPreAreq_TC"/>
  <testcase name="testArequestAPI" time="1.274" classname="com.ca.tds.main.TDSPreAreq_TC"/>
  <testcase name="testArequestAPI" time="1.286" classname="com.ca.tds.main.TDSPreAreq_TC"/>
  <testcase name="testArequestAPI" time="1.209" classname="com.ca.tds.main.TDSPreAreq_TC"/>
  <testcase name="testArequestAPI" time="1.404" classname="com.ca.tds.main.TDSPreAreq_TC"/>
  <testcase name="testArequestAPI" time="1.173" classname="com.ca.tds.main.TDSPreAreq_TC"/>
  <testcase name="testArequestAPI" time="1.317" classname="com.ca.tds.main.TDSPreAreq_TC"/>
  <testcase name="testArequestAPI" time="1.314" classname="com.ca.tds.main.TDSPreAreq_TC">
    <failure type="java.lang.AssertionError" message="Expected to Fail">
      <![CDATA[java.lang.AssertionError: Expected to Fail
at org.testng.Assert.fail(Assert.java:96)
at com.ca.tds.main.TDSPreAreq_TC.testArequestAPI(TDSPreAreq_TC.java:96)
at sun.reflect.GeneratedMethodAccessor28.invoke(Unknown Source)
at sun.reflect.DelegatingMethodAccessorImpl.invoke(DelegatingMethodAccessorImpl.java:43)
at java.lang.reflect.Method.invoke(Method.java:498)
at org.testng.internal.MethodInvocationHelper.invokeMethod(MethodInvocationHelper.java:124)
at org.testng.internal.Invoker.invokeMethod(Invoker.java:583)
at org.testng.internal.Invoker.invokeTestMethod(Invoker.java:719)
at org.testng.internal.Invoker.invokeTestMethods(Invoker.java:989)
at org.testng.internal.TestMethodWorker.invokeTestMethods(TestMethodWorker.java:125)
at org.testng.internal.TestMethodWorker.run(TestMethodWorker.java:109)
at java.util.concurrent.ThreadPoolExecutor.runWorker(ThreadPoolExecutor.java:1149)
at java.util.concurrent.ThreadPoolExecutor$Worker.run(ThreadPoolExecutor.java:624)
at java.lang.Thread.run(Thread.java:748)
]]>
    </failure>
  </testcase> <!-- testArequestAPI -->
  <testcase name="testArequestAPI" time="1.489" classname="com.ca.tds.main.TDSPreAreq_TC"/>
  <testcase name="testArequestAPI" time="1.266" classname="com.ca.tds.main.TDSPreAreq_TC"/>
  <testcase name="testArequestAPI" time="1.201" classname="com.ca.tds.main.TDSPreAreq_TC"/>
  <testcase name="testArequestAPI" time="1.320" classname="com.ca.tds.main.TDSPreAreq_TC"/>
  <testcase name="testArequestAPI" time="1.357" classname="com.ca.tds.main.TDSPreAreq_TC"/>
  <testcase name="testArequestAPI" time="1.215" classname="com.ca.tds.main.TDSPreAreq_TC"/>
  <testcase name="testArequestAPI" time="1.286" classname="com.ca.tds.main.TDSPreAreq_TC"/>
  <testcase name="testArequestAPI" time="1.261" classname="com.ca.tds.main.TDSPreAreq_TC"/>
  <testcase name="testArequestAPI" time="1.299" classname="com.ca.tds.main.TDSPreAreq_TC"/>
  <testcase name="testArequestAPI" time="1.241" classname="com.ca.tds.main.TDSPreAreq_TC"/>
  <testcase name="testArequestAPI" time="1.211" classname="com.ca.tds.main.TDSPreAreq_TC"/>
  <testcase name="testArequestAPI" time="1.260" classname="com.ca.tds.main.TDSPreAreq_TC"/>
  <testcase name="testArequestAPI" time="1.243" classname="com.ca.tds.main.TDSPreAreq_TC"/>
  <testcase name="testArequestAPI" time="1.215" classname="com.ca.tds.main.TDSPreAreq_TC"/>
  <testcase name="testArequestAPI" time="1.281" classname="com.ca.tds.main.TDSPreAreq_TC"/>
  <testcase name="testArequestAPI" time="1.184" classname="com.ca.tds.main.TDSPreAreq_TC"/>
  <testcase name="testArequestAPI" time="1.189" classname="com.ca.tds.main.TDSPreAreq_TC"/>
  <testcase name="testArequestAPI" time="1.298" classname="com.ca.tds.main.TDSPreAreq_TC"/>
  <testcase name="testArequestAPI" time="1.313" classname="com.ca.tds.main.TDSPreAreq_TC"/>
  <testcase name="testArequestAPI" time="1.236" classname="com.ca.tds.main.TDSPreAreq_TC"/>
  <testcase name="testArequestAPI" time="1.282" classname="com.ca.tds.main.TDSPreAreq_TC"/>
  <testcase name="testArequestAPI" time="1.363" classname="com.ca.tds.main.TDSPreAreq_TC"/>
  <testcase name="testArequestAPI" time="1.267" classname="com.ca.tds.main.TDSPreAreq_TC"/>
  <testcase name="testArequestAPI" time="2.351" classname="com.ca.tds.main.TDSPreAreq_TC"/>
  <testcase name="testArequestAPI" time="1.282" classname="com.ca.tds.main.TDSPreAreq_TC">
    <failure type="java.lang.AssertionError" message="Expected to Fail">
      <![CDATA[java.lang.AssertionError: Expected to Fail
at org.testng.Assert.fail(Assert.java:96)
at com.ca.tds.main.TDSPreAreq_TC.testArequestAPI(TDSPreAreq_TC.java:96)
at sun.reflect.GeneratedMethodAccessor28.invoke(Unknown Source)
at sun.reflect.DelegatingMethodAccessorImpl.invoke(DelegatingMethodAccessorImpl.java:43)
at java.lang.reflect.Method.invoke(Method.java:498)
at org.testng.internal.MethodInvocationHelper.invokeMethod(MethodInvocationHelper.java:124)
at org.testng.internal.Invoker.invokeMethod(Invoker.java:583)
at org.testng.internal.Invoker.invokeTestMethod(Invoker.java:719)
at org.testng.internal.Invoker.invokeTestMethods(Invoker.java:989)
at org.testng.internal.TestMethodWorker.invokeTestMethods(TestMethodWorker.java:125)
at org.testng.internal.TestMethodWorker.run(TestMethodWorker.java:109)
at java.util.concurrent.ThreadPoolExecutor.runWorker(ThreadPoolExecutor.java:1149)
at java.util.concurrent.ThreadPoolExecutor$Worker.run(ThreadPoolExecutor.java:624)
at java.lang.Thread.run(Thread.java:748)
]]>
    </failure>
  </testcase> <!-- testArequestAPI -->
  <testcase name="testArequestAPI" time="1.298" classname="com.ca.tds.main.TDSPreAreq_TC"/>
  <testcase name="testArequestAPI" time="1.362" classname="com.ca.tds.main.TDSPreAreq_TC"/>
  <testcase name="testArequestAPI" time="1.476" classname="com.ca.tds.main.TDSPreAreq_TC"/>
  <testcase name="testArequestAPI" time="1.342" classname="com.ca.tds.main.TDSPreAreq_TC"/>
  <testcase name="testArequestAPI" time="1.340" classname="com.ca.tds.main.TDSPreAreq_TC"/>
  <testcase name="testArequestAPI" time="1.219" classname="com.ca.tds.main.TDSPreAreq_TC"/>
  <testcase name="testArequestAPI" time="1.301" classname="com.ca.tds.main.TDSPreAreq_TC"/>
  <testcase name="testArequestAPI" time="1.247" classname="com.ca.tds.main.TDSPreAreq_TC"/>
  <testcase name="testArequestAPI" time="1.346" classname="com.ca.tds.main.TDSPreAreq_TC"/>
  <testcase name="testArequestAPI" time="1.242" classname="com.ca.tds.main.TDSPreAreq_TC"/>
  <testcase name="testArequestAPI" time="1.245" classname="com.ca.tds.main.TDSPreAreq_TC"/>
  <testcase name="testArequestAPI" time="2.598" classname="com.ca.tds.main.TDSPreAreq_TC"/>
  <testcase name="testArequestAPI" time="0.809" classname="com.ca.tds.main.TDSPreAreq_TC">
    <failure type="java.lang.AssertionError" message="Browser Flow:: Json Validation Failed.Missing value at 2006 [character 26 line 52]&lt;br&gt; api response : null">
      <![CDATA[java.lang.AssertionError: Browser Flow:: Json Validation Failed.Missing value at 2006 [character 26 line 52]<br> api response : null
at org.testng.Assert.fail(Assert.java:96)
at com.ca.tds.main.TDSPreAreq_TC.testArequestAPI(TDSPreAreq_TC.java:121)
at sun.reflect.GeneratedMethodAccessor28.invoke(Unknown Source)
at sun.reflect.DelegatingMethodAccessorImpl.invoke(DelegatingMethodAccessorImpl.java:43)
at java.lang.reflect.Method.invoke(Method.java:498)
at org.testng.internal.MethodInvocationHelper.invokeMethod(MethodInvocationHelper.java:124)
at org.testng.internal.Invoker.invokeMethod(Invoker.java:583)
at org.testng.internal.Invoker.invokeTestMethod(Invoker.java:719)
at org.testng.internal.Invoker.invokeTestMethods(Invoker.java:989)
at org.testng.internal.TestMethodWorker.invokeTestMethods(TestMethodWorker.java:125)
at org.testng.internal.TestMethodWorker.run(TestMethodWorker.java:109)
at java.util.concurrent.ThreadPoolExecutor.runWorker(ThreadPoolExecutor.java:1149)
at java.util.concurrent.ThreadPoolExecutor$Worker.run(ThreadPoolExecutor.java:624)
at java.lang.Thread.run(Thread.java:748)
]]>
    </failure>
  </testcase> <!-- testArequestAPI -->
  <testcase name="testArequestAPI" time="1.237" classname="com.ca.tds.main.TDSPreAreq_TC"/>
  <testcase name="testArequestAPI" time="1.200" classname="com.ca.tds.main.TDSPreAreq_TC">
    <failure type="java.lang.AssertionError" message="The following asserts failed:
	expected [304] but found [203]">
      <![CDATA[java.lang.AssertionError: The following asserts failed:
expected [304] but found [203]
at org.testng.asserts.SoftAssert.assertAll(SoftAssert.java:43)
at com.ca.tds.main.TDSPreAreq_TC.testArequestAPI(TDSPreAreq_TC.java:114)
at sun.reflect.GeneratedMethodAccessor28.invoke(Unknown Source)
at sun.reflect.DelegatingMethodAccessorImpl.invoke(DelegatingMethodAccessorImpl.java:43)
at java.lang.reflect.Method.invoke(Method.java:498)
at org.testng.internal.MethodInvocationHelper.invokeMethod(MethodInvocationHelper.java:124)
at org.testng.internal.Invoker.invokeMethod(Invoker.java:583)
at org.testng.internal.Invoker.invokeTestMethod(Invoker.java:719)
at org.testng.internal.Invoker.invokeTestMethods(Invoker.java:989)
at org.testng.internal.TestMethodWorker.invokeTestMethods(TestMethodWorker.java:125)
at org.testng.internal.TestMethodWorker.run(TestMethodWorker.java:109)
at java.util.concurrent.ThreadPoolExecutor.runWorker(ThreadPoolExecutor.java:1149)
at java.util.concurrent.ThreadPoolExecutor$Worker.run(ThreadPoolExecutor.java:624)
at java.lang.Thread.run(Thread.java:748)
]]>
    </failure>
  </testcase> <!-- testArequestAPI -->
  <testcase name="testArequestAPI" time="1.234" classname="com.ca.tds.main.TDSPreAreq_TC"/>
  <testcase name="testArequestAPI" time="1.219" classname="com.ca.tds.main.TDSPreAreq_TC">
    <failure type="java.lang.AssertionError" message="Expected to Fail">
      <![CDATA[java.lang.AssertionError: Expected to Fail
at org.testng.Assert.fail(Assert.java:96)
at com.ca.tds.main.TDSPreAreq_TC.testArequestAPI(TDSPreAreq_TC.java:96)
at sun.reflect.GeneratedMethodAccessor28.invoke(Unknown Source)
at sun.reflect.DelegatingMethodAccessorImpl.invoke(DelegatingMethodAccessorImpl.java:43)
at java.lang.reflect.Method.invoke(Method.java:498)
at org.testng.internal.MethodInvocationHelper.invokeMethod(MethodInvocationHelper.java:124)
at org.testng.internal.Invoker.invokeMethod(Invoker.java:583)
at org.testng.internal.Invoker.invokeTestMethod(Invoker.java:719)
at org.testng.internal.Invoker.invokeTestMethods(Invoker.java:989)
at org.testng.internal.TestMethodWorker.invokeTestMethods(TestMethodWorker.java:125)
at org.testng.internal.TestMethodWorker.run(TestMethodWorker.java:109)
at java.util.concurrent.ThreadPoolExecutor.runWorker(ThreadPoolExecutor.java:1149)
at java.util.concurrent.ThreadPoolExecutor$Worker.run(ThreadPoolExecutor.java:624)
at java.lang.Thread.run(Thread.java:748)
]]>
    </failure>
  </testcase> <!-- testArequestAPI -->
  <testcase name="testArequestAPI" time="1.214" classname="com.ca.tds.main.TDSPreAreq_TC"/>
  <testcase name="testArequestAPI" time="1.232" classname="com.ca.tds.main.TDSPreAreq_TC"/>
  <testcase name="testArequestAPI" time="1.255" classname="com.ca.tds.main.TDSPreAreq_TC"/>
  <testcase name="testArequestAPI" time="1.209" classname="com.ca.tds.main.TDSPreAreq_TC">
    <failure type="java.lang.AssertionError" message="The following asserts failed:
	expected [304] but found [203]">
      <![CDATA[java.lang.AssertionError: The following asserts failed:
expected [304] but found [203]
at org.testng.asserts.SoftAssert.assertAll(SoftAssert.java:43)
at com.ca.tds.main.TDSPreAreq_TC.testArequestAPI(TDSPreAreq_TC.java:114)
at sun.reflect.GeneratedMethodAccessor28.invoke(Unknown Source)
at sun.reflect.DelegatingMethodAccessorImpl.invoke(DelegatingMethodAccessorImpl.java:43)
at java.lang.reflect.Method.invoke(Method.java:498)
at org.testng.internal.MethodInvocationHelper.invokeMethod(MethodInvocationHelper.java:124)
at org.testng.internal.Invoker.invokeMethod(Invoker.java:583)
at org.testng.internal.Invoker.invokeTestMethod(Invoker.java:719)
at org.testng.internal.Invoker.invokeTestMethods(Invoker.java:989)
at org.testng.internal.TestMethodWorker.invokeTestMethods(TestMethodWorker.java:125)
at org.testng.internal.TestMethodWorker.run(TestMethodWorker.java:109)
at java.util.concurrent.ThreadPoolExecutor.runWorker(ThreadPoolExecutor.java:1149)
at java.util.concurrent.ThreadPoolExecutor$Worker.run(ThreadPoolExecutor.java:624)
at java.lang.Thread.run(Thread.java:748)
]]>
    </failure>
  </testcase> <!-- testArequestAPI -->
  <testcase name="testArequestAPI" time="1.234" classname="com.ca.tds.main.TDSPreAreq_TC"/>
  <testcase name="testArequestAPI" time="1.264" classname="com.ca.tds.main.TDSPreAreq_TC"/>
  <testcase name="testArequestAPI" time="1.269" classname="com.ca.tds.main.TDSPreAreq_TC"/>
  <testcase name="testArequestAPI" time="2.183" classname="com.ca.tds.main.TDSPreAreq_TC"/>
  <testcase name="testArequestAPI" time="1.298" classname="com.ca.tds.main.TDSPreAreq_TC"/>
  <testcase name="testArequestAPI" time="1.269" classname="com.ca.tds.main.TDSPreAreq_TC"/>
  <testcase name="testArequestAPI" time="1.308" classname="com.ca.tds.main.TDSPreAreq_TC"/>
  <testcase name="testArequestAPI" time="1.160" classname="com.ca.tds.main.TDSPreAreq_TC"/>
  <testcase name="testArequestAPI" time="1.212" classname="com.ca.tds.main.TDSPreAreq_TC"/>
  <testcase name="testArequestAPI" time="1.379" classname="com.ca.tds.main.TDSPreAreq_TC"/>
  <testcase name="testArequestAPI" time="1.348" classname="com.ca.tds.main.TDSPreAreq_TC"/>
  <testcase name="testArequestAPI" time="1.243" classname="com.ca.tds.main.TDSPreAreq_TC"/>
  <testcase name="testArequestAPI" time="1.214" classname="com.ca.tds.main.TDSPreAreq_TC"/>
  <testcase name="testArequestAPI" time="1.477" classname="com.ca.tds.main.TDSPreAreq_TC"/>
  <testcase name="testArequestAPI" time="1.278" classname="com.ca.tds.main.TDSPreAreq_TC">
    <failure type="java.lang.AssertionError" message="Expected to Fail">
      <![CDATA[java.lang.AssertionError: Expected to Fail
at org.testng.Assert.fail(Assert.java:96)
at com.ca.tds.main.TDSPreAreq_TC.testArequestAPI(TDSPreAreq_TC.java:96)
at sun.reflect.GeneratedMethodAccessor28.invoke(Unknown Source)
at sun.reflect.DelegatingMethodAccessorImpl.invoke(DelegatingMethodAccessorImpl.java:43)
at java.lang.reflect.Method.invoke(Method.java:498)
at org.testng.internal.MethodInvocationHelper.invokeMethod(MethodInvocationHelper.java:124)
at org.testng.internal.Invoker.invokeMethod(Invoker.java:583)
at org.testng.internal.Invoker.invokeTestMethod(Invoker.java:719)
at org.testng.internal.Invoker.invokeTestMethods(Invoker.java:989)
at org.testng.internal.TestMethodWorker.invokeTestMethods(TestMethodWorker.java:125)
at org.testng.internal.TestMethodWorker.run(TestMethodWorker.java:109)
at java.util.concurrent.ThreadPoolExecutor.runWorker(ThreadPoolExecutor.java:1149)
at java.util.concurrent.ThreadPoolExecutor$Worker.run(ThreadPoolExecutor.java:624)
at java.lang.Thread.run(Thread.java:748)
]]>
    </failure>
  </testcase> <!-- testArequestAPI -->
  <testcase name="testArequestAPI" time="1.235" classname="com.ca.tds.main.TDSPreAreq_TC"/>
  <testcase name="testArequestAPI" time="1.177" classname="com.ca.tds.main.TDSPreAreq_TC"/>
  <testcase name="testArequestAPI" time="2.614" classname="com.ca.tds.main.TDSPreAreq_TC"/>
  <testcase name="testArequestAPI" time="1.315" classname="com.ca.tds.main.TDSPreAreq_TC"/>
  <testcase name="testArequestAPI" time="1.225" classname="com.ca.tds.main.TDSPreAreq_TC"/>
  <testcase name="testArequestAPI" time="1.380" classname="com.ca.tds.main.TDSPreAreq_TC"/>
  <testcase name="testArequestAPI" time="1.278" classname="com.ca.tds.main.TDSPreAreq_TC"/>
  <testcase name="testArequestAPI" time="1.277" classname="com.ca.tds.main.TDSPreAreq_TC"/>
  <testcase name="testArequestAPI" time="1.207" classname="com.ca.tds.main.TDSPreAreq_TC"/>
  <testcase name="testArequestAPI" time="1.316" classname="com.ca.tds.main.TDSPreAreq_TC"/>
  <testcase name="testArequestAPI" time="1.320" classname="com.ca.tds.main.TDSPreAreq_TC"/>
  <testcase name="testArequestAPI" time="1.291" classname="com.ca.tds.main.TDSPreAreq_TC"/>
  <testcase name="testArequestAPI" time="1.166" classname="com.ca.tds.main.TDSPreAreq_TC"/>
  <testcase name="testArequestAPI" time="1.188" classname="com.ca.tds.main.TDSPreAreq_TC"/>
  <testcase name="testArequestAPI" time="1.225" classname="com.ca.tds.main.TDSPreAreq_TC"/>
  <testcase name="testArequestAPI" time="1.197" classname="com.ca.tds.main.TDSPreAreq_TC"/>
  <testcase name="testArequestAPI" time="1.382" classname="com.ca.tds.main.TDSPreAreq_TC"/>
  <testcase name="testArequestAPI" time="1.231" classname="com.ca.tds.main.TDSPreAreq_TC"/>
  <testcase name="testArequestAPI" time="1.389" classname="com.ca.tds.main.TDSPreAreq_TC"/>
  <testcase name="testArequestAPI" time="1.314" classname="com.ca.tds.main.TDSPreAreq_TC"/>
  <testcase name="testArequestAPI" time="1.364" classname="com.ca.tds.main.TDSPreAreq_TC"/>
  <testcase name="testArequestAPI" time="1.383" classname="com.ca.tds.main.TDSPreAreq_TC"/>
  <testcase name="testArequestAPI" time="1.148" classname="com.ca.tds.main.TDSPreAreq_TC">
    <failure type="java.lang.AssertionError" message="Json response json schema validation failed.&lt;br&gt;6 schema violations found&lt;br&gt; api response : {&quot;notificationURL&quot;:&quot;http://localhost:9090/golfstore2/CreqNotification.jsp&quot;,&quot;messageCategory&quot;:&quot;01&quot;,&quot;mcc&quot;:&quot;0742&quot;,&quot;browserAcceptHeader&quot;:&quot;text/html,application/xhtml+xml,application/xml;q=0.9,image/webp,image/apng,*/*;q=0.8&quot;,&quot;merchantName&quot;:&quot;XXobal&quot;,&quot;merchantRiskIndicator&quot;:{&quot;deliveryTimeframe&quot;:&quot;01&quot;,&quot;deliveryEmailAddress&quot;:&quot;XXXsh08@XX.com&quot;,&quot;giftCardCurr&quot;:&quot;840&quot;,&quot;preOrderDate&quot;:&quot;20200803&quot;,&quot;shipIndicator&quot;:&quot;01&quot;,&quot;giftCardAmount&quot;:&quot;500&quot;,&quot;preOrderPurchaseInd&quot;:&quot;01&quot;,&quot;giftCardCount&quot;:&quot;02&quot;,&quot;reorderItemsInd&quot;:&quot;01&quot;},&quot;threeDSRequestorAuthenticationInd&quot;:&quot;01&quot;,&quot;addrMatch&quot;:&quot;Y&quot;,&quot;messageType&quot;:&quot;Erro&quot;,&quot;threeDSRequestorName&quot;:&quot;ew0KCSJEViI6ICIxLjAiLA0KCSJERCI6Iaa45&quot;,&quot;acquirerMerchantID&quot;:&quot;AcquirerMerchantID222&quot;,&quot;shipAddrPostCode&quot;:&quot;X5101&quot;,&quot;messageExtension&quot;:[{&quot;data&quot;:{&quot;key1&quot;:&quot;HMS&quot;,&quot;key2&quot;:&quot;HMS&quot;,&quot;key&quot;:&quot;HMS&quot;},&quot;criticalityIndicator&quot;:false,&quot;name&quot;:&quot;ShashishekharHM&quot;,&quot;id&quot;:&quot;ID2018SEP282001&quot;}],&quot;billAddrCountry&quot;:&quot;XX0&quot;,&quot;browserLanguage&quot;:&quot;en-US&quot;,&quot;caMerchantID&quot;:&quot;CA_EU&quot;,&quot;challengeWindowSize&quot;:&quot;04&quot;,&quot;broadInfo&quot;:{&quot;key&quot;:&quot;broadInfoValue&quot;},&quot;homePhone&quot;:{&quot;cc&quot;:&quot;840&quot;,&quot;subscriber&quot;:&quot;XXXXXX7899&quot;},&quot;payTokenInd&quot;:true,&quot;billAddrLine2&quot;:&quot;XXC&quot;,&quot;billAddrLine3&quot;:&quot;XXS&quot;,&quot;deviceChannel&quot;:&quot;02&quot;,&quot;browserIP&quot;:&quot;XXX.XX.XXX.X&quot;,&quot;billAddrLine1&quot;:&quot;XXXXXXXXXXXXXX Ave&quot;,&quot;acctInfo&quot;:{&quot;chAccDate&quot;:&quot;20180928&quot;,&quot;shipAddressUsageInd&quot;:&quot;03&quot;,&quot;paymentAccAge&quot;:&quot;20180808&quot;,&quot;paymentAccInd&quot;:&quot;01&quot;,&quot;txnActivityYear&quot;:&quot;8&quot;,&quot;shipNameIndicator&quot;:&quot;01&quot;,&quot;chAccPwChangeInd&quot;:&quot;01&quot;,&quot;provisionAttemptsDay&quot;:&quot;1&quot;,&quot;chAccChange&quot;:&quot;20180928&quot;,&quot;chAccChangeInd&quot;:&quot;02&quot;,&quot;nbPurchaseAccount&quot;:&quot;8&quot;,&quot;chAccAgeInd&quot;:&quot;02&quot;,&quot;chAccPwChange&quot;:&quot;20180901&quot;,&quot;shipAddressUsage&quot;:&quot;20180910&quot;,&quot;suspiciousAccActivity&quot;:&quot;01&quot;,&quot;txnActivityDay&quot;:&quot;5&quot;},&quot;purchaseExponent&quot;:&quot;2&quot;,&quot;mobilePhone&quot;:{&quot;cc&quot;:&quot;840&quot;,&quot;subscriber&quot;:&quot;XXXXXX7899&quot;},&quot;shipAddrCity&quot;:&quot;XXXXJose&quot;,&quot;threeDSRequestorAuthenticationInfo&quot;:{&quot;threeDSReqAuthMethod&quot;:&quot;02&quot;,&quot;threeDSReqAuthData&quot;:&quot;3DS PA Request&quot;,&quot;threeDSReqAuthTimestamp&quot;:&quot;201809281603&quot;},&quot;transType&quot;:&quot;01&quot;,&quot;browserJavascriptEnabled&quot;:true,&quot;acctType&quot;:&quot;01&quot;,&quot;shipAddrCountry&quot;:&quot;XX0&quot;,&quot;threeDSRequestorPriorAuthenticationInfo&quot;:{&quot;threeDSReqPriorRef&quot;:&quot;4c6453da-4c56-4980-98cd-d04a064899c4&quot;,&quot;threeDSReqPriorAuthData&quot;:&quot;three DS Request Prior Authentication Data&quot;,&quot;threeDSReqPriorAuthMethod&quot;:&quot;01&quot;,&quot;threeDSReqPriorAuthTimestamp&quot;:&quot;201810010323&quot;},&quot;purchaseDate&quot;:&quot;20180928160450&quot;,&quot;merchantCountryCode&quot;:&quot;840&quot;,&quot;threeDSServerRefNumber&quot;:&quot;AAAAAA123456789&quot;,&quot;browserColorDepth&quot;:&quot;24&quot;,&quot;billAddrState&quot;:&quot;XA&quot;,&quot;acctID&quot;:&quot;ACCTID98X3fw3&quot;,&quot;browserJavaEnabled&quot;:true,&quot;purchaseCurrency&quot;:&quot;840&quot;,&quot;callerTxnRefID&quot;:&quot;341b7153-da86-4543-860f-2ba47f0168a5&quot;,&quot;cardExpiryDate&quot;:&quot;XXX8&quot;,&quot;browserTZ&quot;:&quot;-330&quot;,&quot;shipAddrState&quot;:&quot;XA&quot;,&quot;shipAddrLine3&quot;:&quot;XXS&quot;,&quot;shipAddrLine2&quot;:&quot;XXC&quot;,&quot;acctNumber&quot;:&quot;wg2T1yXXXXXXXXXXXXXXXXXXXXXXXXXXXXXXXXXXXXXXXXXXXXXXXXXXXXXXXXXXXXXXXXXXXXXXXXXXXXXXXXXXXXXXXXXXXXXXXXXXXXXXXXXXXXXXXXXXXXXXXXXXXXXXXXXXXXXXXXXXXXXXXXXXXXXXXXXXXXXXXXXXXXXXXXXXXXXXXXXXXXXXXXXXXXXXXXXXXXXXXXXXXXXXXXXXXXXXXXXXXXXXXXXXXXXXXXXXXXXXXXXXXXXXXXXXXXXXXXXXXXXXXXXXXXXXXXXXXXXXXXXXXXXXXXXXXXXXXXXXXXXXXXXXXXXXXXXXXXXXXXXXXXXXXXXXXXXXXXX&quot;,&quot;shipAddrLine1&quot;:&quot;XXXXXXXXXXXXXX Ave&quot;,&quot;threeDSRequestorURL&quot;:&quot;http://10.131.94.242:1080/content-server/api/tds2/txn/browser/v1/tds-method&quot;,&quot;browserScreenHeight&quot;:&quot;720&quot;,&quot;messageVersion&quot;:&quot;2.1.0&quot;,&quot;billAddrPostCode&quot;:&quot;X5101&quot;,&quot;email&quot;:&quot;XXXsh08@XX.com&quot;,&quot;acquirerBIN&quot;:&quot;12345678912&quot;,&quot;billAddrCity&quot;:&quot;XXXXJose&quot;,&quot;threeDSRequestorID&quot;:&quot;611&quot;,&quot;browserUserAgent&quot;:&quot;Mozilla/5.0 (Windows NT 10.0; Win64; x64) AppleWebKit/537.36 (KHTML, like Gecko) Chrome/68.0.3440.84 Safari/537.36&quot;,&quot;purchaseAmount&quot;:&quot;100&quot;,&quot;threeDSRequestorChallengeInd&quot;:&quot;01&quot;,&quot;cardholderName&quot;:&quot;XXXphen&quot;,&quot;threeDSServerOperatorID&quot;:&quot;serverOperatorID&quot;,&quot;workPhone&quot;:{&quot;cc&quot;:&quot;840&quot;,&quot;subscriber&quot;:&quot;XXXXXX7899&quot;},&quot;threeDSCompInd&quot;:&quot;Y&quot;,&quot;threeDSServerURL&quot;:&quot;http://10.138.158.51:9608&quot;,&quot;browserScreenWidth&quot;:&quot;1280&quot;}">
      <![CDATA[java.lang.AssertionError: Json response json schema validation failed.<br>6 schema violations found<br> api response : {"notificationURL":"http://localhost:9090/golfstore2/CreqNotification.jsp","messageCategory":"01","mcc":"0742","browserAcceptHeader":"text/html,application/xhtml+xml,application/xml;q=0.9,image/webp,image/apng,*/*;q=0.8","merchantName":"XXobal","merchantRiskIndicator":{"deliveryTimeframe":"01","deliveryEmailAddress":"XXXsh08@XX.com","giftCardCurr":"840","preOrderDate":"20200803","shipIndicator":"01","giftCardAmount":"500","preOrderPurchaseInd":"01","giftCardCount":"02","reorderItemsInd":"01"},"threeDSRequestorAuthenticationInd":"01","addrMatch":"Y","messageType":"Erro","threeDSRequestorName":"ew0KCSJEViI6ICIxLjAiLA0KCSJERCI6Iaa45","acquirerMerchantID":"AcquirerMerchantID222","shipAddrPostCode":"X5101","messageExtension":[{"data":{"key1":"HMS","key2":"HMS","key":"HMS"},"criticalityIndicator":false,"name":"ShashishekharHM","id":"ID2018SEP282001"}],"billAddrCountry":"XX0","browserLanguage":"en-US","caMerchantID":"CA_EU","challengeWindowSize":"04","broadInfo":{"key":"broadInfoValue"},"homePhone":{"cc":"840","subscriber":"XXXXXX7899"},"payTokenInd":true,"billAddrLine2":"XXC","billAddrLine3":"XXS","deviceChannel":"02","browserIP":"XXX.XX.XXX.X","billAddrLine1":"XXXXXXXXXXXXXX Ave","acctInfo":{"chAccDate":"20180928","shipAddressUsageInd":"03","paymentAccAge":"20180808","paymentAccInd":"01","txnActivityYear":"8","shipNameIndicator":"01","chAccPwChangeInd":"01","provisionAttemptsDay":"1","chAccChange":"20180928","chAccChangeInd":"02","nbPurchaseAccount":"8","chAccAgeInd":"02","chAccPwChange":"20180901","shipAddressUsage":"20180910","suspiciousAccActivity":"01","txnActivityDay":"5"},"purchaseExponent":"2","mobilePhone":{"cc":"840","subscriber":"XXXXXX7899"},"shipAddrCity":"XXXXJose","threeDSRequestorAuthenticationInfo":{"threeDSReqAuthMethod":"02","threeDSReqAuthData":"3DS PA Request","threeDSReqAuthTimestamp":"201809281603"},"transType":"01","browserJavascriptEnabled":true,"acctType":"01","shipAddrCountry":"XX0","threeDSRequestorPriorAuthenticationInfo":{"threeDSReqPriorRef":"4c6453da-4c56-4980-98cd-d04a064899c4","threeDSReqPriorAuthData":"three DS Request Prior Authentication Data","threeDSReqPriorAuthMethod":"01","threeDSReqPriorAuthTimestamp":"201810010323"},"purchaseDate":"20180928160450","merchantCountryCode":"840","threeDSServerRefNumber":"AAAAAA123456789","browserColorDepth":"24","billAddrState":"XA","acctID":"ACCTID98X3fw3","browserJavaEnabled":true,"purchaseCurrency":"840","callerTxnRefID":"341b7153-da86-4543-860f-2ba47f0168a5","cardExpiryDate":"XXX8","browserTZ":"-330","shipAddrState":"XA","shipAddrLine3":"XXS","shipAddrLine2":"XXC","acctNumber":"wg2T1yXXXXXXXXXXXXXXXXXXXXXXXXXXXXXXXXXXXXXXXXXXXXXXXXXXXXXXXXXXXXXXXXXXXXXXXXXXXXXXXXXXXXXXXXXXXXXXXXXXXXXXXXXXXXXXXXXXXXXXXXXXXXXXXXXXXXXXXXXXXXXXXXXXXXXXXXXXXXXXXXXXXXXXXXXXXXXXXXXXXXXXXXXXXXXXXXXXXXXXXXXXXXXXXXXXXXXXXXXXXXXXXXXXXXXXXXXXXXXXXXXXXXXXXXXXXXXXXXXXXXXXXXXXXXXXXXXXXXXXXXXXXXXXXXXXXXXXXXXXXXXXXXXXXXXXXXXXXXXXXXXXXXXXXXXXXXXXXXX","shipAddrLine1":"XXXXXXXXXXXXXX Ave","threeDSRequestorURL":"http://10.131.94.242:1080/content-server/api/tds2/txn/browser/v1/tds-method","browserScreenHeight":"720","messageVersion":"2.1.0","billAddrPostCode":"X5101","email":"XXXsh08@XX.com","acquirerBIN":"12345678912","billAddrCity":"XXXXJose","threeDSRequestorID":"611","browserUserAgent":"Mozilla/5.0 (Windows NT 10.0; Win64; x64) AppleWebKit/537.36 (KHTML, like Gecko) Chrome/68.0.3440.84 Safari/537.36","purchaseAmount":"100","threeDSRequestorChallengeInd":"01","cardholderName":"XXXphen","threeDSServerOperatorID":"serverOperatorID","workPhone":{"cc":"840","subscriber":"XXXXXX7899"},"threeDSCompInd":"Y","threeDSServerURL":"http://10.138.158.51:9608","browserScreenWidth":"1280"}
at org.testng.Assert.fail(Assert.java:96)
at com.ca.tds.main.TDSPreAreq_TC.testArequestAPI(TDSPreAreq_TC.java:118)
at sun.reflect.GeneratedMethodAccessor28.invoke(Unknown Source)
at sun.reflect.DelegatingMethodAccessorImpl.invoke(DelegatingMethodAccessorImpl.java:43)
at java.lang.reflect.Method.invoke(Method.java:498)
at org.testng.internal.MethodInvocationHelper.invokeMethod(MethodInvocationHelper.java:124)
at org.testng.internal.Invoker.invokeMethod(Invoker.java:583)
at org.testng.internal.Invoker.invokeTestMethod(Invoker.java:719)
at org.testng.internal.Invoker.invokeTestMethods(Invoker.java:989)
at org.testng.internal.TestMethodWorker.invokeTestMethods(TestMethodWorker.java:125)
at org.testng.internal.TestMethodWorker.run(TestMethodWorker.java:109)
at java.util.concurrent.ThreadPoolExecutor.runWorker(ThreadPoolExecutor.java:1149)
at java.util.concurrent.ThreadPoolExecutor$Worker.run(ThreadPoolExecutor.java:624)
at java.lang.Thread.run(Thread.java:748)
]]>
    </failure>
  </testcase> <!-- testArequestAPI -->
  <testcase name="testArequestAPI" time="1.283" classname="com.ca.tds.main.TDSPreAreq_TC"/>
  <testcase name="testArequestAPI" time="1.276" classname="com.ca.tds.main.TDSPreAreq_TC"/>
  <testcase name="testArequestAPI" time="1.204" classname="com.ca.tds.main.TDSPreAreq_TC"/>
  <testcase name="testArequestAPI" time="0.745" classname="com.ca.tds.main.TDSPreAreq_TC">
    <failure type="java.lang.AssertionError" message="Browser Flow:: Json Validation Failed.Missing value at 4026 [character 16 line 107]&lt;br&gt; api response : null">
      <![CDATA[java.lang.AssertionError: Browser Flow:: Json Validation Failed.Missing value at 4026 [character 16 line 107]<br> api response : null
at org.testng.Assert.fail(Assert.java:96)
at com.ca.tds.main.TDSPreAreq_TC.testArequestAPI(TDSPreAreq_TC.java:121)
at sun.reflect.GeneratedMethodAccessor28.invoke(Unknown Source)
at sun.reflect.DelegatingMethodAccessorImpl.invoke(DelegatingMethodAccessorImpl.java:43)
at java.lang.reflect.Method.invoke(Method.java:498)
at org.testng.internal.MethodInvocationHelper.invokeMethod(MethodInvocationHelper.java:124)
at org.testng.internal.Invoker.invokeMethod(Invoker.java:583)
at org.testng.internal.Invoker.invokeTestMethod(Invoker.java:719)
at org.testng.internal.Invoker.invokeTestMethods(Invoker.java:989)
at org.testng.internal.TestMethodWorker.invokeTestMethods(TestMethodWorker.java:125)
at org.testng.internal.TestMethodWorker.run(TestMethodWorker.java:109)
at java.util.concurrent.ThreadPoolExecutor.runWorker(ThreadPoolExecutor.java:1149)
at java.util.concurrent.ThreadPoolExecutor$Worker.run(ThreadPoolExecutor.java:624)
at java.lang.Thread.run(Thread.java:748)
]]>
    </failure>
  </testcase> <!-- testArequestAPI -->
  <testcase name="testArequestAPI" time="1.429" classname="com.ca.tds.main.TDSPreAreq_TC"/>
  <testcase name="testArequestAPI" time="1.264" classname="com.ca.tds.main.TDSPreAreq_TC"/>
  <testcase name="testArequestAPI" time="1.336" classname="com.ca.tds.main.TDSPreAreq_TC">
    <failure type="java.lang.AssertionError" message="Expected to Fail">
      <![CDATA[java.lang.AssertionError: Expected to Fail
at org.testng.Assert.fail(Assert.java:96)
at com.ca.tds.main.TDSPreAreq_TC.testArequestAPI(TDSPreAreq_TC.java:96)
at sun.reflect.GeneratedMethodAccessor28.invoke(Unknown Source)
at sun.reflect.DelegatingMethodAccessorImpl.invoke(DelegatingMethodAccessorImpl.java:43)
at java.lang.reflect.Method.invoke(Method.java:498)
at org.testng.internal.MethodInvocationHelper.invokeMethod(MethodInvocationHelper.java:124)
at org.testng.internal.Invoker.invokeMethod(Invoker.java:583)
at org.testng.internal.Invoker.invokeTestMethod(Invoker.java:719)
at org.testng.internal.Invoker.invokeTestMethods(Invoker.java:989)
at org.testng.internal.TestMethodWorker.invokeTestMethods(TestMethodWorker.java:125)
at org.testng.internal.TestMethodWorker.run(TestMethodWorker.java:109)
at java.util.concurrent.ThreadPoolExecutor.runWorker(ThreadPoolExecutor.java:1149)
at java.util.concurrent.ThreadPoolExecutor$Worker.run(ThreadPoolExecutor.java:624)
at java.lang.Thread.run(Thread.java:748)
]]>
    </failure>
  </testcase> <!-- testArequestAPI -->
  <testcase name="testArequestAPI" time="1.200" classname="com.ca.tds.main.TDSPreAreq_TC"/>
  <testcase name="testArequestAPI" time="1.561" classname="com.ca.tds.main.TDSPreAreq_TC"/>
  <testcase name="testArequestAPI" time="1.238" classname="com.ca.tds.main.TDSPreAreq_TC"/>
  <testcase name="testArequestAPI" time="1.332" classname="com.ca.tds.main.TDSPreAreq_TC"/>
  <testcase name="testArequestAPI" time="1.164" classname="com.ca.tds.main.TDSPreAreq_TC"/>
  <testcase name="testArequestAPI" time="1.376" classname="com.ca.tds.main.TDSPreAreq_TC"/>
  <testcase name="testArequestAPI" time="1.287" classname="com.ca.tds.main.TDSPreAreq_TC"/>
  <testcase name="testArequestAPI" time="1.345" classname="com.ca.tds.main.TDSPreAreq_TC"/>
  <testcase name="testArequestAPI" time="1.283" classname="com.ca.tds.main.TDSPreAreq_TC"/>
  <testcase name="testArequestAPI" time="1.413" classname="com.ca.tds.main.TDSPreAreq_TC"/>
  <testcase name="testArequestAPI" time="1.277" classname="com.ca.tds.main.TDSPreAreq_TC"/>
  <testcase name="testArequestAPI" time="1.413" classname="com.ca.tds.main.TDSPreAreq_TC"/>
  <testcase name="testArequestAPI" time="1.229" classname="com.ca.tds.main.TDSPreAreq_TC"/>
  <testcase name="testArequestAPI" time="1.287" classname="com.ca.tds.main.TDSPreAreq_TC"/>
  <testcase name="testArequestAPI" time="1.373" classname="com.ca.tds.main.TDSPreAreq_TC"/>
  <testcase name="testArequestAPI" time="1.312" classname="com.ca.tds.main.TDSPreAreq_TC"/>
  <testcase name="testArequestAPI" time="1.379" classname="com.ca.tds.main.TDSPreAreq_TC"/>
  <testcase name="testArequestAPI" time="1.166" classname="com.ca.tds.main.TDSPreAreq_TC"/>
  <testcase name="testArequestAPI" time="1.171" classname="com.ca.tds.main.TDSPreAreq_TC"/>
  <testcase name="testArequestAPI" time="1.429" classname="com.ca.tds.main.TDSPreAreq_TC"/>
  <testcase name="testArequestAPI" time="1.271" classname="com.ca.tds.main.TDSPreAreq_TC"/>
  <testcase name="testArequestAPI" time="1.227" classname="com.ca.tds.main.TDSPreAreq_TC">
    <failure type="java.lang.AssertionError" message="The following asserts failed:
	expected [S] but found [D]">
      <![CDATA[java.lang.AssertionError: The following asserts failed:
expected [S] but found [D]
at org.testng.asserts.SoftAssert.assertAll(SoftAssert.java:43)
at com.ca.tds.main.TDSPreAreq_TC.testArequestAPI(TDSPreAreq_TC.java:114)
at sun.reflect.GeneratedMethodAccessor28.invoke(Unknown Source)
at sun.reflect.DelegatingMethodAccessorImpl.invoke(DelegatingMethodAccessorImpl.java:43)
at java.lang.reflect.Method.invoke(Method.java:498)
at org.testng.internal.MethodInvocationHelper.invokeMethod(MethodInvocationHelper.java:124)
at org.testng.internal.Invoker.invokeMethod(Invoker.java:583)
at org.testng.internal.Invoker.invokeTestMethod(Invoker.java:719)
at org.testng.internal.Invoker.invokeTestMethods(Invoker.java:989)
at org.testng.internal.TestMethodWorker.invokeTestMethods(TestMethodWorker.java:125)
at org.testng.internal.TestMethodWorker.run(TestMethodWorker.java:109)
at java.util.concurrent.ThreadPoolExecutor.runWorker(ThreadPoolExecutor.java:1149)
at java.util.concurrent.ThreadPoolExecutor$Worker.run(ThreadPoolExecutor.java:624)
at java.lang.Thread.run(Thread.java:748)
]]>
    </failure>
  </testcase> <!-- testArequestAPI -->
  <testcase name="testArequestAPI" time="1.262" classname="com.ca.tds.main.TDSPreAreq_TC"/>
  <testcase name="testArequestAPI" time="1.300" classname="com.ca.tds.main.TDSPreAreq_TC"/>
  <testcase name="testArequestAPI" time="1.207" classname="com.ca.tds.main.TDSPreAreq_TC"/>
  <testcase name="testArequestAPI" time="1.309" classname="com.ca.tds.main.TDSPreAreq_TC">
    <failure type="java.lang.AssertionError" message="The following asserts failed:
	expected [S] but found [D]">
      <![CDATA[java.lang.AssertionError: The following asserts failed:
expected [S] but found [D]
at org.testng.asserts.SoftAssert.assertAll(SoftAssert.java:43)
at com.ca.tds.main.TDSPreAreq_TC.testArequestAPI(TDSPreAreq_TC.java:114)
at sun.reflect.GeneratedMethodAccessor28.invoke(Unknown Source)
at sun.reflect.DelegatingMethodAccessorImpl.invoke(DelegatingMethodAccessorImpl.java:43)
at java.lang.reflect.Method.invoke(Method.java:498)
at org.testng.internal.MethodInvocationHelper.invokeMethod(MethodInvocationHelper.java:124)
at org.testng.internal.Invoker.invokeMethod(Invoker.java:583)
at org.testng.internal.Invoker.invokeTestMethod(Invoker.java:719)
at org.testng.internal.Invoker.invokeTestMethods(Invoker.java:989)
at org.testng.internal.TestMethodWorker.invokeTestMethods(TestMethodWorker.java:125)
at org.testng.internal.TestMethodWorker.run(TestMethodWorker.java:109)
at java.util.concurrent.ThreadPoolExecutor.runWorker(ThreadPoolExecutor.java:1149)
at java.util.concurrent.ThreadPoolExecutor$Worker.run(ThreadPoolExecutor.java:624)
at java.lang.Thread.run(Thread.java:748)
]]>
    </failure>
  </testcase> <!-- testArequestAPI -->
  <testcase name="testArequestAPI" time="1.471" classname="com.ca.tds.main.TDSPreAreq_TC"/>
  <testcase name="testArequestAPI" time="1.267" classname="com.ca.tds.main.TDSPreAreq_TC"/>
  <testcase name="testArequestAPI" time="1.206" classname="com.ca.tds.main.TDSPreAreq_TC"/>
  <testcase name="testArequestAPI" time="1.243" classname="com.ca.tds.main.TDSPreAreq_TC"/>
  <testcase name="testArequestAPI" time="1.240" classname="com.ca.tds.main.TDSPreAreq_TC">
    <failure type="java.lang.AssertionError" message="The following asserts failed:
	expected [203] but found [201],
	expected [S] but found [D]">
      <![CDATA[java.lang.AssertionError: The following asserts failed:
expected [203] but found [201],
expected [S] but found [D]
at org.testng.asserts.SoftAssert.assertAll(SoftAssert.java:43)
at com.ca.tds.main.TDSPreAreq_TC.testArequestAPI(TDSPreAreq_TC.java:114)
at sun.reflect.GeneratedMethodAccessor28.invoke(Unknown Source)
at sun.reflect.DelegatingMethodAccessorImpl.invoke(DelegatingMethodAccessorImpl.java:43)
at java.lang.reflect.Method.invoke(Method.java:498)
at org.testng.internal.MethodInvocationHelper.invokeMethod(MethodInvocationHelper.java:124)
at org.testng.internal.Invoker.invokeMethod(Invoker.java:583)
at org.testng.internal.Invoker.invokeTestMethod(Invoker.java:719)
at org.testng.internal.Invoker.invokeTestMethods(Invoker.java:989)
at org.testng.internal.TestMethodWorker.invokeTestMethods(TestMethodWorker.java:125)
at org.testng.internal.TestMethodWorker.run(TestMethodWorker.java:109)
at java.util.concurrent.ThreadPoolExecutor.runWorker(ThreadPoolExecutor.java:1149)
at java.util.concurrent.ThreadPoolExecutor$Worker.run(ThreadPoolExecutor.java:624)
at java.lang.Thread.run(Thread.java:748)
]]>
    </failure>
  </testcase> <!-- testArequestAPI -->
  <testcase name="testArequestAPI" time="1.250" classname="com.ca.tds.main.TDSPreAreq_TC"/>
  <testcase name="testArequestAPI" time="1.560" classname="com.ca.tds.main.TDSPreAreq_TC"/>
  <testcase name="testArequestAPI" time="1.242" classname="com.ca.tds.main.TDSPreAreq_TC"/>
  <testcase name="testArequestAPI" time="1.301" classname="com.ca.tds.main.TDSPreAreq_TC"/>
  <testcase name="testArequestAPI" time="1.202" classname="com.ca.tds.main.TDSPreAreq_TC"/>
  <testcase name="testArequestAPI" time="1.312" classname="com.ca.tds.main.TDSPreAreq_TC"/>
  <testcase name="testArequestAPI" time="1.241" classname="com.ca.tds.main.TDSPreAreq_TC"/>
  <testcase name="testArequestAPI" time="1.354" classname="com.ca.tds.main.TDSPreAreq_TC"/>
  <testcase name="testArequestAPI" time="1.309" classname="com.ca.tds.main.TDSPreAreq_TC"/>
  <testcase name="testArequestAPI" time="1.392" classname="com.ca.tds.main.TDSPreAreq_TC"/>
  <testcase name="testArequestAPI" time="1.378" classname="com.ca.tds.main.TDSPreAreq_TC"/>
  <testcase name="testArequestAPI" time="1.374" classname="com.ca.tds.main.TDSPreAreq_TC"/>
  <testcase name="testArequestAPI" time="1.433" classname="com.ca.tds.main.TDSPreAreq_TC">
    <failure type="java.lang.AssertionError" message="Expected to Fail">
      <![CDATA[java.lang.AssertionError: Expected to Fail
at org.testng.Assert.fail(Assert.java:96)
at com.ca.tds.main.TDSPreAreq_TC.testArequestAPI(TDSPreAreq_TC.java:96)
at sun.reflect.GeneratedMethodAccessor28.invoke(Unknown Source)
at sun.reflect.DelegatingMethodAccessorImpl.invoke(DelegatingMethodAccessorImpl.java:43)
at java.lang.reflect.Method.invoke(Method.java:498)
at org.testng.internal.MethodInvocationHelper.invokeMethod(MethodInvocationHelper.java:124)
at org.testng.internal.Invoker.invokeMethod(Invoker.java:583)
at org.testng.internal.Invoker.invokeTestMethod(Invoker.java:719)
at org.testng.internal.Invoker.invokeTestMethods(Invoker.java:989)
at org.testng.internal.TestMethodWorker.invokeTestMethods(TestMethodWorker.java:125)
at org.testng.internal.TestMethodWorker.run(TestMethodWorker.java:109)
at java.util.concurrent.ThreadPoolExecutor.runWorker(ThreadPoolExecutor.java:1149)
at java.util.concurrent.ThreadPoolExecutor$Worker.run(ThreadPoolExecutor.java:624)
at java.lang.Thread.run(Thread.java:748)
]]>
    </failure>
  </testcase> <!-- testArequestAPI -->
  <testcase name="testArequestAPI" time="1.353" classname="com.ca.tds.main.TDSPreAreq_TC">
    <failure type="java.lang.AssertionError" message="errorComponent : S, errorCode : 203, errorDescription : CA Merchant Server:: Invalid Format  for one of the  Element Found in the message , errorDetail : messageExtension.criticalityIndicator, threeDSServerTransID : 990d5a99-96d7-4933-aa9a-067dd06deeac">
      <![CDATA[java.lang.AssertionError: errorComponent : S, errorCode : 203, errorDescription : CA Merchant Server:: Invalid Format  for one of the  Element Found in the message , errorDetail : messageExtension.criticalityIndicator, threeDSServerTransID : 990d5a99-96d7-4933-aa9a-067dd06deeac
at org.testng.Assert.fail(Assert.java:96)
at com.ca.tds.main.TDSPreAreq_TC.testArequestAPI(TDSPreAreq_TC.java:88)
at sun.reflect.GeneratedMethodAccessor28.invoke(Unknown Source)
at sun.reflect.DelegatingMethodAccessorImpl.invoke(DelegatingMethodAccessorImpl.java:43)
at java.lang.reflect.Method.invoke(Method.java:498)
at org.testng.internal.MethodInvocationHelper.invokeMethod(MethodInvocationHelper.java:124)
at org.testng.internal.Invoker.invokeMethod(Invoker.java:583)
at org.testng.internal.Invoker.invokeTestMethod(Invoker.java:719)
at org.testng.internal.Invoker.invokeTestMethods(Invoker.java:989)
at org.testng.internal.TestMethodWorker.invokeTestMethods(TestMethodWorker.java:125)
at org.testng.internal.TestMethodWorker.run(TestMethodWorker.java:109)
at java.util.concurrent.ThreadPoolExecutor.runWorker(ThreadPoolExecutor.java:1149)
at java.util.concurrent.ThreadPoolExecutor$Worker.run(ThreadPoolExecutor.java:624)
at java.lang.Thread.run(Thread.java:748)
]]>
    </failure>
  </testcase> <!-- testArequestAPI -->
  <testcase name="testArequestAPI" time="1.296" classname="com.ca.tds.main.TDSPreAreq_TC"/>
  <testcase name="testArequestAPI" time="1.287" classname="com.ca.tds.main.TDSPreAreq_TC"/>
  <testcase name="testArequestAPI" time="1.311" classname="com.ca.tds.main.TDSPreAreq_TC">
    <failure type="java.lang.AssertionError" message="Expected to Fail">
      <![CDATA[java.lang.AssertionError: Expected to Fail
at org.testng.Assert.fail(Assert.java:96)
at com.ca.tds.main.TDSPreAreq_TC.testArequestAPI(TDSPreAreq_TC.java:96)
at sun.reflect.GeneratedMethodAccessor28.invoke(Unknown Source)
at sun.reflect.DelegatingMethodAccessorImpl.invoke(DelegatingMethodAccessorImpl.java:43)
at java.lang.reflect.Method.invoke(Method.java:498)
at org.testng.internal.MethodInvocationHelper.invokeMethod(MethodInvocationHelper.java:124)
at org.testng.internal.Invoker.invokeMethod(Invoker.java:583)
at org.testng.internal.Invoker.invokeTestMethod(Invoker.java:719)
at org.testng.internal.Invoker.invokeTestMethods(Invoker.java:989)
at org.testng.internal.TestMethodWorker.invokeTestMethods(TestMethodWorker.java:125)
at org.testng.internal.TestMethodWorker.run(TestMethodWorker.java:109)
at java.util.concurrent.ThreadPoolExecutor.runWorker(ThreadPoolExecutor.java:1149)
at java.util.concurrent.ThreadPoolExecutor$Worker.run(ThreadPoolExecutor.java:624)
at java.lang.Thread.run(Thread.java:748)
]]>
    </failure>
  </testcase> <!-- testArequestAPI -->
  <testcase name="testArequestAPI" time="1.304" classname="com.ca.tds.main.TDSPreAreq_TC"/>
  <testcase name="testArequestAPI" time="1.178" classname="com.ca.tds.main.TDSPreAreq_TC"/>
  <testcase name="testArequestAPI" time="1.193" classname="com.ca.tds.main.TDSPreAreq_TC"/>
  <testcase name="testArequestAPI" time="1.233" classname="com.ca.tds.main.TDSPreAreq_TC"/>
  <testcase name="testArequestAPI" time="1.183" classname="com.ca.tds.main.TDSPreAreq_TC"/>
  <testcase name="testArequestAPI" time="1.187" classname="com.ca.tds.main.TDSPreAreq_TC"/>
  <testcase name="testArequestAPI" time="1.266" classname="com.ca.tds.main.TDSPreAreq_TC"/>
  <testcase name="testArequestAPI" time="1.262" classname="com.ca.tds.main.TDSPreAreq_TC"/>
  <testcase name="testArequestAPI" time="1.257" classname="com.ca.tds.main.TDSPreAreq_TC"/>
  <testcase name="testArequestAPI" time="1.254" classname="com.ca.tds.main.TDSPreAreq_TC"/>
  <testcase name="testArequestAPI" time="1.309" classname="com.ca.tds.main.TDSPreAreq_TC"/>
  <testcase name="testArequestAPI" time="1.419" classname="com.ca.tds.main.TDSPreAreq_TC"/>
  <testcase name="testArequestAPI" time="1.292" classname="com.ca.tds.main.TDSPreAreq_TC"/>
  <testcase name="testArequestAPI" time="1.301" classname="com.ca.tds.main.TDSPreAreq_TC"/>
  <testcase name="testArequestAPI" time="1.245" classname="com.ca.tds.main.TDSPreAreq_TC"/>
  <testcase name="testArequestAPI" time="1.538" classname="com.ca.tds.main.TDSPreAreq_TC"/>
  <testcase name="testArequestAPI" time="1.233" classname="com.ca.tds.main.TDSPreAreq_TC"/>
  <testcase name="testArequestAPI" time="1.339" classname="com.ca.tds.main.TDSPreAreq_TC"/>
  <testcase name="testArequestAPI" time="1.218" classname="com.ca.tds.main.TDSPreAreq_TC"/>
  <testcase name="testArequestAPI" time="1.266" classname="com.ca.tds.main.TDSPreAreq_TC"/>
  <testcase name="testArequestAPI" time="1.198" classname="com.ca.tds.main.TDSPreAreq_TC"/>
  <testcase name="testArequestAPI" time="1.334" classname="com.ca.tds.main.TDSPreAreq_TC"/>
  <testcase name="testArequestAPI" time="1.341" classname="com.ca.tds.main.TDSPreAreq_TC"/>
  <testcase name="testArequestAPI" time="1.282" classname="com.ca.tds.main.TDSPreAreq_TC"/>
  <testcase name="testArequestAPI" time="1.248" classname="com.ca.tds.main.TDSPreAreq_TC"/>
  <testcase name="testArequestAPI" time="1.191" classname="com.ca.tds.main.TDSPreAreq_TC"/>
  <testcase name="testArequestAPI" time="1.467" classname="com.ca.tds.main.TDSPreAreq_TC"/>
  <testcase name="testArequestAPI" time="1.240" classname="com.ca.tds.main.TDSPreAreq_TC"/>
  <testcase name="testArequestAPI" time="1.236" classname="com.ca.tds.main.TDSPreAreq_TC"/>
  <testcase name="testArequestAPI" time="1.280" classname="com.ca.tds.main.TDSPreAreq_TC"/>
  <testcase name="testArequestAPI" time="1.204" classname="com.ca.tds.main.TDSPreAreq_TC"/>
  <testcase name="testArequestAPI" time="1.165" classname="com.ca.tds.main.TDSPreAreq_TC"/>
  <testcase name="testArequestAPI" time="1.186" classname="com.ca.tds.main.TDSPreAreq_TC"/>
  <testcase name="testArequestAPI" time="1.179" classname="com.ca.tds.main.TDSPreAreq_TC"/>
  <testcase name="testArequestAPI" time="1.157" classname="com.ca.tds.main.TDSPreAreq_TC"/>
  <testcase name="testArequestAPI" time="1.430" classname="com.ca.tds.main.TDSPreAreq_TC"/>
  <testcase name="testArequestAPI" time="1.217" classname="com.ca.tds.main.TDSPreAreq_TC"/>
  <testcase name="testArequestAPI" time="1.242" classname="com.ca.tds.main.TDSPreAreq_TC"/>
  <testcase name="testArequestAPI" time="1.193" classname="com.ca.tds.main.TDSPreAreq_TC"/>
  <testcase name="testArequestAPI" time="1.208" classname="com.ca.tds.main.TDSPreAreq_TC"/>
  <testcase name="testArequestAPI" time="1.162" classname="com.ca.tds.main.TDSPreAreq_TC"/>
  <testcase name="testArequestAPI" time="1.366" classname="com.ca.tds.main.TDSPreAreq_TC"/>
  <testcase name="testArequestAPI" time="1.289" classname="com.ca.tds.main.TDSPreAreq_TC"/>
  <testcase name="testArequestAPI" time="1.162" classname="com.ca.tds.main.TDSPreAreq_TC">
    <failure type="java.lang.AssertionError" message="The following asserts failed:
	expected [304] but found [203]">
      <![CDATA[java.lang.AssertionError: The following asserts failed:
expected [304] but found [203]
at org.testng.asserts.SoftAssert.assertAll(SoftAssert.java:43)
at com.ca.tds.main.TDSPreAreq_TC.testArequestAPI(TDSPreAreq_TC.java:114)
at sun.reflect.GeneratedMethodAccessor28.invoke(Unknown Source)
at sun.reflect.DelegatingMethodAccessorImpl.invoke(DelegatingMethodAccessorImpl.java:43)
at java.lang.reflect.Method.invoke(Method.java:498)
at org.testng.internal.MethodInvocationHelper.invokeMethod(MethodInvocationHelper.java:124)
at org.testng.internal.Invoker.invokeMethod(Invoker.java:583)
at org.testng.internal.Invoker.invokeTestMethod(Invoker.java:719)
at org.testng.internal.Invoker.invokeTestMethods(Invoker.java:989)
at org.testng.internal.TestMethodWorker.invokeTestMethods(TestMethodWorker.java:125)
at org.testng.internal.TestMethodWorker.run(TestMethodWorker.java:109)
at java.util.concurrent.ThreadPoolExecutor.runWorker(ThreadPoolExecutor.java:1149)
at java.util.concurrent.ThreadPoolExecutor$Worker.run(ThreadPoolExecutor.java:624)
at java.lang.Thread.run(Thread.java:748)
]]>
    </failure>
  </testcase> <!-- testArequestAPI -->
  <testcase name="testArequestAPI" time="1.290" classname="com.ca.tds.main.TDSPreAreq_TC"/>
  <testcase name="testArequestAPI" time="1.364" classname="com.ca.tds.main.TDSPreAreq_TC"/>
  <testcase name="testArequestAPI" time="1.370" classname="com.ca.tds.main.TDSPreAreq_TC"/>
  <testcase name="testArequestAPI" time="1.408" classname="com.ca.tds.main.TDSPreAreq_TC"/>
  <testcase name="testArequestAPI" time="1.221" classname="com.ca.tds.main.TDSPreAreq_TC"/>
  <testcase name="testArequestAPI" time="1.190" classname="com.ca.tds.main.TDSPreAreq_TC"/>
  <testcase name="testArequestAPI" time="1.354" classname="com.ca.tds.main.TDSPreAreq_TC"/>
  <testcase name="testArequestAPI" time="1.219" classname="com.ca.tds.main.TDSPreAreq_TC">
    <failure type="java.lang.AssertionError" message="The following asserts failed:
	expected [304] but found [203]">
      <![CDATA[java.lang.AssertionError: The following asserts failed:
expected [304] but found [203]
at org.testng.asserts.SoftAssert.assertAll(SoftAssert.java:43)
at com.ca.tds.main.TDSPreAreq_TC.testArequestAPI(TDSPreAreq_TC.java:114)
at sun.reflect.GeneratedMethodAccessor28.invoke(Unknown Source)
at sun.reflect.DelegatingMethodAccessorImpl.invoke(DelegatingMethodAccessorImpl.java:43)
at java.lang.reflect.Method.invoke(Method.java:498)
at org.testng.internal.MethodInvocationHelper.invokeMethod(MethodInvocationHelper.java:124)
at org.testng.internal.Invoker.invokeMethod(Invoker.java:583)
at org.testng.internal.Invoker.invokeTestMethod(Invoker.java:719)
at org.testng.internal.Invoker.invokeTestMethods(Invoker.java:989)
at org.testng.internal.TestMethodWorker.invokeTestMethods(TestMethodWorker.java:125)
at org.testng.internal.TestMethodWorker.run(TestMethodWorker.java:109)
at java.util.concurrent.ThreadPoolExecutor.runWorker(ThreadPoolExecutor.java:1149)
at java.util.concurrent.ThreadPoolExecutor$Worker.run(ThreadPoolExecutor.java:624)
at java.lang.Thread.run(Thread.java:748)
]]>
    </failure>
  </testcase> <!-- testArequestAPI -->
  <testcase name="testArequestAPI" time="2.249" classname="com.ca.tds.main.TDSPreAreq_TC"/>
  <testcase name="testArequestAPI" time="1.193" classname="com.ca.tds.main.TDSPreAreq_TC"/>
  <testcase name="testArequestAPI" time="1.229" classname="com.ca.tds.main.TDSPreAreq_TC"/>
  <testcase name="testArequestAPI" time="1.316" classname="com.ca.tds.main.TDSPreAreq_TC"/>
  <testcase name="testArequestAPI" time="1.334" classname="com.ca.tds.main.TDSPreAreq_TC"/>
  <testcase name="testArequestAPI" time="1.233" classname="com.ca.tds.main.TDSPreAreq_TC">
    <failure type="java.lang.AssertionError" message="The following asserts failed:
	expected [305] but found [302]">
      <![CDATA[java.lang.AssertionError: The following asserts failed:
expected [305] but found [302]
at org.testng.asserts.SoftAssert.assertAll(SoftAssert.java:43)
at com.ca.tds.main.TDSPreAreq_TC.testArequestAPI(TDSPreAreq_TC.java:114)
at sun.reflect.GeneratedMethodAccessor28.invoke(Unknown Source)
at sun.reflect.DelegatingMethodAccessorImpl.invoke(DelegatingMethodAccessorImpl.java:43)
at java.lang.reflect.Method.invoke(Method.java:498)
at org.testng.internal.MethodInvocationHelper.invokeMethod(MethodInvocationHelper.java:124)
at org.testng.internal.Invoker.invokeMethod(Invoker.java:583)
at org.testng.internal.Invoker.invokeTestMethod(Invoker.java:719)
at org.testng.internal.Invoker.invokeTestMethods(Invoker.java:989)
at org.testng.internal.TestMethodWorker.invokeTestMethods(TestMethodWorker.java:125)
at org.testng.internal.TestMethodWorker.run(TestMethodWorker.java:109)
at java.util.concurrent.ThreadPoolExecutor.runWorker(ThreadPoolExecutor.java:1149)
at java.util.concurrent.ThreadPoolExecutor$Worker.run(ThreadPoolExecutor.java:624)
at java.lang.Thread.run(Thread.java:748)
]]>
    </failure>
  </testcase> <!-- testArequestAPI -->
  <testcase name="testArequestAPI" time="1.242" classname="com.ca.tds.main.TDSPreAreq_TC"/>
  <testcase name="testArequestAPI" time="1.240" classname="com.ca.tds.main.TDSPreAreq_TC"/>
  <testcase name="testArequestAPI" time="1.465" classname="com.ca.tds.main.TDSPreAreq_TC"/>
  <testcase name="testArequestAPI" time="1.257" classname="com.ca.tds.main.TDSPreAreq_TC"/>
  <testcase name="testArequestAPI" time="1.239" classname="com.ca.tds.main.TDSPreAreq_TC"/>
  <testcase name="testArequestAPI" time="1.565" classname="com.ca.tds.main.TDSPreAreq_TC"/>
  <testcase name="testArequestAPI" time="1.292" classname="com.ca.tds.main.TDSPreAreq_TC"/>
  <testcase name="testArequestAPI" time="1.169" classname="com.ca.tds.main.TDSPreAreq_TC">
    <failure type="java.lang.AssertionError" message="The following asserts failed:
	expected [304] but found [203]">
      <![CDATA[java.lang.AssertionError: The following asserts failed:
expected [304] but found [203]
at org.testng.asserts.SoftAssert.assertAll(SoftAssert.java:43)
at com.ca.tds.main.TDSPreAreq_TC.testArequestAPI(TDSPreAreq_TC.java:114)
at sun.reflect.GeneratedMethodAccessor28.invoke(Unknown Source)
at sun.reflect.DelegatingMethodAccessorImpl.invoke(DelegatingMethodAccessorImpl.java:43)
at java.lang.reflect.Method.invoke(Method.java:498)
at org.testng.internal.MethodInvocationHelper.invokeMethod(MethodInvocationHelper.java:124)
at org.testng.internal.Invoker.invokeMethod(Invoker.java:583)
at org.testng.internal.Invoker.invokeTestMethod(Invoker.java:719)
at org.testng.internal.Invoker.invokeTestMethods(Invoker.java:989)
at org.testng.internal.TestMethodWorker.invokeTestMethods(TestMethodWorker.java:125)
at org.testng.internal.TestMethodWorker.run(TestMethodWorker.java:109)
at java.util.concurrent.ThreadPoolExecutor.runWorker(ThreadPoolExecutor.java:1149)
at java.util.concurrent.ThreadPoolExecutor$Worker.run(ThreadPoolExecutor.java:624)
at java.lang.Thread.run(Thread.java:748)
]]>
    </failure>
  </testcase> <!-- testArequestAPI -->
  <testcase name="testArequestAPI" time="1.212" classname="com.ca.tds.main.TDSPreAreq_TC"/>
  <testcase name="testArequestAPI" time="1.169" classname="com.ca.tds.main.TDSPreAreq_TC">
    <failure type="java.lang.AssertionError" message="Json response json schema validation failed.&lt;br&gt;2 schema violations found&lt;br&gt; api response : {&quot;errorComponent&quot;:&quot;S&quot;,&quot;errorDescription&quot;:&quot;Invalid messageType field or messageType field missing&quot;,&quot;messageType&quot;:&quot;Erro&quot;,&quot;errorCode&quot;:&quot;101&quot;,&quot;errorDetail&quot;:&quot;Invalid messageType field or messageType field missing&quot;,&quot;messageVersion&quot;:&quot;2.1.0&quot;}">
      <![CDATA[java.lang.AssertionError: Json response json schema validation failed.<br>2 schema violations found<br> api response : {"errorComponent":"S","errorDescription":"Invalid messageType field or messageType field missing","messageType":"Erro","errorCode":"101","errorDetail":"Invalid messageType field or messageType field missing","messageVersion":"2.1.0"}
at org.testng.Assert.fail(Assert.java:96)
at com.ca.tds.main.TDSPreAreq_TC.testArequestAPI(TDSPreAreq_TC.java:118)
at sun.reflect.GeneratedMethodAccessor28.invoke(Unknown Source)
at sun.reflect.DelegatingMethodAccessorImpl.invoke(DelegatingMethodAccessorImpl.java:43)
at java.lang.reflect.Method.invoke(Method.java:498)
at org.testng.internal.MethodInvocationHelper.invokeMethod(MethodInvocationHelper.java:124)
at org.testng.internal.Invoker.invokeMethod(Invoker.java:583)
at org.testng.internal.Invoker.invokeTestMethod(Invoker.java:719)
at org.testng.internal.Invoker.invokeTestMethods(Invoker.java:989)
at org.testng.internal.TestMethodWorker.invokeTestMethods(TestMethodWorker.java:125)
at org.testng.internal.TestMethodWorker.run(TestMethodWorker.java:109)
at java.util.concurrent.ThreadPoolExecutor.runWorker(ThreadPoolExecutor.java:1149)
at java.util.concurrent.ThreadPoolExecutor$Worker.run(ThreadPoolExecutor.java:624)
at java.lang.Thread.run(Thread.java:748)
]]>
    </failure>
  </testcase> <!-- testArequestAPI -->
  <testcase name="testArequestAPI" time="1.241" classname="com.ca.tds.main.TDSPreAreq_TC"/>
  <testcase name="testArequestAPI" time="1.701" classname="com.ca.tds.main.TDSPreAreq_TC"/>
  <testcase name="testArequestAPI" time="1.394" classname="com.ca.tds.main.TDSPreAreq_TC"/>
  <testcase name="testArequestAPI" time="1.380" classname="com.ca.tds.main.TDSPreAreq_TC"/>
  <testcase name="testArequestAPI" time="1.390" classname="com.ca.tds.main.TDSPreAreq_TC">
    <failure type="java.lang.AssertionError" message="The following asserts failed:
	expected [201] but found [203],
	expected [S] but found [D]">
      <![CDATA[java.lang.AssertionError: The following asserts failed:
expected [201] but found [203],
expected [S] but found [D]
at org.testng.asserts.SoftAssert.assertAll(SoftAssert.java:43)
at com.ca.tds.main.TDSPreAreq_TC.testArequestAPI(TDSPreAreq_TC.java:114)
at sun.reflect.GeneratedMethodAccessor28.invoke(Unknown Source)
at sun.reflect.DelegatingMethodAccessorImpl.invoke(DelegatingMethodAccessorImpl.java:43)
at java.lang.reflect.Method.invoke(Method.java:498)
at org.testng.internal.MethodInvocationHelper.invokeMethod(MethodInvocationHelper.java:124)
at org.testng.internal.Invoker.invokeMethod(Invoker.java:583)
at org.testng.internal.Invoker.invokeTestMethod(Invoker.java:719)
at org.testng.internal.Invoker.invokeTestMethods(Invoker.java:989)
at org.testng.internal.TestMethodWorker.invokeTestMethods(TestMethodWorker.java:125)
at org.testng.internal.TestMethodWorker.run(TestMethodWorker.java:109)
at java.util.concurrent.ThreadPoolExecutor.runWorker(ThreadPoolExecutor.java:1149)
at java.util.concurrent.ThreadPoolExecutor$Worker.run(ThreadPoolExecutor.java:624)
at java.lang.Thread.run(Thread.java:748)
]]>
    </failure>
  </testcase> <!-- testArequestAPI -->
  <testcase name="testArequestAPI" time="1.319" classname="com.ca.tds.main.TDSPreAreq_TC"/>
  <testcase name="testArequestAPI" time="1.389" classname="com.ca.tds.main.TDSPreAreq_TC">
    <failure type="java.lang.AssertionError" message="Expected to Fail">
      <![CDATA[java.lang.AssertionError: Expected to Fail
at org.testng.Assert.fail(Assert.java:96)
at com.ca.tds.main.TDSPreAreq_TC.testArequestAPI(TDSPreAreq_TC.java:96)
at sun.reflect.GeneratedMethodAccessor28.invoke(Unknown Source)
at sun.reflect.DelegatingMethodAccessorImpl.invoke(DelegatingMethodAccessorImpl.java:43)
at java.lang.reflect.Method.invoke(Method.java:498)
at org.testng.internal.MethodInvocationHelper.invokeMethod(MethodInvocationHelper.java:124)
at org.testng.internal.Invoker.invokeMethod(Invoker.java:583)
at org.testng.internal.Invoker.invokeTestMethod(Invoker.java:719)
at org.testng.internal.Invoker.invokeTestMethods(Invoker.java:989)
at org.testng.internal.TestMethodWorker.invokeTestMethods(TestMethodWorker.java:125)
at org.testng.internal.TestMethodWorker.run(TestMethodWorker.java:109)
at java.util.concurrent.ThreadPoolExecutor.runWorker(ThreadPoolExecutor.java:1149)
at java.util.concurrent.ThreadPoolExecutor$Worker.run(ThreadPoolExecutor.java:624)
at java.lang.Thread.run(Thread.java:748)
]]>
    </failure>
  </testcase> <!-- testArequestAPI -->
  <testcase name="testArequestAPI" time="1.294" classname="com.ca.tds.main.TDSPreAreq_TC">
    <failure type="java.lang.AssertionError" message="Expected to Fail">
      <![CDATA[java.lang.AssertionError: Expected to Fail
at org.testng.Assert.fail(Assert.java:96)
at com.ca.tds.main.TDSPreAreq_TC.testArequestAPI(TDSPreAreq_TC.java:96)
at sun.reflect.GeneratedMethodAccessor28.invoke(Unknown Source)
at sun.reflect.DelegatingMethodAccessorImpl.invoke(DelegatingMethodAccessorImpl.java:43)
at java.lang.reflect.Method.invoke(Method.java:498)
at org.testng.internal.MethodInvocationHelper.invokeMethod(MethodInvocationHelper.java:124)
at org.testng.internal.Invoker.invokeMethod(Invoker.java:583)
at org.testng.internal.Invoker.invokeTestMethod(Invoker.java:719)
at org.testng.internal.Invoker.invokeTestMethods(Invoker.java:989)
at org.testng.internal.TestMethodWorker.invokeTestMethods(TestMethodWorker.java:125)
at org.testng.internal.TestMethodWorker.run(TestMethodWorker.java:109)
at java.util.concurrent.ThreadPoolExecutor.runWorker(ThreadPoolExecutor.java:1149)
at java.util.concurrent.ThreadPoolExecutor$Worker.run(ThreadPoolExecutor.java:624)
at java.lang.Thread.run(Thread.java:748)
]]>
    </failure>
  </testcase> <!-- testArequestAPI -->
  <testcase name="testArequestAPI" time="1.304" classname="com.ca.tds.main.TDSPreAreq_TC">
    <failure type="java.lang.AssertionError" message="Expected to Fail">
      <![CDATA[java.lang.AssertionError: Expected to Fail
at org.testng.Assert.fail(Assert.java:96)
at com.ca.tds.main.TDSPreAreq_TC.testArequestAPI(TDSPreAreq_TC.java:96)
at sun.reflect.GeneratedMethodAccessor28.invoke(Unknown Source)
at sun.reflect.DelegatingMethodAccessorImpl.invoke(DelegatingMethodAccessorImpl.java:43)
at java.lang.reflect.Method.invoke(Method.java:498)
at org.testng.internal.MethodInvocationHelper.invokeMethod(MethodInvocationHelper.java:124)
at org.testng.internal.Invoker.invokeMethod(Invoker.java:583)
at org.testng.internal.Invoker.invokeTestMethod(Invoker.java:719)
at org.testng.internal.Invoker.invokeTestMethods(Invoker.java:989)
at org.testng.internal.TestMethodWorker.invokeTestMethods(TestMethodWorker.java:125)
at org.testng.internal.TestMethodWorker.run(TestMethodWorker.java:109)
at java.util.concurrent.ThreadPoolExecutor.runWorker(ThreadPoolExecutor.java:1149)
at java.util.concurrent.ThreadPoolExecutor$Worker.run(ThreadPoolExecutor.java:624)
at java.lang.Thread.run(Thread.java:748)
]]>
    </failure>
  </testcase> <!-- testArequestAPI -->
  <testcase name="testArequestAPI" time="1.292" classname="com.ca.tds.main.TDSPreAreq_TC"/>
  <testcase name="testArequestAPI" time="1.309" classname="com.ca.tds.main.TDSPreAreq_TC"/>
  <testcase name="testArequestAPI" time="1.300" classname="com.ca.tds.main.TDSPreAreq_TC">
    <failure type="java.lang.AssertionError" message="Expected to Fail">
      <![CDATA[java.lang.AssertionError: Expected to Fail
at org.testng.Assert.fail(Assert.java:96)
at com.ca.tds.main.TDSPreAreq_TC.testArequestAPI(TDSPreAreq_TC.java:96)
at sun.reflect.GeneratedMethodAccessor28.invoke(Unknown Source)
at sun.reflect.DelegatingMethodAccessorImpl.invoke(DelegatingMethodAccessorImpl.java:43)
at java.lang.reflect.Method.invoke(Method.java:498)
at org.testng.internal.MethodInvocationHelper.invokeMethod(MethodInvocationHelper.java:124)
at org.testng.internal.Invoker.invokeMethod(Invoker.java:583)
at org.testng.internal.Invoker.invokeTestMethod(Invoker.java:719)
at org.testng.internal.Invoker.invokeTestMethods(Invoker.java:989)
at org.testng.internal.TestMethodWorker.invokeTestMethods(TestMethodWorker.java:125)
at org.testng.internal.TestMethodWorker.run(TestMethodWorker.java:109)
at java.util.concurrent.ThreadPoolExecutor.runWorker(ThreadPoolExecutor.java:1149)
at java.util.concurrent.ThreadPoolExecutor$Worker.run(ThreadPoolExecutor.java:624)
at java.lang.Thread.run(Thread.java:748)
]]>
    </failure>
  </testcase> <!-- testArequestAPI -->
  <testcase name="testArequestAPI" time="1.412" classname="com.ca.tds.main.TDSPreAreq_TC"/>
  <testcase name="testArequestAPI" time="1.510" classname="com.ca.tds.main.TDSPreAreq_TC"/>
  <testcase name="testArequestAPI" time="1.204" classname="com.ca.tds.main.TDSPreAreq_TC">
    <failure type="java.lang.AssertionError" message="The following asserts failed:
	expected [304] but found [203]">
      <![CDATA[java.lang.AssertionError: The following asserts failed:
expected [304] but found [203]
at org.testng.asserts.SoftAssert.assertAll(SoftAssert.java:43)
at com.ca.tds.main.TDSPreAreq_TC.testArequestAPI(TDSPreAreq_TC.java:114)
at sun.reflect.GeneratedMethodAccessor28.invoke(Unknown Source)
at sun.reflect.DelegatingMethodAccessorImpl.invoke(DelegatingMethodAccessorImpl.java:43)
at java.lang.reflect.Method.invoke(Method.java:498)
at org.testng.internal.MethodInvocationHelper.invokeMethod(MethodInvocationHelper.java:124)
at org.testng.internal.Invoker.invokeMethod(Invoker.java:583)
at org.testng.internal.Invoker.invokeTestMethod(Invoker.java:719)
at org.testng.internal.Invoker.invokeTestMethods(Invoker.java:989)
at org.testng.internal.TestMethodWorker.invokeTestMethods(TestMethodWorker.java:125)
at org.testng.internal.TestMethodWorker.run(TestMethodWorker.java:109)
at java.util.concurrent.ThreadPoolExecutor.runWorker(ThreadPoolExecutor.java:1149)
at java.util.concurrent.ThreadPoolExecutor$Worker.run(ThreadPoolExecutor.java:624)
at java.lang.Thread.run(Thread.java:748)
]]>
    </failure>
  </testcase> <!-- testArequestAPI -->
  <testcase name="testArequestAPI" time="1.260" classname="com.ca.tds.main.TDSPreAreq_TC"/>
  <testcase name="testArequestAPI" time="1.442" classname="com.ca.tds.main.TDSPreAreq_TC"/>
  <testcase name="testArequestAPI" time="1.283" classname="com.ca.tds.main.TDSPreAreq_TC"/>
  <testcase name="testArequestAPI" time="1.886" classname="com.ca.tds.main.TDSPreAreq_TC"/>
  <testcase name="testArequestAPI" time="1.181" classname="com.ca.tds.main.TDSPreAreq_TC"/>
  <testcase name="testArequestAPI" time="1.334" classname="com.ca.tds.main.TDSPreAreq_TC"/>
  <testcase name="testArequestAPI" time="1.474" classname="com.ca.tds.main.TDSPreAreq_TC"/>
  <testcase name="testArequestAPI" time="1.275" classname="com.ca.tds.main.TDSPreAreq_TC"/>
  <testcase name="testArequestAPI" time="1.389" classname="com.ca.tds.main.TDSPreAreq_TC"/>
  <testcase name="testArequestAPI" time="1.293" classname="com.ca.tds.main.TDSPreAreq_TC"/>
  <testcase name="testArequestAPI" time="1.363" classname="com.ca.tds.main.TDSPreAreq_TC"/>
  <testcase name="testArequestAPI" time="1.231" classname="com.ca.tds.main.TDSPreAreq_TC"/>
  <testcase name="testArequestAPI" time="1.397" classname="com.ca.tds.main.TDSPreAreq_TC">
    <failure type="java.lang.AssertionError" message="Json response json schema validation failed.&lt;br&gt;2 schema violations found&lt;br&gt; api response : {&quot;errorComponent&quot;:&quot;S&quot;,&quot;errorDescription&quot;:&quot;MessageType field missing&quot;,&quot;messageType&quot;:&quot;Erro&quot;,&quot;errorCode&quot;:&quot;201&quot;,&quot;errorDetail&quot;:&quot;MessageType field missing&quot;,&quot;messageVersion&quot;:&quot;2.1.0&quot;}">
      <![CDATA[java.lang.AssertionError: Json response json schema validation failed.<br>2 schema violations found<br> api response : {"errorComponent":"S","errorDescription":"MessageType field missing","messageType":"Erro","errorCode":"201","errorDetail":"MessageType field missing","messageVersion":"2.1.0"}
at org.testng.Assert.fail(Assert.java:96)
at com.ca.tds.main.TDSPreAreq_TC.testArequestAPI(TDSPreAreq_TC.java:118)
at sun.reflect.GeneratedMethodAccessor28.invoke(Unknown Source)
at sun.reflect.DelegatingMethodAccessorImpl.invoke(DelegatingMethodAccessorImpl.java:43)
at java.lang.reflect.Method.invoke(Method.java:498)
at org.testng.internal.MethodInvocationHelper.invokeMethod(MethodInvocationHelper.java:124)
at org.testng.internal.Invoker.invokeMethod(Invoker.java:583)
at org.testng.internal.Invoker.invokeTestMethod(Invoker.java:719)
at org.testng.internal.Invoker.invokeTestMethods(Invoker.java:989)
at org.testng.internal.TestMethodWorker.invokeTestMethods(TestMethodWorker.java:125)
at org.testng.internal.TestMethodWorker.run(TestMethodWorker.java:109)
at java.util.concurrent.ThreadPoolExecutor.runWorker(ThreadPoolExecutor.java:1149)
at java.util.concurrent.ThreadPoolExecutor$Worker.run(ThreadPoolExecutor.java:624)
at java.lang.Thread.run(Thread.java:748)
]]>
    </failure>
  </testcase> <!-- testArequestAPI -->
  <testcase name="testArequestAPI" time="1.305" classname="com.ca.tds.main.TDSPreAreq_TC">
    <failure type="java.lang.AssertionError" message="The following asserts failed:
	expected [305] but found [302]">
      <![CDATA[java.lang.AssertionError: The following asserts failed:
expected [305] but found [302]
at org.testng.asserts.SoftAssert.assertAll(SoftAssert.java:43)
at com.ca.tds.main.TDSPreAreq_TC.testArequestAPI(TDSPreAreq_TC.java:114)
at sun.reflect.GeneratedMethodAccessor28.invoke(Unknown Source)
at sun.reflect.DelegatingMethodAccessorImpl.invoke(DelegatingMethodAccessorImpl.java:43)
at java.lang.reflect.Method.invoke(Method.java:498)
at org.testng.internal.MethodInvocationHelper.invokeMethod(MethodInvocationHelper.java:124)
at org.testng.internal.Invoker.invokeMethod(Invoker.java:583)
at org.testng.internal.Invoker.invokeTestMethod(Invoker.java:719)
at org.testng.internal.Invoker.invokeTestMethods(Invoker.java:989)
at org.testng.internal.TestMethodWorker.invokeTestMethods(TestMethodWorker.java:125)
at org.testng.internal.TestMethodWorker.run(TestMethodWorker.java:109)
at java.util.concurrent.ThreadPoolExecutor.runWorker(ThreadPoolExecutor.java:1149)
at java.util.concurrent.ThreadPoolExecutor$Worker.run(ThreadPoolExecutor.java:624)
at java.lang.Thread.run(Thread.java:748)
]]>
    </failure>
  </testcase> <!-- testArequestAPI -->
  <testcase name="testArequestAPI" time="1.449" classname="com.ca.tds.main.TDSPreAreq_TC"/>
  <testcase name="testArequestAPI" time="1.277" classname="com.ca.tds.main.TDSPreAreq_TC"/>
  <testcase name="testArequestAPI" time="1.341" classname="com.ca.tds.main.TDSPreAreq_TC"/>
  <testcase name="testArequestAPI" time="1.265" classname="com.ca.tds.main.TDSPreAreq_TC"/>
  <testcase name="testArequestAPI" time="1.280" classname="com.ca.tds.main.TDSPreAreq_TC"/>
  <testcase name="testArequestAPI" time="1.300" classname="com.ca.tds.main.TDSPreAreq_TC"/>
  <testcase name="testArequestAPI" time="1.348" classname="com.ca.tds.main.TDSPreAreq_TC"/>
  <testcase name="testArequestAPI" time="1.342" classname="com.ca.tds.main.TDSPreAreq_TC"/>
  <testcase name="testArequestAPI" time="1.255" classname="com.ca.tds.main.TDSPreAreq_TC"/>
  <testcase name="testArequestAPI" time="1.354" classname="com.ca.tds.main.TDSPreAreq_TC"/>
  <testcase name="testArequestAPI" time="1.289" classname="com.ca.tds.main.TDSPreAreq_TC"/>
  <testcase name="testArequestAPI" time="1.208" classname="com.ca.tds.main.TDSPreAreq_TC"/>
  <testcase name="testArequestAPI" time="2.254" classname="com.ca.tds.main.TDSPreAreq_TC"/>
  <testcase name="testArequestAPI" time="1.249" classname="com.ca.tds.main.TDSPreAreq_TC"/>
  <testcase name="testArequestAPI" time="1.231" classname="com.ca.tds.main.TDSPreAreq_TC"/>
  <testcase name="testArequestAPI" time="1.283" classname="com.ca.tds.main.TDSPreAreq_TC"/>
  <testcase name="testArequestAPI" time="1.287" classname="com.ca.tds.main.TDSPreAreq_TC"/>
  <testcase name="testArequestAPI" time="1.310" classname="com.ca.tds.main.TDSPreAreq_TC"/>
  <testcase name="testArequestAPI" time="1.274" classname="com.ca.tds.main.TDSPreAreq_TC"/>
  <testcase name="testArequestAPI" time="1.326" classname="com.ca.tds.main.TDSPreAreq_TC"/>
  <testcase name="testArequestAPI" time="1.360" classname="com.ca.tds.main.TDSPreAreq_TC"/>
  <testcase name="testArequestAPI" time="1.257" classname="com.ca.tds.main.TDSPreAreq_TC"/>
  <testcase name="testArequestAPI" time="1.276" classname="com.ca.tds.main.TDSPreAreq_TC">
    <failure type="java.lang.AssertionError" message="Expected to Fail">
      <![CDATA[java.lang.AssertionError: Expected to Fail
at org.testng.Assert.fail(Assert.java:96)
at com.ca.tds.main.TDSPreAreq_TC.testArequestAPI(TDSPreAreq_TC.java:96)
at sun.reflect.GeneratedMethodAccessor28.invoke(Unknown Source)
at sun.reflect.DelegatingMethodAccessorImpl.invoke(DelegatingMethodAccessorImpl.java:43)
at java.lang.reflect.Method.invoke(Method.java:498)
at org.testng.internal.MethodInvocationHelper.invokeMethod(MethodInvocationHelper.java:124)
at org.testng.internal.Invoker.invokeMethod(Invoker.java:583)
at org.testng.internal.Invoker.invokeTestMethod(Invoker.java:719)
at org.testng.internal.Invoker.invokeTestMethods(Invoker.java:989)
at org.testng.internal.TestMethodWorker.invokeTestMethods(TestMethodWorker.java:125)
at org.testng.internal.TestMethodWorker.run(TestMethodWorker.java:109)
at java.util.concurrent.ThreadPoolExecutor.runWorker(ThreadPoolExecutor.java:1149)
at java.util.concurrent.ThreadPoolExecutor$Worker.run(ThreadPoolExecutor.java:624)
at java.lang.Thread.run(Thread.java:748)
]]>
    </failure>
  </testcase> <!-- testArequestAPI -->
  <testcase name="testArequestAPI" time="1.284" classname="com.ca.tds.main.TDSPreAreq_TC"/>
  <testcase name="testArequestAPI" time="1.352" classname="com.ca.tds.main.TDSPreAreq_TC"/>
  <testcase name="testArequestAPI" time="1.211" classname="com.ca.tds.main.TDSPreAreq_TC"/>
  <testcase name="testArequestAPI" time="1.363" classname="com.ca.tds.main.TDSPreAreq_TC">
    <failure type="java.lang.AssertionError" message="Expected to Fail">
      <![CDATA[java.lang.AssertionError: Expected to Fail
at org.testng.Assert.fail(Assert.java:96)
at com.ca.tds.main.TDSPreAreq_TC.testArequestAPI(TDSPreAreq_TC.java:96)
at sun.reflect.GeneratedMethodAccessor28.invoke(Unknown Source)
at sun.reflect.DelegatingMethodAccessorImpl.invoke(DelegatingMethodAccessorImpl.java:43)
at java.lang.reflect.Method.invoke(Method.java:498)
at org.testng.internal.MethodInvocationHelper.invokeMethod(MethodInvocationHelper.java:124)
at org.testng.internal.Invoker.invokeMethod(Invoker.java:583)
at org.testng.internal.Invoker.invokeTestMethod(Invoker.java:719)
at org.testng.internal.Invoker.invokeTestMethods(Invoker.java:989)
at org.testng.internal.TestMethodWorker.invokeTestMethods(TestMethodWorker.java:125)
at org.testng.internal.TestMethodWorker.run(TestMethodWorker.java:109)
at java.util.concurrent.ThreadPoolExecutor.runWorker(ThreadPoolExecutor.java:1149)
at java.util.concurrent.ThreadPoolExecutor$Worker.run(ThreadPoolExecutor.java:624)
at java.lang.Thread.run(Thread.java:748)
]]>
    </failure>
  </testcase> <!-- testArequestAPI -->
  <testcase name="testArequestAPI" time="1.375" classname="com.ca.tds.main.TDSPreAreq_TC"/>
  <testcase name="testArequestAPI" time="1.230" classname="com.ca.tds.main.TDSPreAreq_TC"/>
  <testcase name="testArequestAPI" time="1.354" classname="com.ca.tds.main.TDSPreAreq_TC"/>
  <testcase name="testArequestAPI" time="1.256" classname="com.ca.tds.main.TDSPreAreq_TC"/>
  <testcase name="testArequestAPI" time="1.328" classname="com.ca.tds.main.TDSPreAreq_TC"/>
  <testcase name="testArequestAPI" time="1.271" classname="com.ca.tds.main.TDSPreAreq_TC"/>
  <testcase name="testArequestAPI" time="1.312" classname="com.ca.tds.main.TDSPreAreq_TC">
    <failure type="java.lang.AssertionError" message="The following asserts failed:
	expected [305] but found [302]">
      <![CDATA[java.lang.AssertionError: The following asserts failed:
expected [305] but found [302]
at org.testng.asserts.SoftAssert.assertAll(SoftAssert.java:43)
at com.ca.tds.main.TDSPreAreq_TC.testArequestAPI(TDSPreAreq_TC.java:114)
at sun.reflect.GeneratedMethodAccessor28.invoke(Unknown Source)
at sun.reflect.DelegatingMethodAccessorImpl.invoke(DelegatingMethodAccessorImpl.java:43)
at java.lang.reflect.Method.invoke(Method.java:498)
at org.testng.internal.MethodInvocationHelper.invokeMethod(MethodInvocationHelper.java:124)
at org.testng.internal.Invoker.invokeMethod(Invoker.java:583)
at org.testng.internal.Invoker.invokeTestMethod(Invoker.java:719)
at org.testng.internal.Invoker.invokeTestMethods(Invoker.java:989)
at org.testng.internal.TestMethodWorker.invokeTestMethods(TestMethodWorker.java:125)
at org.testng.internal.TestMethodWorker.run(TestMethodWorker.java:109)
at java.util.concurrent.ThreadPoolExecutor.runWorker(ThreadPoolExecutor.java:1149)
at java.util.concurrent.ThreadPoolExecutor$Worker.run(ThreadPoolExecutor.java:624)
at java.lang.Thread.run(Thread.java:748)
]]>
    </failure>
  </testcase> <!-- testArequestAPI -->
  <testcase name="testArequestAPI" time="1.337" classname="com.ca.tds.main.TDSPreAreq_TC"/>
  <testcase name="testArequestAPI" time="1.194" classname="com.ca.tds.main.TDSPreAreq_TC"/>
  <testcase name="testArequestAPI" time="1.205" classname="com.ca.tds.main.TDSPreAreq_TC"/>
  <testcase name="testArequestAPI" time="1.330" classname="com.ca.tds.main.TDSPreAreq_TC"/>
  <testcase name="testArequestAPI" time="1.243" classname="com.ca.tds.main.TDSPreAreq_TC"/>
  <testcase name="testArequestAPI" time="1.344" classname="com.ca.tds.main.TDSPreAreq_TC"/>
  <testcase name="testArequestAPI" time="1.227" classname="com.ca.tds.main.TDSPreAreq_TC"/>
  <testcase name="testArequestAPI" time="1.308" classname="com.ca.tds.main.TDSPreAreq_TC"/>
  <testcase name="testArequestAPI" time="1.250" classname="com.ca.tds.main.TDSPreAreq_TC"/>
  <testcase name="testArequestAPI" time="2.397" classname="com.ca.tds.main.TDSPreAreq_TC"/>
  <testcase name="testArequestAPI" time="1.303" classname="com.ca.tds.main.TDSPreAreq_TC"/>
  <testcase name="testArequestAPI" time="1.288" classname="com.ca.tds.main.TDSPreAreq_TC">
    <failure type="java.lang.AssertionError" message="The following asserts failed:
	expected [304] but found [203]">
      <![CDATA[java.lang.AssertionError: The following asserts failed:
expected [304] but found [203]
at org.testng.asserts.SoftAssert.assertAll(SoftAssert.java:43)
at com.ca.tds.main.TDSPreAreq_TC.testArequestAPI(TDSPreAreq_TC.java:114)
at sun.reflect.GeneratedMethodAccessor28.invoke(Unknown Source)
at sun.reflect.DelegatingMethodAccessorImpl.invoke(DelegatingMethodAccessorImpl.java:43)
at java.lang.reflect.Method.invoke(Method.java:498)
at org.testng.internal.MethodInvocationHelper.invokeMethod(MethodInvocationHelper.java:124)
at org.testng.internal.Invoker.invokeMethod(Invoker.java:583)
at org.testng.internal.Invoker.invokeTestMethod(Invoker.java:719)
at org.testng.internal.Invoker.invokeTestMethods(Invoker.java:989)
at org.testng.internal.TestMethodWorker.invokeTestMethods(TestMethodWorker.java:125)
at org.testng.internal.TestMethodWorker.run(TestMethodWorker.java:109)
at java.util.concurrent.ThreadPoolExecutor.runWorker(ThreadPoolExecutor.java:1149)
at java.util.concurrent.ThreadPoolExecutor$Worker.run(ThreadPoolExecutor.java:624)
at java.lang.Thread.run(Thread.java:748)
]]>
    </failure>
  </testcase> <!-- testArequestAPI -->
  <testcase name="testArequestAPI" time="1.592" classname="com.ca.tds.main.TDSPreAreq_TC"/>
  <testcase name="testArequestAPI" time="1.241" classname="com.ca.tds.main.TDSPreAreq_TC"/>
  <testcase name="testArequestAPI" time="1.186" classname="com.ca.tds.main.TDSPreAreq_TC"/>
  <testcase name="testArequestAPI" time="1.214" classname="com.ca.tds.main.TDSPreAreq_TC"/>
  <testcase name="testArequestAPI" time="1.279" classname="com.ca.tds.main.TDSPreAreq_TC"/>
  <testcase name="testArequestAPI" time="1.316" classname="com.ca.tds.main.TDSPreAreq_TC"/>
  <testcase name="testArequestAPI" time="1.320" classname="com.ca.tds.main.TDSPreAreq_TC"/>
  <testcase name="testArequestAPI" time="1.271" classname="com.ca.tds.main.TDSPreAreq_TC"/>
  <testcase name="testArequestAPI" time="1.335" classname="com.ca.tds.main.TDSPreAreq_TC"/>
  <testcase name="testArequestAPI" time="1.271" classname="com.ca.tds.main.TDSPreAreq_TC"/>
  <testcase name="testArequestAPI" time="1.402" classname="com.ca.tds.main.TDSPreAreq_TC"/>
  <testcase name="testArequestAPI" time="1.389" classname="com.ca.tds.main.TDSPreAreq_TC"/>
  <testcase name="testArequestAPI" time="1.357" classname="com.ca.tds.main.TDSPreAreq_TC"/>
  <testcase name="testArequestAPI" time="1.365" classname="com.ca.tds.main.TDSPreAreq_TC"/>
  <testcase name="testArequestAPI" time="1.207" classname="com.ca.tds.main.TDSPreAreq_TC"/>
  <testcase name="testArequestAPI" time="1.322" classname="com.ca.tds.main.TDSPreAreq_TC"/>
  <testcase name="testArequestAPI" time="1.378" classname="com.ca.tds.main.TDSPreAreq_TC"/>
  <testcase name="testArequestAPI" time="1.198" classname="com.ca.tds.main.TDSPreAreq_TC"/>
  <testcase name="testArequestAPI" time="1.398" classname="com.ca.tds.main.TDSPreAreq_TC"/>
  <testcase name="testArequestAPI" time="1.238" classname="com.ca.tds.main.TDSPreAreq_TC"/>
  <testcase name="testArequestAPI" time="1.218" classname="com.ca.tds.main.TDSPreAreq_TC">
    <failure type="java.lang.AssertionError" message="The following asserts failed:
	expected [304] but found [203]">
      <![CDATA[java.lang.AssertionError: The following asserts failed:
expected [304] but found [203]
at org.testng.asserts.SoftAssert.assertAll(SoftAssert.java:43)
at com.ca.tds.main.TDSPreAreq_TC.testArequestAPI(TDSPreAreq_TC.java:114)
at sun.reflect.GeneratedMethodAccessor28.invoke(Unknown Source)
at sun.reflect.DelegatingMethodAccessorImpl.invoke(DelegatingMethodAccessorImpl.java:43)
at java.lang.reflect.Method.invoke(Method.java:498)
at org.testng.internal.MethodInvocationHelper.invokeMethod(MethodInvocationHelper.java:124)
at org.testng.internal.Invoker.invokeMethod(Invoker.java:583)
at org.testng.internal.Invoker.invokeTestMethod(Invoker.java:719)
at org.testng.internal.Invoker.invokeTestMethods(Invoker.java:989)
at org.testng.internal.TestMethodWorker.invokeTestMethods(TestMethodWorker.java:125)
at org.testng.internal.TestMethodWorker.run(TestMethodWorker.java:109)
at java.util.concurrent.ThreadPoolExecutor.runWorker(ThreadPoolExecutor.java:1149)
at java.util.concurrent.ThreadPoolExecutor$Worker.run(ThreadPoolExecutor.java:624)
at java.lang.Thread.run(Thread.java:748)
]]>
    </failure>
  </testcase> <!-- testArequestAPI -->
  <testcase name="testArequestAPI" time="1.238" classname="com.ca.tds.main.TDSPreAreq_TC"/>
  <testcase name="testArequestAPI" time="1.464" classname="com.ca.tds.main.TDSPreAreq_TC"/>
  <testcase name="testArequestAPI" time="1.348" classname="com.ca.tds.main.TDSPreAreq_TC"/>
  <testcase name="testArequestAPI" time="1.282" classname="com.ca.tds.main.TDSPreAreq_TC"/>
  <testcase name="testArequestAPI" time="1.225" classname="com.ca.tds.main.TDSPreAreq_TC"/>
  <testcase name="testArequestAPI" time="1.221" classname="com.ca.tds.main.TDSPreAreq_TC"/>
  <testcase name="testArequestAPI" time="1.266" classname="com.ca.tds.main.TDSPreAreq_TC"/>
  <testcase name="testArequestAPI" time="1.296" classname="com.ca.tds.main.TDSPreAreq_TC"/>
  <testcase name="testArequestAPI" time="1.202" classname="com.ca.tds.main.TDSPreAreq_TC"/>
  <testcase name="testArequestAPI" time="1.226" classname="com.ca.tds.main.TDSPreAreq_TC"/>
  <testcase name="testArequestAPI" time="1.500" classname="com.ca.tds.main.TDSPreAreq_TC"/>
  <testcase name="testArequestAPI" time="1.191" classname="com.ca.tds.main.TDSPreAreq_TC">
    <failure type="java.lang.AssertionError" message="Browser Flow:: Json Validation Failed.JSONObject[&quot;threeDSServerTransID&quot;] not found.&lt;br&gt; api response : {&quot;errorComponent&quot;:&quot;S&quot;,&quot;errorDescription&quot;:&quot;CA Merchant Server:: Permanent System failure occured  at the CA Merchant Server  Unable to insert in DB for for incoming AReq&quot;,&quot;messageType&quot;:&quot;Erro&quot;,&quot;errorCode&quot;:&quot;404&quot;,&quot;errorDetail&quot;:&quot; Permanent System failure occured &quot;,&quot;errorMessageType&quot;:&quot;AReq&quot;,&quot;messageVersion&quot;:&quot;2.1.0&quot;}">
      <![CDATA[java.lang.AssertionError: Browser Flow:: Json Validation Failed.JSONObject["threeDSServerTransID"] not found.<br> api response : {"errorComponent":"S","errorDescription":"CA Merchant Server:: Permanent System failure occured  at the CA Merchant Server  Unable to insert in DB for for incoming AReq","messageType":"Erro","errorCode":"404","errorDetail":" Permanent System failure occured ","errorMessageType":"AReq","messageVersion":"2.1.0"}
at org.testng.Assert.fail(Assert.java:96)
at com.ca.tds.main.TDSPreAreq_TC.testArequestAPI(TDSPreAreq_TC.java:121)
at sun.reflect.GeneratedMethodAccessor28.invoke(Unknown Source)
at sun.reflect.DelegatingMethodAccessorImpl.invoke(DelegatingMethodAccessorImpl.java:43)
at java.lang.reflect.Method.invoke(Method.java:498)
at org.testng.internal.MethodInvocationHelper.invokeMethod(MethodInvocationHelper.java:124)
at org.testng.internal.Invoker.invokeMethod(Invoker.java:583)
at org.testng.internal.Invoker.invokeTestMethod(Invoker.java:719)
at org.testng.internal.Invoker.invokeTestMethods(Invoker.java:989)
at org.testng.internal.TestMethodWorker.invokeTestMethods(TestMethodWorker.java:125)
at org.testng.internal.TestMethodWorker.run(TestMethodWorker.java:109)
at java.util.concurrent.ThreadPoolExecutor.runWorker(ThreadPoolExecutor.java:1149)
at java.util.concurrent.ThreadPoolExecutor$Worker.run(ThreadPoolExecutor.java:624)
at java.lang.Thread.run(Thread.java:748)
]]>
    </failure>
  </testcase> <!-- testArequestAPI -->
  <testcase name="testArequestAPI" time="1.274" classname="com.ca.tds.main.TDSPreAreq_TC"/>
  <testcase name="testArequestAPI" time="1.679" classname="com.ca.tds.main.TDSPreAreq_TC"/>
  <testcase name="testArequestAPI" time="1.183" classname="com.ca.tds.main.TDSPreAreq_TC"/>
  <testcase name="testArequestAPI" time="1.222" classname="com.ca.tds.main.TDSPreAreq_TC"/>
  <testcase name="testArequestAPI" time="1.286" classname="com.ca.tds.main.TDSPreAreq_TC"/>
  <testcase name="testArequestAPI" time="1.223" classname="com.ca.tds.main.TDSPreAreq_TC"/>
  <testcase name="testArequestAPI" time="1.319" classname="com.ca.tds.main.TDSPreAreq_TC"/>
  <testcase name="testArequestAPI" time="1.317" classname="com.ca.tds.main.TDSPreAreq_TC"/>
  <testcase name="testArequestAPI" time="1.257" classname="com.ca.tds.main.TDSPreAreq_TC"/>
  <testcase name="testArequestAPI" time="1.253" classname="com.ca.tds.main.TDSPreAreq_TC"/>
  <testcase name="testArequestAPI" time="1.246" classname="com.ca.tds.main.TDSPreAreq_TC"/>
  <testcase name="testArequestAPI" time="1.151" classname="com.ca.tds.main.TDSPreAreq_TC">
    <failure type="java.lang.AssertionError" message="The following asserts failed:
	expected [304] but found [203]">
      <![CDATA[java.lang.AssertionError: The following asserts failed:
expected [304] but found [203]
at org.testng.asserts.SoftAssert.assertAll(SoftAssert.java:43)
at com.ca.tds.main.TDSPreAreq_TC.testArequestAPI(TDSPreAreq_TC.java:114)
at sun.reflect.GeneratedMethodAccessor28.invoke(Unknown Source)
at sun.reflect.DelegatingMethodAccessorImpl.invoke(DelegatingMethodAccessorImpl.java:43)
at java.lang.reflect.Method.invoke(Method.java:498)
at org.testng.internal.MethodInvocationHelper.invokeMethod(MethodInvocationHelper.java:124)
at org.testng.internal.Invoker.invokeMethod(Invoker.java:583)
at org.testng.internal.Invoker.invokeTestMethod(Invoker.java:719)
at org.testng.internal.Invoker.invokeTestMethods(Invoker.java:989)
at org.testng.internal.TestMethodWorker.invokeTestMethods(TestMethodWorker.java:125)
at org.testng.internal.TestMethodWorker.run(TestMethodWorker.java:109)
at java.util.concurrent.ThreadPoolExecutor.runWorker(ThreadPoolExecutor.java:1149)
at java.util.concurrent.ThreadPoolExecutor$Worker.run(ThreadPoolExecutor.java:624)
at java.lang.Thread.run(Thread.java:748)
]]>
    </failure>
  </testcase> <!-- testArequestAPI -->
  <testcase name="testArequestAPI" time="1.305" classname="com.ca.tds.main.TDSPreAreq_TC"/>
  <testcase name="testArequestAPI" time="1.358" classname="com.ca.tds.main.TDSPreAreq_TC">
    <failure type="java.lang.AssertionError" message="errorComponent : D, errorCode : 203, errorDescription : field validation Failed, errorDetail : browserTZ, threeDSServerTransID : 83aa7b87-5ac5-4194-bdef-7aa9e69d2b0d">
      <![CDATA[java.lang.AssertionError: errorComponent : D, errorCode : 203, errorDescription : field validation Failed, errorDetail : browserTZ, threeDSServerTransID : 83aa7b87-5ac5-4194-bdef-7aa9e69d2b0d
at org.testng.Assert.fail(Assert.java:96)
at com.ca.tds.main.TDSPreAreq_TC.testArequestAPI(TDSPreAreq_TC.java:88)
at sun.reflect.GeneratedMethodAccessor28.invoke(Unknown Source)
at sun.reflect.DelegatingMethodAccessorImpl.invoke(DelegatingMethodAccessorImpl.java:43)
at java.lang.reflect.Method.invoke(Method.java:498)
at org.testng.internal.MethodInvocationHelper.invokeMethod(MethodInvocationHelper.java:124)
at org.testng.internal.Invoker.invokeMethod(Invoker.java:583)
at org.testng.internal.Invoker.invokeTestMethod(Invoker.java:719)
at org.testng.internal.Invoker.invokeTestMethods(Invoker.java:989)
at org.testng.internal.TestMethodWorker.invokeTestMethods(TestMethodWorker.java:125)
at org.testng.internal.TestMethodWorker.run(TestMethodWorker.java:109)
at java.util.concurrent.ThreadPoolExecutor.runWorker(ThreadPoolExecutor.java:1149)
at java.util.concurrent.ThreadPoolExecutor$Worker.run(ThreadPoolExecutor.java:624)
at java.lang.Thread.run(Thread.java:748)
]]>
    </failure>
  </testcase> <!-- testArequestAPI -->
  <testcase name="testArequestAPI" time="1.322" classname="com.ca.tds.main.TDSPreAreq_TC"/>
  <testcase name="testArequestAPI" time="1.691" classname="com.ca.tds.main.TDSPreAreq_TC"/>
  <testcase name="testArequestAPI" time="1.555" classname="com.ca.tds.main.TDSPreAreq_TC"/>
  <testcase name="testArequestAPI" time="1.216" classname="com.ca.tds.main.TDSPreAreq_TC"/>
  <testcase name="testArequestAPI" time="1.276" classname="com.ca.tds.main.TDSPreAreq_TC"/>
  <testcase name="testArequestAPI" time="1.273" classname="com.ca.tds.main.TDSPreAreq_TC"/>
  <testcase name="testArequestAPI" time="4.377" classname="com.ca.tds.main.TDSPreAreq_TC"/>
  <testcase name="testArequestAPI" time="1.419" classname="com.ca.tds.main.TDSPreAreq_TC"/>
  <testcase name="testArequestAPI" time="1.154" classname="com.ca.tds.main.TDSPreAreq_TC"/>
  <testcase name="testArequestAPI" time="1.206" classname="com.ca.tds.main.TDSPreAreq_TC"/>
  <testcase name="testArequestAPI" time="1.455" classname="com.ca.tds.main.TDSPreAreq_TC"/>
  <testcase name="testArequestAPI" time="1.234" classname="com.ca.tds.main.TDSPreAreq_TC"/>
  <testcase name="testArequestAPI" time="1.303" classname="com.ca.tds.main.TDSPreAreq_TC"/>
  <testcase name="testArequestAPI" time="1.294" classname="com.ca.tds.main.TDSPreAreq_TC"/>
  <testcase name="testArequestAPI" time="1.371" classname="com.ca.tds.main.TDSPreAreq_TC"/>
  <testcase name="testArequestAPI" time="1.300" classname="com.ca.tds.main.TDSPreAreq_TC"/>
  <testcase name="testArequestAPI" time="1.184" classname="com.ca.tds.main.TDSPreAreq_TC"/>
  <testcase name="testArequestAPI" time="1.285" classname="com.ca.tds.main.TDSPreAreq_TC"/>
  <testcase name="testArequestAPI" time="1.317" classname="com.ca.tds.main.TDSPreAreq_TC"/>
  <testcase name="testArequestAPI" time="1.273" classname="com.ca.tds.main.TDSPreAreq_TC"/>
  <testcase name="testArequestAPI" time="1.268" classname="com.ca.tds.main.TDSPreAreq_TC"/>
  <testcase name="testArequestAPI" time="1.350" classname="com.ca.tds.main.TDSPreAreq_TC"/>
</testsuite> <!-- com.ca.tds.main.TDSPreAreq_TC -->
