<?xml version="1.0" encoding="UTF-8"?>
<!-- Generated by org.testng.reporters.JUnitReportReporter -->
<testsuite hostname="7BB9LQ2" failures="0" tests="1" name="com.ca.tds.main.FrictionlessVerify" time="9.804" errors="0" timestamp="2020-02-18T17:33:06 IST" skipped="0">
  <testcase classname="com.ca.tds.main.FrictionlessVerify" name="flVerify" time="9.804"/>
</testsuite> <!-- com.ca.tds.main.FrictionlessVerify -->
