<?xml version="1.0" encoding="UTF-8"?>
<!-- Generated by org.testng.reporters.JUnitReportReporter -->
<testsuite skipped="0" hostname="7BB9LQ2" name="com.ca.tds.main.TDSRReq_TC" tests="6" failures="0" timestamp="27 Nov 2019 06:28:27 GMT" time="9.062" errors="0">
  <testcase name="testRRequestAPI" time="1.461" classname="com.ca.tds.main.TDSRReq_TC"/>
  <testcase name="testRRequestAPI" time="1.535" classname="com.ca.tds.main.TDSRReq_TC"/>
  <testcase name="testRRequestAPI" time="1.497" classname="com.ca.tds.main.TDSRReq_TC"/>
  <testcase name="testRRequestAPI" time="1.563" classname="com.ca.tds.main.TDSRReq_TC"/>
  <testcase name="testRRequestAPI" time="1.505" classname="com.ca.tds.main.TDSRReq_TC"/>
  <testcase name="testRRequestAPI" time="1.501" classname="com.ca.tds.main.TDSRReq_TC"/>
</testsuite> <!-- com.ca.tds.main.TDSRReq_TC -->
