<?xml version="1.0" encoding="UTF-8"?>
<!-- Generated by org.testng.reporters.JUnitReportReporter -->
<testsuite hostname="7BB9LQ2" failures="0" tests="1" name="com.ca.tds.main.InvalidTransid" time="1.016" errors="0" timestamp="2020-02-11T12:00:26 IST" skipped="0">
  <testcase classname="com.ca.tds.main.InvalidTransid" name="flVerify" time="1.016"/>
</testsuite> <!-- com.ca.tds.main.InvalidTransid -->
