<?xml version="1.0" encoding="UTF-8"?>
<!-- Generated by org.testng.reporters.JUnitReportReporter -->
<testsuite skipped="0" hostname="7BB9LQ2" name="com.ca.tds.main.TDSRReq_TC" tests="6" failures="0" timestamp="15 Nov 2019 11:05:41 GMT" time="3.323" errors="0">
  <testcase name="testRRequestAPI" time="0.558" classname="com.ca.tds.main.TDSRReq_TC"/>
  <testcase name="testRRequestAPI" time="0.603" classname="com.ca.tds.main.TDSRReq_TC"/>
  <testcase name="testRRequestAPI" time="0.549" classname="com.ca.tds.main.TDSRReq_TC"/>
  <testcase name="testRRequestAPI" time="0.550" classname="com.ca.tds.main.TDSRReq_TC"/>
  <testcase name="testRRequestAPI" time="0.530" classname="com.ca.tds.main.TDSRReq_TC"/>
  <testcase name="testRRequestAPI" time="0.533" classname="com.ca.tds.main.TDSRReq_TC"/>
</testsuite> <!-- com.ca.tds.main.TDSRReq_TC -->
